Warning: Design 'dti_riscv' has '1' unresolved references. For more detailed information, use the "link" command. (UID-341)
 
****************************************
Report : constraint
        -all_violators
Design : dti_riscv
Version: Q-2019.12-SP4
Date   : Tue Dec 24 16:56:03 2024
****************************************


   min_delay/hold ('clk' group)

                             Required        Actual
   Endpoint                 Path Delay     Path Delay        Slack
   -----------------------------------------------------------------
   imem/boost_en_tmp_reg/D   0.20891        0.05000 f     -0.15891  (VIOLATED)
   dti_boost_inst/scratch_reg[0]/D
                             0.20876        0.05000 r     -0.15876  (VIOLATED)
   dti_boost_inst/scratch_reg[1]/D
                             0.20876        0.05000 r     -0.15876  (VIOLATED)
   dti_boost_inst/scratch_reg[2]/D
                             0.20876        0.05000 r     -0.15876  (VIOLATED)
   dti_boost_inst/scratch_reg[3]/D
                             0.20876        0.05000 r     -0.15876  (VIOLATED)
   dti_boost_inst/scratch_reg[4]/D
                             0.20876        0.05000 r     -0.15876  (VIOLATED)
   dti_boost_inst/scratch_reg[5]/D
                             0.20876        0.05000 r     -0.15876  (VIOLATED)
   dti_boost_inst/scratch_reg[6]/D
                             0.20876        0.05000 r     -0.15876  (VIOLATED)
   dti_boost_inst/scratch_reg[7]/D
                             0.20876        0.05000 r     -0.15876  (VIOLATED)
   dti_apb_adapter/apb_paddr_cld_reg[0]/D
                             0.20303        0.07926 f     -0.12377  (VIOLATED)
   dti_apb_adapter/apb_paddr_cld_reg[1]/D
                             0.20303        0.07926 f     -0.12377  (VIOLATED)
   dti_apb_adapter/apb_paddr_cld_reg[2]/D
                             0.20303        0.07926 f     -0.12377  (VIOLATED)
   dti_apb_adapter/apb_paddr_cld_reg[3]/D
                             0.20303        0.07926 f     -0.12377  (VIOLATED)
   dti_apb_adapter/apb_paddr_cld_reg[4]/D
                             0.20303        0.07926 f     -0.12377  (VIOLATED)
   dti_apb_adapter/apb_paddr_cld_reg[5]/D
                             0.20303        0.07926 f     -0.12377  (VIOLATED)
   dti_apb_adapter/apb_paddr_cld_reg[6]/D
                             0.20303        0.07926 f     -0.12377  (VIOLATED)
   dti_apb_adapter/apb_paddr_cld_reg[7]/D
                             0.20303        0.07926 f     -0.12377  (VIOLATED)
   dti_apb_adapter/apb_paddr_cld_reg[8]/D
                             0.20303        0.07926 f     -0.12377  (VIOLATED)
   dti_apb_adapter/apb_paddr_cld_reg[9]/D
                             0.20303        0.07926 f     -0.12377  (VIOLATED)
   dti_apb_adapter/apb_paddr_cld_reg[10]/D
                             0.20303        0.07926 f     -0.12377  (VIOLATED)
   dti_apb_adapter/apb_paddr_cld_reg[12]/D
                             0.20303        0.07926 f     -0.12377  (VIOLATED)
   dti_apb_adapter/apb_paddr_cld_reg[13]/D
                             0.20303        0.07926 f     -0.12377  (VIOLATED)
   dti_apb_adapter/apb_paddr_cld_reg[14]/D
                             0.20303        0.07926 f     -0.12377  (VIOLATED)
   dti_apb_adapter/apb_paddr_cld_reg[15]/D
                             0.20303        0.07926 f     -0.12377  (VIOLATED)
   dti_apb_adapter/apb_paddr_cld_reg[16]/D
                             0.20303        0.07926 f     -0.12377  (VIOLATED)
   dti_apb_adapter/apb_paddr_cld_reg[17]/D
                             0.20303        0.07926 f     -0.12377  (VIOLATED)
   dti_apb_adapter/apb_paddr_cld_reg[18]/D
                             0.20303        0.07926 f     -0.12377  (VIOLATED)
   dti_apb_adapter/apb_paddr_cld_reg[19]/D
                             0.20303        0.07926 f     -0.12377  (VIOLATED)
   dti_apb_adapter/apb_paddr_cld_reg[20]/D
                             0.20303        0.07926 f     -0.12377  (VIOLATED)
   dti_apb_adapter/apb_paddr_cld_reg[21]/D
                             0.20303        0.07926 f     -0.12377  (VIOLATED)
   dti_apb_adapter/apb_paddr_cld_reg[22]/D
                             0.20303        0.07926 f     -0.12377  (VIOLATED)
   dti_apb_adapter/apb_paddr_cld_reg[23]/D
                             0.20303        0.07926 f     -0.12377  (VIOLATED)
   dti_apb_adapter/apb_paddr_cld_reg[24]/D
                             0.20303        0.07926 f     -0.12377  (VIOLATED)
   dti_apb_adapter/apb_paddr_cld_reg[25]/D
                             0.20303        0.07926 f     -0.12377  (VIOLATED)
   dti_apb_adapter/apb_paddr_cld_reg[27]/D
                             0.20303        0.07926 f     -0.12377  (VIOLATED)
   dti_apb_adapter/apb_paddr_cld_reg[28]/D
                             0.20303        0.07926 f     -0.12377  (VIOLATED)
   dti_apb_adapter/apb_paddr_cld_reg[29]/D
                             0.20303        0.07926 f     -0.12377  (VIOLATED)
   dti_apb_adapter/apb_paddr_cld_reg[30]/D
                             0.20303        0.07926 f     -0.12377  (VIOLATED)
   dti_apb_adapter/apb_paddr_cld_reg[31]/D
                             0.20303        0.07926 f     -0.12377  (VIOLATED)
   imem/imem_data_in_reg[0]/D
                             0.20294        0.08273 f     -0.12021  (VIOLATED)
   imem/imem_data_in_reg[1]/D
                             0.20294        0.08273 f     -0.12021  (VIOLATED)
   imem/imem_data_in_reg[2]/D
                             0.20294        0.08273 f     -0.12021  (VIOLATED)
   imem/imem_data_in_reg[3]/D
                             0.20294        0.08273 f     -0.12021  (VIOLATED)
   imem/imem_data_in_reg[4]/D
                             0.20294        0.08273 f     -0.12021  (VIOLATED)
   imem/imem_data_in_reg[5]/D
                             0.20294        0.08273 f     -0.12021  (VIOLATED)
   imem/imem_data_in_reg[7]/D
                             0.20294        0.08273 f     -0.12021  (VIOLATED)
   imem/imem_data_in_reg[8]/D
                             0.20294        0.08273 f     -0.12021  (VIOLATED)
   imem/imem_data_in_reg[9]/D
                             0.20294        0.08273 f     -0.12021  (VIOLATED)
   imem/imem_data_in_reg[10]/D
                             0.20294        0.08273 f     -0.12021  (VIOLATED)
   imem/imem_data_in_reg[11]/D
                             0.20294        0.08273 f     -0.12021  (VIOLATED)
   imem/imem_data_in_reg[12]/D
                             0.20294        0.08273 f     -0.12021  (VIOLATED)
   imem/imem_data_in_reg[13]/D
                             0.20294        0.08273 f     -0.12021  (VIOLATED)
   imem/imem_data_in_reg[14]/D
                             0.20294        0.08273 f     -0.12021  (VIOLATED)
   imem/imem_data_in_reg[15]/D
                             0.20294        0.08273 f     -0.12021  (VIOLATED)
   imem/imem_data_in_reg[16]/D
                             0.20294        0.08273 f     -0.12021  (VIOLATED)
   imem/imem_data_in_reg[17]/D
                             0.20294        0.08273 f     -0.12021  (VIOLATED)
   imem/imem_data_in_reg[18]/D
                             0.20294        0.08273 f     -0.12021  (VIOLATED)
   imem/imem_data_in_reg[19]/D
                             0.20294        0.08273 f     -0.12021  (VIOLATED)
   imem/imem_data_in_reg[20]/D
                             0.20294        0.08273 f     -0.12021  (VIOLATED)
   imem/imem_data_in_reg[22]/D
                             0.20294        0.08273 f     -0.12021  (VIOLATED)
   imem/imem_data_in_reg[23]/D
                             0.20294        0.08273 f     -0.12021  (VIOLATED)
   imem/imem_data_in_reg[24]/D
                             0.20294        0.08273 f     -0.12021  (VIOLATED)
   imem/imem_data_in_reg[25]/D
                             0.20294        0.08273 f     -0.12021  (VIOLATED)
   imem/imem_data_in_reg[26]/D
                             0.20294        0.08273 f     -0.12021  (VIOLATED)
   imem/imem_data_in_reg[27]/D
                             0.20294        0.08273 f     -0.12021  (VIOLATED)
   imem/imem_data_in_reg[28]/D
                             0.20294        0.08273 f     -0.12021  (VIOLATED)
   imem/imem_data_in_reg[29]/D
                             0.20294        0.08273 f     -0.12021  (VIOLATED)
   imem/imem_data_in_reg[30]/D
                             0.20294        0.08273 f     -0.12021  (VIOLATED)
   dti_boost_inst/instruction_data_reg[24]/D
                             0.20723        0.08797 r     -0.11926  (VIOLATED)
   dti_boost_inst/instruction_data_reg[25]/D
                             0.20723        0.08797 r     -0.11926  (VIOLATED)
   dti_boost_inst/instruction_data_reg[26]/D
                             0.20723        0.08797 r     -0.11926  (VIOLATED)
   dti_boost_inst/instruction_data_reg[27]/D
                             0.20723        0.08797 r     -0.11926  (VIOLATED)
   dti_boost_inst/instruction_data_reg[28]/D
                             0.20723        0.08797 r     -0.11926  (VIOLATED)
   dti_boost_inst/instruction_data_reg[29]/D
                             0.20723        0.08797 r     -0.11926  (VIOLATED)
   dti_boost_inst/instruction_data_reg[30]/D
                             0.20723        0.08797 r     -0.11926  (VIOLATED)
   dti_boost_inst/instruction_data_reg[31]/D
                             0.20723        0.08797 r     -0.11926  (VIOLATED)
   dti_apb_adapter/apb_pwdata_cld_reg[0]/D
                             0.20305        0.08550 f     -0.11755  (VIOLATED)
   dti_apb_adapter/apb_pwdata_cld_reg[1]/D
                             0.20305        0.08550 f     -0.11755  (VIOLATED)
   dti_apb_adapter/apb_pwdata_cld_reg[2]/D
                             0.20305        0.08550 f     -0.11755  (VIOLATED)
   dti_apb_adapter/apb_pwdata_cld_reg[3]/D
                             0.20305        0.08550 f     -0.11755  (VIOLATED)
   dti_apb_adapter/apb_pwdata_cld_reg[4]/D
                             0.20305        0.08550 f     -0.11755  (VIOLATED)
   dti_apb_adapter/apb_pwdata_cld_reg[5]/D
                             0.20305        0.08550 f     -0.11755  (VIOLATED)
   dti_apb_adapter/apb_pwdata_cld_reg[6]/D
                             0.20305        0.08550 f     -0.11755  (VIOLATED)
   dti_apb_adapter/apb_pwdata_cld_reg[7]/D
                             0.20305        0.08550 f     -0.11755  (VIOLATED)
   dti_apb_adapter/apb_pwdata_cld_reg[8]/D
                             0.20305        0.08550 f     -0.11755  (VIOLATED)
   dti_apb_adapter/apb_pwdata_cld_reg[10]/D
                             0.20305        0.08550 f     -0.11755  (VIOLATED)
   dti_apb_adapter/apb_pwdata_cld_reg[11]/D
                             0.20305        0.08550 f     -0.11755  (VIOLATED)
   dti_apb_adapter/apb_pwdata_cld_reg[12]/D
                             0.20305        0.08550 f     -0.11755  (VIOLATED)
   dti_apb_adapter/apb_pwdata_cld_reg[13]/D
                             0.20305        0.08550 f     -0.11755  (VIOLATED)
   dti_apb_adapter/apb_pwdata_cld_reg[14]/D
                             0.20305        0.08550 f     -0.11755  (VIOLATED)
   dti_apb_adapter/apb_pwdata_cld_reg[15]/D
                             0.20305        0.08550 f     -0.11755  (VIOLATED)
   dti_apb_adapter/apb_pwdata_cld_reg[16]/D
                             0.20305        0.08550 f     -0.11755  (VIOLATED)
   dti_apb_adapter/apb_pwdata_cld_reg[17]/D
                             0.20305        0.08550 f     -0.11755  (VIOLATED)
   dti_apb_adapter/apb_pwdata_cld_reg[18]/D
                             0.20305        0.08550 f     -0.11755  (VIOLATED)
   dti_apb_adapter/apb_pwdata_cld_reg[19]/D
                             0.20305        0.08550 f     -0.11755  (VIOLATED)
   dti_apb_adapter/apb_pwdata_cld_reg[20]/D
                             0.20305        0.08550 f     -0.11755  (VIOLATED)
   dti_apb_adapter/apb_pwdata_cld_reg[21]/D
                             0.20305        0.08550 f     -0.11755  (VIOLATED)
   dti_apb_adapter/apb_pwdata_cld_reg[22]/D
                             0.20305        0.08550 f     -0.11755  (VIOLATED)
   dti_apb_adapter/apb_pwdata_cld_reg[23]/D
                             0.20305        0.08550 f     -0.11755  (VIOLATED)
   dti_apb_adapter/apb_pwdata_cld_reg[25]/D
                             0.20305        0.08550 f     -0.11755  (VIOLATED)
   dti_apb_adapter/apb_pwdata_cld_reg[26]/D
                             0.20305        0.08550 f     -0.11755  (VIOLATED)
   dti_apb_adapter/apb_pwdata_cld_reg[27]/D
                             0.20305        0.08550 f     -0.11755  (VIOLATED)
   dti_apb_adapter/apb_pwdata_cld_reg[28]/D
                             0.20305        0.08550 f     -0.11755  (VIOLATED)
   dti_apb_adapter/apb_pwdata_cld_reg[29]/D
                             0.20305        0.08550 f     -0.11755  (VIOLATED)
   dti_apb_adapter/apb_pwdata_cld_reg[30]/D
                             0.20305        0.08550 f     -0.11755  (VIOLATED)
   dti_apb_adapter/apb_pwdata_cld_reg[31]/D
                             0.20305        0.08550 f     -0.11755  (VIOLATED)
   dti_apb_adapter/mem_data_out_cld_reg[0]/D
                             0.20305        0.08550 f     -0.11755  (VIOLATED)
   dti_apb_adapter/mem_data_out_cld_reg[1]/D
                             0.20305        0.08550 f     -0.11755  (VIOLATED)
   dti_apb_adapter/mem_data_out_cld_reg[2]/D
                             0.20305        0.08550 f     -0.11755  (VIOLATED)
   dti_apb_adapter/mem_data_out_cld_reg[3]/D
                             0.20305        0.08550 f     -0.11755  (VIOLATED)
   dti_apb_adapter/mem_data_out_cld_reg[4]/D
                             0.20305        0.08550 f     -0.11755  (VIOLATED)
   dti_apb_adapter/mem_data_out_cld_reg[5]/D
                             0.20305        0.08550 f     -0.11755  (VIOLATED)
   dti_apb_adapter/mem_data_out_cld_reg[7]/D
                             0.20305        0.08550 f     -0.11755  (VIOLATED)
   dti_apb_adapter/mem_data_out_cld_reg[8]/D
                             0.20305        0.08550 f     -0.11755  (VIOLATED)
   dti_apb_adapter/mem_data_out_cld_reg[9]/D
                             0.20305        0.08550 f     -0.11755  (VIOLATED)
   dti_apb_adapter/mem_data_out_cld_reg[10]/D
                             0.20305        0.08550 f     -0.11755  (VIOLATED)
   dti_apb_adapter/mem_data_out_cld_reg[11]/D
                             0.20305        0.08550 f     -0.11755  (VIOLATED)
   dti_apb_adapter/mem_data_out_cld_reg[12]/D
                             0.20305        0.08550 f     -0.11755  (VIOLATED)
   dti_apb_adapter/mem_data_out_cld_reg[13]/D
                             0.20305        0.08550 f     -0.11755  (VIOLATED)
   dti_apb_adapter/mem_data_out_cld_reg[14]/D
                             0.20305        0.08550 f     -0.11755  (VIOLATED)
   dti_apb_adapter/mem_data_out_cld_reg[15]/D
                             0.20305        0.08550 f     -0.11755  (VIOLATED)
   dti_apb_adapter/mem_data_out_cld_reg[16]/D
                             0.20305        0.08550 f     -0.11755  (VIOLATED)
   dti_apb_adapter/mem_data_out_cld_reg[17]/D
                             0.20305        0.08550 f     -0.11755  (VIOLATED)
   dti_apb_adapter/mem_data_out_cld_reg[18]/D
                             0.20305        0.08550 f     -0.11755  (VIOLATED)
   dti_apb_adapter/mem_data_out_cld_reg[19]/D
                             0.20305        0.08550 f     -0.11755  (VIOLATED)
   dti_apb_adapter/mem_data_out_cld_reg[20]/D
                             0.20305        0.08550 f     -0.11755  (VIOLATED)
   dti_apb_adapter/mem_data_out_cld_reg[22]/D
                             0.20305        0.08550 f     -0.11755  (VIOLATED)
   dti_apb_adapter/mem_data_out_cld_reg[23]/D
                             0.20305        0.08550 f     -0.11755  (VIOLATED)
   dti_apb_adapter/mem_data_out_cld_reg[24]/D
                             0.20305        0.08550 f     -0.11755  (VIOLATED)
   dti_apb_adapter/mem_data_out_cld_reg[25]/D
                             0.20305        0.08550 f     -0.11755  (VIOLATED)
   dti_apb_adapter/mem_data_out_cld_reg[26]/D
                             0.20305        0.08550 f     -0.11755  (VIOLATED)
   dti_apb_adapter/mem_data_out_cld_reg[27]/D
                             0.20305        0.08550 f     -0.11755  (VIOLATED)
   dti_apb_adapter/mem_data_out_cld_reg[28]/D
                             0.20305        0.08550 f     -0.11755  (VIOLATED)
   dti_apb_adapter/mem_data_out_cld_reg[29]/D
                             0.20305        0.08550 f     -0.11755  (VIOLATED)
   dti_apb_adapter/mem_data_out_cld_reg[30]/D
                             0.20305        0.08550 f     -0.11755  (VIOLATED)
   dti_apb_adapter/mem_data_out_cld_reg[31]/D
                             0.20305        0.08550 f     -0.11755  (VIOLATED)
   dti_boost_inst/instruction_data_reg[0]/D
                             0.20660        0.09302 r     -0.11357  (VIOLATED)
   dti_boost_inst/instruction_data_reg[1]/D
                             0.20660        0.09302 r     -0.11357  (VIOLATED)
   dti_boost_inst/instruction_data_reg[2]/D
                             0.20660        0.09302 r     -0.11357  (VIOLATED)
   dti_boost_inst/instruction_data_reg[3]/D
                             0.20660        0.09302 r     -0.11357  (VIOLATED)
   dti_boost_inst/instruction_data_reg[4]/D
                             0.20660        0.09302 r     -0.11357  (VIOLATED)
   dti_boost_inst/instruction_data_reg[5]/D
                             0.20660        0.09302 r     -0.11357  (VIOLATED)
   dti_boost_inst/instruction_data_reg[6]/D
                             0.20660        0.09302 r     -0.11357  (VIOLATED)
   dti_boost_inst/instruction_data_reg[7]/D
                             0.20660        0.09302 r     -0.11357  (VIOLATED)
   dti_boost_inst/instruction_data_reg[8]/D
                             0.20660        0.09302 r     -0.11357  (VIOLATED)
   dti_boost_inst/instruction_data_reg[9]/D
                             0.20660        0.09302 r     -0.11357  (VIOLATED)
   dti_boost_inst/instruction_data_reg[10]/D
                             0.20660        0.09302 r     -0.11357  (VIOLATED)
   dti_boost_inst/instruction_data_reg[11]/D
                             0.20660        0.09302 r     -0.11357  (VIOLATED)
   dti_boost_inst/instruction_data_reg[12]/D
                             0.20660        0.09302 r     -0.11357  (VIOLATED)
   dti_boost_inst/instruction_data_reg[13]/D
                             0.20660        0.09302 r     -0.11357  (VIOLATED)
   dti_boost_inst/instruction_data_reg[14]/D
                             0.20660        0.09302 r     -0.11357  (VIOLATED)
   dti_boost_inst/instruction_data_reg[15]/D
                             0.20660        0.09302 r     -0.11357  (VIOLATED)
   dti_boost_inst/instruction_data_reg[16]/D
                             0.20660        0.09302 r     -0.11357  (VIOLATED)
   dti_boost_inst/instruction_data_reg[17]/D
                             0.20660        0.09302 r     -0.11357  (VIOLATED)
   dti_boost_inst/instruction_data_reg[18]/D
                             0.20660        0.09302 r     -0.11357  (VIOLATED)
   dti_boost_inst/instruction_data_reg[19]/D
                             0.20660        0.09302 r     -0.11357  (VIOLATED)
   dti_boost_inst/instruction_data_reg[20]/D
                             0.20660        0.09302 r     -0.11357  (VIOLATED)
   dti_boost_inst/instruction_data_reg[21]/D
                             0.20660        0.09302 r     -0.11357  (VIOLATED)
   dti_boost_inst/instruction_data_reg[22]/D
                             0.20660        0.09302 r     -0.11357  (VIOLATED)
   dti_boost_inst/instruction_data_reg[23]/D
                             0.20660        0.09302 r     -0.11357  (VIOLATED)
   dti_boost_inst/rx_acc_reg[4]/D
                             0.20705        0.10888 f     -0.09817  (VIOLATED)
   dti_boost_inst/rx_acc_reg[2]/D
                             0.20703        0.11058 f     -0.09645  (VIOLATED)
   imem/imem_data_in_reg[6]/D
                             0.20040        0.12084 r     -0.07956  (VIOLATED)
   imem/imem_data_in_reg[21]/D
                             0.20040        0.12084 r     -0.07956  (VIOLATED)
   imem/imem_data_in_reg[31]/D
                             0.20040        0.12084 r     -0.07956  (VIOLATED)
   dti_apb_adapter/apb_paddr_cld_reg[11]/D
                             0.20029        0.12322 r     -0.07706  (VIOLATED)
   dti_apb_adapter/apb_paddr_cld_reg[26]/D
                             0.20029        0.12322 r     -0.07706  (VIOLATED)
   dti_boost_inst/rx_acc_reg[0]/D
                             0.21453        0.13763 f     -0.07689  (VIOLATED)
   dti_apb_adapter/current_state_reg[1]/D
                             0.21342        0.13740 f     -0.07602  (VIOLATED)
   dti_boost_inst/bitpos_stop_reg[0]/D
                             0.20740        0.13147 r     -0.07593  (VIOLATED)
   dti_apb_adapter/apb_pwdata_cld_reg[9]/D
                             0.20029        0.12518 r     -0.07511  (VIOLATED)
   dti_apb_adapter/apb_pwdata_cld_reg[24]/D
                             0.20029        0.12518 r     -0.07511  (VIOLATED)
   dti_apb_adapter/mem_data_out_cld_reg[6]/D
                             0.20029        0.12518 r     -0.07511  (VIOLATED)
   dti_apb_adapter/mem_data_out_cld_reg[21]/D
                             0.20029        0.12518 r     -0.07511  (VIOLATED)
   dti_apb_adapter/apb_penable_cld_reg/D
                             0.18775        0.11507 f     -0.07268  (VIOLATED)
   dti_boost_inst/count_req_reg[0]/D
                             0.20049        0.12930 r     -0.07119  (VIOLATED)
   dti_boost_inst/count_req_reg[1]/D
                             0.20626        0.13645 r     -0.06980  (VIOLATED)
   dti_apb_adapter/current_state_reg[0]/D
                             0.20024        0.13122 r     -0.06903  (VIOLATED)
   dti_boost_inst/rx_acc_reg[1]/D
                             0.21451        0.14620 f     -0.06830  (VIOLATED)
   dti_boost_inst/bitpos_data_reg[3]/D
                             0.20746        0.14221 r     -0.06525  (VIOLATED)
   dti_apb_adapter/apb_penable_cld_reg/CE
                             0.20245        0.13804 r     -0.06441  (VIOLATED)
   dti_boost_inst/rx_acc_reg[3]/D
                             0.21449        0.15119 f     -0.06330  (VIOLATED)
   dti_boost_inst/bitpos_data_reg[2]/D
                             0.18570        0.12355 f     -0.06215  (VIOLATED)
   dti_boost_inst/current_state_reg[1]/D
                             0.21388        0.15593 f     -0.05795  (VIOLATED)
   dti_boost_inst/current_state_reg[0]/D
                             0.21402        0.15668 f     -0.05734  (VIOLATED)
   imem/index_inst_reg[2]/D  0.18652        0.13192 f     -0.05460  (VIOLATED)
   dti_boost_inst/rx_boost_inst_wr_req_reg/D
                             0.21383        0.15943 f     -0.05440  (VIOLATED)
   dti_boost_inst/bitpos_data_reg[1]/D
                             0.20050        0.14823 r     -0.05227  (VIOLATED)
   imem/index_inst_reg[3]/D  0.20749        0.16162 r     -0.04587  (VIOLATED)
   imem/index_inst_reg[0]/D  0.20749        0.16237 r     -0.04512  (VIOLATED)
   dti_apb_adapter/apb_psel_cld_reg/CE
                             0.20369        0.16040 r     -0.04329  (VIOLATED)
   dti_boost_inst/sample_reg[0]/D
                             0.20632        0.16832 r     -0.03800  (VIOLATED)
   dti_boost_inst/bitpos_stop_reg[1]/D
                             0.20745        0.17122 r     -0.03622  (VIOLATED)
   dti_boost_inst/sample_reg[0]/CE
                             0.20161        0.16562 r     -0.03599  (VIOLATED)
   dti_boost_inst/sample_reg[1]/CE
                             0.20161        0.16562 r     -0.03599  (VIOLATED)
   dti_boost_inst/sample_reg[2]/CE
                             0.20161        0.16562 r     -0.03599  (VIOLATED)
   dti_boost_inst/sample_reg[3]/CE
                             0.20161        0.16562 r     -0.03599  (VIOLATED)
   dti_boost_inst/bitpos_data_reg[0]/D
                             0.21323        0.17737 f     -0.03586  (VIOLATED)
   dti_boost_inst/scratch_reg[0]/CE
                             0.20613        0.17183 r     -0.03430  (VIOLATED)
   dti_boost_inst/scratch_reg[1]/CE
                             0.20613        0.17183 r     -0.03430  (VIOLATED)
   dti_boost_inst/scratch_reg[2]/CE
                             0.20613        0.17183 r     -0.03430  (VIOLATED)
   dti_boost_inst/scratch_reg[3]/CE
                             0.20613        0.17183 r     -0.03430  (VIOLATED)
   imem/index_inst_reg[6]/D  0.20749        0.17575 r     -0.03174  (VIOLATED)
   imem/index_inst_reg[1]/D  0.20749        0.17592 r     -0.03157  (VIOLATED)
   imem/index_inst_reg[4]/D  0.20749        0.17706 r     -0.03042  (VIOLATED)
   dti_boost_inst/sample_reg[3]/D
                             0.20748        0.18247 r     -0.02501  (VIOLATED)
   dti_boost_inst/scratch_reg[4]/CE
                             0.18917        0.16986 f     -0.01930  (VIOLATED)
   dti_boost_inst/scratch_reg[5]/CE
                             0.18917        0.16986 f     -0.01930  (VIOLATED)
   dti_boost_inst/scratch_reg[6]/CE
                             0.18917        0.16986 f     -0.01930  (VIOLATED)
   dti_boost_inst/scratch_reg[7]/CE
                             0.18917        0.16986 f     -0.01930  (VIOLATED)
   dti_apb_adapter/apb_psel_cld_reg/D
                             0.18667        0.16738 f     -0.01929  (VIOLATED)
   imem/index_inst_reg[5]/D  0.18324        0.16487 f     -0.01837  (VIOLATED)
   dti_boost_inst/sample_reg[2]/D
                             0.18324        0.16718 f     -0.01606  (VIOLATED)
   dti_boost_inst/sample_reg[1]/D
                             0.18326        0.17029 f     -0.01296  (VIOLATED)
   dti_boost_inst/bitpos_stop_reg[0]/CE
                             0.20474        0.19195 r     -0.01278  (VIOLATED)
   dti_boost_inst/bitpos_stop_reg[1]/CE
                             0.20474        0.19195 r     -0.01278  (VIOLATED)
   imem/imem_ack_reg/D       0.20471        0.19257 f     -0.01214  (VIOLATED)
   dti_boost_inst/bitpos_data_reg[3]/CE
                             0.20461        0.19250 r     -0.01210  (VIOLATED)
   dti_apb_adapter/apb_pwrite_cld_reg/CE
                             0.17750        0.17054 f     -0.00696  (VIOLATED)
   dti_boost_inst/bitpos_data_reg[2]/CE
                             0.17716        0.17176 f     -0.00540  (VIOLATED)


   min_capacitance

                             Required        Actual
   Net                      Capacitance    Capacitance       Slack
   -----------------------------------------------------------------
   apb_penable               0.00010        0.00000       -0.00010  (VIOLATED)
   dmem_read_ack             0.00010        0.00000       -0.00010  (VIOLATED)
   dmem_write_ack            0.00010        0.00000       -0.00010  (VIOLATED)
   imem_ack                  0.00010        0.00000       -0.00010  (VIOLATED)
   rts_n_boost               0.00010        0.00000       -0.00010  (VIOLATED)

   -----------------------------------------------------------------
   Total                      5               -0.00050  

   max_leakage_power

                             Required        Actual
   Design                   Leakage Power  Leakage Power     Slack
   -----------------------------------------------------------------
   dti_riscv                 0.00000       616.60254      -616.60254
                                                                    (VIOLATED)


1
