QuestaSim vmap 10.7d_1 Lib Mapping Utility 2019.05 May  8 2019
vmap xil_defaultlib questa_lib/msim/xil_defaultlib 
Modifying modelsim.ini
QuestaSim-64 vlog 10.7d_1 Compiler 2019.05 May  8 2019
Start time: 17:52:55 on Apr 24,2024
vlog -incr -work xil_defaultlib "+incdir+../../../../../dti_uart_top.srcs/sources_1/bd/design_uart/ipshared/4903" "+incdir+../../../../../dti_uart_top.srcs/sources_1/bd/design_uart/ipshared/ec67/hdl" "+incdir+/tools/Xilinx/Vivado/2018.1/data/xilinx_vip/include" dti_uart_top_func_synth.v ../../../../../../../../sim/libs/uart_rx.v ../../../../../../../../sim/libs/uart_tx.v 
-- Compiling module JTAG_CONTROL
-- Compiling module MB_BSCANE2
-- Compiling module MB_BUFG
-- Compiling module MB_FDC_1
-- Compiling module MB_FDRE_1
-- Compiling module MDM
-- Compiling module MDM_Core
-- Compiling module address_decoder
-- Compiling module apb_mif
-- Compiling module axi_apb_bridge
-- Compiling module axi_crossbar_v2_1_17_addr_arbiter_sasd
-- Compiling module axi_crossbar_v2_1_17_axi_crossbar
-- Compiling module axi_crossbar_v2_1_17_crossbar_sasd
-- Compiling module axi_crossbar_v2_1_17_decerr_slave
-- Compiling module axi_crossbar_v2_1_17_splitter
-- Compiling module axi_crossbar_v2_1_17_splitter__parameterized0
-- Compiling module axi_lite_ipif
-- Compiling module axi_register_slice_v2_1_16_axic_register_slice
-- Compiling module axi_uart16550
-- Compiling module axilite_sif
-- Compiling module baudrate_gen
-- Compiling module cdc_sync
-- Compiling module cdc_sync_0
-- Compiling module cntr_incr_decr_addn_f
-- Compiling module cntr_incr_decr_addn_f_585
-- Compiling module design_uart
-- Compiling module design_uart_axi_apb_bridge_0_0
-- Compiling module design_uart_axi_interconnect_0_0
-- Compiling module design_uart_axi_uart16550_0_0
-- Compiling module design_uart_clk_wiz_1_0
-- Compiling module design_uart_clk_wiz_1_0_clk_wiz
-- Compiling module design_uart_dlmb_bram_if_cntlr_0
-- Compiling module design_uart_dlmb_v10_0
-- Compiling module design_uart_dti_uart_0_0
-- Compiling module design_uart_ilmb_bram_if_cntlr_0
-- Compiling module design_uart_ilmb_v10_0
-- Compiling module design_uart_lmb_bram_0
-- Compiling module design_uart_mdm_1_0
-- Compiling module design_uart_microblaze_0_0
-- Compiling module design_uart_rst_clk_wiz_1_100M_0
-- Compiling module design_uart_wrapper
-- Compiling module design_uart_xbar_0
-- Compiling module dti_uart
-- Compiling module dynshreg_f
-- Compiling module dynshreg_f__parameterized0
-- Compiling module ipic_if
-- Compiling module lmb_bram_if_cntlr
-- Compiling module lmb_bram_if_cntlr__parameterized1
-- Compiling module lmb_v10
-- Compiling module lmb_v10__1
-- Compiling module lpf
-- Compiling module mdm_v3_2_13_MB_SRL16E
-- Compiling module mdm_v3_2_13_MB_SRL16E__parameterized0
-- Compiling module mdm_v3_2_13_MB_SRL16E__parameterized1
-- Compiling module mdm_v3_2_13_MB_SRL16E__parameterized2
-- Compiling module microblaze_0_local_memory_imp_UXHIJP
-- Compiling module multiplexor
-- Compiling module proc_sys_reset
-- Compiling module rb_regs
-- Compiling module receiver
-- Compiling module register_block
-- Compiling module rx16550
-- Compiling module rx_fifo_block
-- Compiling module rx_fifo_control
-- Compiling module sequence_psr
-- Compiling module slave_attachment
-- Compiling module srl_fifo_rbu_f
-- Compiling module srl_fifo_rbu_f__parameterized0
-- Compiling module transmitter
-- Compiling module tx16550
-- Compiling module tx_fifo_block
-- Compiling module uart16550
-- Compiling module upcnt_n
-- Compiling module xuart
-- Compiling module xuart_tx_load_sm
-- Compiling module ALU
-- Compiling module ALU_Bit
-- Compiling module ALU_Bit_492
-- Compiling module ALU_Bit_493
-- Compiling module ALU_Bit_494
-- Compiling module ALU_Bit_495
-- Compiling module ALU_Bit_496
-- Compiling module ALU_Bit_497
-- Compiling module ALU_Bit_498
-- Compiling module ALU_Bit_499
-- Compiling module ALU_Bit_500
-- Compiling module ALU_Bit_501
-- Compiling module ALU_Bit_502
-- Compiling module ALU_Bit_503
-- Compiling module ALU_Bit_504
-- Compiling module ALU_Bit_505
-- Compiling module ALU_Bit_506
-- Compiling module ALU_Bit_507
-- Compiling module ALU_Bit_508
-- Compiling module ALU_Bit_509
-- Compiling module ALU_Bit_510
-- Compiling module ALU_Bit_511
-- Compiling module ALU_Bit_512
-- Compiling module ALU_Bit_513
-- Compiling module ALU_Bit_514
-- Compiling module ALU_Bit_515
-- Compiling module ALU_Bit_516
-- Compiling module ALU_Bit_517
-- Compiling module ALU_Bit_518
-- Compiling module ALU_Bit_519
-- Compiling module ALU_Bit_520
-- Compiling module ALU_Bit_521
-- Compiling module ALU_Bit__parameterized2
-- Compiling module Byte_Doublet_Handle_gti
-- Compiling module DAXI_interface
-- Compiling module Data_Flow_Logic
-- Compiling module Data_Flow_gti
-- Compiling module Debug
-- Compiling module Decode_gti
-- Compiling module MB_AND2B1L
-- Compiling module MB_FDE
-- Compiling module MB_FDE_314
-- Compiling module MB_FDE_317
-- Compiling module MB_FDE_320
-- Compiling module MB_FDE_323
-- Compiling module MB_FDE_326
-- Compiling module MB_FDE_329
-- Compiling module MB_FDE_332
-- Compiling module MB_FDE_335
-- Compiling module MB_FDE_338
-- Compiling module MB_FDE_341
-- Compiling module MB_FDE_344
-- Compiling module MB_FDE_347
-- Compiling module MB_FDE_350
-- Compiling module MB_FDE_353
-- Compiling module MB_FDE_356
-- Compiling module MB_FDE_359
-- Compiling module MB_FDE_362
-- Compiling module MB_FDE_365
-- Compiling module MB_FDE_368
-- Compiling module MB_FDE_371
-- Compiling module MB_FDE_374
-- Compiling module MB_FDE_377
-- Compiling module MB_FDE_380
-- Compiling module MB_FDE_383
-- Compiling module MB_FDE_386
-- Compiling module MB_FDE_389
-- Compiling module MB_FDE_392
-- Compiling module MB_FDE_395
-- Compiling module MB_FDE_398
-- Compiling module MB_FDE_401
-- Compiling module MB_FDE_404
-- Compiling module MB_FDR
-- Compiling module MB_FDR_115
-- Compiling module MB_FDR_116
-- Compiling module MB_FDR_118
-- Compiling module MB_FDR_120
-- Compiling module MB_FDR_122
-- Compiling module MB_FDR_124
-- Compiling module MB_FDR_126
-- Compiling module MB_FDR_128
-- Compiling module MB_FDR_130
-- Compiling module MB_FDR_132
-- Compiling module MB_FDR_134
-- Compiling module MB_FDR_136
-- Compiling module MB_FDR_138
-- Compiling module MB_FDR_140
-- Compiling module MB_FDR_142
-- Compiling module MB_FDR_144
-- Compiling module MB_FDR_146
-- Compiling module MB_FDR_148
-- Compiling module MB_FDR_150
-- Compiling module MB_FDR_152
-- Compiling module MB_FDR_154
-- Compiling module MB_FDR_156
-- Compiling module MB_FDR_158
-- Compiling module MB_FDR_160
-- Compiling module MB_FDR_162
-- Compiling module MB_FDR_164
-- Compiling module MB_FDR_166
-- Compiling module MB_FDR_168
-- Compiling module MB_FDR_170
-- Compiling module MB_FDR_172
-- Compiling module MB_FDR_174
-- Compiling module MB_FDR_176
-- Compiling module MB_FDR_178
-- Compiling module MB_FDR_180
-- Compiling module MB_FDR_182
-- Compiling module MB_FDR_184
-- Compiling module MB_FDR_186
-- Compiling module MB_FDR_188
-- Compiling module MB_FDR_190
-- Compiling module MB_FDR_192
-- Compiling module MB_FDR_194
-- Compiling module MB_FDR_196
-- Compiling module MB_FDR_198
-- Compiling module MB_FDR_200
-- Compiling module MB_FDR_202
-- Compiling module MB_FDR_204
-- Compiling module MB_FDR_206
-- Compiling module MB_FDR_208
-- Compiling module MB_FDR_209
-- Compiling module MB_FDR_211
-- Compiling module MB_FDR_213
-- Compiling module MB_FDR_215
-- Compiling module MB_FDR_217
-- Compiling module MB_FDR_219
-- Compiling module MB_FDR_221
-- Compiling module MB_FDR_223
-- Compiling module MB_FDR_225
-- Compiling module MB_FDR_227
-- Compiling module MB_FDR_229
-- Compiling module MB_FDR_231
-- Compiling module MB_FDR_233
-- Compiling module MB_FDR_235
-- Compiling module MB_FDR_237
-- Compiling module MB_FDR_239
-- Compiling module MB_FDR_241
-- Compiling module MB_FDR_243
-- Compiling module MB_FDR_245
-- Compiling module MB_FDR_247
-- Compiling module MB_FDR_249
-- Compiling module MB_FDR_251
-- Compiling module MB_FDR_253
-- Compiling module MB_FDR_255
-- Compiling module MB_FDR_257
-- Compiling module MB_FDR_259
-- Compiling module MB_FDR_261
-- Compiling module MB_FDR_263
-- Compiling module MB_FDR_265
-- Compiling module MB_FDR_267
-- Compiling module MB_FDR_269
-- Compiling module MB_FDR_271
-- Compiling module MB_FDR_304
-- Compiling module MB_FDR_305
-- Compiling module MB_FDR_306
-- Compiling module MB_FDR_307
-- Compiling module MB_FDR_308
-- Compiling module MB_FDR_309
-- Compiling module MB_FDS
-- Compiling module MB_LUT4
-- Compiling module MB_LUT6_2
-- Compiling module MB_LUT6_2_523
-- Compiling module MB_LUT6_2_525
-- Compiling module MB_LUT6_2_527
-- Compiling module MB_LUT6_2_529
-- Compiling module MB_LUT6_2_531
-- Compiling module MB_LUT6_2_533
-- Compiling module MB_LUT6_2_535
-- Compiling module MB_LUT6_2_537
-- Compiling module MB_LUT6_2_539
-- Compiling module MB_LUT6_2_541
-- Compiling module MB_LUT6_2_543
-- Compiling module MB_LUT6_2_545
-- Compiling module MB_LUT6_2_547
-- Compiling module MB_LUT6_2_549
-- Compiling module MB_LUT6_2_551
-- Compiling module MB_LUT6_2_553
-- Compiling module MB_LUT6_2_555
-- Compiling module MB_LUT6_2_557
-- Compiling module MB_LUT6_2_559
-- Compiling module MB_LUT6_2_561
-- Compiling module MB_LUT6_2_563
-- Compiling module MB_LUT6_2_565
-- Compiling module MB_LUT6_2_567
-- Compiling module MB_LUT6_2_569
-- Compiling module MB_LUT6_2_571
-- Compiling module MB_LUT6_2_573
-- Compiling module MB_LUT6_2_575
-- Compiling module MB_LUT6_2_577
-- Compiling module MB_LUT6_2_579
-- Compiling module MB_LUT6_2_581
-- Compiling module MB_LUT6_2__parameterized1
-- Compiling module MB_LUT6_2__parameterized3
-- Compiling module MB_LUT6_2__parameterized3_10
-- Compiling module MB_LUT6_2__parameterized3_11
-- Compiling module MB_LUT6_2__parameterized3_12
-- Compiling module MB_LUT6_2__parameterized3_13
-- Compiling module MB_LUT6_2__parameterized3_14
-- Compiling module MB_LUT6_2__parameterized3_15
-- Compiling module MB_LUT6_2__parameterized3_16
-- Compiling module MB_LUT6_2__parameterized3_17
-- Compiling module MB_LUT6_2__parameterized3_3
-- Compiling module MB_LUT6_2__parameterized3_4
-- Compiling module MB_LUT6_2__parameterized3_5
-- Compiling module MB_LUT6_2__parameterized3_6
-- Compiling module MB_LUT6_2__parameterized3_7
-- Compiling module MB_LUT6_2__parameterized3_8
-- Compiling module MB_LUT6_2__parameterized3_9
-- Compiling module MB_LUT6_2__parameterized5
-- Compiling module MB_LUT6_2__parameterized5_312
-- Compiling module MB_LUT6_2__parameterized5_315
-- Compiling module MB_LUT6_2__parameterized5_318
-- Compiling module MB_LUT6_2__parameterized5_321
-- Compiling module MB_LUT6_2__parameterized5_324
-- Compiling module MB_LUT6_2__parameterized5_327
-- Compiling module MB_LUT6_2__parameterized5_330
-- Compiling module MB_LUT6_2__parameterized5_333
-- Compiling module MB_LUT6_2__parameterized5_336
-- Compiling module MB_LUT6_2__parameterized5_339
-- Compiling module MB_LUT6_2__parameterized5_342
-- Compiling module MB_LUT6_2__parameterized5_345
-- Compiling module MB_LUT6_2__parameterized5_348
-- Compiling module MB_LUT6_2__parameterized5_351
-- Compiling module MB_LUT6_2__parameterized5_354
-- Compiling module MB_LUT6_2__parameterized5_357
-- Compiling module MB_LUT6_2__parameterized5_360
-- Compiling module MB_LUT6_2__parameterized5_363
-- Compiling module MB_LUT6_2__parameterized5_366
-- Compiling module MB_LUT6_2__parameterized5_369
-- Compiling module MB_LUT6_2__parameterized5_372
-- Compiling module MB_LUT6_2__parameterized5_375
-- Compiling module MB_LUT6_2__parameterized5_378
-- Compiling module MB_LUT6_2__parameterized5_381
-- Compiling module MB_LUT6_2__parameterized5_384
-- Compiling module MB_LUT6_2__parameterized5_387
-- Compiling module MB_LUT6_2__parameterized5_390
-- Compiling module MB_LUT6_2__parameterized5_393
-- Compiling module MB_LUT6_2__parameterized5_396
-- Compiling module MB_LUT6_2__parameterized5_399
-- Compiling module MB_LUT6_2__parameterized5_402
-- Compiling module MB_MULT_AND
-- Compiling module MB_RAM32M
-- Compiling module MB_RAM32M_412
-- Compiling module MB_RAM32M_413
-- Compiling module MB_RAM32M_414
-- Compiling module MB_RAM32M_415
-- Compiling module MB_RAM32M_416
-- Compiling module MB_RAM32M_417
-- Compiling module MB_RAM32M_418
-- Compiling module MB_RAM32M_419
-- Compiling module MB_RAM32M_420
-- Compiling module MB_RAM32M_421
-- Compiling module MB_RAM32M_422
-- Compiling module MB_RAM32M_423
-- Compiling module MB_RAM32M_424
-- Compiling module MB_RAM32M_425
-- Compiling module MB_RAM32M_426
-- Compiling module MB_SRLC16E
-- Compiling module MB_SRLC16E_34
-- Compiling module MB_SRLC16E_36
-- Compiling module MB_SRLC16E_38
-- Compiling module MB_SRLC16E_40
-- Compiling module MB_SRLC16E_42
-- Compiling module MB_SRLC16E_44
-- Compiling module MB_SRLC16E_46
-- Compiling module MicroBlaze
-- Compiling module MicroBlaze_Core
-- Compiling module MicroBlaze_GTi
-- Compiling module Operand_Select_gti
-- Compiling module PC_Module_gti
-- Compiling module PreFetch_Buffer_gti
-- Compiling module Register_File_gti
-- Compiling module Shift_Logic_Module_gti
-- Compiling module Zero_Detect_gti
-- Compiling module address_hit
-- Compiling module blk_mem_gen_generic_cstr
-- Compiling module blk_mem_gen_mux
-- Compiling module blk_mem_gen_mux__parameterized0
-- Compiling module blk_mem_gen_prim_width
-- Compiling module blk_mem_gen_prim_width__parameterized0
-- Compiling module blk_mem_gen_prim_width__parameterized1
-- Compiling module blk_mem_gen_prim_width__parameterized10
-- Compiling module blk_mem_gen_prim_width__parameterized11
-- Compiling module blk_mem_gen_prim_width__parameterized12
-- Compiling module blk_mem_gen_prim_width__parameterized13
-- Compiling module blk_mem_gen_prim_width__parameterized14
-- Compiling module blk_mem_gen_prim_width__parameterized15
-- Compiling module blk_mem_gen_prim_width__parameterized16
-- Compiling module blk_mem_gen_prim_width__parameterized17
-- Compiling module blk_mem_gen_prim_width__parameterized18
-- Compiling module blk_mem_gen_prim_width__parameterized19
-- Compiling module blk_mem_gen_prim_width__parameterized2
-- Compiling module blk_mem_gen_prim_width__parameterized20
-- Compiling module blk_mem_gen_prim_width__parameterized21
-- Compiling module blk_mem_gen_prim_width__parameterized22
-- Compiling module blk_mem_gen_prim_width__parameterized23
-- Compiling module blk_mem_gen_prim_width__parameterized24
-- Compiling module blk_mem_gen_prim_width__parameterized25
-- Compiling module blk_mem_gen_prim_width__parameterized26
-- Compiling module blk_mem_gen_prim_width__parameterized27
-- Compiling module blk_mem_gen_prim_width__parameterized28
-- Compiling module blk_mem_gen_prim_width__parameterized29
-- Compiling module blk_mem_gen_prim_width__parameterized3
-- Compiling module blk_mem_gen_prim_width__parameterized30
-- Compiling module blk_mem_gen_prim_width__parameterized31
-- Compiling module blk_mem_gen_prim_width__parameterized32
-- Compiling module blk_mem_gen_prim_width__parameterized33
-- Compiling module blk_mem_gen_prim_width__parameterized34
-- Compiling module blk_mem_gen_prim_width__parameterized35
-- Compiling module blk_mem_gen_prim_width__parameterized36
-- Compiling module blk_mem_gen_prim_width__parameterized37
-- Compiling module blk_mem_gen_prim_width__parameterized38
-- Compiling module blk_mem_gen_prim_width__parameterized39
-- Compiling module blk_mem_gen_prim_width__parameterized4
-- Compiling module blk_mem_gen_prim_width__parameterized40
-- Compiling module blk_mem_gen_prim_width__parameterized41
-- Compiling module blk_mem_gen_prim_width__parameterized42
-- Compiling module blk_mem_gen_prim_width__parameterized43
-- Compiling module blk_mem_gen_prim_width__parameterized44
-- Compiling module blk_mem_gen_prim_width__parameterized45
-- Compiling module blk_mem_gen_prim_width__parameterized46
-- Compiling module blk_mem_gen_prim_width__parameterized47
-- Compiling module blk_mem_gen_prim_width__parameterized48
-- Compiling module blk_mem_gen_prim_width__parameterized49
-- Compiling module blk_mem_gen_prim_width__parameterized5
-- Compiling module blk_mem_gen_prim_width__parameterized50
-- Compiling module blk_mem_gen_prim_width__parameterized51
-- Compiling module blk_mem_gen_prim_width__parameterized52
-- Compiling module blk_mem_gen_prim_width__parameterized53
-- Compiling module blk_mem_gen_prim_width__parameterized54
-- Compiling module blk_mem_gen_prim_width__parameterized55
-- Compiling module blk_mem_gen_prim_width__parameterized56
-- Compiling module blk_mem_gen_prim_width__parameterized57
-- Compiling module blk_mem_gen_prim_width__parameterized58
-- Compiling module blk_mem_gen_prim_width__parameterized59
-- Compiling module blk_mem_gen_prim_width__parameterized6
-- Compiling module blk_mem_gen_prim_width__parameterized60
-- Compiling module blk_mem_gen_prim_width__parameterized61
-- Compiling module blk_mem_gen_prim_width__parameterized62
-- Compiling module blk_mem_gen_prim_width__parameterized7
-- Compiling module blk_mem_gen_prim_width__parameterized8
-- Compiling module blk_mem_gen_prim_width__parameterized9
-- Compiling module blk_mem_gen_prim_wrapper
-- Compiling module blk_mem_gen_prim_wrapper__parameterized0
-- Compiling module blk_mem_gen_prim_wrapper__parameterized1
-- Compiling module blk_mem_gen_prim_wrapper__parameterized10
-- Compiling module blk_mem_gen_prim_wrapper__parameterized11
-- Compiling module blk_mem_gen_prim_wrapper__parameterized12
-- Compiling module blk_mem_gen_prim_wrapper__parameterized13
-- Compiling module blk_mem_gen_prim_wrapper__parameterized14
-- Compiling module blk_mem_gen_prim_wrapper__parameterized15
-- Compiling module blk_mem_gen_prim_wrapper__parameterized16
-- Compiling module blk_mem_gen_prim_wrapper__parameterized17
-- Compiling module blk_mem_gen_prim_wrapper__parameterized18
-- Compiling module blk_mem_gen_prim_wrapper__parameterized19
-- Compiling module blk_mem_gen_prim_wrapper__parameterized2
-- Compiling module blk_mem_gen_prim_wrapper__parameterized20
-- Compiling module blk_mem_gen_prim_wrapper__parameterized21
-- Compiling module blk_mem_gen_prim_wrapper__parameterized22
-- Compiling module blk_mem_gen_prim_wrapper__parameterized23
-- Compiling module blk_mem_gen_prim_wrapper__parameterized24
-- Compiling module blk_mem_gen_prim_wrapper__parameterized25
-- Compiling module blk_mem_gen_prim_wrapper__parameterized26
-- Compiling module blk_mem_gen_prim_wrapper__parameterized27
-- Compiling module blk_mem_gen_prim_wrapper__parameterized28
-- Compiling module blk_mem_gen_prim_wrapper__parameterized29
-- Compiling module blk_mem_gen_prim_wrapper__parameterized3
-- Compiling module blk_mem_gen_prim_wrapper__parameterized30
-- Compiling module blk_mem_gen_prim_wrapper__parameterized31
-- Compiling module blk_mem_gen_prim_wrapper__parameterized32
-- Compiling module blk_mem_gen_prim_wrapper__parameterized33
-- Compiling module blk_mem_gen_prim_wrapper__parameterized34
-- Compiling module blk_mem_gen_prim_wrapper__parameterized35
-- Compiling module blk_mem_gen_prim_wrapper__parameterized36
-- Compiling module blk_mem_gen_prim_wrapper__parameterized37
-- Compiling module blk_mem_gen_prim_wrapper__parameterized38
-- Compiling module blk_mem_gen_prim_wrapper__parameterized39
-- Compiling module blk_mem_gen_prim_wrapper__parameterized4
-- Compiling module blk_mem_gen_prim_wrapper__parameterized40
-- Compiling module blk_mem_gen_prim_wrapper__parameterized41
-- Compiling module blk_mem_gen_prim_wrapper__parameterized42
-- Compiling module blk_mem_gen_prim_wrapper__parameterized43
-- Compiling module blk_mem_gen_prim_wrapper__parameterized44
-- Compiling module blk_mem_gen_prim_wrapper__parameterized45
-- Compiling module blk_mem_gen_prim_wrapper__parameterized46
-- Compiling module blk_mem_gen_prim_wrapper__parameterized47
-- Compiling module blk_mem_gen_prim_wrapper__parameterized48
-- Compiling module blk_mem_gen_prim_wrapper__parameterized49
-- Compiling module blk_mem_gen_prim_wrapper__parameterized5
-- Compiling module blk_mem_gen_prim_wrapper__parameterized50
-- Compiling module blk_mem_gen_prim_wrapper__parameterized51
-- Compiling module blk_mem_gen_prim_wrapper__parameterized52
-- Compiling module blk_mem_gen_prim_wrapper__parameterized53
-- Compiling module blk_mem_gen_prim_wrapper__parameterized54
-- Compiling module blk_mem_gen_prim_wrapper__parameterized55
-- Compiling module blk_mem_gen_prim_wrapper__parameterized56
-- Compiling module blk_mem_gen_prim_wrapper__parameterized57
-- Compiling module blk_mem_gen_prim_wrapper__parameterized58
-- Compiling module blk_mem_gen_prim_wrapper__parameterized59
-- Compiling module blk_mem_gen_prim_wrapper__parameterized6
-- Compiling module blk_mem_gen_prim_wrapper__parameterized60
-- Compiling module blk_mem_gen_prim_wrapper__parameterized61
-- Compiling module blk_mem_gen_prim_wrapper__parameterized62
-- Compiling module blk_mem_gen_prim_wrapper__parameterized7
-- Compiling module blk_mem_gen_prim_wrapper__parameterized8
-- Compiling module blk_mem_gen_prim_wrapper__parameterized9
-- Compiling module blk_mem_gen_top
-- Compiling module blk_mem_gen_v8_4_1
-- Compiling module blk_mem_gen_v8_4_1_synth
-- Compiling module exception_registers_gti
-- Compiling module instr_mux
-- Compiling module jump_logic
-- Compiling module mb_sync_bit
-- Compiling module mb_sync_bit_1
-- Compiling module mb_sync_bit_2
-- Compiling module mb_sync_bit_48
-- Compiling module mb_sync_bit_49
-- Compiling module mb_sync_bit_50
-- Compiling module mb_sync_bit_51
-- Compiling module mb_sync_bit_52
-- Compiling module mb_sync_bit_53
-- Compiling module mb_sync_bit_54
-- Compiling module mb_sync_bit_55
-- Compiling module mb_sync_bit_56
-- Compiling module mb_sync_bit_57
-- Compiling module mb_sync_bit__parameterized2
-- Compiling module mb_sync_bit__parameterized2_26
-- Compiling module mb_sync_bit__parameterized2_27
-- Compiling module mb_sync_bit__parameterized2_28
-- Compiling module mb_sync_bit__parameterized2_29
-- Compiling module mb_sync_bit__parameterized2_58
-- Compiling module mb_sync_bit__parameterized4
-- Compiling module mb_sync_bit__parameterized4_30
-- Compiling module mb_sync_bit__parameterized4_31
-- Compiling module mb_sync_vec
-- Compiling module mb_sync_vec__parameterized1
-- Compiling module microblaze_v10_0_6_MB_FDRE
-- Compiling module microblaze_v10_0_6_MB_FDRE_459
-- Compiling module microblaze_v10_0_6_MB_FDRE_460
-- Compiling module microblaze_v10_0_6_MB_FDRE_461
-- Compiling module microblaze_v10_0_6_MB_FDRE_462
-- Compiling module microblaze_v10_0_6_MB_FDRE_463
-- Compiling module microblaze_v10_0_6_MB_FDRE_464
-- Compiling module microblaze_v10_0_6_MB_FDRE_465
-- Compiling module microblaze_v10_0_6_MB_FDRE_466
-- Compiling module microblaze_v10_0_6_MB_FDRE_467
-- Compiling module microblaze_v10_0_6_MB_FDRE_468
-- Compiling module microblaze_v10_0_6_MB_FDRE_469
-- Compiling module microblaze_v10_0_6_MB_FDRE_470
-- Compiling module microblaze_v10_0_6_MB_FDRE_471
-- Compiling module microblaze_v10_0_6_MB_FDRE_472
-- Compiling module microblaze_v10_0_6_MB_FDRE_473
-- Compiling module microblaze_v10_0_6_MB_FDRE_474
-- Compiling module microblaze_v10_0_6_MB_FDRE_475
-- Compiling module microblaze_v10_0_6_MB_FDRE_476
-- Compiling module microblaze_v10_0_6_MB_FDRE_477
-- Compiling module microblaze_v10_0_6_MB_FDRE_478
-- Compiling module microblaze_v10_0_6_MB_FDRE_479
-- Compiling module microblaze_v10_0_6_MB_FDRE_480
-- Compiling module microblaze_v10_0_6_MB_FDRE_481
-- Compiling module microblaze_v10_0_6_MB_FDRE_482
-- Compiling module microblaze_v10_0_6_MB_FDRE_483
-- Compiling module microblaze_v10_0_6_MB_FDRE_484
-- Compiling module microblaze_v10_0_6_MB_FDRE_485
-- Compiling module microblaze_v10_0_6_MB_FDRE_486
-- Compiling module microblaze_v10_0_6_MB_FDRE_487
-- Compiling module microblaze_v10_0_6_MB_FDRE_488
-- Compiling module microblaze_v10_0_6_MB_FDRE_489
-- Compiling module microblaze_v10_0_6_MB_FDRE_490
-- Compiling module microblaze_v10_0_6_MB_FDRE_69
-- Compiling module microblaze_v10_0_6_MB_FDRE_70
-- Compiling module microblaze_v10_0_6_MB_FDRE_71
-- Compiling module microblaze_v10_0_6_MB_FDRE_72
-- Compiling module microblaze_v10_0_6_MB_FDRE_73
-- Compiling module microblaze_v10_0_6_MB_FDRE_74
-- Compiling module microblaze_v10_0_6_MB_FDRE_75
-- Compiling module microblaze_v10_0_6_MB_FDRE_76
-- Compiling module microblaze_v10_0_6_MB_FDRE_77
-- Compiling module microblaze_v10_0_6_MB_LUT6
-- Compiling module microblaze_v10_0_6_MB_LUT6_117
-- Compiling module microblaze_v10_0_6_MB_LUT6_119
-- Compiling module microblaze_v10_0_6_MB_LUT6_121
-- Compiling module microblaze_v10_0_6_MB_LUT6__parameterized0
-- Compiling module microblaze_v10_0_6_MB_LUT6__parameterized1
-- Compiling module microblaze_v10_0_6_MB_LUT6__parameterized2
-- Compiling module microblaze_v10_0_6_MB_LUT6__parameterized3
-- Compiling module microblaze_v10_0_6_MB_LUT6__parameterized3_78
-- Compiling module microblaze_v10_0_6_MB_LUT6__parameterized3_80
-- Compiling module microblaze_v10_0_6_MB_LUT6__parameterized3_82
-- Compiling module microblaze_v10_0_6_MB_LUT6__parameterized3_84
-- Compiling module microblaze_v10_0_6_MB_LUT6__parameterized3_86
-- Compiling module microblaze_v10_0_6_MB_LUT6__parameterized4
-- Compiling module microblaze_v10_0_6_MB_LUT6__parameterized4_79
-- Compiling module microblaze_v10_0_6_MB_LUT6__parameterized4_81
-- Compiling module microblaze_v10_0_6_MB_LUT6__parameterized4_83
-- Compiling module microblaze_v10_0_6_MB_LUT6__parameterized4_85
-- Compiling module microblaze_v10_0_6_MB_LUT6__parameterized4_87
-- Compiling module microblaze_v10_0_6_MB_LUT6__parameterized5
-- Compiling module microblaze_v10_0_6_MB_MUXCY
-- Compiling module microblaze_v10_0_6_MB_MUXCY_100
-- Compiling module microblaze_v10_0_6_MB_MUXCY_101
-- Compiling module microblaze_v10_0_6_MB_MUXCY_102
-- Compiling module microblaze_v10_0_6_MB_MUXCY_103
-- Compiling module microblaze_v10_0_6_MB_MUXCY_104
-- Compiling module microblaze_v10_0_6_MB_MUXCY_105
-- Compiling module microblaze_v10_0_6_MB_MUXCY_106
-- Compiling module microblaze_v10_0_6_MB_MUXCY_107
-- Compiling module microblaze_v10_0_6_MB_MUXCY_108
-- Compiling module microblaze_v10_0_6_MB_MUXCY_109
-- Compiling module microblaze_v10_0_6_MB_MUXCY_110
-- Compiling module microblaze_v10_0_6_MB_MUXCY_111
-- Compiling module microblaze_v10_0_6_MB_MUXCY_112
-- Compiling module microblaze_v10_0_6_MB_MUXCY_113
-- Compiling module microblaze_v10_0_6_MB_MUXCY_114
-- Compiling module microblaze_v10_0_6_MB_MUXCY_302
-- Compiling module microblaze_v10_0_6_MB_MUXCY_303
-- Compiling module microblaze_v10_0_6_MB_MUXCY_310
-- Compiling module microblaze_v10_0_6_MB_MUXCY_32
-- Compiling module microblaze_v10_0_6_MB_MUXCY_33
-- Compiling module microblaze_v10_0_6_MB_MUXCY_35
-- Compiling module microblaze_v10_0_6_MB_MUXCY_37
-- Compiling module microblaze_v10_0_6_MB_MUXCY_39
-- Compiling module microblaze_v10_0_6_MB_MUXCY_405
-- Compiling module microblaze_v10_0_6_MB_MUXCY_406
-- Compiling module microblaze_v10_0_6_MB_MUXCY_407
-- Compiling module microblaze_v10_0_6_MB_MUXCY_408
-- Compiling module microblaze_v10_0_6_MB_MUXCY_409
-- Compiling module microblaze_v10_0_6_MB_MUXCY_41
-- Compiling module microblaze_v10_0_6_MB_MUXCY_410
-- Compiling module microblaze_v10_0_6_MB_MUXCY_411
-- Compiling module microblaze_v10_0_6_MB_MUXCY_43
-- Compiling module microblaze_v10_0_6_MB_MUXCY_45
-- Compiling module microblaze_v10_0_6_MB_MUXCY_47
-- Compiling module microblaze_v10_0_6_MB_MUXCY_491
-- Compiling module microblaze_v10_0_6_MB_MUXCY_584
-- Compiling module microblaze_v10_0_6_MB_MUXCY_93
-- Compiling module microblaze_v10_0_6_MB_MUXCY_94
-- Compiling module microblaze_v10_0_6_MB_MUXCY_95
-- Compiling module microblaze_v10_0_6_MB_MUXCY_96
-- Compiling module microblaze_v10_0_6_MB_MUXCY_97
-- Compiling module microblaze_v10_0_6_MB_MUXCY_98
-- Compiling module microblaze_v10_0_6_MB_MUXCY_99
-- Compiling module microblaze_v10_0_6_MB_MUXCY_XORCY
-- Compiling module microblaze_v10_0_6_MB_MUXCY_XORCY_273
-- Compiling module microblaze_v10_0_6_MB_MUXCY_XORCY_274
-- Compiling module microblaze_v10_0_6_MB_MUXCY_XORCY_275
-- Compiling module microblaze_v10_0_6_MB_MUXCY_XORCY_276
-- Compiling module microblaze_v10_0_6_MB_MUXCY_XORCY_277
-- Compiling module microblaze_v10_0_6_MB_MUXCY_XORCY_278
-- Compiling module microblaze_v10_0_6_MB_MUXCY_XORCY_279
-- Compiling module microblaze_v10_0_6_MB_MUXCY_XORCY_280
-- Compiling module microblaze_v10_0_6_MB_MUXCY_XORCY_281
-- Compiling module microblaze_v10_0_6_MB_MUXCY_XORCY_282
-- Compiling module microblaze_v10_0_6_MB_MUXCY_XORCY_283
-- Compiling module microblaze_v10_0_6_MB_MUXCY_XORCY_284
-- Compiling module microblaze_v10_0_6_MB_MUXCY_XORCY_285
-- Compiling module microblaze_v10_0_6_MB_MUXCY_XORCY_286
-- Compiling module microblaze_v10_0_6_MB_MUXCY_XORCY_287
-- Compiling module microblaze_v10_0_6_MB_MUXCY_XORCY_288
-- Compiling module microblaze_v10_0_6_MB_MUXCY_XORCY_289
-- Compiling module microblaze_v10_0_6_MB_MUXCY_XORCY_290
-- Compiling module microblaze_v10_0_6_MB_MUXCY_XORCY_291
-- Compiling module microblaze_v10_0_6_MB_MUXCY_XORCY_292
-- Compiling module microblaze_v10_0_6_MB_MUXCY_XORCY_293
-- Compiling module microblaze_v10_0_6_MB_MUXCY_XORCY_294
-- Compiling module microblaze_v10_0_6_MB_MUXCY_XORCY_295
-- Compiling module microblaze_v10_0_6_MB_MUXCY_XORCY_296
-- Compiling module microblaze_v10_0_6_MB_MUXCY_XORCY_297
-- Compiling module microblaze_v10_0_6_MB_MUXCY_XORCY_298
-- Compiling module microblaze_v10_0_6_MB_MUXCY_XORCY_299
-- Compiling module microblaze_v10_0_6_MB_MUXCY_XORCY_300
-- Compiling module microblaze_v10_0_6_MB_MUXCY_XORCY_301
-- Compiling module microblaze_v10_0_6_MB_MUXCY_XORCY_311
-- Compiling module microblaze_v10_0_6_MB_MUXCY_XORCY_313
-- Compiling module microblaze_v10_0_6_MB_MUXCY_XORCY_316
-- Compiling module microblaze_v10_0_6_MB_MUXCY_XORCY_319
-- Compiling module microblaze_v10_0_6_MB_MUXCY_XORCY_322
-- Compiling module microblaze_v10_0_6_MB_MUXCY_XORCY_325
-- Compiling module microblaze_v10_0_6_MB_MUXCY_XORCY_328
-- Compiling module microblaze_v10_0_6_MB_MUXCY_XORCY_331
-- Compiling module microblaze_v10_0_6_MB_MUXCY_XORCY_334
-- Compiling module microblaze_v10_0_6_MB_MUXCY_XORCY_337
-- Compiling module microblaze_v10_0_6_MB_MUXCY_XORCY_340
-- Compiling module microblaze_v10_0_6_MB_MUXCY_XORCY_343
-- Compiling module microblaze_v10_0_6_MB_MUXCY_XORCY_346
-- Compiling module microblaze_v10_0_6_MB_MUXCY_XORCY_349
-- Compiling module microblaze_v10_0_6_MB_MUXCY_XORCY_352
-- Compiling module microblaze_v10_0_6_MB_MUXCY_XORCY_355
-- Compiling module microblaze_v10_0_6_MB_MUXCY_XORCY_358
-- Compiling module microblaze_v10_0_6_MB_MUXCY_XORCY_361
-- Compiling module microblaze_v10_0_6_MB_MUXCY_XORCY_364
-- Compiling module microblaze_v10_0_6_MB_MUXCY_XORCY_367
-- Compiling module microblaze_v10_0_6_MB_MUXCY_XORCY_370
-- Compiling module microblaze_v10_0_6_MB_MUXCY_XORCY_373
-- Compiling module microblaze_v10_0_6_MB_MUXCY_XORCY_376
-- Compiling module microblaze_v10_0_6_MB_MUXCY_XORCY_379
-- Compiling module microblaze_v10_0_6_MB_MUXCY_XORCY_382
-- Compiling module microblaze_v10_0_6_MB_MUXCY_XORCY_385
-- Compiling module microblaze_v10_0_6_MB_MUXCY_XORCY_388
-- Compiling module microblaze_v10_0_6_MB_MUXCY_XORCY_391
-- Compiling module microblaze_v10_0_6_MB_MUXCY_XORCY_394
-- Compiling module microblaze_v10_0_6_MB_MUXCY_XORCY_397
-- Compiling module microblaze_v10_0_6_MB_MUXCY_XORCY_400
-- Compiling module microblaze_v10_0_6_MB_MUXCY_XORCY_403
-- Compiling module microblaze_v10_0_6_MB_MUXCY_XORCY_522
-- Compiling module microblaze_v10_0_6_MB_MUXCY_XORCY_524
-- Compiling module microblaze_v10_0_6_MB_MUXCY_XORCY_526
-- Compiling module microblaze_v10_0_6_MB_MUXCY_XORCY_528
-- Compiling module microblaze_v10_0_6_MB_MUXCY_XORCY_530
-- Compiling module microblaze_v10_0_6_MB_MUXCY_XORCY_532
-- Compiling module microblaze_v10_0_6_MB_MUXCY_XORCY_534
-- Compiling module microblaze_v10_0_6_MB_MUXCY_XORCY_536
-- Compiling module microblaze_v10_0_6_MB_MUXCY_XORCY_538
-- Compiling module microblaze_v10_0_6_MB_MUXCY_XORCY_540
-- Compiling module microblaze_v10_0_6_MB_MUXCY_XORCY_542
-- Compiling module microblaze_v10_0_6_MB_MUXCY_XORCY_544
-- Compiling module microblaze_v10_0_6_MB_MUXCY_XORCY_546
-- Compiling module microblaze_v10_0_6_MB_MUXCY_XORCY_548
-- Compiling module microblaze_v10_0_6_MB_MUXCY_XORCY_550
-- Compiling module microblaze_v10_0_6_MB_MUXCY_XORCY_552
-- Compiling module microblaze_v10_0_6_MB_MUXCY_XORCY_554
-- Compiling module microblaze_v10_0_6_MB_MUXCY_XORCY_556
-- Compiling module microblaze_v10_0_6_MB_MUXCY_XORCY_558
-- Compiling module microblaze_v10_0_6_MB_MUXCY_XORCY_560
-- Compiling module microblaze_v10_0_6_MB_MUXCY_XORCY_562
-- Compiling module microblaze_v10_0_6_MB_MUXCY_XORCY_564
-- Compiling module microblaze_v10_0_6_MB_MUXCY_XORCY_566
-- Compiling module microblaze_v10_0_6_MB_MUXCY_XORCY_568
-- Compiling module microblaze_v10_0_6_MB_MUXCY_XORCY_570
-- Compiling module microblaze_v10_0_6_MB_MUXCY_XORCY_572
-- Compiling module microblaze_v10_0_6_MB_MUXCY_XORCY_574
-- Compiling module microblaze_v10_0_6_MB_MUXCY_XORCY_576
-- Compiling module microblaze_v10_0_6_MB_MUXCY_XORCY_578
-- Compiling module microblaze_v10_0_6_MB_MUXCY_XORCY_580
-- Compiling module microblaze_v10_0_6_MB_MUXCY_XORCY_582
-- Compiling module microblaze_v10_0_6_MB_MUXCY_XORCY_583
-- Compiling module microblaze_v10_0_6_MB_MUXF7
-- Compiling module microblaze_v10_0_6_MB_MUXF7_123
-- Compiling module microblaze_v10_0_6_MB_MUXF7_125
-- Compiling module microblaze_v10_0_6_MB_MUXF7_127
-- Compiling module microblaze_v10_0_6_MB_MUXF7_129
-- Compiling module microblaze_v10_0_6_MB_MUXF7_131
-- Compiling module microblaze_v10_0_6_MB_MUXF7_133
-- Compiling module microblaze_v10_0_6_MB_MUXF7_135
-- Compiling module microblaze_v10_0_6_MB_MUXF7_137
-- Compiling module microblaze_v10_0_6_MB_MUXF7_139
-- Compiling module microblaze_v10_0_6_MB_MUXF7_141
-- Compiling module microblaze_v10_0_6_MB_MUXF7_143
-- Compiling module microblaze_v10_0_6_MB_MUXF7_145
-- Compiling module microblaze_v10_0_6_MB_MUXF7_147
-- Compiling module microblaze_v10_0_6_MB_MUXF7_149
-- Compiling module microblaze_v10_0_6_MB_MUXF7_151
-- Compiling module microblaze_v10_0_6_MB_MUXF7_153
-- Compiling module microblaze_v10_0_6_MB_MUXF7_155
-- Compiling module microblaze_v10_0_6_MB_MUXF7_157
-- Compiling module microblaze_v10_0_6_MB_MUXF7_159
-- Compiling module microblaze_v10_0_6_MB_MUXF7_161
-- Compiling module microblaze_v10_0_6_MB_MUXF7_163
-- Compiling module microblaze_v10_0_6_MB_MUXF7_165
-- Compiling module microblaze_v10_0_6_MB_MUXF7_167
-- Compiling module microblaze_v10_0_6_MB_MUXF7_169
-- Compiling module microblaze_v10_0_6_MB_MUXF7_171
-- Compiling module microblaze_v10_0_6_MB_MUXF7_173
-- Compiling module microblaze_v10_0_6_MB_MUXF7_175
-- Compiling module microblaze_v10_0_6_MB_MUXF7_177
-- Compiling module microblaze_v10_0_6_MB_MUXF7_179
-- Compiling module microblaze_v10_0_6_MB_MUXF7_181
-- Compiling module microblaze_v10_0_6_MB_MUXF7_183
-- Compiling module microblaze_v10_0_6_MB_MUXF7_185
-- Compiling module microblaze_v10_0_6_MB_MUXF7_187
-- Compiling module microblaze_v10_0_6_MB_MUXF7_189
-- Compiling module microblaze_v10_0_6_MB_MUXF7_191
-- Compiling module microblaze_v10_0_6_MB_MUXF7_193
-- Compiling module microblaze_v10_0_6_MB_MUXF7_195
-- Compiling module microblaze_v10_0_6_MB_MUXF7_197
-- Compiling module microblaze_v10_0_6_MB_MUXF7_199
-- Compiling module microblaze_v10_0_6_MB_MUXF7_201
-- Compiling module microblaze_v10_0_6_MB_MUXF7_203
-- Compiling module microblaze_v10_0_6_MB_MUXF7_205
-- Compiling module microblaze_v10_0_6_MB_MUXF7_207
-- Compiling module microblaze_v10_0_6_MB_MUXF7_210
-- Compiling module microblaze_v10_0_6_MB_MUXF7_212
-- Compiling module microblaze_v10_0_6_MB_MUXF7_214
-- Compiling module microblaze_v10_0_6_MB_MUXF7_216
-- Compiling module microblaze_v10_0_6_MB_MUXF7_218
-- Compiling module microblaze_v10_0_6_MB_MUXF7_220
-- Compiling module microblaze_v10_0_6_MB_MUXF7_222
-- Compiling module microblaze_v10_0_6_MB_MUXF7_224
-- Compiling module microblaze_v10_0_6_MB_MUXF7_226
-- Compiling module microblaze_v10_0_6_MB_MUXF7_228
-- Compiling module microblaze_v10_0_6_MB_MUXF7_230
-- Compiling module microblaze_v10_0_6_MB_MUXF7_232
-- Compiling module microblaze_v10_0_6_MB_MUXF7_234
-- Compiling module microblaze_v10_0_6_MB_MUXF7_236
-- Compiling module microblaze_v10_0_6_MB_MUXF7_238
-- Compiling module microblaze_v10_0_6_MB_MUXF7_240
-- Compiling module microblaze_v10_0_6_MB_MUXF7_242
-- Compiling module microblaze_v10_0_6_MB_MUXF7_244
-- Compiling module microblaze_v10_0_6_MB_MUXF7_246
-- Compiling module microblaze_v10_0_6_MB_MUXF7_248
-- Compiling module microblaze_v10_0_6_MB_MUXF7_250
-- Compiling module microblaze_v10_0_6_MB_MUXF7_252
-- Compiling module microblaze_v10_0_6_MB_MUXF7_254
-- Compiling module microblaze_v10_0_6_MB_MUXF7_256
-- Compiling module microblaze_v10_0_6_MB_MUXF7_258
-- Compiling module microblaze_v10_0_6_MB_MUXF7_260
-- Compiling module microblaze_v10_0_6_MB_MUXF7_262
-- Compiling module microblaze_v10_0_6_MB_MUXF7_264
-- Compiling module microblaze_v10_0_6_MB_MUXF7_266
-- Compiling module microblaze_v10_0_6_MB_MUXF7_268
-- Compiling module microblaze_v10_0_6_MB_MUXF7_270
-- Compiling module microblaze_v10_0_6_MB_MUXF7_272
-- Compiling module microblaze_v10_0_6_MB_MUXF7_427
-- Compiling module microblaze_v10_0_6_MB_MUXF7_428
-- Compiling module microblaze_v10_0_6_MB_MUXF7_429
-- Compiling module microblaze_v10_0_6_MB_MUXF7_430
-- Compiling module microblaze_v10_0_6_MB_MUXF7_431
-- Compiling module microblaze_v10_0_6_MB_MUXF7_432
-- Compiling module microblaze_v10_0_6_MB_MUXF7_433
-- Compiling module microblaze_v10_0_6_MB_MUXF7_434
-- Compiling module microblaze_v10_0_6_MB_MUXF7_435
-- Compiling module microblaze_v10_0_6_MB_MUXF7_436
-- Compiling module microblaze_v10_0_6_MB_MUXF7_437
-- Compiling module microblaze_v10_0_6_MB_MUXF7_438
-- Compiling module microblaze_v10_0_6_MB_MUXF7_439
-- Compiling module microblaze_v10_0_6_MB_MUXF7_440
-- Compiling module microblaze_v10_0_6_MB_MUXF7_441
-- Compiling module microblaze_v10_0_6_MB_MUXF7_442
-- Compiling module microblaze_v10_0_6_MB_MUXF7_443
-- Compiling module microblaze_v10_0_6_MB_MUXF7_444
-- Compiling module microblaze_v10_0_6_MB_MUXF7_445
-- Compiling module microblaze_v10_0_6_MB_MUXF7_446
-- Compiling module microblaze_v10_0_6_MB_MUXF7_447
-- Compiling module microblaze_v10_0_6_MB_MUXF7_448
-- Compiling module microblaze_v10_0_6_MB_MUXF7_449
-- Compiling module microblaze_v10_0_6_MB_MUXF7_450
-- Compiling module microblaze_v10_0_6_MB_MUXF7_451
-- Compiling module microblaze_v10_0_6_MB_MUXF7_452
-- Compiling module microblaze_v10_0_6_MB_MUXF7_453
-- Compiling module microblaze_v10_0_6_MB_MUXF7_454
-- Compiling module microblaze_v10_0_6_MB_MUXF7_455
-- Compiling module microblaze_v10_0_6_MB_MUXF7_456
-- Compiling module microblaze_v10_0_6_MB_MUXF7_457
-- Compiling module microblaze_v10_0_6_MB_MUXF7_458
-- Compiling module microblaze_v10_0_6_MB_SRL16E
-- Compiling module microblaze_v10_0_6_MB_SRL16E__parameterized0
-- Compiling module microblaze_v10_0_6_MB_SRL16E__parameterized0_18
-- Compiling module microblaze_v10_0_6_MB_SRL16E__parameterized0_19
-- Compiling module microblaze_v10_0_6_MB_SRL16E__parameterized0_20
-- Compiling module microblaze_v10_0_6_MB_SRL16E__parameterized0_21
-- Compiling module microblaze_v10_0_6_MB_SRL16E__parameterized0_24
-- Compiling module microblaze_v10_0_6_MB_SRL16E__parameterized0_25
-- Compiling module microblaze_v10_0_6_MB_SRL16E__parameterized1
-- Compiling module microblaze_v10_0_6_MB_SRL16E__parameterized1_22
-- Compiling module microblaze_v10_0_6_MB_SRL16E__parameterized2
-- Compiling module microblaze_v10_0_6_MB_SRL16E__parameterized2_23
-- Compiling module microblaze_v10_0_6_MB_SRL16E__parameterized3
-- Compiling module microblaze_v10_0_6_MB_SRL16E__parameterized4
-- Compiling module microblaze_v10_0_6_carry_and
-- Compiling module microblaze_v10_0_6_carry_and_59
-- Compiling module microblaze_v10_0_6_carry_and_60
-- Compiling module microblaze_v10_0_6_carry_and_61
-- Compiling module microblaze_v10_0_6_carry_and_62
-- Compiling module microblaze_v10_0_6_carry_and_63
-- Compiling module microblaze_v10_0_6_carry_and_64
-- Compiling module microblaze_v10_0_6_carry_and_65
-- Compiling module microblaze_v10_0_6_carry_and_66
-- Compiling module microblaze_v10_0_6_carry_and_67
-- Compiling module microblaze_v10_0_6_carry_and_68
-- Compiling module microblaze_v10_0_6_carry_and_88
-- Compiling module microblaze_v10_0_6_carry_and_89
-- Compiling module microblaze_v10_0_6_carry_and_90
-- Compiling module microblaze_v10_0_6_carry_and_91
-- Compiling module microblaze_v10_0_6_carry_or
-- Compiling module microblaze_v10_0_6_carry_or_92
-- Compiling module msr_reg_gti
-- Compiling module mux_bus
-- Compiling module glbl
-- Compiling module uart_rx
-- Compiling module uart_tx

Top level modules:
	design_uart_wrapper
	glbl
	uart_rx
	uart_tx
End time: 17:52:57 on Apr 24,2024, Elapsed time: 0:00:02
Errors: 0, Warnings: 0
QuestaSim-64 vlog 10.7d_1 Compiler 2019.05 May  8 2019
Start time: 17:52:57 on Apr 24,2024
vlog -incr -sv -L xil_defaultlib -work xil_defaultlib "+incdir+../../../../../dti_uart_top.srcs/sources_1/bd/design_uart/ipshared/4903" "+incdir+../../../../../dti_uart_top.srcs/sources_1/bd/design_uart/ipshared/ec67/hdl" "+incdir+/tools/Xilinx/Vivado/2018.1/data/xilinx_vip/include" ../../../../../dti_uart_top.srcs/sim_1/new/dti_uart_top.sv 
-- Compiling module dti_uart_top

Top level modules:
	dti_uart_top
End time: 17:52:57 on Apr 24,2024, Elapsed time: 0:00:00
Errors: 0, Warnings: 0
