# vsim -c apb_uart_tb -l log/vsm.log -voptargs="+acc" "+notimingchecks" -wlf vsim.wlf -do " add wave -r apb_uart_tb/*; run -all; exit;" 
# Start time: 17:44:31 on Jun 08,2024
# ** Note: (vsim-3812) Design is being optimized...
# ** Warning: (vopt-10587) Some optimizations are turned off because the +acc switch is in effect. This will cause your simulation to run slowly. Please use -access/-debug to maintain needed visibility.
# ** Note: (vopt-143) Recognized 1 FSM in module "transmitter(fast)".
# ** Note: (vopt-143) Recognized 1 FSM in module "receiver(fast)".
# ** Note: (vsim-12126) Error and warning message counts have been restored: Errors=0, Warnings=1.
# //  Questa Sim-64
# //  Version 2023.4 linux_x86_64 Oct  9 2023
# //
# //  Copyright 1991-2023 Mentor Graphics Corporation
# //  All Rights Reserved.
# //
# //  QuestaSim and its associated documentation contain trade
# //  secrets and commercial or financial information that are the property of
# //  Mentor Graphics Corporation and are privileged, confidential,
# //  and exempt from disclosure under the Freedom of Information Act,
# //  5 U.S.C. Section 552. Furthermore, this information
# //  is prohibited from disclosure under the Trade Secrets Act,
# //  18 U.S.C. Section 1905.
# //
# Loading sv_std.std
# Loading work.apb_uart_tb(fast)
# Loading work.apb_uart(fast)
# Loading work.baudrate_gen(fast)
# Loading work.transmitter(fast)
# Loading work.receiver(fast)
# Loading work.apb_interface(fast)
# Loading work.dti_fifo_async_sf(fast)
# Loading work.dti_fifo_async_ctrl(fast)
# Loading work.dti_gray_to_bin(fast)
# Loading work.dti_fifo_async_addr_ptr_gen(fast)
# Loading work.dti_bin_to_gray(fast)
# Loading work.dti_cdc_data_sync_gf(fast)
# Loading work.dti_cdc_data_sync_gf(fast__1)
# Loading work.dti_fifo_async_ctrl(fast__1)
# Loading work.dti_fifo_async_2port_mem_wrap(fast)
#  add wave -r apb_uart_tb/*
#  run -all
# ** Note: $finish    : tb/apb_uart_tb.sv(118)
#    Time: 100140 ns  Iteration: 0  Instance: /apb_uart_tb
# End time: 17:44:32 on Jun 08,2024, Elapsed time: 0:00:01
# Errors: 0, Warnings: 1
