# vsim -c apb_timer_tb -l log/vsm.log -voptargs="+acc" "+notimingchecks" -wlf vsim.wlf -do " add wave -r apb_timer_tb/*; run -all; exit;" 
# Start time: 23:25:10 on May 27,2024
# ** Note: (vsim-3812) Design is being optimized...
# ** Warning: (vopt-10587) Some optimizations are turned off because the +acc switch is in effect. This will cause your simulation to run slowly. Please use -access/-debug to maintain needed visibility.
# ** Note: (vsim-12126) Error and warning message counts have been restored: Errors=0, Warnings=1.
# //  Questa Sim-64
# //  Version 2023.4 linux_x86_64 Oct  9 2023
# //
# //  Copyright 1991-2023 Mentor Graphics Corporation
# //  All Rights Reserved.
# //
# //  QuestaSim and its associated documentation contain trade
# //  secrets and commercial or financial information that are the property of
# //  Mentor Graphics Corporation and are privileged, confidential,
# //  and exempt from disclosure under the Freedom of Information Act,
# //  5 U.S.C. Section 552. Furthermore, this information
# //  is prohibited from disclosure under the Trade Secrets Act,
# //  18 U.S.C. Section 1905.
# //
# Loading sv_std.std
# Loading work.apb_timer_tb(fast)
# Loading work.apb_timer(fast)
#  add wave -r apb_timer_tb/*
#  run -all
# ** Note: $finish    : tb/apb_timer_tb.sv(104)
#    Time: 2190 ns  Iteration: 0  Instance: /apb_timer_tb
# End time: 23:25:11 on May 27,2024, Elapsed time: 0:00:01
# Errors: 0, Warnings: 1
