#-----------------------------------------------------------
# Webtalk v2018.1 (64-bit)
# SW Build 2188600 on Wed Apr  4 18:39:19 MDT 2018
# 
# Start of session at: Wed Apr 24 08:37:11 2024
# Process ID: 103350
# Current directory: /new_data6/workspace/hautx0/Intern_SIP_08_04_2024/sip_2024_apr/dti_uart/fpga/dti_uart_top/dti_uart_top/dti_uart_top.sdk/webtalk
# Command line: wbtcv -mode batch -source sdk_webtalk.tcl
# Log file: /new_data6/workspace/hautx0/Intern_SIP_08_04_2024/sip_2024_apr/dti_uart/fpga/dti_uart_top/dti_uart_top/dti_uart_top.sdk/webtalk/webtalk.log
# Journal file: /new_data6/workspace/hautx0/Intern_SIP_08_04_2024/sip_2024_apr/dti_uart/fpga/dti_uart_top/dti_uart_top/dti_uart_top.sdk/webtalk/webtalk.jou
#-----------------------------------------------------------
source sdk_webtalk.tcl
# webtalk_init -webtalk_dir /new_data6/workspace/hautx0/Intern_SIP_08_04_2024/sip_2024_apr/dti_uart/fpga/dti_uart_top/dti_uart_top/dti_uart_top.sdk/webtalk
# webtalk_register_client -client project
# webtalk_add_data -client project -key date_generated -value "2024-04-24 08:37:09" -context "software_version_and_target_device"
# webtalk_add_data -client project -key product_version -value "SDK v2018.1" -context "software_version_and_target_device"
# webtalk_add_data -client project -key build_version -value "2018.1" -context "software_version_and_target_device"
# webtalk_add_data -client project -key os_platform -value "amd64" -context "software_version_and_target_device"
# webtalk_add_data -client project -key registration_id -value "" -context "software_version_and_target_device"
# webtalk_add_data -client project -key tool_flow -value "SDK" -context "software_version_and_target_device"
# webtalk_add_data -client project -key beta -value "false" -context "software_version_and_target_device"
# webtalk_add_data -client project -key route_design -value "NA" -context "software_version_and_target_device"
# webtalk_add_data -client project -key target_family -value "NA" -context "software_version_and_target_device"
# webtalk_add_data -client project -key target_device -value "NA" -context "software_version_and_target_device"
# webtalk_add_data -client project -key target_package -value "NA" -context "software_version_and_target_device"
# webtalk_add_data -client project -key target_speed -value "NA" -context "software_version_and_target_device"
# webtalk_add_data -client project -key random_id -value "oehi59l6do9kbjvgeip7kjnn01" -context "software_version_and_target_device"
# webtalk_add_data -client project -key project_id -value "2018.1_2" -context "software_version_and_target_device"
# webtalk_add_data -client project -key project_iteration -value "2" -context "software_version_and_target_device"
# webtalk_add_data -client project -key os_name -value "CentOS" -context "user_environment"
# webtalk_add_data -client project -key os_release -value "CentOS Linux release 7.9.2009 (Core)" -context "user_environment"
# webtalk_add_data -client project -key cpu_name -value "Intel(R) Xeon(R) Gold 6148 CPU @ 2.40GHz" -context "user_environment"
# webtalk_add_data -client project -key cpu_speed -value "2400.000 MHz" -context "user_environment"
# webtalk_add_data -client project -key total_processors -value "2" -context "user_environment"
# webtalk_add_data -client project -key system_ram -value "269.869 GB" -context "user_environment"
# webtalk_register_client -client sdk
# webtalk_add_data -client sdk -key uid -value "1713848585000" -context "sdk\\\\bsp/1713848585000"
# webtalk_add_data -client sdk -key hwid -value "1713842761000" -context "sdk\\\\bsp/1713848585000"
# webtalk_add_data -client sdk -key os -value "standalone" -context "sdk\\\\bsp/1713848585000"
# webtalk_add_data -client sdk -key apptemplate -value "hello_world" -context "sdk\\\\bsp/1713848585000"
# webtalk_add_data -client sdk -key RecordType -value "BSPCreation" -context "sdk\\\\bsp/1713848585000"
# webtalk_add_data -client sdk -key uid -value "1713848588000" -context "sdk\\\\application/1713848588000"
# webtalk_add_data -client sdk -key hwid -value "1713842761000" -context "sdk\\\\application/1713848588000"
# webtalk_add_data -client sdk -key bspid -value "1713848585000" -context "sdk\\\\application/1713848588000"
# webtalk_add_data -client sdk -key newbsp -value "true" -context "sdk\\\\application/1713848588000"
# webtalk_add_data -client sdk -key os -value "standalone" -context "sdk\\\\application/1713848588000"
# webtalk_add_data -client sdk -key apptemplate -value "hello_world" -context "sdk\\\\application/1713848588000"
# webtalk_add_data -client sdk -key RecordType -value "APPCreation" -context "sdk\\\\application/1713848588000"
# webtalk_add_data -client sdk -key LangUsed -value "C" -context "sdk\\\\application/1713848588000"
# webtalk_add_data -client sdk -key Procused -value "microblaze" -context "sdk\\\\application/1713848588000"
# webtalk_add_data -client sdk -key projSize -value "108.48828125" -context "sdk\\\\application/1713848588000"
# webtalk_add_data -client sdk -key uid -value "NA" -context "sdk\\\\bsp/1713922629271"
# webtalk_add_data -client sdk -key RecordType -value "ToolUsage" -context "sdk\\\\bsp/1713922629271"
# webtalk_add_data -client sdk -key BootgenCount -value "0" -context "sdk\\\\bsp/1713922629271"
# webtalk_add_data -client sdk -key DebugCount -value "0" -context "sdk\\\\bsp/1713922629271"
# webtalk_add_data -client sdk -key PerfCount -value "0" -context "sdk\\\\bsp/1713922629271"
# webtalk_add_data -client sdk -key FlashCount -value "0" -context "sdk\\\\bsp/1713922629271"
# webtalk_add_data -client sdk -key CrossTriggCount -value "0" -context "sdk\\\\bsp/1713922629271"
# webtalk_add_data -client sdk -key QemuDebugCount -value "0" -context "sdk\\\\bsp/1713922629271"
# webtalk_transmit -clientid 1458365296 -regid "" -xml /new_data6/workspace/hautx0/Intern_SIP_08_04_2024/sip_2024_apr/dti_uart/fpga/dti_uart_top/dti_uart_top/dti_uart_top.sdk/webtalk/usage_statistics_ext_sdk.xml -html /new_data6/workspace/hautx0/Intern_SIP_08_04_2024/sip_2024_apr/dti_uart/fpga/dti_uart_top/dti_uart_top/dti_uart_top.sdk/webtalk/usage_statistics_ext_sdk.html -wdm /new_data6/workspace/hautx0/Intern_SIP_08_04_2024/sip_2024_apr/dti_uart/fpga/dti_uart_top/dti_uart_top/dti_uart_top.sdk/webtalk/sdk_webtalk.wdm -intro "<H3>SDK Usage Report</H3><BR>"
# webtalk_terminate
INFO: [Common 17-206] Exiting Webtalk at Wed Apr 24 08:37:11 2024...
