#-----------------------------------------------------------
# Webtalk v2018.1 (64-bit)
# SW Build 2188600 on Wed Apr  4 18:39:19 MDT 2018
# 
# Start of session at: Tue Apr 23 10:40:14 2024
# Process ID: 163798
# Current directory: /new_data6/workspace/hautx0/Intern_SIP_08_04_2024/sip_2024_apr/dti_uart/fpga/dti_uart_top/dti_uart_top/dti_uart_top.sdk/webtalk
# Command line: wbtcv -mode batch -source sdk_webtalk.tcl
# Log file: /new_data6/workspace/hautx0/Intern_SIP_08_04_2024/sip_2024_apr/dti_uart/fpga/dti_uart_top/dti_uart_top/dti_uart_top.sdk/webtalk/webtalk.log
# Journal file: /new_data6/workspace/hautx0/Intern_SIP_08_04_2024/sip_2024_apr/dti_uart/fpga/dti_uart_top/dti_uart_top/dti_uart_top.sdk/webtalk/webtalk.jou
#-----------------------------------------------------------
source sdk_webtalk.tcl
# webtalk_init -webtalk_dir /new_data6/workspace/hautx0/Intern_SIP_08_04_2024/sip_2024_apr/dti_uart/fpga/dti_uart_top/dti_uart_top/dti_uart_top.sdk/webtalk
# webtalk_register_client -client project
# webtalk_add_data -client project -key date_generated -value "2024-04-23 10:40:13" -context "software_version_and_target_device"
# webtalk_add_data -client project -key product_version -value "SDK v2018.1" -context "software_version_and_target_device"
# webtalk_add_data -client project -key build_version -value "2018.1" -context "software_version_and_target_device"
# webtalk_add_data -client project -key os_platform -value "amd64" -context "software_version_and_target_device"
# webtalk_add_data -client project -key registration_id -value "" -context "software_version_and_target_device"
# webtalk_add_data -client project -key tool_flow -value "SDK" -context "software_version_and_target_device"
# webtalk_add_data -client project -key beta -value "false" -context "software_version_and_target_device"
# webtalk_add_data -client project -key route_design -value "NA" -context "software_version_and_target_device"
# webtalk_add_data -client project -key target_family -value "NA" -context "software_version_and_target_device"
# webtalk_add_data -client project -key target_device -value "NA" -context "software_version_and_target_device"
# webtalk_add_data -client project -key target_package -value "NA" -context "software_version_and_target_device"
# webtalk_add_data -client project -key target_speed -value "NA" -context "software_version_and_target_device"
# webtalk_add_data -client project -key random_id -value "5jbsv0rus8a5end9qch9o8i9nr" -context "software_version_and_target_device"
# webtalk_add_data -client project -key project_id -value "2018.1_1" -context "software_version_and_target_device"
# webtalk_add_data -client project -key project_iteration -value "1" -context "software_version_and_target_device"
# webtalk_add_data -client project -key os_name -value "CentOS" -context "user_environment"
# webtalk_add_data -client project -key os_release -value "CentOS Linux release 7.9.2009 (Core)" -context "user_environment"
# webtalk_add_data -client project -key cpu_name -value "Intel(R) Xeon(R) Gold 6148 CPU @ 2.40GHz" -context "user_environment"
# webtalk_add_data -client project -key cpu_speed -value "2400.000 MHz" -context "user_environment"
# webtalk_add_data -client project -key total_processors -value "2" -context "user_environment"
# webtalk_add_data -client project -key system_ram -value "269.869 GB" -context "user_environment"
# webtalk_register_client -client sdk
# webtalk_add_data -client sdk -key uid -value "1713842761000" -context "sdk\\\\hardware/1713842761000"
# webtalk_add_data -client sdk -key isZynq -value "false" -context "sdk\\\\hardware/1713842761000"
# webtalk_add_data -client sdk -key isZynqMP -value "false" -context "sdk\\\\hardware/1713842761000"
# webtalk_add_data -client sdk -key Processors -value "1" -context "sdk\\\\hardware/1713842761000"
# webtalk_add_data -client sdk -key VivadoVersion -value "2018.1" -context "sdk\\\\hardware/1713842761000"
# webtalk_add_data -client sdk -key Arch -value "artix7" -context "sdk\\\\hardware/1713842761000"
# webtalk_add_data -client sdk -key Device -value "7a100t" -context "sdk\\\\hardware/1713842761000"
# webtalk_add_data -client sdk -key IsHandoff -value "true" -context "sdk\\\\hardware/1713842761000"
# webtalk_add_data -client sdk -key os -value "NA" -context "sdk\\\\hardware/1713842761000"
# webtalk_add_data -client sdk -key apptemplate -value "NA" -context "sdk\\\\hardware/1713842761000"
# webtalk_add_data -client sdk -key RecordType -value "HWCreation" -context "sdk\\\\hardware/1713842761000"
# webtalk_add_data -client sdk -key uid -value "NA" -context "sdk\\\\bsp/1713843613171"
# webtalk_add_data -client sdk -key RecordType -value "ToolUsage" -context "sdk\\\\bsp/1713843613171"
# webtalk_add_data -client sdk -key BootgenCount -value "0" -context "sdk\\\\bsp/1713843613171"
# webtalk_add_data -client sdk -key DebugCount -value "0" -context "sdk\\\\bsp/1713843613171"
# webtalk_add_data -client sdk -key PerfCount -value "0" -context "sdk\\\\bsp/1713843613171"
# webtalk_add_data -client sdk -key FlashCount -value "0" -context "sdk\\\\bsp/1713843613171"
# webtalk_add_data -client sdk -key CrossTriggCount -value "0" -context "sdk\\\\bsp/1713843613171"
# webtalk_add_data -client sdk -key QemuDebugCount -value "0" -context "sdk\\\\bsp/1713843613171"
# webtalk_transmit -clientid 639771460 -regid "" -xml /new_data6/workspace/hautx0/Intern_SIP_08_04_2024/sip_2024_apr/dti_uart/fpga/dti_uart_top/dti_uart_top/dti_uart_top.sdk/webtalk/usage_statistics_ext_sdk.xml -html /new_data6/workspace/hautx0/Intern_SIP_08_04_2024/sip_2024_apr/dti_uart/fpga/dti_uart_top/dti_uart_top/dti_uart_top.sdk/webtalk/usage_statistics_ext_sdk.html -wdm /new_data6/workspace/hautx0/Intern_SIP_08_04_2024/sip_2024_apr/dti_uart/fpga/dti_uart_top/dti_uart_top/dti_uart_top.sdk/webtalk/sdk_webtalk.wdm -intro "<H3>SDK Usage Report</H3><BR>"
# webtalk_terminate
INFO: [Common 17-206] Exiting Webtalk at Tue Apr 23 10:40:15 2024...
