12:11:01 **** Build of project riscv_app_bsp ****
make -k all 
make: Warning: File `Makefile' has modification time 122 s in the future
Running Make include in microblaze_0/libsrc/cpu_v2_6/src
make -C microblaze_0/libsrc/cpu_v2_6/src -s include  "SHELL=/bin/sh" "COMPILER=mb-gcc" "ARCHIVER=mb-ar" "COMPILER_FLAGS= -O2 -c -mcpu=v10.0 -mlittle-endian -mxl-soft-mul" "EXTRA_COMPILER_FLAGS=-ffunction-sections -fdata-sections -Wall -Wextra"
make[1]: Warning: File `Makefile' has modification time 121 s in the future
make[1]: warning:  Clock skew detected.  Your build may be incomplete.
Running Make include in microblaze_0/libsrc/bram_v4_2/src
make -C microblaze_0/libsrc/bram_v4_2/src -s include  "SHELL=/bin/sh" "COMPILER=mb-gcc" "ARCHIVER=mb-ar" "COMPILER_FLAGS= -O2 -c -mcpu=v10.0 -mlittle-endian -mxl-soft-mul" "EXTRA_COMPILER_FLAGS=-ffunction-sections -fdata-sections -Wall -Wextra"
make[1]: Warning: File `Makefile' has modification time 122 s in the future
make[1]: warning:  Clock skew detected.  Your build may be incomplete.
Running Make include in microblaze_0/libsrc/standalone_v6_6/src
make -C microblaze_0/libsrc/standalone_v6_6/src -s include  "SHELL=/bin/sh" "COMPILER=mb-gcc" "ARCHIVER=mb-ar" "COMPILER_FLAGS= -O2 -c -mcpu=v10.0 -mlittle-endian -mxl-soft-mul" "EXTRA_COMPILER_FLAGS=-ffunction-sections -fdata-sections -Wall -Wextra"
make[1]: Warning: File `config.make' has modification time 122 s in the future
make[2]: Warning: File `../config.make' has modification time 122 s in the future
make[2]: warning:  Clock skew detected.  Your build may be incomplete.
make[1]: warning:  Clock skew detected.  Your build may be incomplete.
Running Make libs in microblaze_0/libsrc/cpu_v2_6/src
make -C microblaze_0/libsrc/cpu_v2_6/src -s libs  "SHELL=/bin/sh" "COMPILER=mb-gcc" "ARCHIVER=mb-ar" "COMPILER_FLAGS= -O2 -c -mcpu=v10.0 -mlittle-endian -mxl-soft-mul" "EXTRA_COMPILER_FLAGS=-ffunction-sections -fdata-sections -Wall -Wextra"
make[1]: Warning: File `Makefile' has modification time 121 s in the future
Compiling cpu
mb-ar: creating ../../../lib/libxil.a
make[2]: Warning: File `Makefile' has modification time 121 s in the future
make[2]: warning:  Clock skew detected.  Your build may be incomplete.
make[1]: warning:  Clock skew detected.  Your build may be incomplete.
Running Make libs in microblaze_0/libsrc/bram_v4_2/src
make -C microblaze_0/libsrc/bram_v4_2/src -s libs  "SHELL=/bin/sh" "COMPILER=mb-gcc" "ARCHIVER=mb-ar" "COMPILER_FLAGS= -O2 -c -mcpu=v10.0 -mlittle-endian -mxl-soft-mul" "EXTRA_COMPILER_FLAGS=-ffunction-sections -fdata-sections -Wall -Wextra"
make[1]: Warning: File `Makefile' has modification time 121 s in the future
Compiling bram
make[2]: Warning: File `Makefile' has modification time 121 s in the future
make[2]: warning:  Clock skew detected.  Your build may be incomplete.
make[1]: warning:  Clock skew detected.  Your build may be incomplete.
Running Make libs in microblaze_0/libsrc/standalone_v6_6/src
make -C microblaze_0/libsrc/standalone_v6_6/src -s libs  "SHELL=/bin/sh" "COMPILER=mb-gcc" "ARCHIVER=mb-ar" "COMPILER_FLAGS= -O2 -c -mcpu=v10.0 -mlittle-endian -mxl-soft-mul" "EXTRA_COMPILER_FLAGS=-ffunction-sections -fdata-sections -Wall -Wextra"
make[1]: Warning: File `config.make' has modification time 121 s in the future
Compiling standalone
inbyte.c: In function 'inbyte':
inbyte.c:11:1: warning: control reaches end of non-void function [-Wreturn-type]
 }
 ^
microblaze_sleep.c:74:9: note: #pragma message: For the sleep routines, assembly instructions are used
 #pragma message ("For the sleep routines, assembly instructions are used")
         ^~~~~~~
outbyte.c: In function 'outbyte':
outbyte.c:11:19: warning: unused parameter 'c' [-Wunused-parameter]
 void outbyte(char c) {
                   ^
make[1]: warning:  Clock skew detected.  Your build may be incomplete.
Finished building libraries
make: warning:  Clock skew detected.  Your build may be incomplete.

12:11:04 Build Finished (took 2s.499ms)

