QuestaSim-64 vopt 2023.4 Compiler 2023.10 Oct  9 2023
** Warning: (vopt-10587) Some optimizations are turned off because the +acc switch is in effect. This will cause your simulation to run slowly. Please use -access/-debug to maintain needed visibility.
Start time: 23:04:44 on Dec 19,2024
vopt "+acc=npr" -L xil_defaultlib -L lib_pkg_v1_0_2 -L axi_apb_bridge_v3_0_14 -L microblaze_v10_0_6 -L axi_lite_ipif_v3_0_4 -L mdm_v3_2_13 -L lib_cdc_v1_0_2 -L proc_sys_reset_v5_0_12 -L xlconstant_v1_1_4 -L lmb_v10_v3_0_9 -L lmb_bram_if_cntlr_v4_0_14 -L blk_mem_gen_v8_4_1 -L unisims_ver -L unimacro_ver -L secureip -L xpm -work xil_defaultlib xil_defaultlib.dti_riscv_top xil_defaultlib.glbl -o dti_riscv_top_opt 

Top level modules:
	dti_riscv_top
	glbl

Analyzing design...
-- Loading module dti_riscv_top
-- Loading module glbl
-- Loading module design_1_wrapper
-- Loading module design_1
-- Loading package STANDARD
-- Loading package TEXTIO
-- Loading package std_logic_1164
-- Loading package NUMERIC_STD
-- Loading package std_logic_arith
-- Loading package STD_LOGIC_UNSIGNED
-- Loading entity axi_apb_bridge
-- Loading entity design_1_axi_apb_bridge_0_0
-- Loading architecture design_1_axi_apb_bridge_0_0_arch of design_1_axi_apb_bridge_0_0
-- Loading module design_1_clk_wiz_0_0
-- Loading module design_1_clk_wiz_0_0_clk_wiz
-- Loading module unisims_ver.IBUF
-- Loading module unisims_ver.MMCME2_ADV
-- Loading module unisims_ver.BUFG
-- Loading module design_1_dti_riscv_0_0
-- Loading module dti_riscv
-- Loading module design_1_dti_uart_0_1
-- Loading module dti_uart
-- Loading package ATTRIBUTES
-- Loading package std_logic_misc
-- Loading package ipif_pkg
-- Loading entity axi_lite_ipif
-- Loading entity MDM
-- Loading entity design_1_mdm_0_0
-- Loading architecture design_1_mdm_0_0_arch of design_1_mdm_0_0
-- Loading entity design_1_microblaze_0_0
-- Loading architecture design_1_microblaze_0_0_arch of design_1_microblaze_0_0
-- Loading module microblaze_0_local_memory_imp_1K0VQXK
-- Loading entity lmb_bram_if_cntlr
-- Loading entity design_1_dlmb_bram_if_cntlr_0
-- Loading architecture design_1_dlmb_bram_if_cntlr_0_arch of design_1_dlmb_bram_if_cntlr_0
-- Loading entity lmb_v10
-- Loading entity design_1_dlmb_v10_0
-- Loading architecture design_1_dlmb_v10_0_arch of design_1_dlmb_v10_0
-- Loading entity design_1_ilmb_bram_if_cntlr_0
-- Loading architecture design_1_ilmb_bram_if_cntlr_0_arch of design_1_ilmb_bram_if_cntlr_0
-- Loading entity design_1_ilmb_v10_0
-- Loading architecture design_1_ilmb_v10_0_arch of design_1_ilmb_v10_0
-- Loading module design_1_lmb_bram_0
-- Loading module blk_mem_gen_v8_4_1.blk_mem_gen_v8_4_1
-- Loading entity proc_sys_reset
-- Loading entity design_1_rst_clk_wiz_0_100M_0
-- Loading architecture design_1_rst_clk_wiz_0_100M_0_arch of design_1_rst_clk_wiz_0_100M_0
-- Loading module design_1_xlconstant_0_0
-- Loading module xlconstant_v1_1_4.xlconstant_v1_1_4_xlconstant
-- Loading module design_1_xlconstant_1_0
-- Loading module uart_rx
-- Loading architecture RTL of axi_apb_bridge
-- Loading entity pselect_f
-- Loading entity psel_decoder
-- Loading entity multiplexor
-- Loading package lib_pkg
-- Loading entity counter_f
-- Loading entity axilite_sif
-- Loading entity apb_mif
-- Loading package body lib_pkg
-- Loading architecture RTL of psel_decoder
-- Loading architecture RTL of multiplexor
-- Loading architecture RTL of axilite_sif
-- Loading architecture RTL of apb_mif
-- Loading package body ipif_pkg
-- Loading package mdm_funcs
-- Loading architecture IMP of MDM
-- Loading entity MB_BSCANE2
-- Loading entity MB_BUFGCTRL
-- Loading entity MB_BUFG
-- Loading entity MDM_Core
-- Loading entity bus_master
-- Loading package body mdm_funcs
-- Loading architecture IMP of MDM_CORE
-- Loading entity MB_FDRE
-- Loading entity SRL_FIFO
-- Loading entity Arbiter
-- Loading entity MB_PLLE2_BASE
-- Loading entity JTAG_CONTROL
-- Loading architecture IMP of JTAG_CONTROL
-- Loading entity MB_FDC_1
-- Loading entity MB_FDRE_1
-- Loading entity MB_SRL16E
-- Loading entity MB_FDRSE
-- Loading package lmb_bram_if_funcs
-- Loading architecture imp of lmb_bram_if_cntlr
-- Loading entity lmb_mux
-- Loading entity checkbit_handler
-- Loading entity Correct_One_Bit
-- Loading entity axi_interface
-- Loading package body lmb_bram_if_funcs
-- Loading architecture imp of lmb_mux
-- Loading entity pselect_mask
-- Loading architecture IMP of lmb_v10
-- Loading package VITAL_Timing
-- Loading package VITAL_Primitives
-- Loading package VPKG
-- Loading entity FDS
-- Loading architecture FDS_V of FDS
-- Loading entity FDSE
-- Loading package body VPKG
-- Loading architecture FDSE_V of FDSE
-- Loading module blk_mem_gen_v8_4_1.blk_mem_gen_v8_4_1_mem_module
-- Loading module blk_mem_gen_v8_4_1.blk_mem_gen_v8_4_1_output_stage
-- Loading module blk_mem_gen_v8_4_1.blk_mem_gen_v8_4_1_softecc_output_reg_stage
-- Loading architecture imp of proc_sys_reset
-- Loading entity FDRE
-- Loading entity lpf
-- Loading entity sequence_psr
-- Loading architecture FDRE_V of FDRE
-- Loading architecture imp of lpf
-- Loading entity SRL16
-- Loading entity cdc_sync
-- Loading architecture SRL16_V of SRL16
-- Loading entity SRL16E
-- Loading architecture SRL16E_V of SRL16E
-- Loading architecture imp of sequence_psr
-- Loading entity upcnt_n
-- Loading architecture imp of upcnt_n
-- Loading architecture IMP of MB_BSCANE2
-- Loading entity BSCANE2
-- Loading architecture IMP of MB_BUFG
-- Loading entity BUFG
-- Loading architecture IMP of MB_FDC_1
-- Loading entity FDC_1
-- Loading architecture IMP of MB_FDRE_1
-- Loading entity FDRE_1
-- Loading architecture IMP of MB_SRL16E
-- Loading architecture imp of pselect_mask
-- Loading architecture implementation of cdc_sync
-- Loading architecture BSCANE2_V of BSCANE2
-- Loading architecture BUFG_V of BUFG
-- Loading architecture FDC_1_V of FDC_1
-- Loading entity FDCE
-- Loading architecture FDCE_V of FDCE
-- Loading architecture FDRE_1_V of FDRE_1
-- Loading architecture LUT6_V of LUT6
-- Loading architecture FDR_V of FDR
-- Loading architecture MUXCY_L_V of MUXCY_L
-- Loading entity MUXCY
-- Loading architecture MUXCY_V of MUXCY
-- Loading architecture MUXF7_V of MUXF7
-- Loading architecture LUT6_2_V of LUT6_2
-- Loading architecture XORCY_V of XORCY
-- Loading architecture FDE_V of FDE
-- Loading architecture RAM32M_V of RAM32M
-- Loading architecture AND2B1L_V of AND2B1L
-- Loading architecture LUT4_V of LUT4
-- Loading architecture MULT_AND_V of MULT_AND
-- Loading entity LUT2
-- Loading architecture LUT2_V of LUT2
-- Loading architecture SRLC16E_V of SRLC16E
Optimizing 194 design-units (inlining 0/23 module instances, 0/5 cell instances, 0/1873 architecture instances):
-- Optimizing module unisims_ver.MMCME2_ADV(fast)
-- Optimizing module dti_riscv(fast)
-- Optimizing module blk_mem_gen_v8_4_1.blk_mem_gen_v8_4_1_mem_module(fast)
-- Optimizing module blk_mem_gen_v8_4_1.blk_mem_gen_v8_4_1(fast)
-- Optimizing module dti_uart(fast)
-- Optimizing module microblaze_0_local_memory_imp_1K0VQXK(fast)
** Warning: ../../../../dti_riscv_top.ip_user_files/bd/design_1/sim/design_1.v(494): (vopt-2685) [TFMPC] - Too few port connections for 'lmb_bram'.  Expected 16, found 14.
** Warning: ../../../../dti_riscv_top.ip_user_files/bd/design_1/sim/design_1.v(494): (vopt-2718) [TFMPC] - Missing connection for port 'rstb_busy'.
** Warning: ../../../../dti_riscv_top.ip_user_files/bd/design_1/sim/design_1.v(494): (vopt-2718) [TFMPC] - Missing connection for port 'rsta_busy'.
-- Optimizing module blk_mem_gen_v8_4_1.blk_mem_gen_v8_4_1_output_stage(fast)
-- Optimizing module design_1(fast)
** Warning: ../../../../dti_riscv_top.ip_user_files/bd/design_1/sim/design_1.v(145): (vopt-2685) [TFMPC] - Too few port connections for 'dti_riscv_0'.  Expected 15, found 14.
** Warning: ../../../../dti_riscv_top.ip_user_files/bd/design_1/sim/design_1.v(145): (vopt-2718) [TFMPC] - Missing connection for port 'test_context_out'.
** Warning: ../../../../dti_riscv_top.ip_user_files/bd/design_1/sim/design_1.v(160): (vopt-2685) [TFMPC] - Too few port connections for 'dti_uart_0'.  Expected 18, found 17.
** Warning: ../../../../dti_riscv_top.ip_user_files/bd/design_1/sim/design_1.v(160): (vopt-2718) [TFMPC] - Missing connection for port 'rts_n'.
-- Optimizing module uart_rx(fast)
-- Optimizing module design_1_lmb_bram_0(fast)
-- Optimizing module blk_mem_gen_v8_4_1.blk_mem_gen_v8_4_1_softecc_output_reg_stage(fast)
-- Optimizing module design_1_clk_wiz_0_0_clk_wiz(fast)
-- Optimizing module glbl(fast)
-- Optimizing module dti_riscv_top(fast)
-- Optimizing module unisims_ver.IBUF(fast)
-- Optimizing module design_1_dti_uart_0_1(fast)
-- Optimizing module design_1_dti_riscv_0_0(fast)
-- Optimizing module design_1_wrapper(fast)
-- Optimizing module design_1_clk_wiz_0_0(fast)
-- Optimizing module unisims_ver.BUFG(fast)
-- Optimizing module unisims_ver.BUFG(fast__1)
-- Optimizing module xlconstant_v1_1_4.xlconstant_v1_1_4_xlconstant(fast)
-- Optimizing module xlconstant_v1_1_4.xlconstant_v1_1_4_xlconstant(fast__1)
-- Optimizing module design_1_xlconstant_0_0(fast)
-- Optimizing module design_1_xlconstant_1_0(fast)
-- Optimizing architecture design_1_mdm_0_0_arch of design_1_mdm_0_0
-- Optimizing architecture IMP of MDM_CORE
-- Optimizing architecture IMP of MDM
-- Optimizing architecture BSCANE2_V of BSCANE2
-- Optimizing architecture IMP of MB_SRL16E
-- Optimizing architecture IMP of MB_SRL16E
-- Optimizing architecture IMP of MB_SRL16E
-- Optimizing architecture IMP of MB_SRL16E
-- Optimizing architecture SRLC16E_V of SRLC16E
-- Optimizing architecture LUT2_V of LUT2
-- Optimizing architecture imp of pselect_mask
-- Optimizing architecture imp of pselect_mask
-- Optimizing architecture SRL16E_V of SRL16E
-- Optimizing architecture SRL16E_V of SRL16E
-- Optimizing architecture SRL16E_V of SRL16E
-- Optimizing architecture SRL16E_V of SRL16E
-- Optimizing architecture SRL16E_V of SRL16E
-- Optimizing architecture SRL16E_V of SRL16E
-- Optimizing architecture SRL16E_V of SRL16E
-- Optimizing architecture SRL16E_V of SRL16E
-- Optimizing architecture SRL16E_V of SRL16E
-- Optimizing architecture SRL16E_V of SRL16E
-- Optimizing architecture SRL16E_V of SRL16E
-- Optimizing package mdm_funcs
-- Optimizing package body mdm_funcs
-- Optimizing architecture FDCE_V of FDCE
-- Optimizing architecture FDRE_V of FDRE
-- Optimizing architecture FDSE_V of FDSE
-- Optimizing architecture FDRE_V of FDRE
-- Optimizing architecture IMP of MB_BSCANE2
-- Optimizing architecture IMP of MB_FDRE_1
-- Optimizing architecture imp of upcnt_n
-- Optimizing architecture IMP of MB_FDC_1
-- Optimizing architecture SRL16_V of SRL16
-- Optimizing architecture FDRE_1_V of FDRE_1
-- Optimizing architecture FDC_1_V of FDC_1
-- Optimizing architecture FDE_V of FDE
-- Optimizing architecture FDR_V of FDR
-- Optimizing architecture FDS_V of FDS
-- Optimizing architecture AND2B1L_V of AND2B1L
-- Optimizing architecture IMP of MB_BUFG
-- Optimizing architecture MUXCY_L_V of MUXCY_L
-- Optimizing architecture MULT_AND_V of MULT_AND
-- Optimizing architecture MUXCY_V of MUXCY
-- Optimizing architecture MUXF7_V of MUXF7
-- Optimizing architecture XORCY_V of XORCY
-- Optimizing architecture BUFG_V of BUFG
-- Optimizing package VPKG
-- Optimizing package body VPKG
-- Optimizing architecture IMP of JTAG_CONTROL
-- Optimizing architecture RTL of psel_decoder
-- Optimizing architecture design_1_microblaze_0_0_arch of design_1_microblaze_0_0
-- Optimizing architecture RTL of multiplexor
-- Optimizing architecture imp of lmb_bram_if_cntlr
-- Optimizing architecture imp of lmb_bram_if_cntlr
-- Optimizing architecture imp of lmb_mux
-- Optimizing architecture imp of lmb_mux
-- Optimizing architecture implementation of cdc_sync
-- Optimizing package ipif_pkg
-- Optimizing package body ipif_pkg
-- Optimizing architecture RTL of axi_apb_bridge
-- Optimizing architecture design_1_axi_apb_bridge_0_0_arch of design_1_axi_apb_bridge_0_0
-- Optimizing architecture design_1_dlmb_bram_if_cntlr_0_arch of design_1_dlmb_bram_if_cntlr_0
-- Optimizing architecture design_1_ilmb_bram_if_cntlr_0_arch of design_1_ilmb_bram_if_cntlr_0
-- Optimizing architecture RTL of axilite_sif
-- Optimizing architecture LUT6_2_V of LUT6_2
-- Optimizing architecture LUT6_2_V of LUT6_2
-- Optimizing architecture LUT6_2_V of LUT6_2
-- Optimizing architecture LUT6_2_V of LUT6_2
-- Optimizing architecture imp of lpf
-- Optimizing architecture imp of sequence_psr
-- Optimizing package lib_pkg
-- Optimizing package body lib_pkg
-- Optimizing architecture LUT6_V of LUT6
-- Optimizing architecture LUT6_V of LUT6
-- Optimizing architecture LUT6_V of LUT6
-- Optimizing architecture LUT6_V of LUT6
-- Optimizing architecture LUT6_V of LUT6
-- Optimizing architecture LUT6_V of LUT6
-- Optimizing architecture LUT6_V of LUT6
-- Optimizing architecture RTL of apb_mif
-- Optimizing architecture RAM32M_V of RAM32M
-- Optimizing architecture design_1_dlmb_v10_0_arch of design_1_dlmb_v10_0
-- Optimizing architecture design_1_ilmb_v10_0_arch of design_1_ilmb_v10_0
-- Optimizing architecture imp of proc_sys_reset
-- Optimizing architecture IMP of lmb_v10
-- Optimizing package lmb_bram_if_funcs
-- Optimizing package body lmb_bram_if_funcs
-- Optimizing architecture LUT4_V of LUT4
-- Optimizing architecture design_1_rst_clk_wiz_0_100M_0_arch of design_1_rst_clk_wiz_0_100M_0
Optimized design name is dti_riscv_top_opt
End time: 23:04:49 on Dec 19,2024, Elapsed time: 0:00:05
Errors: 0, Warnings: 8
