QuestaSim-64 vopt 10.7d_1 Compiler 2019.05 May  8 2019
Start time: 17:55:07 on Apr 24,2024
vopt "+acc=npr" -L xil_defaultlib -L unisims_ver -L secureip -work xil_defaultlib xil_defaultlib.dti_uart_top xil_defaultlib.glbl -o dti_uart_top_opt 

Top level modules:
	dti_uart_top
	glbl

Analyzing design...
-- Loading module dti_uart_top
-- Loading module design_uart_wrapper
-- Loading module unisims_ver.IBUF
-- Loading module design_uart
-- Loading module design_uart_axi_apb_bridge_0_0
-- Loading module axi_apb_bridge
-- Loading module apb_mif
-- Loading module unisims_ver.LUT5
-- Loading module unisims_ver.FDSE
-- Loading module unisims_ver.FDRE
-- Loading module unisims_ver.LUT3
-- Loading UDP unisims_ver.x_lut3_mux8
-- Loading module axilite_sif
-- Loading module unisims_ver.LUT4
-- Loading module unisims_ver.LUT1
-- Loading UDP unisims_ver.x_lut1_mux2
-- Loading module unisims_ver.LUT6
-- Loading module unisims_ver.LUT2
-- Loading UDP unisims_ver.x_lut2_mux4
-- Loading module multiplexor
-- Loading module design_uart_axi_interconnect_0_0
-- Loading module design_uart_xbar_0
-- Loading module axi_crossbar_v2_1_17_axi_crossbar
-- Loading module axi_crossbar_v2_1_17_crossbar_sasd
-- Loading module axi_crossbar_v2_1_17_addr_arbiter_sasd
-- Loading module axi_crossbar_v2_1_17_decerr_slave
-- Loading module axi_register_slice_v2_1_16_axic_register_slice
-- Loading module axi_crossbar_v2_1_17_splitter__parameterized0
-- Loading module axi_crossbar_v2_1_17_splitter
-- Loading module design_uart_axi_uart16550_0_0
-- Loading module axi_uart16550
-- Loading module axi_lite_ipif
-- Loading module slave_attachment
-- Loading module address_decoder
-- Loading module xuart
-- Loading module ipic_if
-- Loading module uart16550
-- Loading module rx_fifo_block
-- Loading module rx_fifo_control
-- Loading module srl_fifo_rbu_f__parameterized0
-- Loading module cntr_incr_decr_addn_f_585
-- Loading module dynshreg_f__parameterized0
-- Loading module unisims_ver.SRL16E
-- Loading module tx_fifo_block
-- Loading module srl_fifo_rbu_f
-- Loading module cntr_incr_decr_addn_f
-- Loading module dynshreg_f
-- Loading module unisims_ver.CARRY4
-- Loading module rx16550
-- Loading module unisims_ver.MUXF7
-- Loading module tx16550
-- Loading module xuart_tx_load_sm
-- Loading module design_uart_clk_wiz_1_0
-- Loading module design_uart_clk_wiz_1_0_clk_wiz
-- Loading module unisims_ver.BUFG
-- Loading module unisims_ver.MMCME2_ADV
-- Loading module design_uart_dti_uart_0_0
-- Loading module dti_uart
-- Loading module baudrate_gen
-- Loading module unisims_ver.FDCE
-- Loading module receiver
-- Loading module register_block
-- Loading module rb_regs
-- Loading module transmitter
-- Loading module unisims_ver.FDPE
-- Loading module design_uart_mdm_1_0
-- Loading module MDM
-- Loading module MDM_Core
-- Loading module JTAG_CONTROL
-- Loading module unisims_ver.GND
-- Loading module MB_FDC_1
-- Loading module MB_FDRE_1
-- Loading module mdm_v3_2_13_MB_SRL16E
-- Loading module mdm_v3_2_13_MB_SRL16E__parameterized0
-- Loading module mdm_v3_2_13_MB_SRL16E__parameterized1
-- Loading module mdm_v3_2_13_MB_SRL16E__parameterized2
-- Loading module MB_BUFG
-- Loading module MB_BSCANE2
-- Loading module unisims_ver.BSCANE2
-- Loading module design_uart_microblaze_0_0
-- Loading module MicroBlaze
-- Loading module MicroBlaze_Core
-- Loading module MicroBlaze_GTi
-- Loading module Data_Flow_gti
-- Loading module ALU
-- Loading module ALU_Bit__parameterized2
-- Loading module MB_LUT4
-- Loading module microblaze_v10_0_6_MB_LUT6__parameterized5
-- Loading module MB_MULT_AND
-- Loading module microblaze_v10_0_6_MB_MUXCY_XORCY_583
-- Loading module ALU_Bit
-- Loading module MB_LUT6_2_581
-- Loading module unisims_ver.LUT6_2
-- Loading module microblaze_v10_0_6_MB_MUXCY_XORCY_582
-- Loading module ALU_Bit_492
-- Loading module MB_LUT6_2_579
-- Loading module microblaze_v10_0_6_MB_MUXCY_XORCY_580
-- Loading module ALU_Bit_493
-- Loading module MB_LUT6_2_577
-- Loading module microblaze_v10_0_6_MB_MUXCY_XORCY_578
-- Loading module ALU_Bit_494
-- Loading module MB_LUT6_2_575
-- Loading module microblaze_v10_0_6_MB_MUXCY_XORCY_576
-- Loading module ALU_Bit_495
-- Loading module MB_LUT6_2_573
-- Loading module microblaze_v10_0_6_MB_MUXCY_XORCY_574
-- Loading module ALU_Bit_496
-- Loading module MB_LUT6_2_571
-- Loading module microblaze_v10_0_6_MB_MUXCY_XORCY_572
-- Loading module ALU_Bit_497
-- Loading module MB_LUT6_2_569
-- Loading module microblaze_v10_0_6_MB_MUXCY_XORCY_570
-- Loading module ALU_Bit_498
-- Loading module MB_LUT6_2_567
-- Loading module microblaze_v10_0_6_MB_MUXCY_XORCY_568
-- Loading module ALU_Bit_499
-- Loading module MB_LUT6_2_565
-- Loading module microblaze_v10_0_6_MB_MUXCY_XORCY_566
-- Loading module ALU_Bit_500
-- Loading module MB_LUT6_2_563
-- Loading module microblaze_v10_0_6_MB_MUXCY_XORCY_564
-- Loading module ALU_Bit_501
-- Loading module MB_LUT6_2_561
-- Loading module microblaze_v10_0_6_MB_MUXCY_XORCY_562
-- Loading module ALU_Bit_502
-- Loading module MB_LUT6_2_559
-- Loading module microblaze_v10_0_6_MB_MUXCY_XORCY_560
-- Loading module ALU_Bit_503
-- Loading module MB_LUT6_2_557
-- Loading module microblaze_v10_0_6_MB_MUXCY_XORCY_558
-- Loading module ALU_Bit_504
-- Loading module MB_LUT6_2_555
-- Loading module microblaze_v10_0_6_MB_MUXCY_XORCY_556
-- Loading module ALU_Bit_505
-- Loading module MB_LUT6_2_553
-- Loading module microblaze_v10_0_6_MB_MUXCY_XORCY_554
-- Loading module ALU_Bit_506
-- Loading module MB_LUT6_2_551
-- Loading module microblaze_v10_0_6_MB_MUXCY_XORCY_552
-- Loading module ALU_Bit_507
-- Loading module MB_LUT6_2_549
-- Loading module microblaze_v10_0_6_MB_MUXCY_XORCY_550
-- Loading module ALU_Bit_508
-- Loading module MB_LUT6_2_547
-- Loading module microblaze_v10_0_6_MB_MUXCY_XORCY_548
-- Loading module ALU_Bit_509
-- Loading module MB_LUT6_2_545
-- Loading module microblaze_v10_0_6_MB_MUXCY_XORCY_546
-- Loading module ALU_Bit_510
-- Loading module MB_LUT6_2_543
-- Loading module microblaze_v10_0_6_MB_MUXCY_XORCY_544
-- Loading module ALU_Bit_511
-- Loading module MB_LUT6_2_541
-- Loading module microblaze_v10_0_6_MB_MUXCY_XORCY_542
-- Loading module ALU_Bit_512
-- Loading module MB_LUT6_2_539
-- Loading module microblaze_v10_0_6_MB_MUXCY_XORCY_540
-- Loading module ALU_Bit_513
-- Loading module MB_LUT6_2_537
-- Loading module microblaze_v10_0_6_MB_MUXCY_XORCY_538
-- Loading module ALU_Bit_514
-- Loading module MB_LUT6_2_535
-- Loading module microblaze_v10_0_6_MB_MUXCY_XORCY_536
-- Loading module ALU_Bit_515
-- Loading module MB_LUT6_2_533
-- Loading module microblaze_v10_0_6_MB_MUXCY_XORCY_534
-- Loading module ALU_Bit_516
-- Loading module MB_LUT6_2_531
-- Loading module microblaze_v10_0_6_MB_MUXCY_XORCY_532
-- Loading module ALU_Bit_517
-- Loading module MB_LUT6_2_529
-- Loading module microblaze_v10_0_6_MB_MUXCY_XORCY_530
-- Loading module ALU_Bit_518
-- Loading module MB_LUT6_2_527
-- Loading module microblaze_v10_0_6_MB_MUXCY_XORCY_528
-- Loading module ALU_Bit_519
-- Loading module MB_LUT6_2_525
-- Loading module microblaze_v10_0_6_MB_MUXCY_XORCY_526
-- Loading module ALU_Bit_520
-- Loading module MB_LUT6_2_523
-- Loading module microblaze_v10_0_6_MB_MUXCY_XORCY_524
-- Loading module ALU_Bit_521
-- Loading module MB_LUT6_2
-- Loading module microblaze_v10_0_6_MB_MUXCY_XORCY_522
-- Loading module Byte_Doublet_Handle_gti
-- Loading module Data_Flow_Logic
-- Loading module microblaze_v10_0_6_MB_FDRE_459
-- Loading module microblaze_v10_0_6_MB_FDRE_460
-- Loading module microblaze_v10_0_6_MB_FDRE_461
-- Loading module microblaze_v10_0_6_MB_FDRE_462
-- Loading module microblaze_v10_0_6_MB_FDRE_463
-- Loading module microblaze_v10_0_6_MB_FDRE_464
-- Loading module microblaze_v10_0_6_MB_FDRE_465
-- Loading module microblaze_v10_0_6_MB_FDRE_466
-- Loading module microblaze_v10_0_6_MB_FDRE_467
-- Loading module microblaze_v10_0_6_MB_FDRE_468
-- Loading module microblaze_v10_0_6_MB_FDRE_469
-- Loading module microblaze_v10_0_6_MB_FDRE_470
-- Loading module microblaze_v10_0_6_MB_FDRE_471
-- Loading module microblaze_v10_0_6_MB_FDRE_472
-- Loading module microblaze_v10_0_6_MB_FDRE_473
-- Loading module microblaze_v10_0_6_MB_FDRE_474
-- Loading module microblaze_v10_0_6_MB_FDRE_475
-- Loading module microblaze_v10_0_6_MB_FDRE_476
-- Loading module microblaze_v10_0_6_MB_FDRE_477
-- Loading module microblaze_v10_0_6_MB_FDRE_478
-- Loading module microblaze_v10_0_6_MB_FDRE_479
-- Loading module microblaze_v10_0_6_MB_FDRE_480
-- Loading module microblaze_v10_0_6_MB_FDRE_481
-- Loading module microblaze_v10_0_6_MB_FDRE_482
-- Loading module microblaze_v10_0_6_MB_FDRE_483
-- Loading module microblaze_v10_0_6_MB_FDRE_484
-- Loading module microblaze_v10_0_6_MB_FDRE_485
-- Loading module microblaze_v10_0_6_MB_FDRE_486
-- Loading module microblaze_v10_0_6_MB_FDRE_487
-- Loading module microblaze_v10_0_6_MB_FDRE_488
-- Loading module microblaze_v10_0_6_MB_FDRE_489
-- Loading module microblaze_v10_0_6_MB_FDRE_490
-- Loading module Operand_Select_gti
-- Loading module microblaze_v10_0_6_MB_MUXF7_427
-- Loading module microblaze_v10_0_6_MB_MUXF7_428
-- Loading module microblaze_v10_0_6_MB_MUXF7_429
-- Loading module microblaze_v10_0_6_MB_MUXF7_430
-- Loading module microblaze_v10_0_6_MB_MUXF7_431
-- Loading module microblaze_v10_0_6_MB_MUXF7_432
-- Loading module microblaze_v10_0_6_MB_MUXF7_433
-- Loading module microblaze_v10_0_6_MB_MUXF7_434
-- Loading module microblaze_v10_0_6_MB_MUXF7_435
-- Loading module microblaze_v10_0_6_MB_MUXF7_436
-- Loading module microblaze_v10_0_6_MB_MUXF7_437
-- Loading module microblaze_v10_0_6_MB_MUXF7_438
-- Loading module microblaze_v10_0_6_MB_MUXF7_439
-- Loading module microblaze_v10_0_6_MB_MUXF7_440
-- Loading module microblaze_v10_0_6_MB_MUXF7_441
-- Loading module microblaze_v10_0_6_MB_MUXF7_442
-- Loading module microblaze_v10_0_6_MB_MUXF7_443
-- Loading module microblaze_v10_0_6_MB_MUXF7_444
-- Loading module microblaze_v10_0_6_MB_MUXF7_445
-- Loading module microblaze_v10_0_6_MB_MUXF7_446
-- Loading module microblaze_v10_0_6_MB_MUXF7_447
-- Loading module microblaze_v10_0_6_MB_MUXF7_448
-- Loading module microblaze_v10_0_6_MB_MUXF7_449
-- Loading module microblaze_v10_0_6_MB_MUXF7_450
-- Loading module microblaze_v10_0_6_MB_MUXF7_451
-- Loading module microblaze_v10_0_6_MB_MUXF7_452
-- Loading module microblaze_v10_0_6_MB_MUXF7_453
-- Loading module microblaze_v10_0_6_MB_MUXF7_454
-- Loading module microblaze_v10_0_6_MB_MUXF7_455
-- Loading module microblaze_v10_0_6_MB_MUXF7_456
-- Loading module microblaze_v10_0_6_MB_MUXF7_457
-- Loading module microblaze_v10_0_6_MB_MUXF7_458
-- Loading module Register_File_gti
-- Loading module MB_RAM32M
-- Loading module unisims_ver.RAM32M
-- Loading module MB_RAM32M_412
-- Loading module MB_RAM32M_413
-- Loading module MB_RAM32M_414
-- Loading module MB_RAM32M_415
-- Loading module MB_RAM32M_416
-- Loading module MB_RAM32M_417
-- Loading module MB_RAM32M_418
-- Loading module MB_RAM32M_419
-- Loading module MB_RAM32M_420
-- Loading module MB_RAM32M_421
-- Loading module MB_RAM32M_422
-- Loading module MB_RAM32M_423
-- Loading module MB_RAM32M_424
-- Loading module MB_RAM32M_425
-- Loading module MB_RAM32M_426
-- Loading module Shift_Logic_Module_gti
-- Loading module microblaze_v10_0_6_MB_MUXCY_302
-- Loading module microblaze_v10_0_6_MB_MUXCY_303
-- Loading module unisims_ver.VCC
-- Loading module MB_LUT6_2__parameterized1
-- Loading module Zero_Detect_gti
-- Loading module microblaze_v10_0_6_MB_MUXCY_405
-- Loading module microblaze_v10_0_6_MB_MUXCY_408
-- Loading module microblaze_v10_0_6_MB_MUXCY_409
-- Loading module exception_registers_gti
-- Loading module microblaze_v10_0_6_MB_MUXCY_310
-- Loading module MB_LUT6_2__parameterized5
-- Loading module microblaze_v10_0_6_MB_MUXCY_XORCY_311
-- Loading module MB_FDE
-- Loading module MB_LUT6_2__parameterized5_312
-- Loading module microblaze_v10_0_6_MB_MUXCY_XORCY_313
-- Loading module MB_FDE_314
-- Loading module MB_LUT6_2__parameterized5_315
-- Loading module microblaze_v10_0_6_MB_MUXCY_XORCY_316
-- Loading module MB_FDE_317
-- Loading module MB_LUT6_2__parameterized5_318
-- Loading module microblaze_v10_0_6_MB_MUXCY_XORCY_319
-- Loading module MB_FDE_320
-- Loading module MB_LUT6_2__parameterized5_321
-- Loading module microblaze_v10_0_6_MB_MUXCY_XORCY_322
-- Loading module MB_FDE_323
-- Loading module MB_LUT6_2__parameterized5_324
-- Loading module microblaze_v10_0_6_MB_MUXCY_XORCY_325
-- Loading module MB_FDE_326
-- Loading module MB_LUT6_2__parameterized5_327
-- Loading module microblaze_v10_0_6_MB_MUXCY_XORCY_328
-- Loading module MB_FDE_329
-- Loading module MB_LUT6_2__parameterized5_330
-- Loading module microblaze_v10_0_6_MB_MUXCY_XORCY_331
-- Loading module MB_FDE_332
-- Loading module MB_LUT6_2__parameterized5_333
-- Loading module microblaze_v10_0_6_MB_MUXCY_XORCY_334
-- Loading module MB_FDE_335
-- Loading module MB_LUT6_2__parameterized5_336
-- Loading module microblaze_v10_0_6_MB_MUXCY_XORCY_337
-- Loading module MB_FDE_338
-- Loading module MB_LUT6_2__parameterized5_339
-- Loading module microblaze_v10_0_6_MB_MUXCY_XORCY_340
-- Loading module MB_FDE_341
-- Loading module MB_LUT6_2__parameterized5_342
-- Loading module microblaze_v10_0_6_MB_MUXCY_XORCY_343
-- Loading module MB_FDE_344
-- Loading module MB_LUT6_2__parameterized5_345
-- Loading module microblaze_v10_0_6_MB_MUXCY_XORCY_346
-- Loading module MB_FDE_347
-- Loading module MB_LUT6_2__parameterized5_348
-- Loading module microblaze_v10_0_6_MB_MUXCY_XORCY_349
-- Loading module MB_FDE_350
-- Loading module MB_LUT6_2__parameterized5_351
-- Loading module microblaze_v10_0_6_MB_MUXCY_XORCY_352
-- Loading module MB_FDE_353
-- Loading module MB_LUT6_2__parameterized5_354
-- Loading module microblaze_v10_0_6_MB_MUXCY_XORCY_355
-- Loading module MB_FDE_356
-- Loading module MB_LUT6_2__parameterized5_357
-- Loading module microblaze_v10_0_6_MB_MUXCY_XORCY_358
-- Loading module MB_FDE_359
-- Loading module MB_LUT6_2__parameterized5_360
-- Loading module microblaze_v10_0_6_MB_MUXCY_XORCY_361
-- Loading module MB_FDE_362
-- Loading module MB_LUT6_2__parameterized5_363
-- Loading module microblaze_v10_0_6_MB_MUXCY_XORCY_364
-- Loading module MB_FDE_365
-- Loading module MB_LUT6_2__parameterized5_366
-- Loading module microblaze_v10_0_6_MB_MUXCY_XORCY_367
-- Loading module MB_FDE_368
-- Loading module MB_LUT6_2__parameterized5_369
-- Loading module microblaze_v10_0_6_MB_MUXCY_XORCY_370
-- Loading module MB_FDE_371
-- Loading module MB_LUT6_2__parameterized5_372
-- Loading module microblaze_v10_0_6_MB_MUXCY_XORCY_373
-- Loading module MB_FDE_374
-- Loading module MB_LUT6_2__parameterized5_375
-- Loading module microblaze_v10_0_6_MB_MUXCY_XORCY_376
-- Loading module MB_FDE_377
-- Loading module MB_LUT6_2__parameterized5_378
-- Loading module microblaze_v10_0_6_MB_MUXCY_XORCY_379
-- Loading module MB_FDE_380
-- Loading module MB_LUT6_2__parameterized5_381
-- Loading module microblaze_v10_0_6_MB_MUXCY_XORCY_382
-- Loading module MB_FDE_383
-- Loading module MB_LUT6_2__parameterized5_384
-- Loading module microblaze_v10_0_6_MB_MUXCY_XORCY_385
-- Loading module MB_FDE_386
-- Loading module MB_LUT6_2__parameterized5_387
-- Loading module microblaze_v10_0_6_MB_MUXCY_XORCY_388
-- Loading module MB_FDE_389
-- Loading module MB_LUT6_2__parameterized5_390
-- Loading module microblaze_v10_0_6_MB_MUXCY_XORCY_391
-- Loading module MB_FDE_392
-- Loading module MB_LUT6_2__parameterized5_393
-- Loading module microblaze_v10_0_6_MB_MUXCY_XORCY_394
-- Loading module MB_FDE_395
-- Loading module MB_LUT6_2__parameterized5_396
-- Loading module microblaze_v10_0_6_MB_MUXCY_XORCY_397
-- Loading module MB_FDE_398
-- Loading module MB_LUT6_2__parameterized5_399
-- Loading module microblaze_v10_0_6_MB_MUXCY_XORCY_400
-- Loading module MB_FDE_401
-- Loading module MB_LUT6_2__parameterized5_402
-- Loading module microblaze_v10_0_6_MB_MUXCY_XORCY_403
-- Loading module MB_FDE_404
-- Loading module msr_reg_gti
-- Loading module MB_FDR_304
-- Loading module MB_FDR_305
-- Loading module MB_FDR_306
-- Loading module MB_FDR_307
-- Loading module MB_FDR_308
-- Loading module MB_FDR_309
-- Loading module Decode_gti
-- Loading module PC_Module_gti
-- Loading module MB_FDR_209
-- Loading module microblaze_v10_0_6_MB_MUXF7_210
-- Loading module MB_FDR_211
-- Loading module microblaze_v10_0_6_MB_MUXF7_212
-- Loading module MB_FDR_213
-- Loading module microblaze_v10_0_6_MB_MUXF7_214
-- Loading module MB_FDR_215
-- Loading module microblaze_v10_0_6_MB_MUXF7_216
-- Loading module MB_FDR_217
-- Loading module microblaze_v10_0_6_MB_MUXF7_218
-- Loading module MB_FDR_219
-- Loading module microblaze_v10_0_6_MB_MUXF7_220
-- Loading module MB_FDR_221
-- Loading module microblaze_v10_0_6_MB_MUXF7_222
-- Loading module MB_FDR_223
-- Loading module microblaze_v10_0_6_MB_MUXF7_224
-- Loading module MB_FDR_225
-- Loading module microblaze_v10_0_6_MB_MUXF7_226
-- Loading module MB_FDR_227
-- Loading module microblaze_v10_0_6_MB_MUXF7_228
-- Loading module MB_FDR_229
-- Loading module microblaze_v10_0_6_MB_MUXF7_230
-- Loading module MB_FDR_231
-- Loading module microblaze_v10_0_6_MB_MUXF7_232
-- Loading module MB_FDR_233
-- Loading module microblaze_v10_0_6_MB_MUXF7_234
-- Loading module MB_FDR_235
-- Loading module microblaze_v10_0_6_MB_MUXF7_236
-- Loading module MB_FDR_237
-- Loading module microblaze_v10_0_6_MB_MUXF7_238
-- Loading module MB_FDR_239
-- Loading module microblaze_v10_0_6_MB_MUXF7_240
-- Loading module MB_FDR_241
-- Loading module microblaze_v10_0_6_MB_MUXF7_242
-- Loading module MB_FDR_243
-- Loading module microblaze_v10_0_6_MB_MUXF7_244
-- Loading module MB_FDR_245
-- Loading module microblaze_v10_0_6_MB_MUXF7_246
-- Loading module MB_FDR_247
-- Loading module microblaze_v10_0_6_MB_MUXF7_248
-- Loading module MB_FDR_249
-- Loading module microblaze_v10_0_6_MB_MUXF7_250
-- Loading module MB_FDR_251
-- Loading module microblaze_v10_0_6_MB_MUXF7_252
-- Loading module MB_FDR_253
-- Loading module microblaze_v10_0_6_MB_MUXF7_254
-- Loading module MB_FDR_255
-- Loading module microblaze_v10_0_6_MB_MUXF7_256
-- Loading module MB_FDR_257
-- Loading module microblaze_v10_0_6_MB_MUXF7_258
-- Loading module MB_FDR_259
-- Loading module microblaze_v10_0_6_MB_MUXF7_260
-- Loading module MB_FDR_261
-- Loading module microblaze_v10_0_6_MB_MUXF7_262
-- Loading module MB_FDR_263
-- Loading module microblaze_v10_0_6_MB_MUXF7_264
-- Loading module MB_FDR_265
-- Loading module microblaze_v10_0_6_MB_MUXF7_266
-- Loading module MB_FDR_267
-- Loading module microblaze_v10_0_6_MB_MUXF7_268
-- Loading module MB_FDR_269
-- Loading module microblaze_v10_0_6_MB_MUXF7_270
-- Loading module MB_FDR_271
-- Loading module microblaze_v10_0_6_MB_MUXF7_272
-- Loading module microblaze_v10_0_6_MB_MUXCY_XORCY
-- Loading module microblaze_v10_0_6_MB_MUXCY_XORCY_273
-- Loading module microblaze_v10_0_6_MB_MUXCY_XORCY_274
-- Loading module microblaze_v10_0_6_MB_MUXCY_XORCY_275
-- Loading module microblaze_v10_0_6_MB_MUXCY_XORCY_276
-- Loading module microblaze_v10_0_6_MB_MUXCY_XORCY_277
-- Loading module microblaze_v10_0_6_MB_MUXCY_XORCY_278
-- Loading module microblaze_v10_0_6_MB_MUXCY_XORCY_279
-- Loading module microblaze_v10_0_6_MB_MUXCY_XORCY_280
-- Loading module microblaze_v10_0_6_MB_MUXCY_XORCY_281
-- Loading module microblaze_v10_0_6_MB_MUXCY_XORCY_282
-- Loading module microblaze_v10_0_6_MB_MUXCY_XORCY_283
-- Loading module microblaze_v10_0_6_MB_MUXCY_XORCY_284
-- Loading module microblaze_v10_0_6_MB_MUXCY_XORCY_285
-- Loading module microblaze_v10_0_6_MB_MUXCY_XORCY_286
-- Loading module microblaze_v10_0_6_MB_MUXCY_XORCY_287
-- Loading module microblaze_v10_0_6_MB_MUXCY_XORCY_288
-- Loading module microblaze_v10_0_6_MB_MUXCY_XORCY_289
-- Loading module microblaze_v10_0_6_MB_MUXCY_XORCY_290
-- Loading module microblaze_v10_0_6_MB_MUXCY_XORCY_291
-- Loading module microblaze_v10_0_6_MB_MUXCY_XORCY_292
-- Loading module microblaze_v10_0_6_MB_MUXCY_XORCY_293
-- Loading module microblaze_v10_0_6_MB_MUXCY_XORCY_294
-- Loading module microblaze_v10_0_6_MB_MUXCY_XORCY_295
-- Loading module microblaze_v10_0_6_MB_MUXCY_XORCY_296
-- Loading module microblaze_v10_0_6_MB_MUXCY_XORCY_297
-- Loading module microblaze_v10_0_6_MB_MUXCY_XORCY_298
-- Loading module microblaze_v10_0_6_MB_MUXCY_XORCY_299
-- Loading module microblaze_v10_0_6_MB_MUXCY_XORCY_300
-- Loading module microblaze_v10_0_6_MB_MUXCY_XORCY_301
-- Loading module PreFetch_Buffer_gti
-- Loading module MB_FDR_115
-- Loading module microblaze_v10_0_6_MB_LUT6
-- Loading module MB_FDR_116
-- Loading module microblaze_v10_0_6_MB_LUT6_117
-- Loading module MB_FDR_118
-- Loading module microblaze_v10_0_6_MB_LUT6_119
-- Loading module MB_FDR_120
-- Loading module microblaze_v10_0_6_MB_LUT6_121
-- Loading module microblaze_v10_0_6_MB_LUT6__parameterized0
-- Loading module microblaze_v10_0_6_MB_MUXF7
-- Loading module MB_FDR_122
-- Loading module microblaze_v10_0_6_MB_MUXF7_123
-- Loading module MB_FDR_124
-- Loading module microblaze_v10_0_6_MB_MUXF7_125
-- Loading module MB_FDR_126
-- Loading module microblaze_v10_0_6_MB_MUXF7_127
-- Loading module MB_FDR_128
-- Loading module microblaze_v10_0_6_MB_MUXF7_129
-- Loading module MB_FDR_130
-- Loading module microblaze_v10_0_6_MB_MUXF7_131
-- Loading module MB_FDR_132
-- Loading module microblaze_v10_0_6_MB_MUXF7_133
-- Loading module MB_FDR_134
-- Loading module microblaze_v10_0_6_MB_MUXF7_135
-- Loading module MB_FDR_136
-- Loading module microblaze_v10_0_6_MB_MUXF7_137
-- Loading module MB_FDR_138
-- Loading module microblaze_v10_0_6_MB_MUXF7_139
-- Loading module MB_FDR_140
-- Loading module microblaze_v10_0_6_MB_MUXF7_141
-- Loading module MB_FDR_142
-- Loading module microblaze_v10_0_6_MB_MUXF7_143
-- Loading module MB_FDR_144
-- Loading module microblaze_v10_0_6_MB_MUXF7_145
-- Loading module MB_FDR_146
-- Loading module microblaze_v10_0_6_MB_MUXF7_147
-- Loading module MB_FDR_148
-- Loading module microblaze_v10_0_6_MB_MUXF7_149
-- Loading module MB_FDR_150
-- Loading module microblaze_v10_0_6_MB_MUXF7_151
-- Loading module MB_FDR_152
-- Loading module microblaze_v10_0_6_MB_MUXF7_153
-- Loading module MB_FDR_154
-- Loading module microblaze_v10_0_6_MB_MUXF7_155
-- Loading module MB_FDR_156
-- Loading module microblaze_v10_0_6_MB_MUXF7_157
-- Loading module MB_FDR_158
-- Loading module microblaze_v10_0_6_MB_MUXF7_159
-- Loading module MB_FDR_160
-- Loading module microblaze_v10_0_6_MB_MUXF7_161
-- Loading module MB_FDR_162
-- Loading module microblaze_v10_0_6_MB_MUXF7_163
-- Loading module MB_FDR_164
-- Loading module microblaze_v10_0_6_MB_MUXF7_165
-- Loading module MB_FDR_166
-- Loading module microblaze_v10_0_6_MB_MUXF7_167
-- Loading module MB_FDR_168
-- Loading module microblaze_v10_0_6_MB_MUXF7_169
-- Loading module MB_FDR_170
-- Loading module microblaze_v10_0_6_MB_MUXF7_171
-- Loading module MB_FDR_172
-- Loading module microblaze_v10_0_6_MB_MUXF7_173
-- Loading module MB_FDR_174
-- Loading module microblaze_v10_0_6_MB_MUXF7_175
-- Loading module MB_FDR_176
-- Loading module microblaze_v10_0_6_MB_MUXF7_177
-- Loading module MB_FDR_178
-- Loading module microblaze_v10_0_6_MB_MUXF7_179
-- Loading module MB_FDR_180
-- Loading module microblaze_v10_0_6_MB_MUXF7_181
-- Loading module MB_FDR_182
-- Loading module microblaze_v10_0_6_MB_MUXF7_183
-- Loading module MB_FDR_184
-- Loading module microblaze_v10_0_6_MB_MUXF7_185
-- Loading module MB_FDR_186
-- Loading module microblaze_v10_0_6_MB_MUXF7_187
-- Loading module MB_FDR_188
-- Loading module microblaze_v10_0_6_MB_MUXF7_189
-- Loading module MB_FDR_190
-- Loading module microblaze_v10_0_6_MB_MUXF7_191
-- Loading module MB_FDR_192
-- Loading module microblaze_v10_0_6_MB_MUXF7_193
-- Loading module MB_FDR_194
-- Loading module microblaze_v10_0_6_MB_MUXF7_195
-- Loading module MB_FDR_196
-- Loading module microblaze_v10_0_6_MB_MUXF7_197
-- Loading module MB_FDR_198
-- Loading module microblaze_v10_0_6_MB_MUXF7_199
-- Loading module MB_FDR_200
-- Loading module microblaze_v10_0_6_MB_MUXF7_201
-- Loading module MB_FDR_202
-- Loading module microblaze_v10_0_6_MB_MUXF7_203
-- Loading module MB_FDR_204
-- Loading module microblaze_v10_0_6_MB_MUXF7_205
-- Loading module MB_FDR_206
-- Loading module microblaze_v10_0_6_MB_MUXF7_207
-- Loading module MB_FDS
-- Loading module microblaze_v10_0_6_MB_LUT6__parameterized1
-- Loading module microblaze_v10_0_6_MB_LUT6__parameterized2
-- Loading module MB_FDR_208
-- Loading module microblaze_v10_0_6_carry_and
-- Loading module microblaze_v10_0_6_MB_MUXCY_114
-- Loading module microblaze_v10_0_6_carry_and_59
-- Loading module microblaze_v10_0_6_MB_MUXCY_113
-- Loading module microblaze_v10_0_6_carry_and_60
-- Loading module microblaze_v10_0_6_MB_MUXCY_112
-- Loading module microblaze_v10_0_6_carry_and_61
-- Loading module microblaze_v10_0_6_MB_MUXCY_111
-- Loading module microblaze_v10_0_6_carry_and_62
-- Loading module microblaze_v10_0_6_MB_MUXCY_110
-- Loading module microblaze_v10_0_6_carry_and_63
-- Loading module microblaze_v10_0_6_MB_MUXCY_109
-- Loading module microblaze_v10_0_6_carry_and_64
-- Loading module microblaze_v10_0_6_MB_MUXCY_108
-- Loading module microblaze_v10_0_6_carry_and_65
-- Loading module microblaze_v10_0_6_MB_MUXCY_107
-- Loading module microblaze_v10_0_6_carry_and_66
-- Loading module microblaze_v10_0_6_MB_MUXCY_106
-- Loading module microblaze_v10_0_6_carry_and_67
-- Loading module microblaze_v10_0_6_MB_MUXCY_105
-- Loading module microblaze_v10_0_6_carry_and_68
-- Loading module microblaze_v10_0_6_MB_MUXCY_104
-- Loading module microblaze_v10_0_6_MB_FDRE
-- Loading module microblaze_v10_0_6_MB_FDRE_69
-- Loading module microblaze_v10_0_6_MB_FDRE_70
-- Loading module microblaze_v10_0_6_MB_FDRE_71
-- Loading module microblaze_v10_0_6_MB_FDRE_72
-- Loading module microblaze_v10_0_6_MB_FDRE_73
-- Loading module microblaze_v10_0_6_MB_FDRE_74
-- Loading module microblaze_v10_0_6_MB_FDRE_75
-- Loading module microblaze_v10_0_6_MB_FDRE_76
-- Loading module microblaze_v10_0_6_MB_FDRE_77
-- Loading module MB_FDR
-- Loading module microblaze_v10_0_6_MB_LUT6__parameterized3
-- Loading module microblaze_v10_0_6_MB_LUT6__parameterized4
-- Loading module microblaze_v10_0_6_MB_LUT6__parameterized3_78
-- Loading module microblaze_v10_0_6_MB_LUT6__parameterized4_79
-- Loading module microblaze_v10_0_6_MB_LUT6__parameterized3_80
-- Loading module microblaze_v10_0_6_MB_LUT6__parameterized4_81
-- Loading module microblaze_v10_0_6_MB_LUT6__parameterized3_82
-- Loading module microblaze_v10_0_6_MB_LUT6__parameterized4_83
-- Loading module microblaze_v10_0_6_MB_LUT6__parameterized3_84
-- Loading module microblaze_v10_0_6_MB_LUT6__parameterized4_85
-- Loading module microblaze_v10_0_6_MB_LUT6__parameterized3_86
-- Loading module microblaze_v10_0_6_MB_LUT6__parameterized4_87
-- Loading module microblaze_v10_0_6_carry_and_88
-- Loading module microblaze_v10_0_6_MB_MUXCY_103
-- Loading module microblaze_v10_0_6_carry_and_89
-- Loading module microblaze_v10_0_6_MB_MUXCY_102
-- Loading module microblaze_v10_0_6_carry_and_90
-- Loading module microblaze_v10_0_6_MB_MUXCY_101
-- Loading module jump_logic
-- Loading module microblaze_v10_0_6_MB_MUXCY_95
-- Loading module microblaze_v10_0_6_MB_MUXCY_96
-- Loading module microblaze_v10_0_6_MB_MUXCY_97
-- Loading module microblaze_v10_0_6_MB_MUXCY_98
-- Loading module microblaze_v10_0_6_MB_MUXCY_99
-- Loading module microblaze_v10_0_6_MB_MUXCY_100
-- Loading module microblaze_v10_0_6_carry_and_91
-- Loading module microblaze_v10_0_6_MB_MUXCY_94
-- Loading module microblaze_v10_0_6_carry_or_92
-- Loading module microblaze_v10_0_6_MB_MUXCY_93
-- Loading module DAXI_interface
-- Loading module MB_AND2B1L
-- Loading module unisims_ver.AND2B1L
-- Loading module Debug
-- Loading module microblaze_v10_0_6_MB_SRL16E
-- Loading module microblaze_v10_0_6_MB_SRL16E__parameterized3
-- Loading module microblaze_v10_0_6_MB_SRL16E__parameterized4
-- Loading module microblaze_v10_0_6_MB_SRL16E__parameterized1
-- Loading module microblaze_v10_0_6_MB_SRL16E__parameterized2
-- Loading module microblaze_v10_0_6_MB_SRL16E__parameterized1_22
-- Loading module microblaze_v10_0_6_MB_SRL16E__parameterized2_23
-- Loading module mb_sync_bit__parameterized2
-- Loading module mb_sync_vec
-- Loading module mb_sync_bit__parameterized2_58
-- Loading module mb_sync_bit__parameterized2_26
-- Loading module mb_sync_bit__parameterized2_27
-- Loading module mb_sync_vec__parameterized1
-- Loading module mb_sync_bit_48
-- Loading module mb_sync_bit_49
-- Loading module mb_sync_bit_50
-- Loading module mb_sync_bit_51
-- Loading module mb_sync_bit_52
-- Loading module mb_sync_bit_53
-- Loading module mb_sync_bit_54
-- Loading module mb_sync_bit_55
-- Loading module mb_sync_bit__parameterized2_28
-- Loading module mb_sync_bit__parameterized2_29
-- Loading module address_hit
-- Loading module microblaze_v10_0_6_MB_MUXCY_32
-- Loading module MB_SRLC16E
-- Loading module microblaze_v10_0_6_MB_MUXCY_33
-- Loading module MB_SRLC16E_34
-- Loading module unisims_ver.SRLC16E
-- Loading module microblaze_v10_0_6_MB_MUXCY_35
-- Loading module MB_SRLC16E_36
-- Loading module microblaze_v10_0_6_MB_MUXCY_37
-- Loading module MB_SRLC16E_38
-- Loading module microblaze_v10_0_6_MB_MUXCY_39
-- Loading module MB_SRLC16E_40
-- Loading module microblaze_v10_0_6_MB_MUXCY_41
-- Loading module MB_SRLC16E_42
-- Loading module microblaze_v10_0_6_MB_MUXCY_43
-- Loading module MB_SRLC16E_44
-- Loading module microblaze_v10_0_6_MB_MUXCY_45
-- Loading module MB_SRLC16E_46
-- Loading module microblaze_v10_0_6_MB_MUXCY_47
-- Loading module instr_mux
-- Loading module mux_bus
-- Loading module MB_LUT6_2__parameterized3
-- Loading module MB_LUT6_2__parameterized3_3
-- Loading module MB_LUT6_2__parameterized3_4
-- Loading module MB_LUT6_2__parameterized3_5
-- Loading module MB_LUT6_2__parameterized3_6
-- Loading module MB_LUT6_2__parameterized3_7
-- Loading module MB_LUT6_2__parameterized3_8
-- Loading module MB_LUT6_2__parameterized3_9
-- Loading module MB_LUT6_2__parameterized3_10
-- Loading module MB_LUT6_2__parameterized3_11
-- Loading module MB_LUT6_2__parameterized3_12
-- Loading module MB_LUT6_2__parameterized3_13
-- Loading module MB_LUT6_2__parameterized3_14
-- Loading module MB_LUT6_2__parameterized3_15
-- Loading module MB_LUT6_2__parameterized3_16
-- Loading module MB_LUT6_2__parameterized3_17
-- Loading module microblaze_v10_0_6_carry_or
-- Loading module microblaze_v10_0_6_MB_MUXCY
-- Loading module mb_sync_bit
-- Loading module mb_sync_bit_1
-- Loading module mb_sync_bit_2
-- Loading module microblaze_0_local_memory_imp_UXHIJP
-- Loading module design_uart_dlmb_bram_if_cntlr_0
-- Loading module lmb_bram_if_cntlr
-- Loading module design_uart_dlmb_v10_0
-- Loading module lmb_v10__1
-- Loading module design_uart_ilmb_bram_if_cntlr_0
-- Loading module lmb_bram_if_cntlr__parameterized1
-- Loading module design_uart_ilmb_v10_0
-- Loading module lmb_v10
-- Loading module design_uart_lmb_bram_0
-- Loading module blk_mem_gen_v8_4_1
-- Loading module blk_mem_gen_v8_4_1_synth
-- Loading module blk_mem_gen_top
-- Loading module blk_mem_gen_generic_cstr
-- Loading module blk_mem_gen_mux
-- Loading module blk_mem_gen_mux__parameterized0
-- Loading module blk_mem_gen_prim_width
-- Loading module blk_mem_gen_prim_wrapper
-- Loading module unisims_ver.RAMB36E1
-- Loading module blk_mem_gen_prim_width__parameterized9
-- Loading module blk_mem_gen_prim_wrapper__parameterized9
-- Loading module blk_mem_gen_prim_width__parameterized10
-- Loading module blk_mem_gen_prim_wrapper__parameterized10
-- Loading module blk_mem_gen_prim_width__parameterized11
-- Loading module blk_mem_gen_prim_wrapper__parameterized11
-- Loading module blk_mem_gen_prim_width__parameterized12
-- Loading module blk_mem_gen_prim_wrapper__parameterized12
-- Loading module blk_mem_gen_prim_width__parameterized13
-- Loading module blk_mem_gen_prim_wrapper__parameterized13
-- Loading module blk_mem_gen_prim_width__parameterized14
-- Loading module blk_mem_gen_prim_wrapper__parameterized14
-- Loading module blk_mem_gen_prim_width__parameterized15
-- Loading module blk_mem_gen_prim_wrapper__parameterized15
-- Loading module blk_mem_gen_prim_width__parameterized16
-- Loading module blk_mem_gen_prim_wrapper__parameterized16
-- Loading module blk_mem_gen_prim_width__parameterized17
-- Loading module blk_mem_gen_prim_wrapper__parameterized17
-- Loading module blk_mem_gen_prim_width__parameterized18
-- Loading module blk_mem_gen_prim_wrapper__parameterized18
-- Loading module blk_mem_gen_prim_width__parameterized0
-- Loading module blk_mem_gen_prim_wrapper__parameterized0
-- Loading module blk_mem_gen_prim_width__parameterized19
-- Loading module blk_mem_gen_prim_wrapper__parameterized19
-- Loading module blk_mem_gen_prim_width__parameterized20
-- Loading module blk_mem_gen_prim_wrapper__parameterized20
-- Loading module blk_mem_gen_prim_width__parameterized21
-- Loading module blk_mem_gen_prim_wrapper__parameterized21
-- Loading module blk_mem_gen_prim_width__parameterized22
-- Loading module blk_mem_gen_prim_wrapper__parameterized22
-- Loading module blk_mem_gen_prim_width__parameterized23
-- Loading module blk_mem_gen_prim_wrapper__parameterized23
-- Loading module blk_mem_gen_prim_width__parameterized24
-- Loading module blk_mem_gen_prim_wrapper__parameterized24
-- Loading module blk_mem_gen_prim_width__parameterized25
-- Loading module blk_mem_gen_prim_wrapper__parameterized25
-- Loading module blk_mem_gen_prim_width__parameterized26
-- Loading module blk_mem_gen_prim_wrapper__parameterized26
-- Loading module blk_mem_gen_prim_width__parameterized27
-- Loading module blk_mem_gen_prim_wrapper__parameterized27
-- Loading module blk_mem_gen_prim_width__parameterized28
-- Loading module blk_mem_gen_prim_wrapper__parameterized28
-- Loading module blk_mem_gen_prim_width__parameterized1
-- Loading module blk_mem_gen_prim_wrapper__parameterized1
-- Loading module blk_mem_gen_prim_width__parameterized29
-- Loading module blk_mem_gen_prim_wrapper__parameterized29
-- Loading module blk_mem_gen_prim_width__parameterized30
-- Loading module blk_mem_gen_prim_wrapper__parameterized30
-- Loading module blk_mem_gen_prim_width__parameterized31
-- Loading module blk_mem_gen_prim_wrapper__parameterized31
-- Loading module blk_mem_gen_prim_width__parameterized32
-- Loading module blk_mem_gen_prim_wrapper__parameterized32
-- Loading module blk_mem_gen_prim_width__parameterized33
-- Loading module blk_mem_gen_prim_wrapper__parameterized33
-- Loading module blk_mem_gen_prim_width__parameterized34
-- Loading module blk_mem_gen_prim_wrapper__parameterized34
-- Loading module blk_mem_gen_prim_width__parameterized35
-- Loading module blk_mem_gen_prim_wrapper__parameterized35
-- Loading module blk_mem_gen_prim_width__parameterized36
-- Loading module blk_mem_gen_prim_wrapper__parameterized36
-- Loading module blk_mem_gen_prim_width__parameterized37
-- Loading module blk_mem_gen_prim_wrapper__parameterized37
-- Loading module blk_mem_gen_prim_width__parameterized38
-- Loading module blk_mem_gen_prim_wrapper__parameterized38
-- Loading module blk_mem_gen_prim_width__parameterized2
-- Loading module blk_mem_gen_prim_wrapper__parameterized2
-- Loading module blk_mem_gen_prim_width__parameterized39
-- Loading module blk_mem_gen_prim_wrapper__parameterized39
-- Loading module blk_mem_gen_prim_width__parameterized40
-- Loading module blk_mem_gen_prim_wrapper__parameterized40
-- Loading module blk_mem_gen_prim_width__parameterized41
-- Loading module blk_mem_gen_prim_wrapper__parameterized41
-- Loading module blk_mem_gen_prim_width__parameterized42
-- Loading module blk_mem_gen_prim_wrapper__parameterized42
-- Loading module blk_mem_gen_prim_width__parameterized43
-- Loading module blk_mem_gen_prim_wrapper__parameterized43
-- Loading module blk_mem_gen_prim_width__parameterized44
-- Loading module blk_mem_gen_prim_wrapper__parameterized44
-- Loading module blk_mem_gen_prim_width__parameterized45
-- Loading module blk_mem_gen_prim_wrapper__parameterized45
-- Loading module blk_mem_gen_prim_width__parameterized46
-- Loading module blk_mem_gen_prim_wrapper__parameterized46
-- Loading module blk_mem_gen_prim_width__parameterized47
-- Loading module blk_mem_gen_prim_wrapper__parameterized47
-- Loading module blk_mem_gen_prim_width__parameterized48
-- Loading module blk_mem_gen_prim_wrapper__parameterized48
-- Loading module blk_mem_gen_prim_width__parameterized3
-- Loading module blk_mem_gen_prim_wrapper__parameterized3
-- Loading module blk_mem_gen_prim_width__parameterized49
-- Loading module blk_mem_gen_prim_wrapper__parameterized49
-- Loading module blk_mem_gen_prim_width__parameterized50
-- Loading module blk_mem_gen_prim_wrapper__parameterized50
-- Loading module blk_mem_gen_prim_width__parameterized51
-- Loading module blk_mem_gen_prim_wrapper__parameterized51
-- Loading module blk_mem_gen_prim_width__parameterized52
-- Loading module blk_mem_gen_prim_wrapper__parameterized52
-- Loading module blk_mem_gen_prim_width__parameterized53
-- Loading module blk_mem_gen_prim_wrapper__parameterized53
-- Loading module blk_mem_gen_prim_width__parameterized54
-- Loading module blk_mem_gen_prim_wrapper__parameterized54
-- Loading module blk_mem_gen_prim_width__parameterized55
-- Loading module blk_mem_gen_prim_wrapper__parameterized55
-- Loading module blk_mem_gen_prim_width__parameterized56
-- Loading module blk_mem_gen_prim_wrapper__parameterized56
-- Loading module blk_mem_gen_prim_width__parameterized57
-- Loading module blk_mem_gen_prim_wrapper__parameterized57
-- Loading module blk_mem_gen_prim_width__parameterized58
-- Loading module blk_mem_gen_prim_wrapper__parameterized58
-- Loading module blk_mem_gen_prim_width__parameterized4
-- Loading module blk_mem_gen_prim_wrapper__parameterized4
-- Loading module blk_mem_gen_prim_width__parameterized59
-- Loading module blk_mem_gen_prim_wrapper__parameterized59
-- Loading module blk_mem_gen_prim_width__parameterized60
-- Loading module blk_mem_gen_prim_wrapper__parameterized60
-- Loading module blk_mem_gen_prim_width__parameterized61
-- Loading module blk_mem_gen_prim_wrapper__parameterized61
-- Loading module blk_mem_gen_prim_width__parameterized62
-- Loading module blk_mem_gen_prim_wrapper__parameterized62
-- Loading module blk_mem_gen_prim_width__parameterized5
-- Loading module blk_mem_gen_prim_wrapper__parameterized5
-- Loading module blk_mem_gen_prim_width__parameterized6
-- Loading module blk_mem_gen_prim_wrapper__parameterized6
-- Loading module blk_mem_gen_prim_width__parameterized7
-- Loading module blk_mem_gen_prim_wrapper__parameterized7
-- Loading module blk_mem_gen_prim_width__parameterized8
-- Loading module blk_mem_gen_prim_wrapper__parameterized8
-- Loading module design_uart_rst_clk_wiz_1_100M_0
-- Loading module proc_sys_reset
-- Loading module lpf
-- Loading module cdc_sync
-- Loading module cdc_sync_0
-- Loading module sequence_psr
-- Loading module upcnt_n
-- Loading module unisims_ver.OBUF
-- Loading module uart_tx
-- Loading module uart_rx
-- Loading module glbl
-- Loading module unisims_ver.RB36_INTERNAL_VLOG
Optimizing 981 design-units (inlining 0/839 module instances, 0/4547 cell instances, 815/815 UDP instances):
-- Optimizing module axi_lite_ipif(fast)
-- Optimizing module ALU_Bit_512(fast)
-- Optimizing module microblaze_v10_0_6_MB_MUXF7_442(fast)
-- Optimizing module MB_FDR_168(fast)
-- Optimizing module design_uart_wrapper(fast)
-- Optimizing module mdm_v3_2_13_MB_SRL16E(fast)
-- Optimizing module srl_fifo_rbu_f(fast)
-- Optimizing module microblaze_v10_0_6_MB_MUXCY_XORCY_355(fast)
-- Optimizing module MB_FDR_138(fast)
-- Optimizing module blk_mem_gen_top(fast)
-- Optimizing module blk_mem_gen_v8_4_1_synth(fast)
-- Optimizing module microblaze_v10_0_6_MB_MUXCY_405(fast)
-- Optimizing module microblaze_v10_0_6_MB_MUXCY_94(fast)
-- Optimizing module MB_FDR_140(fast)
-- Optimizing module MB_FDR_208(fast)
-- Optimizing module microblaze_v10_0_6_MB_MUXF7_434(fast)
-- Optimizing module microblaze_v10_0_6_MB_MUXF7_435(fast)
-- Optimizing module microblaze_v10_0_6_MB_MUXF7_436(fast)
-- Optimizing module microblaze_v10_0_6_MB_MUXF7_437(fast)
-- Optimizing module microblaze_v10_0_6_MB_MUXF7_439(fast)
-- Optimizing module microblaze_v10_0_6_MB_MUXF7_440(fast)
-- Optimizing module microblaze_v10_0_6_MB_MUXF7_441(fast)
-- Optimizing module microblaze_v10_0_6_MB_MUXCY_409(fast)
-- Optimizing module microblaze_v10_0_6_MB_FDRE_76(fast)
-- Optimizing module lmb_bram_if_cntlr__parameterized1(fast)
-- Optimizing module unisims_ver.IBUF(fast)
-- Optimizing module unisims_ver.CARRY4(fast)
-- Optimizing module unisims_ver.IBUF(fast__1)
-- Optimizing module ALU_Bit_493(fast)
-- Optimizing module ALU_Bit_494(fast)
-- Optimizing module ALU_Bit_497(fast)
-- Optimizing module ALU_Bit_498(fast)
-- Optimizing module ALU_Bit_501(fast)
-- Optimizing module ALU_Bit_502(fast)
-- Optimizing module ALU_Bit_503(fast)
-- Optimizing module ALU_Bit_516(fast)
-- Optimizing module ALU_Bit_517(fast)
-- Optimizing module ALU_Bit_520(fast)
-- Optimizing module ALU_Bit_521(fast)
-- Optimizing module MB_FDR_124(fast)
-- Optimizing module microblaze_v10_0_6_carry_and_61(fast)
-- Optimizing module MB_LUT6_2__parameterized3_11(fast)
-- Optimizing module MB_FDR_148(fast)
-- Optimizing module ALU_Bit_492(fast)
-- Optimizing module ALU_Bit_496(fast)
-- Optimizing module ALU_Bit_500(fast)
-- Optimizing module ALU_Bit_505(fast)
-- Optimizing module ALU_Bit_515(fast)
-- Optimizing module ALU_Bit_519(fast)
-- Optimizing module blk_mem_gen_prim_width(fast)
-- Optimizing module blk_mem_gen_prim_width__parameterized9(fast)
-- Optimizing module blk_mem_gen_prim_width__parameterized10(fast)
-- Optimizing module blk_mem_gen_prim_width__parameterized11(fast)
-- Optimizing module blk_mem_gen_prim_width__parameterized12(fast)
-- Optimizing module blk_mem_gen_prim_width__parameterized13(fast)
-- Optimizing module blk_mem_gen_prim_width__parameterized14(fast)
-- Optimizing module blk_mem_gen_prim_width__parameterized15(fast)
-- Optimizing module blk_mem_gen_prim_width__parameterized16(fast)
-- Optimizing module blk_mem_gen_prim_width__parameterized17(fast)
-- Optimizing module blk_mem_gen_prim_width__parameterized18(fast)
-- Optimizing module blk_mem_gen_prim_width__parameterized0(fast)
-- Optimizing module blk_mem_gen_prim_width__parameterized19(fast)
-- Optimizing module blk_mem_gen_prim_width__parameterized20(fast)
-- Optimizing module blk_mem_gen_prim_width__parameterized21(fast)
-- Optimizing module blk_mem_gen_prim_width__parameterized22(fast)
-- Optimizing module blk_mem_gen_prim_width__parameterized23(fast)
-- Optimizing module blk_mem_gen_prim_width__parameterized24(fast)
-- Optimizing module blk_mem_gen_prim_width__parameterized25(fast)
-- Optimizing module blk_mem_gen_prim_width__parameterized26(fast)
-- Optimizing module blk_mem_gen_prim_width__parameterized27(fast)
-- Inlining UDP unisims_ver.x_lut3_mux8
-- Optimizing module unisims_ver.LUT3(fast__20)
-- Optimizing module unisims_ver.LUT3(fast__21)
-- Optimizing module unisims_ver.LUT3(fast__22)
-- Optimizing module unisims_ver.LUT3(fast__23)
-- Optimizing module unisims_ver.LUT3(fast__24)
-- Optimizing module unisims_ver.LUT3(fast__25)
-- Optimizing module unisims_ver.LUT3(fast__26)
-- Optimizing module unisims_ver.LUT3(fast__27)
-- Optimizing module unisims_ver.LUT3(fast__28)
-- Optimizing module unisims_ver.LUT3(fast__29)
-- Optimizing module unisims_ver.LUT3(fast__30)
-- Optimizing module unisims_ver.LUT3(fast__31)
-- Optimizing module unisims_ver.LUT3(fast__32)
-- Optimizing module unisims_ver.LUT3(fast__33)
-- Optimizing module unisims_ver.LUT3(fast__34)
-- Optimizing module unisims_ver.LUT3(fast__35)
-- Optimizing module unisims_ver.LUT3(fast__36)
-- Optimizing module unisims_ver.LUT3(fast__37)
-- Optimizing module unisims_ver.LUT3(fast__38)
-- Optimizing module unisims_ver.LUT3(fast__39)
-- Optimizing module unisims_ver.LUT3(fast__40)
-- Optimizing module unisims_ver.LUT3(fast__41)
-- Optimizing module unisims_ver.LUT3(fast__42)
-- Optimizing module unisims_ver.LUT3(fast__43)
-- Optimizing module unisims_ver.LUT3(fast__44)
-- Optimizing module unisims_ver.LUT3(fast__45)
-- Optimizing module microblaze_v10_0_6_MB_MUXCY_102(fast)
-- Optimizing module unisims_ver.LUT3(fast__46)
-- Optimizing module unisims_ver.LUT3(fast__47)
-- Optimizing module unisims_ver.LUT3(fast__48)
-- Optimizing module unisims_ver.LUT3(fast__49)
-- Optimizing module unisims_ver.LUT3(fast__50)
-- Optimizing module unisims_ver.LUT3(fast__51)
-- Optimizing module unisims_ver.LUT3(fast__52)
-- Optimizing module microblaze_v10_0_6_MB_MUXCY_47(fast)
-- Optimizing module unisims_ver.LUT3(fast__53)
-- Optimizing module unisims_ver.LUT3(fast__54)
-- Optimizing module dti_uart_top(fast)
** Warning: ../../../../../dti_uart_top.srcs/sim_1/new/dti_uart_top.sv(58): (vopt-2685) [TFMPC] - Too few port connections for 'design_uart_wrapper'.  Expected 10, found 6.
** Warning: ../../../../../dti_uart_top.srcs/sim_1/new/dti_uart_top.sv(58): (vopt-2718) [TFMPC] - Missing connection for port 'usb_uart_txd'.
** Warning: ../../../../../dti_uart_top.srcs/sim_1/new/dti_uart_top.sv(58): (vopt-2718) [TFMPC] - Missing connection for port 'usb_uart_rxd'.
** Warning: ../../../../../dti_uart_top.srcs/sim_1/new/dti_uart_top.sv(58): (vopt-2718) [TFMPC] - Missing connection for port 'usb_uart_rtsn'.
** Warning: ../../../../../dti_uart_top.srcs/sim_1/new/dti_uart_top.sv(58): (vopt-2718) [TFMPC] - Missing connection for port 'usb_uart_ctsn'.
-- Optimizing module axi_crossbar_v2_1_17_splitter(fast)
-- Optimizing module glbl(fast)
-- Optimizing module microblaze_v10_0_6_carry_and_62(fast)
-- Optimizing module lmb_v10__1(fast)
-- Optimizing module microblaze_v10_0_6_MB_MUXCY_302(fast)
-- Optimizing module upcnt_n(fast)
-- Optimizing module ALU_Bit_510(fast)
-- Optimizing module microblaze_v10_0_6_MB_MUXCY(fast)
-- Optimizing module microblaze_v10_0_6_MB_SRL16E__parameterized4(fast)
-- Optimizing module MB_FDR_142(fast)
-- Optimizing module cdc_sync(fast)
-- Optimizing module cdc_sync_0(fast)
-- Optimizing module ALU_Bit_506(fast)
-- Optimizing module ALU_Bit_507(fast)
-- Optimizing module ALU_Bit_511(fast)
-- Optimizing module microblaze_v10_0_6_MB_MUXCY_107(fast)
-- Optimizing module microblaze_v10_0_6_MB_MUXCY_32(fast)
-- Optimizing module microblaze_v10_0_6_MB_MUXCY_39(fast)
-- Optimizing module address_decoder(fast)
-- Optimizing module ALU_Bit__parameterized2(fast)
-- Optimizing module ALU_Bit_509(fast)
-- Optimizing module ALU_Bit_514(fast)
-- Optimizing module ALU_Bit(fast)
-- Optimizing module ALU_Bit_495(fast)
-- Optimizing module ALU_Bit_499(fast)
-- Optimizing module ALU_Bit_504(fast)
-- Optimizing module ALU_Bit_518(fast)
-- Optimizing module design_uart_dlmb_bram_if_cntlr_0(fast)
-- Optimizing module MB_FDR_206(fast)
-- Optimizing module lmb_bram_if_cntlr(fast)
-- Optimizing module design_uart_ilmb_bram_if_cntlr_0(fast)
-- Optimizing module lmb_v10(fast)
-- Optimizing module apb_mif(fast)
-- Optimizing module Register_File_gti(fast)
-- Optimizing module MB_FDS(fast)
-- Optimizing module blk_mem_gen_prim_width__parameterized61(fast)
-- Optimizing module baudrate_gen(fast)
-- Optimizing module uart_rx(fast)
-- Optimizing module MB_FDR_120(fast)
-- Optimizing module blk_mem_gen_mux__parameterized0(fast)
-- Optimizing module uart_tx(fast)
-- Optimizing module MicroBlaze_Core(fast)
-- Optimizing module blk_mem_gen_mux(fast)
-- Optimizing module rx_fifo_control(fast)
-- Optimizing module axi_crossbar_v2_1_17_crossbar_sasd(fast)
-- Optimizing module MB_FDR_192(fast)
-- Optimizing module Byte_Doublet_Handle_gti(fast)
-- Optimizing module address_hit(fast)
-- Optimizing module design_uart_dti_uart_0_0(fast)
-- Optimizing module dynshreg_f__parameterized0(fast)
-- Optimizing module slave_attachment(fast)
-- Optimizing module rx_fifo_block(fast)
-- Optimizing module mux_bus(fast)
-- Optimizing module axi_apb_bridge(fast)
-- Optimizing module transmitter(fast)
-- Optimizing module unisims_ver.RAM32M(fast)
-- Optimizing module sequence_psr(fast)
-- Optimizing module cntr_incr_decr_addn_f_585(fast)
-- Optimizing module unisims_ver.LUT4(fast)
-- Optimizing module design_uart_axi_interconnect_0_0(fast)
-- Optimizing module srl_fifo_rbu_f__parameterized0(fast)
-- Optimizing module dti_uart(fast)
-- Optimizing module design_uart_clk_wiz_1_0_clk_wiz(fast)
-- Optimizing module xuart_tx_load_sm(fast)
-- Optimizing module unisims_ver.BSCANE2(fast)
-- Optimizing module lpf(fast)
-- Optimizing module MB_FDR_190(fast)
-- Optimizing module MB_FDR_136(fast)
-- Optimizing module design_uart_lmb_bram_0(fast)
-- Optimizing module axi_uart16550(fast)
-- Optimizing module MB_FDR_122(fast)
-- Optimizing module design_uart_xbar_0(fast)
-- Optimizing module blk_mem_gen_v8_4_1(fast)
-- Optimizing module msr_reg_gti(fast)
-- Optimizing module unisims_ver.FDCE(fast)
-- Optimizing module unisims_ver.FDPE(fast)
-- Optimizing module unisims_ver.FDCE(fast__1)
-- Optimizing module MB_FDR_196(fast)
-- Optimizing module axi_crossbar_v2_1_17_decerr_slave(fast)
-- Optimizing module design_uart_axi_uart16550_0_0(fast)
-- Optimizing module ipic_if(fast)
-- Optimizing module cntr_incr_decr_addn_f(fast)
-- Optimizing module unisims_ver.FDSE(fast)
-- Optimizing module unisims_ver.FDRE(fast)
-- Optimizing module unisims_ver.FDRE(fast__1)
-- Optimizing module unisims_ver.FDRE(fast__2)
-- Optimizing module unisims_ver.FDSE(fast__1)
-- Optimizing module register_block(fast)
-- Optimizing module microblaze_v10_0_6_MB_MUXCY_XORCY_331(fast)
-- Optimizing module microblaze_v10_0_6_MB_MUXCY_XORCY_346(fast)
-- Optimizing module axi_crossbar_v2_1_17_axi_crossbar(fast)
-- Optimizing module unisims_ver.SRLC16E(fast)
-- Optimizing module mb_sync_vec__parameterized1(fast)
-- Optimizing module microblaze_v10_0_6_MB_MUXCY_XORCY_548(fast)
-- Optimizing module microblaze_v10_0_6_MB_MUXCY_XORCY_538(fast)
-- Optimizing module unisims_ver.SRL16E(fast)
-- Optimizing module unisims_ver.SRL16E(fast__1)
-- Optimizing module unisims_ver.RB36_INTERNAL_VLOG(fast)
-- Optimizing module unisims_ver.RB36_INTERNAL_VLOG(fast__1)
-- Optimizing module unisims_ver.MMCME2_ADV(fast)
-- Optimizing module Decode_gti(fast)
-- Optimizing module MDM(fast)
-- Optimizing module MicroBlaze_GTi(fast)
-- Optimizing module PC_Module_gti(fast)
-- Optimizing module unisims_ver.SRL16E(fast__2)
-- Optimizing module unisims_ver.SRL16E(fast__3)
-- Optimizing module unisims_ver.SRL16E(fast__4)
-- Optimizing module unisims_ver.SRL16E(fast__5)
-- Optimizing module unisims_ver.SRL16E(fast__6)
-- Optimizing module unisims_ver.SRL16E(fast__7)
-- Optimizing module unisims_ver.SRL16E(fast__8)
-- Optimizing module unisims_ver.SRL16E(fast__9)
-- Optimizing module Zero_Detect_gti(fast)
-- Optimizing module design_uart_dlmb_v10_0(fast)
-- Optimizing module MB_FDR_144(fast)
-- Optimizing module MB_FDR_188(fast)
-- Optimizing module microblaze_v10_0_6_MB_MUXCY_113(fast)
-- Optimizing module microblaze_v10_0_6_MB_MUXCY_110(fast)
-- Optimizing module MB_FDR_198(fast)
-- Optimizing module microblaze_v10_0_6_MB_FDRE_70(fast)
-- Optimizing module design_uart_ilmb_v10_0(fast)
-- Optimizing module microblaze_v10_0_6_MB_MUXCY_111(fast)
-- Optimizing module xuart(fast)
-- Optimizing module microblaze_v10_0_6_MB_MUXCY_310(fast)
-- Optimizing module microblaze_v10_0_6_MB_MUXCY_XORCY_275(fast)
-- Optimizing module microblaze_v10_0_6_MB_MUXCY_XORCY_279(fast)
-- Optimizing module microblaze_v10_0_6_MB_MUXCY_XORCY_284(fast)
-- Optimizing module microblaze_v10_0_6_MB_MUXCY_XORCY_288(fast)
-- Optimizing module microblaze_v10_0_6_MB_MUXCY_XORCY_292(fast)
-- Optimizing module microblaze_v10_0_6_MB_MUXCY_XORCY_296(fast)
-- Optimizing module microblaze_v10_0_6_MB_MUXCY_XORCY_300(fast)
-- Optimizing module MB_BSCANE2(fast)
-- Optimizing module microblaze_v10_0_6_MB_MUXCY_XORCY_582(fast)
-- Optimizing module microblaze_v10_0_6_MB_MUXCY_XORCY_574(fast)
-- Optimizing module microblaze_v10_0_6_MB_MUXCY_XORCY_566(fast)
-- Optimizing module microblaze_v10_0_6_MB_MUXCY_XORCY_556(fast)
-- Optimizing module microblaze_v10_0_6_MB_MUXCY_XORCY_528(fast)
-- Optimizing module microblaze_v10_0_6_MB_MUXCY_XORCY_319(fast)
-- Optimizing module microblaze_v10_0_6_MB_MUXCY_XORCY_358(fast)
-- Optimizing module microblaze_v10_0_6_MB_MUXCY_XORCY_370(fast)
-- Optimizing module microblaze_v10_0_6_MB_MUXCY_XORCY_388(fast)
-- Optimizing module microblaze_v10_0_6_MB_MUXCY_XORCY_400(fast)
-- Optimizing module blk_mem_gen_prim_width__parameterized62(fast)
-- Optimizing module MB_FDR_200(fast)
-- Optimizing module microblaze_v10_0_6_MB_MUXCY_96(fast)
-- Optimizing module microblaze_v10_0_6_MB_MUXCY_XORCY_540(fast)
-- Optimizing module microblaze_v10_0_6_carry_and_59(fast)
-- Optimizing module design_uart_axi_apb_bridge_0_0(fast)
-- Optimizing module dynshreg_f(fast)
-- Optimizing module microblaze_v10_0_6_MB_FDRE_75(fast)
-- Optimizing module proc_sys_reset(fast)
-- Optimizing module ALU_Bit_508(fast)
-- Optimizing module ALU_Bit_513(fast)
-- Inlining UDP unisims_ver.x_lut3_mux8
-- Optimizing module unisims_ver.LUT3(fast)
-- Optimizing module unisims_ver.LUT3(fast__1)
-- Optimizing module unisims_ver.LUT3(fast__2)
-- Optimizing module unisims_ver.LUT3(fast__3)
-- Optimizing module unisims_ver.LUT3(fast__4)
-- Optimizing module unisims_ver.LUT3(fast__5)
-- Optimizing module unisims_ver.LUT3(fast__6)
-- Optimizing module unisims_ver.LUT3(fast__7)
-- Optimizing module unisims_ver.LUT3(fast__8)
-- Optimizing module unisims_ver.LUT3(fast__9)
-- Optimizing module unisims_ver.LUT3(fast__10)
-- Optimizing module unisims_ver.LUT3(fast__11)
-- Optimizing module unisims_ver.LUT3(fast__12)
-- Optimizing module unisims_ver.LUT3(fast__13)
-- Optimizing module unisims_ver.LUT3(fast__14)
-- Optimizing module unisims_ver.LUT3(fast__15)
-- Optimizing module unisims_ver.LUT3(fast__16)
-- Optimizing module unisims_ver.LUT3(fast__17)
-- Optimizing module unisims_ver.LUT3(fast__18)
-- Optimizing module unisims_ver.LUT3(fast__19)
-- Optimizing module blk_mem_gen_prim_wrapper__parameterized38(fast)
-- Optimizing module blk_mem_gen_prim_wrapper__parameterized2(fast)
-- Optimizing module blk_mem_gen_prim_wrapper__parameterized39(fast)
-- Optimizing module blk_mem_gen_prim_wrapper__parameterized40(fast)
-- Optimizing module blk_mem_gen_prim_wrapper__parameterized41(fast)
-- Optimizing module blk_mem_gen_prim_wrapper__parameterized42(fast)
-- Optimizing module blk_mem_gen_prim_wrapper__parameterized43(fast)
-- Optimizing module blk_mem_gen_prim_wrapper__parameterized44(fast)
-- Optimizing module blk_mem_gen_prim_wrapper__parameterized45(fast)
-- Optimizing module blk_mem_gen_prim_wrapper__parameterized46(fast)
-- Optimizing module blk_mem_gen_prim_wrapper__parameterized47(fast)
-- Optimizing module blk_mem_gen_prim_wrapper__parameterized48(fast)
-- Optimizing module blk_mem_gen_prim_wrapper__parameterized3(fast)
-- Optimizing module blk_mem_gen_prim_wrapper__parameterized49(fast)
-- Optimizing module blk_mem_gen_prim_wrapper__parameterized50(fast)
-- Optimizing module blk_mem_gen_prim_wrapper__parameterized51(fast)
-- Optimizing module blk_mem_gen_prim_wrapper__parameterized52(fast)
-- Optimizing module blk_mem_gen_prim_wrapper__parameterized53(fast)
-- Optimizing module blk_mem_gen_prim_wrapper__parameterized54(fast)
-- Optimizing module blk_mem_gen_prim_wrapper__parameterized55(fast)
-- Optimizing module blk_mem_gen_prim_wrapper__parameterized56(fast)
-- Optimizing module blk_mem_gen_prim_wrapper__parameterized57(fast)
-- Optimizing module blk_mem_gen_prim_wrapper__parameterized58(fast)
-- Optimizing module blk_mem_gen_prim_wrapper__parameterized4(fast)
-- Optimizing module blk_mem_gen_prim_wrapper__parameterized59(fast)
-- Optimizing module blk_mem_gen_prim_wrapper__parameterized60(fast)
-- Optimizing module blk_mem_gen_prim_wrapper__parameterized62(fast)
-- Optimizing module blk_mem_gen_prim_wrapper__parameterized5(fast)
-- Optimizing module blk_mem_gen_prim_wrapper__parameterized6(fast)
-- Optimizing module blk_mem_gen_prim_wrapper__parameterized7(fast)
-- Optimizing module blk_mem_gen_prim_wrapper__parameterized8(fast)
-- Optimizing module microblaze_0_local_memory_imp_UXHIJP(fast)
-- Optimizing module unisims_ver.LUT6_2(fast)
-- Optimizing module unisims_ver.LUT6_2(fast__1)
-- Optimizing module unisims_ver.LUT6_2(fast__2)
-- Optimizing module unisims_ver.LUT6_2(fast__3)
-- Optimizing module axi_crossbar_v2_1_17_addr_arbiter_sasd(fast)
-- Optimizing module MB_FDR_172(fast)
-- Optimizing module MB_FDR_174(fast)
-- Optimizing module MDM_Core(fast)
-- Optimizing module rb_regs(fast)
-- Optimizing module tx16550(fast)
-- Optimizing module unisims_ver.LUT5(fast)
-- Optimizing module design_uart(fast)
-- Optimizing module unisims_ver.LUT6(fast)
-- Optimizing module Data_Flow_Logic(fast)
-- Optimizing module receiver(fast)
-- Optimizing module jump_logic(fast)
-- Optimizing module MB_FDC_1(fast)
-- Optimizing module microblaze_v10_0_6_MB_MUXCY_100(fast)
-- Optimizing module MB_FDR_186(fast)
-- Optimizing module unisims_ver.RAMB36E1(fast__28)
-- Optimizing module unisims_ver.RAMB36E1(fast__29)
-- Optimizing module unisims_ver.RAMB36E1(fast__30)
-- Optimizing module unisims_ver.RAMB36E1(fast__31)
-- Optimizing module unisims_ver.RAMB36E1(fast__32)
-- Optimizing module unisims_ver.RAMB36E1(fast__33)
-- Optimizing module MicroBlaze(fast)
-- Optimizing module exception_registers_gti(fast)
-- Optimizing module axi_register_slice_v2_1_16_axic_register_slice(fast)
-- Optimizing module JTAG_CONTROL(fast)
-- Optimizing module design_uart_microblaze_0_0(fast)
-- Optimizing module blk_mem_gen_prim_wrapper__parameterized61(fast)
-- Optimizing module axilite_sif(fast)
-- Optimizing module DAXI_interface(fast)
-- Optimizing module ALU(fast)
-- Optimizing module blk_mem_gen_prim_wrapper(fast)
-- Optimizing module blk_mem_gen_prim_wrapper__parameterized9(fast)
-- Optimizing module blk_mem_gen_prim_wrapper__parameterized10(fast)
-- Optimizing module blk_mem_gen_prim_wrapper__parameterized11(fast)
-- Optimizing module blk_mem_gen_prim_wrapper__parameterized12(fast)
-- Optimizing module blk_mem_gen_prim_wrapper__parameterized13(fast)
-- Optimizing module blk_mem_gen_prim_wrapper__parameterized14(fast)
-- Optimizing module blk_mem_gen_prim_wrapper__parameterized15(fast)
-- Optimizing module blk_mem_gen_prim_wrapper__parameterized16(fast)
-- Optimizing module blk_mem_gen_prim_wrapper__parameterized17(fast)
-- Optimizing module blk_mem_gen_prim_wrapper__parameterized18(fast)
-- Optimizing module blk_mem_gen_prim_wrapper__parameterized0(fast)
-- Optimizing module blk_mem_gen_prim_wrapper__parameterized19(fast)
-- Optimizing module blk_mem_gen_prim_wrapper__parameterized20(fast)
-- Optimizing module blk_mem_gen_prim_wrapper__parameterized21(fast)
-- Optimizing module blk_mem_gen_prim_wrapper__parameterized22(fast)
-- Optimizing module blk_mem_gen_prim_wrapper__parameterized23(fast)
-- Optimizing module blk_mem_gen_prim_wrapper__parameterized24(fast)
-- Optimizing module blk_mem_gen_prim_wrapper__parameterized25(fast)
-- Optimizing module blk_mem_gen_prim_wrapper__parameterized26(fast)
-- Optimizing module blk_mem_gen_prim_wrapper__parameterized27(fast)
-- Optimizing module blk_mem_gen_prim_wrapper__parameterized28(fast)
-- Optimizing module blk_mem_gen_prim_wrapper__parameterized1(fast)
-- Optimizing module blk_mem_gen_prim_wrapper__parameterized29(fast)
-- Optimizing module blk_mem_gen_prim_wrapper__parameterized30(fast)
-- Optimizing module blk_mem_gen_prim_wrapper__parameterized31(fast)
-- Optimizing module blk_mem_gen_prim_wrapper__parameterized32(fast)
-- Optimizing module blk_mem_gen_prim_wrapper__parameterized33(fast)
-- Optimizing module blk_mem_gen_prim_wrapper__parameterized34(fast)
-- Optimizing module blk_mem_gen_prim_wrapper__parameterized35(fast)
-- Optimizing module blk_mem_gen_prim_wrapper__parameterized36(fast)
-- Optimizing module blk_mem_gen_prim_wrapper__parameterized37(fast)
-- Optimizing module design_uart_mdm_1_0(fast)
-- Optimizing module uart16550(fast)
-- Optimizing module PreFetch_Buffer_gti(fast)
-- Optimizing module Debug(fast)
-- Optimizing module Operand_Select_gti(fast)
-- Optimizing module blk_mem_gen_generic_cstr(fast)
-- Optimizing module Data_Flow_gti(fast)
-- Optimizing module rx16550(fast)
-- Optimizing module unisims_ver.RAMB36E1(fast)
-- Optimizing module unisims_ver.RAMB36E1(fast__1)
-- Optimizing module unisims_ver.RAMB36E1(fast__2)
-- Optimizing module unisims_ver.RAMB36E1(fast__3)
-- Optimizing module unisims_ver.RAMB36E1(fast__4)
-- Optimizing module unisims_ver.RAMB36E1(fast__5)
-- Optimizing module unisims_ver.RAMB36E1(fast__6)
-- Optimizing module unisims_ver.RAMB36E1(fast__7)
-- Optimizing module unisims_ver.RAMB36E1(fast__8)
-- Optimizing module unisims_ver.RAMB36E1(fast__9)
-- Optimizing module unisims_ver.RAMB36E1(fast__10)
-- Optimizing module unisims_ver.RAMB36E1(fast__11)
-- Optimizing module unisims_ver.RAMB36E1(fast__12)
-- Optimizing module unisims_ver.RAMB36E1(fast__13)
-- Optimizing module unisims_ver.RAMB36E1(fast__14)
-- Optimizing module unisims_ver.RAMB36E1(fast__15)
-- Optimizing module unisims_ver.RAMB36E1(fast__16)
-- Optimizing module unisims_ver.RAMB36E1(fast__17)
-- Optimizing module unisims_ver.RAMB36E1(fast__18)
-- Optimizing module unisims_ver.RAMB36E1(fast__19)
-- Optimizing module unisims_ver.RAMB36E1(fast__20)
-- Optimizing module unisims_ver.RAMB36E1(fast__21)
-- Optimizing module unisims_ver.RAMB36E1(fast__22)
-- Optimizing module unisims_ver.RAMB36E1(fast__23)
-- Optimizing module unisims_ver.RAMB36E1(fast__24)
-- Optimizing module unisims_ver.RAMB36E1(fast__25)
-- Optimizing module unisims_ver.RAMB36E1(fast__26)
-- Optimizing module unisims_ver.RAMB36E1(fast__27)
-- Optimizing module MB_FDR_221(fast)
-- Optimizing module MB_FDR_223(fast)
-- Optimizing module MB_FDR_225(fast)
-- Optimizing module MB_FDR_227(fast)
-- Optimizing module MB_FDR_229(fast)
-- Optimizing module MB_FDR_231(fast)
-- Optimizing module MB_FDR_233(fast)
-- Optimizing module MB_FDR_235(fast)
-- Optimizing module MB_FDR_237(fast)
-- Optimizing module MB_FDR_239(fast)
-- Optimizing module MB_FDR_241(fast)
-- Optimizing module MB_FDR_243(fast)
-- Optimizing module MB_FDR_245(fast)
-- Optimizing module MB_FDR_247(fast)
-- Optimizing module MB_FDR_253(fast)
-- Optimizing module MB_FDR_257(fast)
-- Optimizing module MB_FDR_259(fast)
-- Optimizing module MB_FDR_261(fast)
-- Optimizing module MB_FDR_263(fast)
-- Optimizing module MB_FDR_265(fast)
-- Optimizing module MB_FDR_267(fast)
-- Optimizing module MB_FDR_269(fast)
-- Optimizing module MB_FDR_271(fast)
-- Optimizing module MB_FDR_150(fast)
-- Optimizing module microblaze_v10_0_6_MB_FDRE_73(fast)
-- Optimizing module microblaze_v10_0_6_carry_or(fast)
-- Optimizing module mb_sync_bit(fast)
-- Optimizing module microblaze_v10_0_6_MB_FDRE_77(fast)
-- Optimizing module microblaze_v10_0_6_MB_LUT6__parameterized4_81(fast)
-- Inlining UDP unisims_ver.x_lut1_mux2
-- Optimizing module unisims_ver.LUT1(fast)
-- Optimizing module MB_FDR_132(fast)
-- Optimizing module microblaze_v10_0_6_MB_MUXCY_97(fast)
-- Optimizing module microblaze_v10_0_6_MB_SRL16E__parameterized2_23(fast)
-- Optimizing module design_uart_rst_clk_wiz_1_100M_0(fast)
-- Optimizing module mb_sync_bit_53(fast)
-- Optimizing module mb_sync_bit_2(fast)
-- Optimizing module microblaze_v10_0_6_MB_MUXCY_98(fast)
-- Optimizing module microblaze_v10_0_6_MB_MUXCY_93(fast)
-- Optimizing module instr_mux(fast)
-- Optimizing module microblaze_v10_0_6_MB_LUT6__parameterized4(fast)
-- Optimizing module unisims_ver.OBUF(fast)
-- Optimizing module MB_FDR_194(fast)
-- Optimizing module MB_FDR_209(fast)
-- Optimizing module MB_FDR_249(fast)
-- Optimizing module MB_FDR_251(fast)
-- Optimizing module MB_FDR_255(fast)
-- Optimizing module MB_FDR_182(fast)
-- Optimizing module microblaze_v10_0_6_MB_MUXCY_XORCY_337(fast)
-- Optimizing module microblaze_v10_0_6_MB_MUXCY_XORCY_340(fast)
-- Optimizing module microblaze_v10_0_6_MB_MUXCY_XORCY_352(fast)
-- Optimizing module MB_FDR_307(fast)
-- Optimizing module MB_FDR_308(fast)
-- Optimizing module MB_FDR_176(fast)
-- Optimizing module MB_FDR(fast)
-- Optimizing module mb_sync_bit_55(fast)
-- Optimizing module microblaze_v10_0_6_MB_MUXCY_XORCY_544(fast)
-- Optimizing module microblaze_v10_0_6_carry_and_91(fast)
-- Optimizing module MB_FDR_156(fast)
-- Optimizing module mb_sync_bit_50(fast)
-- Optimizing module axi_crossbar_v2_1_17_splitter__parameterized0(fast)
-- Optimizing module MB_FDR_305(fast)
-- Optimizing module MB_FDR_166(fast)
-- Optimizing module mdm_v3_2_13_MB_SRL16E__parameterized1(fast)
-- Optimizing module microblaze_v10_0_6_MB_SRL16E__parameterized2(fast)
-- Optimizing module microblaze_v10_0_6_MB_MUXCY_XORCY_546(fast)
-- Optimizing module microblaze_v10_0_6_MB_MUXCY_XORCY_536(fast)
-- Optimizing module MB_FDR_309(fast)
-- Optimizing module MB_FDR_152(fast)
-- Optimizing module MB_FDR_170(fast)
-- Optimizing module tx_fifo_block(fast)
-- Optimizing module microblaze_v10_0_6_carry_and_65(fast)
-- Optimizing module microblaze_v10_0_6_carry_and_89(fast)
-- Optimizing module mb_sync_bit_48(fast)
-- Optimizing module mb_sync_bit_49(fast)
-- Optimizing module mb_sync_bit_51(fast)
-- Optimizing module mb_sync_bit_52(fast)
-- Optimizing module mb_sync_bit_54(fast)
-- Optimizing module mb_sync_bit_1(fast)
-- Optimizing module microblaze_v10_0_6_MB_MUXCY_XORCY_552(fast)
-- Optimizing module microblaze_v10_0_6_MB_MUXCY_XORCY_550(fast)
-- Optimizing module microblaze_v10_0_6_MB_MUXCY_XORCY_542(fast)
-- Optimizing module MB_FDR_304(fast)
-- Optimizing module MB_FDR_306(fast)
-- Optimizing module MB_SRLC16E(fast)
-- Optimizing module MB_FDR_160(fast)
-- Optimizing module MB_FDRE_1(fast)
-- Optimizing module MB_FDR_130(fast)
-- Optimizing module MB_FDR_211(fast)
-- Optimizing module MB_FDR_213(fast)
-- Optimizing module MB_FDR_215(fast)
-- Optimizing module MB_FDR_217(fast)
-- Optimizing module MB_FDR_219(fast)
-- Optimizing module blk_mem_gen_prim_width__parameterized28(fast)
-- Optimizing module blk_mem_gen_prim_width__parameterized1(fast)
-- Optimizing module blk_mem_gen_prim_width__parameterized29(fast)
-- Optimizing module blk_mem_gen_prim_width__parameterized30(fast)
-- Optimizing module blk_mem_gen_prim_width__parameterized31(fast)
-- Optimizing module blk_mem_gen_prim_width__parameterized32(fast)
-- Optimizing module blk_mem_gen_prim_width__parameterized33(fast)
-- Optimizing module blk_mem_gen_prim_width__parameterized34(fast)
-- Optimizing module blk_mem_gen_prim_width__parameterized35(fast)
-- Optimizing module blk_mem_gen_prim_width__parameterized36(fast)
-- Optimizing module blk_mem_gen_prim_width__parameterized37(fast)
-- Optimizing module blk_mem_gen_prim_width__parameterized38(fast)
-- Optimizing module blk_mem_gen_prim_width__parameterized2(fast)
-- Optimizing module blk_mem_gen_prim_width__parameterized39(fast)
-- Optimizing module blk_mem_gen_prim_width__parameterized40(fast)
-- Optimizing module blk_mem_gen_prim_width__parameterized41(fast)
-- Optimizing module blk_mem_gen_prim_width__parameterized42(fast)
-- Optimizing module blk_mem_gen_prim_width__parameterized43(fast)
-- Optimizing module blk_mem_gen_prim_width__parameterized44(fast)
-- Optimizing module blk_mem_gen_prim_width__parameterized45(fast)
-- Optimizing module blk_mem_gen_prim_width__parameterized46(fast)
-- Optimizing module blk_mem_gen_prim_width__parameterized47(fast)
-- Optimizing module blk_mem_gen_prim_width__parameterized48(fast)
-- Optimizing module blk_mem_gen_prim_width__parameterized3(fast)
-- Optimizing module blk_mem_gen_prim_width__parameterized49(fast)
-- Optimizing module blk_mem_gen_prim_width__parameterized50(fast)
-- Optimizing module blk_mem_gen_prim_width__parameterized51(fast)
-- Optimizing module blk_mem_gen_prim_width__parameterized52(fast)
-- Optimizing module blk_mem_gen_prim_width__parameterized53(fast)
-- Optimizing module blk_mem_gen_prim_width__parameterized54(fast)
-- Optimizing module blk_mem_gen_prim_width__parameterized55(fast)
-- Optimizing module blk_mem_gen_prim_width__parameterized56(fast)
-- Optimizing module blk_mem_gen_prim_width__parameterized57(fast)
-- Optimizing module blk_mem_gen_prim_width__parameterized58(fast)
-- Optimizing module blk_mem_gen_prim_width__parameterized4(fast)
-- Optimizing module blk_mem_gen_prim_width__parameterized59(fast)
-- Optimizing module blk_mem_gen_prim_width__parameterized60(fast)
-- Optimizing module blk_mem_gen_prim_width__parameterized5(fast)
-- Optimizing module blk_mem_gen_prim_width__parameterized6(fast)
-- Optimizing module blk_mem_gen_prim_width__parameterized7(fast)
-- Optimizing module blk_mem_gen_prim_width__parameterized8(fast)
-- Optimizing module MB_RAM32M(fast)
-- Optimizing module MB_RAM32M_412(fast)
-- Optimizing module MB_RAM32M_413(fast)
-- Optimizing module MB_RAM32M_414(fast)
-- Optimizing module microblaze_v10_0_6_MB_MUXCY_XORCY_298(fast)
-- Optimizing module microblaze_v10_0_6_MB_MUXCY_XORCY_299(fast)
-- Optimizing module microblaze_v10_0_6_MB_FDRE(fast)
-- Optimizing module microblaze_v10_0_6_MB_FDRE_69(fast)
-- Optimizing module Shift_Logic_Module_gti(fast)
-- Optimizing module microblaze_v10_0_6_MB_MUXCY_303(fast)
-- Optimizing module microblaze_v10_0_6_MB_LUT6__parameterized1(fast)
-- Optimizing module microblaze_v10_0_6_MB_LUT6__parameterized2(fast)
-- Optimizing module MB_SRLC16E_34(fast)
-- Optimizing module MB_SRLC16E_36(fast)
-- Optimizing module MB_SRLC16E_38(fast)
-- Optimizing module MB_SRLC16E_40(fast)
-- Optimizing module MB_SRLC16E_42(fast)
-- Optimizing module MB_SRLC16E_44(fast)
-- Optimizing module MB_SRLC16E_46(fast)
-- Optimizing module mdm_v3_2_13_MB_SRL16E__parameterized0(fast)
-- Optimizing module mdm_v3_2_13_MB_SRL16E__parameterized2(fast)
-- Optimizing module microblaze_v10_0_6_MB_SRL16E(fast)
-- Optimizing module microblaze_v10_0_6_MB_SRL16E__parameterized3(fast)
-- Optimizing module microblaze_v10_0_6_MB_SRL16E__parameterized1(fast)
-- Optimizing module microblaze_v10_0_6_MB_SRL16E__parameterized1_22(fast)
-- Optimizing module microblaze_v10_0_6_MB_LUT6__parameterized5(fast)
-- Optimizing module microblaze_v10_0_6_MB_MUXCY_XORCY_583(fast)
-- Optimizing module microblaze_v10_0_6_MB_MUXCY_XORCY_580(fast)
-- Optimizing module microblaze_v10_0_6_MB_MUXCY_XORCY_572(fast)
-- Optimizing module microblaze_v10_0_6_MB_MUXCY_XORCY_564(fast)
-- Optimizing module microblaze_v10_0_6_MB_MUXCY_XORCY_554(fast)
-- Optimizing module microblaze_v10_0_6_MB_MUXCY_XORCY_534(fast)
-- Optimizing module microblaze_v10_0_6_MB_MUXCY_XORCY_526(fast)
-- Optimizing module microblaze_v10_0_6_MB_MUXCY_XORCY_322(fast)
-- Optimizing module microblaze_v10_0_6_MB_MUXCY_XORCY_343(fast)
-- Optimizing module microblaze_v10_0_6_MB_MUXCY_XORCY_361(fast)
-- Optimizing module microblaze_v10_0_6_MB_MUXCY_XORCY_373(fast)
-- Optimizing module microblaze_v10_0_6_MB_MUXCY_XORCY_391(fast)
-- Optimizing module microblaze_v10_0_6_MB_MUXCY_XORCY_403(fast)
-- Optimizing module microblaze_v10_0_6_MB_LUT6_117(fast)
-- Optimizing module microblaze_v10_0_6_MB_LUT6_119(fast)
-- Optimizing module microblaze_v10_0_6_MB_LUT6_121(fast)
-- Optimizing module microblaze_v10_0_6_MB_LUT6__parameterized0(fast)
-- Optimizing module microblaze_v10_0_6_carry_and(fast)
-- Optimizing module microblaze_v10_0_6_carry_and_63(fast)
-- Optimizing module microblaze_v10_0_6_carry_and_66(fast)
-- Optimizing module microblaze_v10_0_6_carry_and_67(fast)
-- Optimizing module microblaze_v10_0_6_MB_LUT6__parameterized4_79(fast)
-- Optimizing module microblaze_v10_0_6_MB_LUT6__parameterized4_87(fast)
-- Optimizing module microblaze_v10_0_6_carry_and_88(fast)
-- Optimizing module MB_LUT6_2_523(fast)
-- Optimizing module MB_LUT6_2(fast)
-- Optimizing module microblaze_v10_0_6_MB_MUXF7_210(fast)
-- Optimizing module microblaze_v10_0_6_MB_MUXF7_212(fast)
-- Optimizing module microblaze_v10_0_6_MB_MUXF7_214(fast)
-- Optimizing module microblaze_v10_0_6_MB_MUXF7_216(fast)
-- Optimizing module microblaze_v10_0_6_MB_MUXF7_218(fast)
-- Optimizing module microblaze_v10_0_6_MB_MUXF7_220(fast)
-- Optimizing module microblaze_v10_0_6_MB_MUXF7_222(fast)
-- Optimizing module microblaze_v10_0_6_MB_MUXF7_224(fast)
-- Optimizing module microblaze_v10_0_6_MB_MUXF7_226(fast)
-- Optimizing module microblaze_v10_0_6_MB_MUXF7_228(fast)
-- Optimizing module microblaze_v10_0_6_MB_MUXF7_230(fast)
-- Optimizing module microblaze_v10_0_6_MB_MUXF7_232(fast)
-- Optimizing module microblaze_v10_0_6_MB_MUXF7_234(fast)
-- Optimizing module microblaze_v10_0_6_MB_MUXF7_236(fast)
-- Optimizing module microblaze_v10_0_6_MB_MUXF7_238(fast)
-- Optimizing module microblaze_v10_0_6_MB_MUXF7_240(fast)
-- Optimizing module microblaze_v10_0_6_MB_MUXF7_242(fast)
-- Optimizing module microblaze_v10_0_6_MB_MUXF7_244(fast)
-- Optimizing module microblaze_v10_0_6_MB_MUXF7_246(fast)
-- Optimizing module microblaze_v10_0_6_MB_MUXF7_248(fast)
-- Optimizing module microblaze_v10_0_6_MB_MUXF7_250(fast)
-- Optimizing module microblaze_v10_0_6_MB_MUXF7_252(fast)
-- Optimizing module microblaze_v10_0_6_MB_MUXF7_254(fast)
-- Optimizing module microblaze_v10_0_6_MB_MUXF7_256(fast)
-- Optimizing module microblaze_v10_0_6_MB_MUXF7_258(fast)
-- Optimizing module microblaze_v10_0_6_MB_MUXF7_260(fast)
-- Optimizing module microblaze_v10_0_6_MB_MUXF7_262(fast)
-- Optimizing module microblaze_v10_0_6_MB_MUXF7_264(fast)
-- Optimizing module microblaze_v10_0_6_MB_MUXF7_266(fast)
-- Optimizing module microblaze_v10_0_6_MB_MUXF7_268(fast)
-- Optimizing module microblaze_v10_0_6_MB_MUXF7_270(fast)
-- Optimizing module microblaze_v10_0_6_MB_MUXF7_272(fast)
-- Optimizing module microblaze_v10_0_6_MB_MUXCY_XORCY_273(fast)
-- Optimizing module microblaze_v10_0_6_MB_MUXCY_XORCY_274(fast)
-- Optimizing module microblaze_v10_0_6_MB_MUXCY_XORCY_277(fast)
-- Optimizing module microblaze_v10_0_6_MB_MUXCY_XORCY_278(fast)
-- Optimizing module microblaze_v10_0_6_MB_MUXCY_XORCY_281(fast)
-- Optimizing module microblaze_v10_0_6_MB_MUXCY_XORCY_282(fast)
-- Optimizing module microblaze_v10_0_6_MB_MUXCY_XORCY_286(fast)
-- Optimizing module microblaze_v10_0_6_MB_MUXCY_XORCY_287(fast)
-- Optimizing module microblaze_v10_0_6_MB_MUXCY_XORCY_290(fast)
-- Optimizing module microblaze_v10_0_6_MB_MUXCY_XORCY_291(fast)
-- Optimizing module microblaze_v10_0_6_MB_MUXCY_XORCY_294(fast)
-- Optimizing module microblaze_v10_0_6_MB_MUXCY_XORCY_295(fast)
-- Optimizing module MB_LUT6_2__parameterized5_402(fast)
-- Optimizing module MB_LUT6_2__parameterized5_372(fast)
-- Optimizing module microblaze_v10_0_6_MB_MUXCY_XORCY_276(fast)
-- Optimizing module microblaze_v10_0_6_MB_MUXCY_XORCY_280(fast)
-- Optimizing module microblaze_v10_0_6_MB_MUXCY_XORCY_283(fast)
-- Optimizing module microblaze_v10_0_6_MB_MUXCY_XORCY_285(fast)
-- Optimizing module microblaze_v10_0_6_MB_MUXCY_XORCY_289(fast)
-- Optimizing module microblaze_v10_0_6_MB_MUXCY_XORCY_293(fast)
-- Optimizing module microblaze_v10_0_6_MB_MUXCY_XORCY_297(fast)
-- Optimizing module microblaze_v10_0_6_MB_MUXCY_XORCY_301(fast)
-- Optimizing module unisims_ver.AND2B1L(fast)
-- Optimizing module unisims_ver.MUXF7(fast)
-- Optimizing module microblaze_v10_0_6_MB_MUXF7(fast)
-- Optimizing module microblaze_v10_0_6_MB_MUXCY_112(fast)
-- Optimizing module microblaze_v10_0_6_MB_MUXCY_99(fast)
-- Optimizing module microblaze_v10_0_6_MB_MUXCY_XORCY_311(fast)
-- Optimizing module microblaze_v10_0_6_MB_MUXCY_XORCY(fast)
-- Optimizing module MB_LUT6_2_581(fast)
-- Optimizing module MB_LUT6_2_579(fast)
-- Optimizing module MB_LUT6_2_577(fast)
-- Optimizing module MB_LUT6_2_575(fast)
-- Optimizing module MB_LUT6_2_573(fast)
-- Optimizing module MB_LUT6_2_571(fast)
-- Optimizing module MB_LUT6_2_569(fast)
-- Optimizing module MB_LUT6_2_567(fast)
-- Optimizing module MB_LUT6_2_565(fast)
-- Optimizing module MB_LUT6_2_563(fast)
-- Optimizing module MB_LUT6_2_561(fast)
-- Optimizing module MB_LUT6_2_559(fast)
-- Optimizing module MB_LUT6_2_557(fast)
-- Optimizing module MB_LUT6_2_555(fast)
-- Optimizing module MB_LUT6_2_553(fast)
-- Optimizing module MB_LUT6_2_551(fast)
-- Optimizing module MB_LUT6_2_549(fast)
-- Optimizing module MB_LUT6_2_547(fast)
-- Optimizing module MB_LUT6_2_545(fast)
-- Optimizing module MB_LUT6_2_543(fast)
-- Optimizing module MB_LUT6_2_541(fast)
-- Optimizing module MB_LUT6_2_539(fast)
-- Optimizing module MB_LUT6_2_537(fast)
-- Optimizing module MB_LUT6_2_535(fast)
-- Optimizing module MB_LUT6_2_533(fast)
-- Optimizing module MB_LUT6_2_531(fast)
-- Optimizing module MB_LUT6_2_529(fast)
-- Optimizing module MB_LUT6_2_527(fast)
-- Optimizing module MB_LUT6_2_525(fast)
-- Optimizing module MB_FDR_146(fast)
-- Optimizing module MB_FDR_154(fast)
-- Optimizing module MB_FDR_158(fast)
-- Optimizing module MB_FDR_162(fast)
-- Optimizing module MB_FDR_164(fast)
-- Optimizing module microblaze_v10_0_6_MB_LUT6__parameterized4_83(fast)
-- Optimizing module microblaze_v10_0_6_carry_or_92(fast)
-- Optimizing module microblaze_v10_0_6_MB_MUXF7_427(fast)
-- Optimizing module microblaze_v10_0_6_MB_MUXF7_443(fast)
-- Optimizing module microblaze_v10_0_6_MB_MUXF7_444(fast)
-- Optimizing module microblaze_v10_0_6_MB_MUXF7_445(fast)
-- Optimizing module microblaze_v10_0_6_MB_MUXF7_446(fast)
-- Optimizing module microblaze_v10_0_6_MB_MUXF7_447(fast)
-- Optimizing module microblaze_v10_0_6_MB_MUXF7_448(fast)
-- Optimizing module microblaze_v10_0_6_MB_MUXF7_450(fast)
-- Optimizing module microblaze_v10_0_6_MB_MUXF7_451(fast)
-- Optimizing module MB_LUT6_2__parameterized5(fast)
-- Optimizing module MB_LUT6_2__parameterized5_312(fast)
-- Optimizing module MB_LUT6_2__parameterized5_315(fast)
-- Optimizing module MB_LUT6_2__parameterized5_318(fast)
-- Optimizing module MB_LUT6_2__parameterized5_321(fast)
-- Optimizing module MB_LUT6_2__parameterized5_324(fast)
-- Optimizing module MB_LUT6_2__parameterized5_327(fast)
-- Optimizing module MB_LUT6_2__parameterized5_330(fast)
-- Optimizing module MB_LUT6_2__parameterized5_333(fast)
-- Optimizing module MB_LUT6_2__parameterized5_336(fast)
-- Optimizing module MB_LUT6_2__parameterized5_339(fast)
-- Optimizing module MB_LUT6_2__parameterized5_342(fast)
-- Optimizing module MB_LUT6_2__parameterized5_345(fast)
-- Optimizing module MB_LUT6_2__parameterized5_348(fast)
-- Optimizing module MB_LUT6_2__parameterized5_351(fast)
-- Optimizing module MB_LUT6_2__parameterized5_354(fast)
-- Optimizing module MB_LUT6_2__parameterized5_357(fast)
-- Optimizing module MB_LUT6_2__parameterized5_360(fast)
-- Optimizing module MB_LUT6_2__parameterized5_363(fast)
-- Optimizing module MB_LUT6_2__parameterized5_366(fast)
-- Optimizing module MB_LUT6_2__parameterized5_369(fast)
-- Optimizing module MB_LUT6_2__parameterized5_375(fast)
-- Optimizing module MB_LUT6_2__parameterized5_378(fast)
-- Optimizing module MB_LUT6_2__parameterized5_381(fast)
-- Optimizing module MB_LUT6_2__parameterized5_384(fast)
-- Optimizing module MB_LUT6_2__parameterized5_387(fast)
-- Optimizing module MB_LUT6_2__parameterized5_390(fast)
-- Optimizing module MB_LUT6_2__parameterized5_393(fast)
-- Optimizing module MB_LUT6_2__parameterized5_396(fast)
-- Optimizing module MB_LUT6_2__parameterized5_399(fast)
-- Optimizing module MB_RAM32M_415(fast)
-- Optimizing module MB_RAM32M_416(fast)
-- Optimizing module MB_RAM32M_417(fast)
-- Optimizing module MB_RAM32M_418(fast)
-- Optimizing module MB_RAM32M_419(fast)
-- Optimizing module MB_RAM32M_420(fast)
-- Optimizing module MB_RAM32M_421(fast)
-- Optimizing module MB_RAM32M_422(fast)
-- Optimizing module MB_RAM32M_423(fast)
-- Optimizing module MB_RAM32M_424(fast)
-- Optimizing module MB_RAM32M_425(fast)
-- Optimizing module MB_RAM32M_426(fast)
-- Optimizing module MB_FDR_115(fast)
-- Inlining UDP unisims_ver.x_lut2_mux4
-- Optimizing module unisims_ver.LUT2(fast)
-- Optimizing module unisims_ver.LUT2(fast__1)
-- Optimizing module unisims_ver.LUT2(fast__2)
-- Optimizing module unisims_ver.LUT2(fast__3)
-- Optimizing module unisims_ver.LUT2(fast__4)
-- Optimizing module unisims_ver.LUT2(fast__5)
-- Optimizing module unisims_ver.LUT2(fast__6)
-- Optimizing module unisims_ver.LUT2(fast__7)
-- Optimizing module unisims_ver.LUT2(fast__8)
-- Optimizing module microblaze_v10_0_6_MB_FDRE_72(fast)
-- Optimizing module microblaze_v10_0_6_MB_MUXF7_428(fast)
-- Optimizing module microblaze_v10_0_6_MB_MUXF7_429(fast)
-- Optimizing module microblaze_v10_0_6_MB_MUXF7_430(fast)
-- Optimizing module microblaze_v10_0_6_MB_MUXF7_431(fast)
-- Optimizing module microblaze_v10_0_6_MB_MUXF7_432(fast)
-- Optimizing module microblaze_v10_0_6_MB_MUXF7_433(fast)
-- Optimizing module microblaze_v10_0_6_MB_MUXF7_438(fast)
-- Optimizing module microblaze_v10_0_6_MB_MUXF7_449(fast)
-- Optimizing module microblaze_v10_0_6_MB_MUXF7_452(fast)
-- Optimizing module microblaze_v10_0_6_MB_MUXF7_453(fast)
-- Optimizing module microblaze_v10_0_6_MB_MUXF7_454(fast)
-- Optimizing module microblaze_v10_0_6_MB_MUXF7_455(fast)
-- Optimizing module microblaze_v10_0_6_MB_MUXF7_456(fast)
-- Optimizing module microblaze_v10_0_6_MB_MUXF7_457(fast)
-- Optimizing module microblaze_v10_0_6_MB_MUXF7_458(fast)
-- Optimizing module MB_FDR_116(fast)
-- Optimizing module MB_FDR_126(fast)
-- Optimizing module MB_FDR_202(fast)
-- Optimizing module microblaze_v10_0_6_MB_MUXCY_XORCY_334(fast)
-- Optimizing module microblaze_v10_0_6_MB_MUXCY_XORCY_349(fast)
-- Optimizing module microblaze_v10_0_6_MB_MUXCY_114(fast)
-- Optimizing module microblaze_v10_0_6_MB_FDRE_74(fast)
-- Optimizing module microblaze_v10_0_6_MB_MUXF7_197(fast)
-- Optimizing module microblaze_v10_0_6_MB_MUXF7_199(fast)
-- Optimizing module microblaze_v10_0_6_MB_MUXF7_201(fast)
-- Optimizing module microblaze_v10_0_6_MB_MUXF7_203(fast)
-- Optimizing module microblaze_v10_0_6_MB_MUXF7_205(fast)
-- Optimizing module microblaze_v10_0_6_MB_MUXF7_207(fast)
-- Optimizing module microblaze_v10_0_6_MB_MUXCY_95(fast)
-- Optimizing module mb_sync_vec(fast)
-- Optimizing module MB_MULT_AND(fast)
-- Optimizing module MB_AND2B1L(fast)
-- Optimizing module MB_BUFG(fast)
-- Optimizing module unisims_ver.GND(fast)
-- Optimizing module unisims_ver.VCC(fast)
-- Optimizing module microblaze_v10_0_6_MB_MUXCY_41(fast)
-- Optimizing module microblaze_v10_0_6_MB_MUXCY_43(fast)
-- Optimizing module MB_LUT4(fast)
-- Optimizing module microblaze_v10_0_6_MB_LUT6__parameterized3(fast)
-- Optimizing module microblaze_v10_0_6_MB_LUT6__parameterized3_78(fast)
-- Optimizing module microblaze_v10_0_6_MB_LUT6__parameterized3_82(fast)
-- Optimizing module microblaze_v10_0_6_MB_LUT6__parameterized3_84(fast)
-- Optimizing module unisims_ver.BUFG(fast)
-- Optimizing module microblaze_v10_0_6_MB_MUXCY_408(fast)
-- Optimizing module microblaze_v10_0_6_MB_MUXF7_123(fast)
-- Optimizing module microblaze_v10_0_6_MB_MUXF7_125(fast)
-- Optimizing module microblaze_v10_0_6_MB_MUXF7_127(fast)
-- Optimizing module microblaze_v10_0_6_MB_MUXF7_129(fast)
-- Optimizing module microblaze_v10_0_6_MB_MUXF7_131(fast)
-- Optimizing module microblaze_v10_0_6_MB_MUXF7_133(fast)
-- Optimizing module microblaze_v10_0_6_MB_MUXF7_135(fast)
-- Optimizing module microblaze_v10_0_6_MB_MUXF7_137(fast)
-- Optimizing module microblaze_v10_0_6_MB_MUXF7_139(fast)
-- Optimizing module microblaze_v10_0_6_MB_MUXF7_141(fast)
-- Optimizing module microblaze_v10_0_6_MB_MUXF7_143(fast)
-- Optimizing module microblaze_v10_0_6_MB_MUXF7_145(fast)
-- Optimizing module microblaze_v10_0_6_MB_MUXF7_147(fast)
-- Optimizing module microblaze_v10_0_6_MB_MUXF7_149(fast)
-- Optimizing module microblaze_v10_0_6_MB_MUXF7_151(fast)
-- Optimizing module microblaze_v10_0_6_MB_MUXF7_153(fast)
-- Optimizing module microblaze_v10_0_6_MB_MUXF7_155(fast)
-- Optimizing module microblaze_v10_0_6_MB_MUXF7_157(fast)
-- Optimizing module microblaze_v10_0_6_MB_MUXF7_159(fast)
-- Optimizing module microblaze_v10_0_6_MB_MUXF7_161(fast)
-- Optimizing module microblaze_v10_0_6_MB_MUXF7_163(fast)
-- Optimizing module microblaze_v10_0_6_MB_MUXF7_165(fast)
-- Optimizing module microblaze_v10_0_6_MB_MUXF7_167(fast)
-- Optimizing module microblaze_v10_0_6_MB_MUXF7_169(fast)
-- Optimizing module microblaze_v10_0_6_MB_MUXF7_171(fast)
-- Optimizing module microblaze_v10_0_6_MB_MUXF7_173(fast)
-- Optimizing module microblaze_v10_0_6_MB_MUXF7_175(fast)
-- Optimizing module microblaze_v10_0_6_MB_MUXF7_177(fast)
-- Optimizing module microblaze_v10_0_6_MB_MUXF7_179(fast)
-- Optimizing module microblaze_v10_0_6_MB_MUXF7_181(fast)
-- Optimizing module microblaze_v10_0_6_MB_MUXF7_183(fast)
-- Optimizing module microblaze_v10_0_6_MB_MUXF7_185(fast)
-- Optimizing module microblaze_v10_0_6_MB_MUXF7_187(fast)
-- Optimizing module microblaze_v10_0_6_MB_MUXF7_189(fast)
-- Optimizing module microblaze_v10_0_6_MB_MUXF7_191(fast)
-- Optimizing module microblaze_v10_0_6_MB_MUXF7_193(fast)
-- Optimizing module microblaze_v10_0_6_MB_MUXF7_195(fast)
-- Optimizing module mb_sync_bit__parameterized2_28(fast)
-- Optimizing module mb_sync_bit__parameterized2_29(fast)
-- Optimizing module design_uart_clk_wiz_1_0(fast)
-- Optimizing module microblaze_v10_0_6_MB_FDRE_459(fast)
-- Optimizing module microblaze_v10_0_6_MB_FDRE_460(fast)
-- Optimizing module microblaze_v10_0_6_MB_FDRE_461(fast)
-- Optimizing module microblaze_v10_0_6_MB_FDRE_462(fast)
-- Optimizing module microblaze_v10_0_6_MB_FDRE_463(fast)
-- Optimizing module microblaze_v10_0_6_MB_FDRE_464(fast)
-- Optimizing module microblaze_v10_0_6_MB_FDRE_465(fast)
-- Optimizing module microblaze_v10_0_6_MB_FDRE_466(fast)
-- Optimizing module microblaze_v10_0_6_MB_FDRE_467(fast)
-- Optimizing module microblaze_v10_0_6_MB_FDRE_468(fast)
-- Optimizing module microblaze_v10_0_6_MB_FDRE_469(fast)
-- Optimizing module microblaze_v10_0_6_MB_FDRE_470(fast)
-- Optimizing module microblaze_v10_0_6_MB_FDRE_471(fast)
-- Optimizing module microblaze_v10_0_6_MB_FDRE_472(fast)
-- Optimizing module microblaze_v10_0_6_MB_FDRE_473(fast)
-- Optimizing module microblaze_v10_0_6_MB_FDRE_474(fast)
-- Optimizing module microblaze_v10_0_6_MB_FDRE_475(fast)
-- Optimizing module microblaze_v10_0_6_MB_FDRE_476(fast)
-- Optimizing module microblaze_v10_0_6_MB_FDRE_477(fast)
-- Optimizing module microblaze_v10_0_6_MB_FDRE_478(fast)
-- Optimizing module microblaze_v10_0_6_MB_FDRE_479(fast)
-- Optimizing module microblaze_v10_0_6_MB_FDRE_480(fast)
-- Optimizing module microblaze_v10_0_6_MB_FDRE_481(fast)
-- Optimizing module microblaze_v10_0_6_MB_FDRE_482(fast)
-- Optimizing module microblaze_v10_0_6_MB_FDRE_483(fast)
-- Optimizing module microblaze_v10_0_6_MB_FDRE_484(fast)
-- Optimizing module microblaze_v10_0_6_MB_FDRE_485(fast)
-- Optimizing module microblaze_v10_0_6_MB_FDRE_486(fast)
-- Optimizing module microblaze_v10_0_6_MB_FDRE_487(fast)
-- Optimizing module microblaze_v10_0_6_MB_FDRE_488(fast)
-- Optimizing module microblaze_v10_0_6_MB_FDRE_489(fast)
-- Optimizing module microblaze_v10_0_6_MB_FDRE_490(fast)
-- Optimizing module MB_LUT6_2__parameterized1(fast)
-- Optimizing module microblaze_v10_0_6_MB_MUXCY_109(fast)
-- Optimizing module microblaze_v10_0_6_MB_MUXCY_106(fast)
-- Optimizing module microblaze_v10_0_6_MB_MUXCY_105(fast)
-- Optimizing module microblaze_v10_0_6_MB_FDRE_71(fast)
-- Optimizing module microblaze_v10_0_6_MB_LUT6__parameterized3_80(fast)
-- Optimizing module microblaze_v10_0_6_MB_LUT6__parameterized3_86(fast)
-- Optimizing module microblaze_v10_0_6_MB_MUXCY_103(fast)
-- Optimizing module microblaze_v10_0_6_MB_MUXCY_101(fast)
-- Optimizing module microblaze_v10_0_6_MB_MUXCY_33(fast)
-- Optimizing module microblaze_v10_0_6_MB_MUXCY_35(fast)
-- Optimizing module microblaze_v10_0_6_MB_MUXCY_XORCY_328(fast)
-- Optimizing module MB_FDE_329(fast)
-- Optimizing module MB_FDE_332(fast)
-- Optimizing module MB_FDE_335(fast)
-- Optimizing module MB_FDE_338(fast)
-- Optimizing module MB_FDE_341(fast)
-- Optimizing module MB_FDE_344(fast)
-- Optimizing module MB_FDE_347(fast)
-- Optimizing module MB_FDE_350(fast)
-- Optimizing module MB_FDE_353(fast)
-- Optimizing module MB_FDE_356(fast)
-- Optimizing module MB_FDE_359(fast)
-- Optimizing module MB_FDE_362(fast)
-- Optimizing module microblaze_v10_0_6_MB_MUXCY_XORCY_364(fast)
-- Optimizing module MB_FDE_365(fast)
-- Optimizing module microblaze_v10_0_6_MB_MUXCY_XORCY_367(fast)
-- Optimizing module MB_FDE_368(fast)
-- Optimizing module MB_FDE_371(fast)
-- Optimizing module MB_FDE_374(fast)
-- Optimizing module microblaze_v10_0_6_MB_MUXCY_XORCY_376(fast)
-- Optimizing module MB_FDE_377(fast)
-- Optimizing module microblaze_v10_0_6_MB_MUXCY_XORCY_379(fast)
-- Optimizing module MB_FDE_380(fast)
-- Optimizing module microblaze_v10_0_6_MB_MUXCY_XORCY_382(fast)
-- Optimizing module MB_FDE_383(fast)
-- Optimizing module microblaze_v10_0_6_MB_MUXCY_XORCY_385(fast)
-- Optimizing module MB_FDE_386(fast)
-- Optimizing module MB_FDE_389(fast)
-- Optimizing module MB_FDE_392(fast)
-- Optimizing module microblaze_v10_0_6_MB_MUXCY_XORCY_394(fast)
-- Optimizing module MB_FDE_395(fast)
-- Optimizing module microblaze_v10_0_6_MB_MUXCY_XORCY_397(fast)
-- Optimizing module MB_FDE_398(fast)
-- Optimizing module MB_FDE_401(fast)
-- Optimizing module MB_FDE_404(fast)
-- Optimizing module MB_FDR_118(fast)
-- Optimizing module MB_FDR_128(fast)
-- Optimizing module MB_FDR_134(fast)
-- Optimizing module MB_FDR_178(fast)
-- Optimizing module MB_FDR_180(fast)
-- Optimizing module MB_FDR_184(fast)
-- Optimizing module MB_FDR_204(fast)
-- Optimizing module microblaze_v10_0_6_carry_and_60(fast)
-- Optimizing module mb_sync_bit__parameterized2(fast)
-- Optimizing module mb_sync_bit__parameterized2_58(fast)
-- Optimizing module mb_sync_bit__parameterized2_27(fast)
-- Optimizing module microblaze_v10_0_6_carry_and_90(fast)
-- Optimizing module microblaze_v10_0_6_MB_LUT6(fast)
-- Optimizing module microblaze_v10_0_6_MB_MUXCY_108(fast)
-- Optimizing module microblaze_v10_0_6_MB_MUXCY_104(fast)
-- Optimizing module mb_sync_bit__parameterized2_26(fast)
-- Optimizing module microblaze_v10_0_6_MB_MUXCY_37(fast)
-- Optimizing module microblaze_v10_0_6_MB_MUXCY_45(fast)
-- Optimizing module microblaze_v10_0_6_carry_and_64(fast)
-- Optimizing module microblaze_v10_0_6_carry_and_68(fast)
-- Optimizing module microblaze_v10_0_6_MB_LUT6__parameterized4_85(fast)
-- Optimizing module MB_LUT6_2__parameterized3(fast)
-- Optimizing module MB_LUT6_2__parameterized3_3(fast)
-- Optimizing module MB_LUT6_2__parameterized3_4(fast)
-- Optimizing module MB_LUT6_2__parameterized3_5(fast)
-- Optimizing module MB_LUT6_2__parameterized3_6(fast)
-- Optimizing module MB_LUT6_2__parameterized3_7(fast)
-- Optimizing module MB_LUT6_2__parameterized3_8(fast)
-- Optimizing module MB_LUT6_2__parameterized3_9(fast)
-- Optimizing module MB_LUT6_2__parameterized3_10(fast)
-- Optimizing module MB_LUT6_2__parameterized3_12(fast)
-- Optimizing module MB_LUT6_2__parameterized3_13(fast)
-- Optimizing module MB_LUT6_2__parameterized3_14(fast)
-- Optimizing module MB_LUT6_2__parameterized3_15(fast)
-- Optimizing module MB_LUT6_2__parameterized3_16(fast)
-- Optimizing module MB_LUT6_2__parameterized3_17(fast)
-- Optimizing module multiplexor(fast)
-- Optimizing module microblaze_v10_0_6_MB_MUXCY_XORCY_578(fast)
-- Optimizing module microblaze_v10_0_6_MB_MUXCY_XORCY_576(fast)
-- Optimizing module microblaze_v10_0_6_MB_MUXCY_XORCY_570(fast)
-- Optimizing module microblaze_v10_0_6_MB_MUXCY_XORCY_568(fast)
-- Optimizing module microblaze_v10_0_6_MB_MUXCY_XORCY_562(fast)
-- Optimizing module microblaze_v10_0_6_MB_MUXCY_XORCY_560(fast)
-- Optimizing module microblaze_v10_0_6_MB_MUXCY_XORCY_558(fast)
-- Optimizing module microblaze_v10_0_6_MB_MUXCY_XORCY_532(fast)
-- Optimizing module microblaze_v10_0_6_MB_MUXCY_XORCY_530(fast)
-- Optimizing module microblaze_v10_0_6_MB_MUXCY_XORCY_524(fast)
-- Optimizing module microblaze_v10_0_6_MB_MUXCY_XORCY_522(fast)
-- Optimizing module MB_FDE(fast)
-- Optimizing module microblaze_v10_0_6_MB_MUXCY_XORCY_313(fast)
-- Optimizing module MB_FDE_314(fast)
-- Optimizing module microblaze_v10_0_6_MB_MUXCY_XORCY_316(fast)
-- Optimizing module MB_FDE_317(fast)
-- Optimizing module MB_FDE_320(fast)
-- Optimizing module MB_FDE_323(fast)
-- Optimizing module microblaze_v10_0_6_MB_MUXCY_XORCY_325(fast)
-- Optimizing module MB_FDE_326(fast)
Optimized design name is dti_uart_top_opt
End time: 17:55:09 on Apr 24,2024, Elapsed time: 0:00:02
Errors: 0, Warnings: 5
