# //  Questa Sim-64
# //  Version 10.7d_1 linux_x86_64 May  8 2019
# //
# //  Copyright 1991-2019 Mentor Graphics Corporation
# //  All Rights Reserved.
# //
# //  QuestaSim and its associated documentation contain trade
# //  secrets and commercial or financial information that are the property of
# //  Mentor Graphics Corporation and are privileged, confidential,
# //  and exempt from disclosure under the Freedom of Information Act,
# //  5 U.S.C. Section 552. Furthermore, this information
# //  is prohibited from disclosure under the Trade Secrets Act,
# //  18 U.S.C. Section 1905.
# //
# do {dti_uart_top_simulate.do}
# vsim -lib xil_defaultlib dti_uart_top_opt 
# Start time: 17:55:15 on Apr 24,2024
# Loading sv_std.std
# Loading work.dti_uart_top(fast)
# Loading work.design_uart_wrapper(fast)
# Loading unisims_ver.IBUF(fast)
# Loading work.design_uart(fast)
# Loading work.design_uart_axi_apb_bridge_0_0(fast)
# Loading work.axi_apb_bridge(fast)
# Loading work.apb_mif(fast)
# Loading unisims_ver.LUT5(fast)
# Loading unisims_ver.FDSE(fast)
# Loading unisims_ver.FDRE(fast)
# Loading unisims_ver.LUT3(fast)
# Loading unisims_ver.LUT3(fast__1)
# Loading work.axilite_sif(fast)
# Loading unisims_ver.LUT4(fast)
# Loading unisims_ver.LUT1(fast)
# Loading unisims_ver.LUT6(fast)
# Loading unisims_ver.LUT3(fast__2)
# Loading unisims_ver.LUT3(fast__3)
# Loading unisims_ver.LUT2(fast)
# Loading unisims_ver.LUT2(fast__1)
# Loading unisims_ver.LUT2(fast__2)
# Loading work.multiplexor(fast)
# Loading work.design_uart_axi_interconnect_0_0(fast)
# Loading work.design_uart_xbar_0(fast)
# Loading work.axi_crossbar_v2_1_17_axi_crossbar(fast)
# Loading work.axi_crossbar_v2_1_17_crossbar_sasd(fast)
# Loading work.axi_crossbar_v2_1_17_addr_arbiter_sasd(fast)
# Loading unisims_ver.LUT3(fast__4)
# Loading unisims_ver.LUT3(fast__5)
# Loading unisims_ver.LUT2(fast__3)
# Loading work.axi_crossbar_v2_1_17_decerr_slave(fast)
# Loading work.axi_register_slice_v2_1_16_axic_register_slice(fast)
# Loading work.axi_crossbar_v2_1_17_splitter__parameterized0(fast)
# Loading unisims_ver.LUT3(fast__6)
# Loading work.axi_crossbar_v2_1_17_splitter(fast)
# Loading work.design_uart_axi_uart16550_0_0(fast)
# Loading work.axi_uart16550(fast)
# Loading work.axi_lite_ipif(fast)
# Loading work.slave_attachment(fast)
# Loading work.address_decoder(fast)
# Loading unisims_ver.LUT3(fast__7)
# Loading work.xuart(fast)
# Loading work.ipic_if(fast)
# Loading work.uart16550(fast)
# Loading unisims_ver.LUT3(fast__8)
# Loading unisims_ver.LUT3(fast__9)
# Loading unisims_ver.LUT3(fast__10)
# Loading work.rx_fifo_block(fast)
# Loading work.rx_fifo_control(fast)
# Loading unisims_ver.LUT2(fast__4)
# Loading unisims_ver.LUT3(fast__11)
# Loading unisims_ver.LUT3(fast__12)
# Loading work.srl_fifo_rbu_f__parameterized0(fast)
# Loading work.cntr_incr_decr_addn_f_585(fast)
# Loading work.dynshreg_f__parameterized0(fast)
# Loading unisims_ver.SRL16E(fast)
# Loading work.tx_fifo_block(fast)
# Loading work.srl_fifo_rbu_f(fast)
# Loading work.cntr_incr_decr_addn_f(fast)
# Loading work.dynshreg_f(fast)
# Loading unisims_ver.LUT2(fast__5)
# Loading unisims_ver.CARRY4(fast)
# Loading unisims_ver.LUT3(fast__13)
# Loading unisims_ver.LUT2(fast__6)
# Loading work.rx16550(fast)
# Loading unisims_ver.LUT3(fast__14)
# Loading unisims_ver.LUT3(fast__15)
# Loading unisims_ver.LUT3(fast__16)
# Loading unisims_ver.LUT3(fast__17)
# Loading unisims_ver.LUT2(fast__7)
# Loading unisims_ver.MUXF7(fast)
# Loading unisims_ver.LUT3(fast__18)
# Loading work.tx16550(fast)
# Loading unisims_ver.LUT2(fast__8)
# Loading unisims_ver.LUT3(fast__19)
# Loading unisims_ver.LUT3(fast__20)
# Loading unisims_ver.LUT3(fast__21)
# Loading work.xuart_tx_load_sm(fast)
# Loading unisims_ver.LUT3(fast__22)
# Loading unisims_ver.LUT3(fast__23)
# Loading unisims_ver.LUT3(fast__24)
# Loading unisims_ver.LUT3(fast__25)
# Loading unisims_ver.LUT3(fast__26)
# Loading work.design_uart_clk_wiz_1_0(fast)
# Loading work.design_uart_clk_wiz_1_0_clk_wiz(fast)
# Loading unisims_ver.BUFG(fast)
# Loading unisims_ver.IBUF(fast__1)
# Loading unisims_ver.MMCME2_ADV(fast)
# Loading work.design_uart_dti_uart_0_0(fast)
# Loading work.dti_uart(fast)
# Loading work.baudrate_gen(fast)
# Loading unisims_ver.FDCE(fast)
# Loading unisims_ver.LUT3(fast__27)
# Loading unisims_ver.LUT3(fast__28)
# Loading work.receiver(fast)
# Loading unisims_ver.LUT3(fast__29)
# Loading unisims_ver.LUT3(fast__30)
# Loading work.register_block(fast)
# Loading work.rb_regs(fast)
# Loading unisims_ver.LUT3(fast__31)
# Loading unisims_ver.LUT3(fast__32)
# Loading work.transmitter(fast)
# Loading unisims_ver.FDPE(fast)
# Loading work.design_uart_mdm_1_0(fast)
# Loading work.MDM(fast)
# Loading work.MDM_Core(fast)
# Loading work.JTAG_CONTROL(fast)
# Loading unisims_ver.GND(fast)
# Loading work.MB_FDC_1(fast)
# Loading unisims_ver.FDCE(fast__1)
# Loading work.MB_FDRE_1(fast)
# Loading unisims_ver.FDRE(fast__1)
# Loading work.mdm_v3_2_13_MB_SRL16E(fast)
# Loading unisims_ver.SRL16E(fast__1)
# Loading work.mdm_v3_2_13_MB_SRL16E__parameterized0(fast)
# Loading unisims_ver.SRL16E(fast__2)
# Loading work.mdm_v3_2_13_MB_SRL16E__parameterized1(fast)
# Loading unisims_ver.SRL16E(fast__3)
# Loading work.mdm_v3_2_13_MB_SRL16E__parameterized2(fast)
# Loading unisims_ver.SRL16E(fast__4)
# Loading unisims_ver.LUT3(fast__33)
# Loading unisims_ver.LUT3(fast__34)
# Loading work.MB_BUFG(fast)
# Loading work.MB_BSCANE2(fast)
# Loading unisims_ver.BSCANE2(fast)
# Loading unisims_ver.LUT3(fast__35)
# Loading work.design_uart_microblaze_0_0(fast)
# Loading work.MicroBlaze(fast)
# Loading work.MicroBlaze_Core(fast)
# Loading work.MicroBlaze_GTi(fast)
# Loading work.Data_Flow_gti(fast)
# Loading work.ALU(fast)
# Loading work.ALU_Bit__parameterized2(fast)
# Loading work.MB_LUT4(fast)
# Loading work.microblaze_v10_0_6_MB_LUT6__parameterized5(fast)
# Loading work.MB_MULT_AND(fast)
# Loading work.microblaze_v10_0_6_MB_MUXCY_XORCY_583(fast)
# Loading work.ALU_Bit(fast)
# Loading work.MB_LUT6_2_581(fast)
# Loading unisims_ver.LUT6_2(fast)
# Loading work.microblaze_v10_0_6_MB_MUXCY_XORCY_582(fast)
# Loading work.ALU_Bit_492(fast)
# Loading work.MB_LUT6_2_579(fast)
# Loading work.microblaze_v10_0_6_MB_MUXCY_XORCY_580(fast)
# Loading work.ALU_Bit_493(fast)
# Loading work.MB_LUT6_2_577(fast)
# Loading work.microblaze_v10_0_6_MB_MUXCY_XORCY_578(fast)
# Loading work.ALU_Bit_494(fast)
# Loading work.MB_LUT6_2_575(fast)
# Loading work.microblaze_v10_0_6_MB_MUXCY_XORCY_576(fast)
# Loading work.ALU_Bit_495(fast)
# Loading work.MB_LUT6_2_573(fast)
# Loading work.microblaze_v10_0_6_MB_MUXCY_XORCY_574(fast)
# Loading work.ALU_Bit_496(fast)
# Loading work.MB_LUT6_2_571(fast)
# Loading work.microblaze_v10_0_6_MB_MUXCY_XORCY_572(fast)
# Loading work.ALU_Bit_497(fast)
# Loading work.MB_LUT6_2_569(fast)
# Loading work.microblaze_v10_0_6_MB_MUXCY_XORCY_570(fast)
# Loading work.ALU_Bit_498(fast)
# Loading work.MB_LUT6_2_567(fast)
# Loading work.microblaze_v10_0_6_MB_MUXCY_XORCY_568(fast)
# Loading work.ALU_Bit_499(fast)
# Loading work.MB_LUT6_2_565(fast)
# Loading work.microblaze_v10_0_6_MB_MUXCY_XORCY_566(fast)
# Loading work.ALU_Bit_500(fast)
# Loading work.MB_LUT6_2_563(fast)
# Loading work.microblaze_v10_0_6_MB_MUXCY_XORCY_564(fast)
# Loading work.ALU_Bit_501(fast)
# Loading work.MB_LUT6_2_561(fast)
# Loading work.microblaze_v10_0_6_MB_MUXCY_XORCY_562(fast)
# Loading work.ALU_Bit_502(fast)
# Loading work.MB_LUT6_2_559(fast)
# Loading work.microblaze_v10_0_6_MB_MUXCY_XORCY_560(fast)
# Loading work.ALU_Bit_503(fast)
# Loading work.MB_LUT6_2_557(fast)
# Loading work.microblaze_v10_0_6_MB_MUXCY_XORCY_558(fast)
# Loading work.ALU_Bit_504(fast)
# Loading work.MB_LUT6_2_555(fast)
# Loading work.microblaze_v10_0_6_MB_MUXCY_XORCY_556(fast)
# Loading work.ALU_Bit_505(fast)
# Loading work.MB_LUT6_2_553(fast)
# Loading work.microblaze_v10_0_6_MB_MUXCY_XORCY_554(fast)
# Loading work.ALU_Bit_506(fast)
# Loading work.MB_LUT6_2_551(fast)
# Loading work.microblaze_v10_0_6_MB_MUXCY_XORCY_552(fast)
# Loading work.ALU_Bit_507(fast)
# Loading work.MB_LUT6_2_549(fast)
# Loading work.microblaze_v10_0_6_MB_MUXCY_XORCY_550(fast)
# Loading work.ALU_Bit_508(fast)
# Loading work.MB_LUT6_2_547(fast)
# Loading work.microblaze_v10_0_6_MB_MUXCY_XORCY_548(fast)
# Loading work.ALU_Bit_509(fast)
# Loading work.MB_LUT6_2_545(fast)
# Loading work.microblaze_v10_0_6_MB_MUXCY_XORCY_546(fast)
# Loading work.ALU_Bit_510(fast)
# Loading work.MB_LUT6_2_543(fast)
# Loading work.microblaze_v10_0_6_MB_MUXCY_XORCY_544(fast)
# Loading work.ALU_Bit_511(fast)
# Loading work.MB_LUT6_2_541(fast)
# Loading work.microblaze_v10_0_6_MB_MUXCY_XORCY_542(fast)
# Loading work.ALU_Bit_512(fast)
# Loading work.MB_LUT6_2_539(fast)
# Loading work.microblaze_v10_0_6_MB_MUXCY_XORCY_540(fast)
# Loading work.ALU_Bit_513(fast)
# Loading work.MB_LUT6_2_537(fast)
# Loading work.microblaze_v10_0_6_MB_MUXCY_XORCY_538(fast)
# Loading work.ALU_Bit_514(fast)
# Loading work.MB_LUT6_2_535(fast)
# Loading work.microblaze_v10_0_6_MB_MUXCY_XORCY_536(fast)
# Loading work.ALU_Bit_515(fast)
# Loading work.MB_LUT6_2_533(fast)
# Loading work.microblaze_v10_0_6_MB_MUXCY_XORCY_534(fast)
# Loading work.ALU_Bit_516(fast)
# Loading work.MB_LUT6_2_531(fast)
# Loading work.microblaze_v10_0_6_MB_MUXCY_XORCY_532(fast)
# Loading work.ALU_Bit_517(fast)
# Loading work.MB_LUT6_2_529(fast)
# Loading work.microblaze_v10_0_6_MB_MUXCY_XORCY_530(fast)
# Loading work.ALU_Bit_518(fast)
# Loading work.MB_LUT6_2_527(fast)
# Loading work.microblaze_v10_0_6_MB_MUXCY_XORCY_528(fast)
# Loading work.ALU_Bit_519(fast)
# Loading work.MB_LUT6_2_525(fast)
# Loading work.microblaze_v10_0_6_MB_MUXCY_XORCY_526(fast)
# Loading work.ALU_Bit_520(fast)
# Loading work.MB_LUT6_2_523(fast)
# Loading work.microblaze_v10_0_6_MB_MUXCY_XORCY_524(fast)
# Loading work.ALU_Bit_521(fast)
# Loading work.MB_LUT6_2(fast)
# Loading work.microblaze_v10_0_6_MB_MUXCY_XORCY_522(fast)
# Loading work.Byte_Doublet_Handle_gti(fast)
# Loading unisims_ver.LUT3(fast__36)
# Loading work.Data_Flow_Logic(fast)
# Loading work.microblaze_v10_0_6_MB_FDRE_459(fast)
# Loading work.microblaze_v10_0_6_MB_FDRE_460(fast)
# Loading work.microblaze_v10_0_6_MB_FDRE_461(fast)
# Loading work.microblaze_v10_0_6_MB_FDRE_462(fast)
# Loading work.microblaze_v10_0_6_MB_FDRE_463(fast)
# Loading work.microblaze_v10_0_6_MB_FDRE_464(fast)
# Loading work.microblaze_v10_0_6_MB_FDRE_465(fast)
# Loading work.microblaze_v10_0_6_MB_FDRE_466(fast)
# Loading work.microblaze_v10_0_6_MB_FDRE_467(fast)
# Loading work.microblaze_v10_0_6_MB_FDRE_468(fast)
# Loading work.microblaze_v10_0_6_MB_FDRE_469(fast)
# Loading work.microblaze_v10_0_6_MB_FDRE_470(fast)
# Loading work.microblaze_v10_0_6_MB_FDRE_471(fast)
# Loading work.microblaze_v10_0_6_MB_FDRE_472(fast)
# Loading work.microblaze_v10_0_6_MB_FDRE_473(fast)
# Loading work.microblaze_v10_0_6_MB_FDRE_474(fast)
# Loading work.microblaze_v10_0_6_MB_FDRE_475(fast)
# Loading work.microblaze_v10_0_6_MB_FDRE_476(fast)
# Loading work.microblaze_v10_0_6_MB_FDRE_477(fast)
# Loading work.microblaze_v10_0_6_MB_FDRE_478(fast)
# Loading work.microblaze_v10_0_6_MB_FDRE_479(fast)
# Loading work.microblaze_v10_0_6_MB_FDRE_480(fast)
# Loading work.microblaze_v10_0_6_MB_FDRE_481(fast)
# Loading work.microblaze_v10_0_6_MB_FDRE_482(fast)
# Loading work.microblaze_v10_0_6_MB_FDRE_483(fast)
# Loading work.microblaze_v10_0_6_MB_FDRE_484(fast)
# Loading work.microblaze_v10_0_6_MB_FDRE_485(fast)
# Loading work.microblaze_v10_0_6_MB_FDRE_486(fast)
# Loading work.microblaze_v10_0_6_MB_FDRE_487(fast)
# Loading work.microblaze_v10_0_6_MB_FDRE_488(fast)
# Loading work.microblaze_v10_0_6_MB_FDRE_489(fast)
# Loading work.microblaze_v10_0_6_MB_FDRE_490(fast)
# Loading work.Operand_Select_gti(fast)
# Loading work.microblaze_v10_0_6_MB_MUXF7_427(fast)
# Loading work.microblaze_v10_0_6_MB_MUXF7_428(fast)
# Loading work.microblaze_v10_0_6_MB_MUXF7_429(fast)
# Loading work.microblaze_v10_0_6_MB_MUXF7_430(fast)
# Loading work.microblaze_v10_0_6_MB_MUXF7_431(fast)
# Loading work.microblaze_v10_0_6_MB_MUXF7_432(fast)
# Loading work.microblaze_v10_0_6_MB_MUXF7_433(fast)
# Loading work.microblaze_v10_0_6_MB_MUXF7_434(fast)
# Loading work.microblaze_v10_0_6_MB_MUXF7_435(fast)
# Loading work.microblaze_v10_0_6_MB_MUXF7_436(fast)
# Loading work.microblaze_v10_0_6_MB_MUXF7_437(fast)
# Loading work.microblaze_v10_0_6_MB_MUXF7_438(fast)
# Loading work.microblaze_v10_0_6_MB_MUXF7_439(fast)
# Loading work.microblaze_v10_0_6_MB_MUXF7_440(fast)
# Loading work.microblaze_v10_0_6_MB_MUXF7_441(fast)
# Loading work.microblaze_v10_0_6_MB_MUXF7_442(fast)
# Loading work.microblaze_v10_0_6_MB_MUXF7_443(fast)
# Loading work.microblaze_v10_0_6_MB_MUXF7_444(fast)
# Loading work.microblaze_v10_0_6_MB_MUXF7_445(fast)
# Loading work.microblaze_v10_0_6_MB_MUXF7_446(fast)
# Loading work.microblaze_v10_0_6_MB_MUXF7_447(fast)
# Loading work.microblaze_v10_0_6_MB_MUXF7_448(fast)
# Loading work.microblaze_v10_0_6_MB_MUXF7_449(fast)
# Loading work.microblaze_v10_0_6_MB_MUXF7_450(fast)
# Loading work.microblaze_v10_0_6_MB_MUXF7_451(fast)
# Loading work.microblaze_v10_0_6_MB_MUXF7_452(fast)
# Loading work.microblaze_v10_0_6_MB_MUXF7_453(fast)
# Loading work.microblaze_v10_0_6_MB_MUXF7_454(fast)
# Loading work.microblaze_v10_0_6_MB_MUXF7_455(fast)
# Loading work.microblaze_v10_0_6_MB_MUXF7_456(fast)
# Loading work.microblaze_v10_0_6_MB_MUXF7_457(fast)
# Loading work.microblaze_v10_0_6_MB_MUXF7_458(fast)
# Loading unisims_ver.LUT3(fast__37)
# Loading unisims_ver.LUT3(fast__38)
# Loading work.Register_File_gti(fast)
# Loading work.MB_RAM32M(fast)
# Loading unisims_ver.RAM32M(fast)
# Loading work.MB_RAM32M_412(fast)
# Loading work.MB_RAM32M_413(fast)
# Loading work.MB_RAM32M_414(fast)
# Loading work.MB_RAM32M_415(fast)
# Loading work.MB_RAM32M_416(fast)
# Loading work.MB_RAM32M_417(fast)
# Loading work.MB_RAM32M_418(fast)
# Loading work.MB_RAM32M_419(fast)
# Loading work.MB_RAM32M_420(fast)
# Loading work.MB_RAM32M_421(fast)
# Loading work.MB_RAM32M_422(fast)
# Loading work.MB_RAM32M_423(fast)
# Loading work.MB_RAM32M_424(fast)
# Loading work.MB_RAM32M_425(fast)
# Loading work.MB_RAM32M_426(fast)
# Loading work.Shift_Logic_Module_gti(fast)
# Loading work.microblaze_v10_0_6_MB_MUXCY_302(fast)
# Loading work.microblaze_v10_0_6_MB_MUXCY_303(fast)
# Loading unisims_ver.VCC(fast)
# Loading work.MB_LUT6_2__parameterized1(fast)
# Loading work.Zero_Detect_gti(fast)
# Loading work.microblaze_v10_0_6_MB_MUXCY_405(fast)
# Loading work.microblaze_v10_0_6_MB_MUXCY_408(fast)
# Loading work.microblaze_v10_0_6_MB_MUXCY_409(fast)
# Loading work.exception_registers_gti(fast)
# Loading work.microblaze_v10_0_6_MB_MUXCY_310(fast)
# Loading work.MB_LUT6_2__parameterized5(fast)
# Loading unisims_ver.LUT6_2(fast__1)
# Loading work.microblaze_v10_0_6_MB_MUXCY_XORCY_311(fast)
# Loading work.MB_FDE(fast)
# Loading work.MB_LUT6_2__parameterized5_312(fast)
# Loading work.microblaze_v10_0_6_MB_MUXCY_XORCY_313(fast)
# Loading work.MB_FDE_314(fast)
# Loading work.MB_LUT6_2__parameterized5_315(fast)
# Loading work.microblaze_v10_0_6_MB_MUXCY_XORCY_316(fast)
# Loading work.MB_FDE_317(fast)
# Loading work.MB_LUT6_2__parameterized5_318(fast)
# Loading work.microblaze_v10_0_6_MB_MUXCY_XORCY_319(fast)
# Loading work.MB_FDE_320(fast)
# Loading work.MB_LUT6_2__parameterized5_321(fast)
# Loading work.microblaze_v10_0_6_MB_MUXCY_XORCY_322(fast)
# Loading work.MB_FDE_323(fast)
# Loading work.MB_LUT6_2__parameterized5_324(fast)
# Loading work.microblaze_v10_0_6_MB_MUXCY_XORCY_325(fast)
# Loading work.MB_FDE_326(fast)
# Loading work.MB_LUT6_2__parameterized5_327(fast)
# Loading work.microblaze_v10_0_6_MB_MUXCY_XORCY_328(fast)
# Loading work.MB_FDE_329(fast)
# Loading work.MB_LUT6_2__parameterized5_330(fast)
# Loading work.microblaze_v10_0_6_MB_MUXCY_XORCY_331(fast)
# Loading work.MB_FDE_332(fast)
# Loading work.MB_LUT6_2__parameterized5_333(fast)
# Loading work.microblaze_v10_0_6_MB_MUXCY_XORCY_334(fast)
# Loading work.MB_FDE_335(fast)
# Loading work.MB_LUT6_2__parameterized5_336(fast)
# Loading work.microblaze_v10_0_6_MB_MUXCY_XORCY_337(fast)
# Loading work.MB_FDE_338(fast)
# Loading work.MB_LUT6_2__parameterized5_339(fast)
# Loading work.microblaze_v10_0_6_MB_MUXCY_XORCY_340(fast)
# Loading work.MB_FDE_341(fast)
# Loading work.MB_LUT6_2__parameterized5_342(fast)
# Loading work.microblaze_v10_0_6_MB_MUXCY_XORCY_343(fast)
# Loading work.MB_FDE_344(fast)
# Loading work.MB_LUT6_2__parameterized5_345(fast)
# Loading work.microblaze_v10_0_6_MB_MUXCY_XORCY_346(fast)
# Loading work.MB_FDE_347(fast)
# Loading work.MB_LUT6_2__parameterized5_348(fast)
# Loading work.microblaze_v10_0_6_MB_MUXCY_XORCY_349(fast)
# Loading work.MB_FDE_350(fast)
# Loading work.MB_LUT6_2__parameterized5_351(fast)
# Loading work.microblaze_v10_0_6_MB_MUXCY_XORCY_352(fast)
# Loading work.MB_FDE_353(fast)
# Loading work.MB_LUT6_2__parameterized5_354(fast)
# Loading work.microblaze_v10_0_6_MB_MUXCY_XORCY_355(fast)
# Loading work.MB_FDE_356(fast)
# Loading work.MB_LUT6_2__parameterized5_357(fast)
# Loading work.microblaze_v10_0_6_MB_MUXCY_XORCY_358(fast)
# Loading work.MB_FDE_359(fast)
# Loading work.MB_LUT6_2__parameterized5_360(fast)
# Loading work.microblaze_v10_0_6_MB_MUXCY_XORCY_361(fast)
# Loading work.MB_FDE_362(fast)
# Loading work.MB_LUT6_2__parameterized5_363(fast)
# Loading work.microblaze_v10_0_6_MB_MUXCY_XORCY_364(fast)
# Loading work.MB_FDE_365(fast)
# Loading work.MB_LUT6_2__parameterized5_366(fast)
# Loading work.microblaze_v10_0_6_MB_MUXCY_XORCY_367(fast)
# Loading work.MB_FDE_368(fast)
# Loading work.MB_LUT6_2__parameterized5_369(fast)
# Loading work.microblaze_v10_0_6_MB_MUXCY_XORCY_370(fast)
# Loading work.MB_FDE_371(fast)
# Loading work.MB_LUT6_2__parameterized5_372(fast)
# Loading unisims_ver.LUT6_2(fast__2)
# Loading work.microblaze_v10_0_6_MB_MUXCY_XORCY_373(fast)
# Loading work.MB_FDE_374(fast)
# Loading work.MB_LUT6_2__parameterized5_375(fast)
# Loading work.microblaze_v10_0_6_MB_MUXCY_XORCY_376(fast)
# Loading work.MB_FDE_377(fast)
# Loading work.MB_LUT6_2__parameterized5_378(fast)
# Loading work.microblaze_v10_0_6_MB_MUXCY_XORCY_379(fast)
# Loading work.MB_FDE_380(fast)
# Loading work.MB_LUT6_2__parameterized5_381(fast)
# Loading work.microblaze_v10_0_6_MB_MUXCY_XORCY_382(fast)
# Loading work.MB_FDE_383(fast)
# Loading work.MB_LUT6_2__parameterized5_384(fast)
# Loading work.microblaze_v10_0_6_MB_MUXCY_XORCY_385(fast)
# Loading work.MB_FDE_386(fast)
# Loading work.MB_LUT6_2__parameterized5_387(fast)
# Loading work.microblaze_v10_0_6_MB_MUXCY_XORCY_388(fast)
# Loading work.MB_FDE_389(fast)
# Loading work.MB_LUT6_2__parameterized5_390(fast)
# Loading work.microblaze_v10_0_6_MB_MUXCY_XORCY_391(fast)
# Loading work.MB_FDE_392(fast)
# Loading work.MB_LUT6_2__parameterized5_393(fast)
# Loading work.microblaze_v10_0_6_MB_MUXCY_XORCY_394(fast)
# Loading work.MB_FDE_395(fast)
# Loading work.MB_LUT6_2__parameterized5_396(fast)
# Loading work.microblaze_v10_0_6_MB_MUXCY_XORCY_397(fast)
# Loading work.MB_FDE_398(fast)
# Loading work.MB_LUT6_2__parameterized5_399(fast)
# Loading work.microblaze_v10_0_6_MB_MUXCY_XORCY_400(fast)
# Loading work.MB_FDE_401(fast)
# Loading work.MB_LUT6_2__parameterized5_402(fast)
# Loading work.microblaze_v10_0_6_MB_MUXCY_XORCY_403(fast)
# Loading work.MB_FDE_404(fast)
# Loading work.msr_reg_gti(fast)
# Loading work.MB_FDR_304(fast)
# Loading work.MB_FDR_305(fast)
# Loading work.MB_FDR_306(fast)
# Loading work.MB_FDR_307(fast)
# Loading work.MB_FDR_308(fast)
# Loading work.MB_FDR_309(fast)
# Loading work.Decode_gti(fast)
# Loading unisims_ver.LUT3(fast__39)
# Loading work.PC_Module_gti(fast)
# Loading work.MB_FDR_209(fast)
# Loading work.microblaze_v10_0_6_MB_MUXF7_210(fast)
# Loading work.MB_FDR_211(fast)
# Loading work.microblaze_v10_0_6_MB_MUXF7_212(fast)
# Loading work.MB_FDR_213(fast)
# Loading work.microblaze_v10_0_6_MB_MUXF7_214(fast)
# Loading work.MB_FDR_215(fast)
# Loading work.microblaze_v10_0_6_MB_MUXF7_216(fast)
# Loading work.MB_FDR_217(fast)
# Loading work.microblaze_v10_0_6_MB_MUXF7_218(fast)
# Loading work.MB_FDR_219(fast)
# Loading work.microblaze_v10_0_6_MB_MUXF7_220(fast)
# Loading work.MB_FDR_221(fast)
# Loading work.microblaze_v10_0_6_MB_MUXF7_222(fast)
# Loading work.MB_FDR_223(fast)
# Loading work.microblaze_v10_0_6_MB_MUXF7_224(fast)
# Loading work.MB_FDR_225(fast)
# Loading work.microblaze_v10_0_6_MB_MUXF7_226(fast)
# Loading work.MB_FDR_227(fast)
# Loading work.microblaze_v10_0_6_MB_MUXF7_228(fast)
# Loading work.MB_FDR_229(fast)
# Loading work.microblaze_v10_0_6_MB_MUXF7_230(fast)
# Loading work.MB_FDR_231(fast)
# Loading work.microblaze_v10_0_6_MB_MUXF7_232(fast)
# Loading work.MB_FDR_233(fast)
# Loading work.microblaze_v10_0_6_MB_MUXF7_234(fast)
# Loading work.MB_FDR_235(fast)
# Loading work.microblaze_v10_0_6_MB_MUXF7_236(fast)
# Loading work.MB_FDR_237(fast)
# Loading work.microblaze_v10_0_6_MB_MUXF7_238(fast)
# Loading work.MB_FDR_239(fast)
# Loading work.microblaze_v10_0_6_MB_MUXF7_240(fast)
# Loading work.MB_FDR_241(fast)
# Loading work.microblaze_v10_0_6_MB_MUXF7_242(fast)
# Loading work.MB_FDR_243(fast)
# Loading work.microblaze_v10_0_6_MB_MUXF7_244(fast)
# Loading work.MB_FDR_245(fast)
# Loading work.microblaze_v10_0_6_MB_MUXF7_246(fast)
# Loading work.MB_FDR_247(fast)
# Loading work.microblaze_v10_0_6_MB_MUXF7_248(fast)
# Loading work.MB_FDR_249(fast)
# Loading work.microblaze_v10_0_6_MB_MUXF7_250(fast)
# Loading work.MB_FDR_251(fast)
# Loading work.microblaze_v10_0_6_MB_MUXF7_252(fast)
# Loading work.MB_FDR_253(fast)
# Loading work.microblaze_v10_0_6_MB_MUXF7_254(fast)
# Loading work.MB_FDR_255(fast)
# Loading work.microblaze_v10_0_6_MB_MUXF7_256(fast)
# Loading work.MB_FDR_257(fast)
# Loading work.microblaze_v10_0_6_MB_MUXF7_258(fast)
# Loading work.MB_FDR_259(fast)
# Loading work.microblaze_v10_0_6_MB_MUXF7_260(fast)
# Loading work.MB_FDR_261(fast)
# Loading work.microblaze_v10_0_6_MB_MUXF7_262(fast)
# Loading work.MB_FDR_263(fast)
# Loading work.microblaze_v10_0_6_MB_MUXF7_264(fast)
# Loading work.MB_FDR_265(fast)
# Loading work.microblaze_v10_0_6_MB_MUXF7_266(fast)
# Loading work.MB_FDR_267(fast)
# Loading work.microblaze_v10_0_6_MB_MUXF7_268(fast)
# Loading work.MB_FDR_269(fast)
# Loading work.microblaze_v10_0_6_MB_MUXF7_270(fast)
# Loading work.MB_FDR_271(fast)
# Loading work.microblaze_v10_0_6_MB_MUXF7_272(fast)
# Loading work.microblaze_v10_0_6_MB_MUXCY_XORCY(fast)
# Loading work.microblaze_v10_0_6_MB_MUXCY_XORCY_273(fast)
# Loading work.microblaze_v10_0_6_MB_MUXCY_XORCY_274(fast)
# Loading work.microblaze_v10_0_6_MB_MUXCY_XORCY_275(fast)
# Loading work.microblaze_v10_0_6_MB_MUXCY_XORCY_276(fast)
# Loading work.microblaze_v10_0_6_MB_MUXCY_XORCY_277(fast)
# Loading work.microblaze_v10_0_6_MB_MUXCY_XORCY_278(fast)
# Loading work.microblaze_v10_0_6_MB_MUXCY_XORCY_279(fast)
# Loading work.microblaze_v10_0_6_MB_MUXCY_XORCY_280(fast)
# Loading work.microblaze_v10_0_6_MB_MUXCY_XORCY_281(fast)
# Loading work.microblaze_v10_0_6_MB_MUXCY_XORCY_282(fast)
# Loading work.microblaze_v10_0_6_MB_MUXCY_XORCY_283(fast)
# Loading work.microblaze_v10_0_6_MB_MUXCY_XORCY_284(fast)
# Loading work.microblaze_v10_0_6_MB_MUXCY_XORCY_285(fast)
# Loading work.microblaze_v10_0_6_MB_MUXCY_XORCY_286(fast)
# Loading work.microblaze_v10_0_6_MB_MUXCY_XORCY_287(fast)
# Loading work.microblaze_v10_0_6_MB_MUXCY_XORCY_288(fast)
# Loading work.microblaze_v10_0_6_MB_MUXCY_XORCY_289(fast)
# Loading work.microblaze_v10_0_6_MB_MUXCY_XORCY_290(fast)
# Loading work.microblaze_v10_0_6_MB_MUXCY_XORCY_291(fast)
# Loading work.microblaze_v10_0_6_MB_MUXCY_XORCY_292(fast)
# Loading work.microblaze_v10_0_6_MB_MUXCY_XORCY_293(fast)
# Loading work.microblaze_v10_0_6_MB_MUXCY_XORCY_294(fast)
# Loading work.microblaze_v10_0_6_MB_MUXCY_XORCY_295(fast)
# Loading work.microblaze_v10_0_6_MB_MUXCY_XORCY_296(fast)
# Loading work.microblaze_v10_0_6_MB_MUXCY_XORCY_297(fast)
# Loading work.microblaze_v10_0_6_MB_MUXCY_XORCY_298(fast)
# Loading work.microblaze_v10_0_6_MB_MUXCY_XORCY_299(fast)
# Loading work.microblaze_v10_0_6_MB_MUXCY_XORCY_300(fast)
# Loading work.microblaze_v10_0_6_MB_MUXCY_XORCY_301(fast)
# Loading work.PreFetch_Buffer_gti(fast)
# Loading work.MB_FDR_115(fast)
# Loading work.microblaze_v10_0_6_MB_LUT6(fast)
# Loading work.MB_FDR_116(fast)
# Loading work.microblaze_v10_0_6_MB_LUT6_117(fast)
# Loading work.MB_FDR_118(fast)
# Loading work.microblaze_v10_0_6_MB_LUT6_119(fast)
# Loading work.MB_FDR_120(fast)
# Loading work.microblaze_v10_0_6_MB_LUT6_121(fast)
# Loading work.microblaze_v10_0_6_MB_LUT6__parameterized0(fast)
# Loading work.microblaze_v10_0_6_MB_MUXF7(fast)
# Loading work.MB_FDR_122(fast)
# Loading work.microblaze_v10_0_6_MB_MUXF7_123(fast)
# Loading work.MB_FDR_124(fast)
# Loading work.microblaze_v10_0_6_MB_MUXF7_125(fast)
# Loading work.MB_FDR_126(fast)
# Loading work.microblaze_v10_0_6_MB_MUXF7_127(fast)
# Loading work.MB_FDR_128(fast)
# Loading work.microblaze_v10_0_6_MB_MUXF7_129(fast)
# Loading work.MB_FDR_130(fast)
# Loading work.microblaze_v10_0_6_MB_MUXF7_131(fast)
# Loading work.MB_FDR_132(fast)
# Loading work.microblaze_v10_0_6_MB_MUXF7_133(fast)
# Loading work.MB_FDR_134(fast)
# Loading work.microblaze_v10_0_6_MB_MUXF7_135(fast)
# Loading work.MB_FDR_136(fast)
# Loading work.microblaze_v10_0_6_MB_MUXF7_137(fast)
# Loading work.MB_FDR_138(fast)
# Loading work.microblaze_v10_0_6_MB_MUXF7_139(fast)
# Loading work.MB_FDR_140(fast)
# Loading work.microblaze_v10_0_6_MB_MUXF7_141(fast)
# Loading work.MB_FDR_142(fast)
# Loading work.microblaze_v10_0_6_MB_MUXF7_143(fast)
# Loading work.MB_FDR_144(fast)
# Loading unisims_ver.LUT3(fast__40)
# Loading work.microblaze_v10_0_6_MB_MUXF7_145(fast)
# Loading work.MB_FDR_146(fast)
# Loading work.microblaze_v10_0_6_MB_MUXF7_147(fast)
# Loading work.MB_FDR_148(fast)
# Loading work.microblaze_v10_0_6_MB_MUXF7_149(fast)
# Loading work.MB_FDR_150(fast)
# Loading work.microblaze_v10_0_6_MB_MUXF7_151(fast)
# Loading work.MB_FDR_152(fast)
# Loading work.microblaze_v10_0_6_MB_MUXF7_153(fast)
# Loading work.MB_FDR_154(fast)
# Loading work.microblaze_v10_0_6_MB_MUXF7_155(fast)
# Loading work.MB_FDR_156(fast)
# Loading work.microblaze_v10_0_6_MB_MUXF7_157(fast)
# Loading work.MB_FDR_158(fast)
# Loading work.microblaze_v10_0_6_MB_MUXF7_159(fast)
# Loading work.MB_FDR_160(fast)
# Loading work.microblaze_v10_0_6_MB_MUXF7_161(fast)
# Loading work.MB_FDR_162(fast)
# Loading work.microblaze_v10_0_6_MB_MUXF7_163(fast)
# Loading work.MB_FDR_164(fast)
# Loading work.microblaze_v10_0_6_MB_MUXF7_165(fast)
# Loading work.MB_FDR_166(fast)
# Loading unisims_ver.LUT3(fast__41)
# Loading work.microblaze_v10_0_6_MB_MUXF7_167(fast)
# Loading work.MB_FDR_168(fast)
# Loading work.microblaze_v10_0_6_MB_MUXF7_169(fast)
# Loading work.MB_FDR_170(fast)
# Loading work.microblaze_v10_0_6_MB_MUXF7_171(fast)
# Loading work.MB_FDR_172(fast)
# Loading unisims_ver.LUT3(fast__42)
# Loading work.microblaze_v10_0_6_MB_MUXF7_173(fast)
# Loading work.MB_FDR_174(fast)
# Loading unisims_ver.LUT3(fast__43)
# Loading work.microblaze_v10_0_6_MB_MUXF7_175(fast)
# Loading work.MB_FDR_176(fast)
# Loading work.microblaze_v10_0_6_MB_MUXF7_177(fast)
# Loading work.MB_FDR_178(fast)
# Loading work.microblaze_v10_0_6_MB_MUXF7_179(fast)
# Loading work.MB_FDR_180(fast)
# Loading work.microblaze_v10_0_6_MB_MUXF7_181(fast)
# Loading work.MB_FDR_182(fast)
# Loading work.microblaze_v10_0_6_MB_MUXF7_183(fast)
# Loading work.MB_FDR_184(fast)
# Loading work.microblaze_v10_0_6_MB_MUXF7_185(fast)
# Loading work.MB_FDR_186(fast)
# Loading work.microblaze_v10_0_6_MB_MUXF7_187(fast)
# Loading work.MB_FDR_188(fast)
# Loading unisims_ver.LUT3(fast__44)
# Loading work.microblaze_v10_0_6_MB_MUXF7_189(fast)
# Loading work.MB_FDR_190(fast)
# Loading work.microblaze_v10_0_6_MB_MUXF7_191(fast)
# Loading work.MB_FDR_192(fast)
# Loading work.microblaze_v10_0_6_MB_MUXF7_193(fast)
# Loading work.MB_FDR_194(fast)
# Loading work.microblaze_v10_0_6_MB_MUXF7_195(fast)
# Loading work.MB_FDR_196(fast)
# Loading work.microblaze_v10_0_6_MB_MUXF7_197(fast)
# Loading work.MB_FDR_198(fast)
# Loading work.microblaze_v10_0_6_MB_MUXF7_199(fast)
# Loading work.MB_FDR_200(fast)
# Loading work.microblaze_v10_0_6_MB_MUXF7_201(fast)
# Loading work.MB_FDR_202(fast)
# Loading work.microblaze_v10_0_6_MB_MUXF7_203(fast)
# Loading work.MB_FDR_204(fast)
# Loading work.microblaze_v10_0_6_MB_MUXF7_205(fast)
# Loading work.MB_FDR_206(fast)
# Loading work.microblaze_v10_0_6_MB_MUXF7_207(fast)
# Loading work.MB_FDS(fast)
# Loading work.microblaze_v10_0_6_MB_LUT6__parameterized1(fast)
# Loading work.microblaze_v10_0_6_MB_LUT6__parameterized2(fast)
# Loading work.MB_FDR_208(fast)
# Loading work.microblaze_v10_0_6_carry_and(fast)
# Loading work.microblaze_v10_0_6_MB_MUXCY_114(fast)
# Loading work.microblaze_v10_0_6_carry_and_59(fast)
# Loading work.microblaze_v10_0_6_MB_MUXCY_113(fast)
# Loading work.microblaze_v10_0_6_carry_and_60(fast)
# Loading work.microblaze_v10_0_6_MB_MUXCY_112(fast)
# Loading work.microblaze_v10_0_6_carry_and_61(fast)
# Loading work.microblaze_v10_0_6_MB_MUXCY_111(fast)
# Loading work.microblaze_v10_0_6_carry_and_62(fast)
# Loading work.microblaze_v10_0_6_MB_MUXCY_110(fast)
# Loading work.microblaze_v10_0_6_carry_and_63(fast)
# Loading work.microblaze_v10_0_6_MB_MUXCY_109(fast)
# Loading work.microblaze_v10_0_6_carry_and_64(fast)
# Loading work.microblaze_v10_0_6_MB_MUXCY_108(fast)
# Loading work.microblaze_v10_0_6_carry_and_65(fast)
# Loading work.microblaze_v10_0_6_MB_MUXCY_107(fast)
# Loading work.microblaze_v10_0_6_carry_and_66(fast)
# Loading work.microblaze_v10_0_6_MB_MUXCY_106(fast)
# Loading work.microblaze_v10_0_6_carry_and_67(fast)
# Loading work.microblaze_v10_0_6_MB_MUXCY_105(fast)
# Loading work.microblaze_v10_0_6_carry_and_68(fast)
# Loading work.microblaze_v10_0_6_MB_MUXCY_104(fast)
# Loading work.microblaze_v10_0_6_MB_FDRE(fast)
# Loading work.microblaze_v10_0_6_MB_FDRE_69(fast)
# Loading work.microblaze_v10_0_6_MB_FDRE_70(fast)
# Loading work.microblaze_v10_0_6_MB_FDRE_71(fast)
# Loading work.microblaze_v10_0_6_MB_FDRE_72(fast)
# Loading work.microblaze_v10_0_6_MB_FDRE_73(fast)
# Loading work.microblaze_v10_0_6_MB_FDRE_74(fast)
# Loading unisims_ver.LUT3(fast__45)
# Loading work.microblaze_v10_0_6_MB_FDRE_75(fast)
# Loading work.microblaze_v10_0_6_MB_FDRE_76(fast)
# Loading work.microblaze_v10_0_6_MB_FDRE_77(fast)
# Loading work.MB_FDR(fast)
# Loading work.microblaze_v10_0_6_MB_LUT6__parameterized3(fast)
# Loading work.microblaze_v10_0_6_MB_LUT6__parameterized4(fast)
# Loading work.microblaze_v10_0_6_MB_LUT6__parameterized3_78(fast)
# Loading work.microblaze_v10_0_6_MB_LUT6__parameterized4_79(fast)
# Loading work.microblaze_v10_0_6_MB_LUT6__parameterized3_80(fast)
# Loading work.microblaze_v10_0_6_MB_LUT6__parameterized4_81(fast)
# Loading work.microblaze_v10_0_6_MB_LUT6__parameterized3_82(fast)
# Loading work.microblaze_v10_0_6_MB_LUT6__parameterized4_83(fast)
# Loading work.microblaze_v10_0_6_MB_LUT6__parameterized3_84(fast)
# Loading work.microblaze_v10_0_6_MB_LUT6__parameterized4_85(fast)
# Loading work.microblaze_v10_0_6_MB_LUT6__parameterized3_86(fast)
# Loading work.microblaze_v10_0_6_MB_LUT6__parameterized4_87(fast)
# Loading work.microblaze_v10_0_6_carry_and_88(fast)
# Loading work.microblaze_v10_0_6_MB_MUXCY_103(fast)
# Loading work.microblaze_v10_0_6_carry_and_89(fast)
# Loading work.microblaze_v10_0_6_MB_MUXCY_102(fast)
# Loading work.microblaze_v10_0_6_carry_and_90(fast)
# Loading work.microblaze_v10_0_6_MB_MUXCY_101(fast)
# Loading work.jump_logic(fast)
# Loading work.microblaze_v10_0_6_MB_MUXCY_95(fast)
# Loading work.microblaze_v10_0_6_MB_MUXCY_96(fast)
# Loading work.microblaze_v10_0_6_MB_MUXCY_97(fast)
# Loading work.microblaze_v10_0_6_MB_MUXCY_98(fast)
# Loading work.microblaze_v10_0_6_MB_MUXCY_99(fast)
# Loading work.microblaze_v10_0_6_MB_MUXCY_100(fast)
# Loading unisims_ver.LUT3(fast__46)
# Loading unisims_ver.LUT3(fast__47)
# Loading unisims_ver.LUT3(fast__48)
# Loading work.microblaze_v10_0_6_carry_and_91(fast)
# Loading work.microblaze_v10_0_6_MB_MUXCY_94(fast)
# Loading work.microblaze_v10_0_6_carry_or_92(fast)
# Loading work.microblaze_v10_0_6_MB_MUXCY_93(fast)
# Loading unisims_ver.LUT3(fast__49)
# Loading work.DAXI_interface(fast)
# Loading work.MB_AND2B1L(fast)
# Loading unisims_ver.AND2B1L(fast)
# Loading work.Debug(fast)
# Loading unisims_ver.LUT3(fast__50)
# Loading unisims_ver.LUT3(fast__51)
# Loading work.microblaze_v10_0_6_MB_SRL16E(fast)
# Loading unisims_ver.SRL16E(fast__5)
# Loading work.microblaze_v10_0_6_MB_SRL16E__parameterized3(fast)
# Loading unisims_ver.SRL16E(fast__6)
# Loading work.microblaze_v10_0_6_MB_SRL16E__parameterized4(fast)
# Loading unisims_ver.LUT3(fast__52)
# Loading unisims_ver.SRL16E(fast__7)
# Loading work.microblaze_v10_0_6_MB_SRL16E__parameterized1(fast)
# Loading unisims_ver.SRL16E(fast__8)
# Loading work.microblaze_v10_0_6_MB_SRL16E__parameterized2(fast)
# Loading unisims_ver.SRL16E(fast__9)
# Loading work.microblaze_v10_0_6_MB_SRL16E__parameterized1_22(fast)
# Loading work.microblaze_v10_0_6_MB_SRL16E__parameterized2_23(fast)
# Loading work.mb_sync_bit__parameterized2(fast)
# Loading work.mb_sync_vec(fast)
# Loading work.mb_sync_bit__parameterized2_58(fast)
# Loading work.mb_sync_bit__parameterized2_26(fast)
# Loading work.mb_sync_bit__parameterized2_27(fast)
# Loading work.mb_sync_vec__parameterized1(fast)
# Loading work.mb_sync_bit_48(fast)
# Loading work.mb_sync_bit_49(fast)
# Loading work.mb_sync_bit_50(fast)
# Loading work.mb_sync_bit_51(fast)
# Loading work.mb_sync_bit_52(fast)
# Loading work.mb_sync_bit_53(fast)
# Loading work.mb_sync_bit_54(fast)
# Loading work.mb_sync_bit_55(fast)
# Loading work.mb_sync_bit__parameterized2_28(fast)
# Loading work.mb_sync_bit__parameterized2_29(fast)
# Loading work.address_hit(fast)
# Loading work.microblaze_v10_0_6_MB_MUXCY_32(fast)
# Loading work.MB_SRLC16E(fast)
# Loading work.microblaze_v10_0_6_MB_MUXCY_33(fast)
# Loading work.MB_SRLC16E_34(fast)
# Loading unisims_ver.SRLC16E(fast)
# Loading work.microblaze_v10_0_6_MB_MUXCY_35(fast)
# Loading work.MB_SRLC16E_36(fast)
# Loading work.microblaze_v10_0_6_MB_MUXCY_37(fast)
# Loading work.MB_SRLC16E_38(fast)
# Loading work.microblaze_v10_0_6_MB_MUXCY_39(fast)
# Loading work.MB_SRLC16E_40(fast)
# Loading work.microblaze_v10_0_6_MB_MUXCY_41(fast)
# Loading work.MB_SRLC16E_42(fast)
# Loading work.microblaze_v10_0_6_MB_MUXCY_43(fast)
# Loading work.MB_SRLC16E_44(fast)
# Loading work.microblaze_v10_0_6_MB_MUXCY_45(fast)
# Loading work.MB_SRLC16E_46(fast)
# Loading work.microblaze_v10_0_6_MB_MUXCY_47(fast)
# Loading unisims_ver.LUT3(fast__53)
# Loading work.instr_mux(fast)
# Loading work.mux_bus(fast)
# Loading work.MB_LUT6_2__parameterized3(fast)
# Loading unisims_ver.LUT6_2(fast__3)
# Loading work.MB_LUT6_2__parameterized3_3(fast)
# Loading work.MB_LUT6_2__parameterized3_4(fast)
# Loading work.MB_LUT6_2__parameterized3_5(fast)
# Loading work.MB_LUT6_2__parameterized3_6(fast)
# Loading work.MB_LUT6_2__parameterized3_7(fast)
# Loading work.MB_LUT6_2__parameterized3_8(fast)
# Loading work.MB_LUT6_2__parameterized3_9(fast)
# Loading work.MB_LUT6_2__parameterized3_10(fast)
# Loading work.MB_LUT6_2__parameterized3_11(fast)
# Loading work.MB_LUT6_2__parameterized3_12(fast)
# Loading work.MB_LUT6_2__parameterized3_13(fast)
# Loading work.MB_LUT6_2__parameterized3_14(fast)
# Loading work.MB_LUT6_2__parameterized3_15(fast)
# Loading work.MB_LUT6_2__parameterized3_16(fast)
# Loading work.MB_LUT6_2__parameterized3_17(fast)
# Loading work.microblaze_v10_0_6_carry_or(fast)
# Loading work.microblaze_v10_0_6_MB_MUXCY(fast)
# Loading work.mb_sync_bit(fast)
# Loading unisims_ver.FDRE(fast__2)
# Loading work.mb_sync_bit_1(fast)
# Loading work.mb_sync_bit_2(fast)
# Loading work.microblaze_0_local_memory_imp_UXHIJP(fast)
# Loading work.design_uart_dlmb_bram_if_cntlr_0(fast)
# Loading work.lmb_bram_if_cntlr(fast)
# Loading work.design_uart_dlmb_v10_0(fast)
# Loading work.lmb_v10__1(fast)
# Loading work.design_uart_ilmb_bram_if_cntlr_0(fast)
# Loading work.lmb_bram_if_cntlr__parameterized1(fast)
# Loading work.design_uart_ilmb_v10_0(fast)
# Loading work.lmb_v10(fast)
# Loading work.design_uart_lmb_bram_0(fast)
# Loading work.blk_mem_gen_v8_4_1(fast)
# Loading work.blk_mem_gen_v8_4_1_synth(fast)
# Loading work.blk_mem_gen_top(fast)
# Loading work.blk_mem_gen_generic_cstr(fast)
# Loading work.blk_mem_gen_mux(fast)
# Loading work.blk_mem_gen_mux__parameterized0(fast)
# Loading work.blk_mem_gen_prim_width(fast)
# Loading work.blk_mem_gen_prim_wrapper(fast)
# Loading unisims_ver.RAMB36E1(fast)
# Loading unisims_ver.RB36_INTERNAL_VLOG(fast)
# Loading unisims_ver.RAMB36E1(fast__1)
# Loading unisims_ver.RB36_INTERNAL_VLOG(fast__1)
# Loading work.blk_mem_gen_prim_width__parameterized9(fast)
# Loading work.blk_mem_gen_prim_wrapper__parameterized9(fast)
# Loading unisims_ver.RAMB36E1(fast__2)
# Loading work.blk_mem_gen_prim_width__parameterized10(fast)
# Loading work.blk_mem_gen_prim_wrapper__parameterized10(fast)
# Loading unisims_ver.RAMB36E1(fast__3)
# Loading work.blk_mem_gen_prim_width__parameterized11(fast)
# Loading work.blk_mem_gen_prim_wrapper__parameterized11(fast)
# Loading unisims_ver.RAMB36E1(fast__4)
# Loading work.blk_mem_gen_prim_width__parameterized12(fast)
# Loading work.blk_mem_gen_prim_wrapper__parameterized12(fast)
# Loading work.blk_mem_gen_prim_width__parameterized13(fast)
# Loading work.blk_mem_gen_prim_wrapper__parameterized13(fast)
# Loading unisims_ver.RAMB36E1(fast__5)
# Loading work.blk_mem_gen_prim_width__parameterized14(fast)
# Loading work.blk_mem_gen_prim_wrapper__parameterized14(fast)
# Loading work.blk_mem_gen_prim_width__parameterized15(fast)
# Loading work.blk_mem_gen_prim_wrapper__parameterized15(fast)
# Loading unisims_ver.RAMB36E1(fast__6)
# Loading work.blk_mem_gen_prim_width__parameterized16(fast)
# Loading work.blk_mem_gen_prim_wrapper__parameterized16(fast)
# Loading work.blk_mem_gen_prim_width__parameterized17(fast)
# Loading work.blk_mem_gen_prim_wrapper__parameterized17(fast)
# Loading unisims_ver.RAMB36E1(fast__7)
# Loading work.blk_mem_gen_prim_width__parameterized18(fast)
# Loading work.blk_mem_gen_prim_wrapper__parameterized18(fast)
# Loading work.blk_mem_gen_prim_width__parameterized0(fast)
# Loading work.blk_mem_gen_prim_wrapper__parameterized0(fast)
# Loading work.blk_mem_gen_prim_width__parameterized19(fast)
# Loading work.blk_mem_gen_prim_wrapper__parameterized19(fast)
# Loading unisims_ver.RAMB36E1(fast__8)
# Loading work.blk_mem_gen_prim_width__parameterized20(fast)
# Loading work.blk_mem_gen_prim_wrapper__parameterized20(fast)
# Loading work.blk_mem_gen_prim_width__parameterized21(fast)
# Loading work.blk_mem_gen_prim_wrapper__parameterized21(fast)
# Loading unisims_ver.RAMB36E1(fast__9)
# Loading work.blk_mem_gen_prim_width__parameterized22(fast)
# Loading work.blk_mem_gen_prim_wrapper__parameterized22(fast)
# Loading work.blk_mem_gen_prim_width__parameterized23(fast)
# Loading work.blk_mem_gen_prim_wrapper__parameterized23(fast)
# Loading unisims_ver.RAMB36E1(fast__10)
# Loading work.blk_mem_gen_prim_width__parameterized24(fast)
# Loading work.blk_mem_gen_prim_wrapper__parameterized24(fast)
# Loading work.blk_mem_gen_prim_width__parameterized25(fast)
# Loading work.blk_mem_gen_prim_wrapper__parameterized25(fast)
# Loading unisims_ver.RAMB36E1(fast__11)
# Loading work.blk_mem_gen_prim_width__parameterized26(fast)
# Loading work.blk_mem_gen_prim_wrapper__parameterized26(fast)
# Loading work.blk_mem_gen_prim_width__parameterized27(fast)
# Loading work.blk_mem_gen_prim_wrapper__parameterized27(fast)
# Loading unisims_ver.RAMB36E1(fast__12)
# Loading work.blk_mem_gen_prim_width__parameterized28(fast)
# Loading work.blk_mem_gen_prim_wrapper__parameterized28(fast)
# Loading work.blk_mem_gen_prim_width__parameterized1(fast)
# Loading work.blk_mem_gen_prim_wrapper__parameterized1(fast)
# Loading unisims_ver.RAMB36E1(fast__13)
# Loading work.blk_mem_gen_prim_width__parameterized29(fast)
# Loading work.blk_mem_gen_prim_wrapper__parameterized29(fast)
# Loading unisims_ver.RAMB36E1(fast__14)
# Loading work.blk_mem_gen_prim_width__parameterized30(fast)
# Loading work.blk_mem_gen_prim_wrapper__parameterized30(fast)
# Loading work.blk_mem_gen_prim_width__parameterized31(fast)
# Loading work.blk_mem_gen_prim_wrapper__parameterized31(fast)
# Loading unisims_ver.RAMB36E1(fast__15)
# Loading work.blk_mem_gen_prim_width__parameterized32(fast)
# Loading work.blk_mem_gen_prim_wrapper__parameterized32(fast)
# Loading work.blk_mem_gen_prim_width__parameterized33(fast)
# Loading work.blk_mem_gen_prim_wrapper__parameterized33(fast)
# Loading unisims_ver.RAMB36E1(fast__16)
# Loading work.blk_mem_gen_prim_width__parameterized34(fast)
# Loading work.blk_mem_gen_prim_wrapper__parameterized34(fast)
# Loading work.blk_mem_gen_prim_width__parameterized35(fast)
# Loading work.blk_mem_gen_prim_wrapper__parameterized35(fast)
# Loading unisims_ver.RAMB36E1(fast__17)
# Loading work.blk_mem_gen_prim_width__parameterized36(fast)
# Loading work.blk_mem_gen_prim_wrapper__parameterized36(fast)
# Loading work.blk_mem_gen_prim_width__parameterized37(fast)
# Loading work.blk_mem_gen_prim_wrapper__parameterized37(fast)
# Loading unisims_ver.RAMB36E1(fast__18)
# Loading work.blk_mem_gen_prim_width__parameterized38(fast)
# Loading work.blk_mem_gen_prim_wrapper__parameterized38(fast)
# Loading work.blk_mem_gen_prim_width__parameterized2(fast)
# Loading work.blk_mem_gen_prim_wrapper__parameterized2(fast)
# Loading work.blk_mem_gen_prim_width__parameterized39(fast)
# Loading work.blk_mem_gen_prim_wrapper__parameterized39(fast)
# Loading unisims_ver.RAMB36E1(fast__19)
# Loading work.blk_mem_gen_prim_width__parameterized40(fast)
# Loading work.blk_mem_gen_prim_wrapper__parameterized40(fast)
# Loading work.blk_mem_gen_prim_width__parameterized41(fast)
# Loading work.blk_mem_gen_prim_wrapper__parameterized41(fast)
# Loading unisims_ver.RAMB36E1(fast__20)
# Loading work.blk_mem_gen_prim_width__parameterized42(fast)
# Loading work.blk_mem_gen_prim_wrapper__parameterized42(fast)
# Loading work.blk_mem_gen_prim_width__parameterized43(fast)
# Loading work.blk_mem_gen_prim_wrapper__parameterized43(fast)
# Loading unisims_ver.RAMB36E1(fast__21)
# Loading work.blk_mem_gen_prim_width__parameterized44(fast)
# Loading work.blk_mem_gen_prim_wrapper__parameterized44(fast)
# Loading work.blk_mem_gen_prim_width__parameterized45(fast)
# Loading work.blk_mem_gen_prim_wrapper__parameterized45(fast)
# Loading unisims_ver.RAMB36E1(fast__22)
# Loading work.blk_mem_gen_prim_width__parameterized46(fast)
# Loading work.blk_mem_gen_prim_wrapper__parameterized46(fast)
# Loading work.blk_mem_gen_prim_width__parameterized47(fast)
# Loading work.blk_mem_gen_prim_wrapper__parameterized47(fast)
# Loading unisims_ver.RAMB36E1(fast__23)
# Loading work.blk_mem_gen_prim_width__parameterized48(fast)
# Loading work.blk_mem_gen_prim_wrapper__parameterized48(fast)
# Loading work.blk_mem_gen_prim_width__parameterized3(fast)
# Loading work.blk_mem_gen_prim_wrapper__parameterized3(fast)
# Loading unisims_ver.RAMB36E1(fast__24)
# Loading work.blk_mem_gen_prim_width__parameterized49(fast)
# Loading work.blk_mem_gen_prim_wrapper__parameterized49(fast)
# Loading unisims_ver.RAMB36E1(fast__25)
# Loading work.blk_mem_gen_prim_width__parameterized50(fast)
# Loading work.blk_mem_gen_prim_wrapper__parameterized50(fast)
# Loading work.blk_mem_gen_prim_width__parameterized51(fast)
# Loading work.blk_mem_gen_prim_wrapper__parameterized51(fast)
# Loading unisims_ver.RAMB36E1(fast__26)
# Loading work.blk_mem_gen_prim_width__parameterized52(fast)
# Loading work.blk_mem_gen_prim_wrapper__parameterized52(fast)
# Loading work.blk_mem_gen_prim_width__parameterized53(fast)
# Loading work.blk_mem_gen_prim_wrapper__parameterized53(fast)
# Loading unisims_ver.RAMB36E1(fast__27)
# Loading work.blk_mem_gen_prim_width__parameterized54(fast)
# Loading work.blk_mem_gen_prim_wrapper__parameterized54(fast)
# Loading work.blk_mem_gen_prim_width__parameterized55(fast)
# Loading work.blk_mem_gen_prim_wrapper__parameterized55(fast)
# Loading unisims_ver.RAMB36E1(fast__28)
# Loading work.blk_mem_gen_prim_width__parameterized56(fast)
# Loading work.blk_mem_gen_prim_wrapper__parameterized56(fast)
# Loading work.blk_mem_gen_prim_width__parameterized57(fast)
# Loading work.blk_mem_gen_prim_wrapper__parameterized57(fast)
# Loading unisims_ver.RAMB36E1(fast__29)
# Loading work.blk_mem_gen_prim_width__parameterized58(fast)
# Loading work.blk_mem_gen_prim_wrapper__parameterized58(fast)
# Loading work.blk_mem_gen_prim_width__parameterized4(fast)
# Loading work.blk_mem_gen_prim_wrapper__parameterized4(fast)
# Loading work.blk_mem_gen_prim_width__parameterized59(fast)
# Loading work.blk_mem_gen_prim_wrapper__parameterized59(fast)
# Loading unisims_ver.RAMB36E1(fast__30)
# Loading work.blk_mem_gen_prim_width__parameterized60(fast)
# Loading work.blk_mem_gen_prim_wrapper__parameterized60(fast)
# Loading work.blk_mem_gen_prim_width__parameterized61(fast)
# Loading work.blk_mem_gen_prim_wrapper__parameterized61(fast)
# Loading unisims_ver.RAMB36E1(fast__31)
# Loading unisims_ver.LUT3(fast__54)
# Loading work.blk_mem_gen_prim_width__parameterized62(fast)
# Loading work.blk_mem_gen_prim_wrapper__parameterized62(fast)
# Loading work.blk_mem_gen_prim_width__parameterized5(fast)
# Loading work.blk_mem_gen_prim_wrapper__parameterized5(fast)
# Loading unisims_ver.RAMB36E1(fast__32)
# Loading work.blk_mem_gen_prim_width__parameterized6(fast)
# Loading work.blk_mem_gen_prim_wrapper__parameterized6(fast)
# Loading work.blk_mem_gen_prim_width__parameterized7(fast)
# Loading work.blk_mem_gen_prim_wrapper__parameterized7(fast)
# Loading unisims_ver.RAMB36E1(fast__33)
# Loading work.blk_mem_gen_prim_width__parameterized8(fast)
# Loading work.blk_mem_gen_prim_wrapper__parameterized8(fast)
# Loading work.design_uart_rst_clk_wiz_1_100M_0(fast)
# Loading work.proc_sys_reset(fast)
# Loading work.lpf(fast)
# Loading work.cdc_sync(fast)
# Loading work.cdc_sync_0(fast)
# Loading work.sequence_psr(fast)
# Loading work.upcnt_n(fast)
# Loading unisims_ver.FDSE(fast__1)
# Loading unisims_ver.OBUF(fast)
# Loading work.uart_tx(fast)
# Loading work.uart_rx(fast)
# Loading work.glbl(fast)
# 1
# 1
# .main_pane.wave.interior.cs.body.pw.wf
# .main_pane.structure.interior.cs.body.struct
# .main_pane.objects.interior.cs.body.tree
restart
# Loading work.dti_uart_top(fast)
# Loading work.design_uart_wrapper(fast)
# Loading unisims_ver.IBUF(fast)
# Loading work.design_uart(fast)
# Loading work.design_uart_axi_apb_bridge_0_0(fast)
# Loading work.axi_apb_bridge(fast)
# Loading work.apb_mif(fast)
# Loading unisims_ver.LUT5(fast)
# Loading unisims_ver.FDSE(fast)
# Loading unisims_ver.FDRE(fast)
# Loading unisims_ver.LUT3(fast)
# Loading unisims_ver.LUT3(fast__1)
# Loading work.axilite_sif(fast)
# Loading unisims_ver.LUT4(fast)
# Loading unisims_ver.LUT1(fast)
# Loading unisims_ver.LUT6(fast)
# Loading unisims_ver.LUT3(fast__2)
# Loading unisims_ver.LUT3(fast__3)
# Loading unisims_ver.LUT2(fast)
# Loading unisims_ver.LUT2(fast__1)
# Loading unisims_ver.LUT2(fast__2)
# Loading work.multiplexor(fast)
# Loading work.design_uart_axi_interconnect_0_0(fast)
# Loading work.design_uart_xbar_0(fast)
# Loading work.axi_crossbar_v2_1_17_axi_crossbar(fast)
# Loading work.axi_crossbar_v2_1_17_crossbar_sasd(fast)
# Loading work.axi_crossbar_v2_1_17_addr_arbiter_sasd(fast)
# Loading unisims_ver.LUT3(fast__4)
# Loading unisims_ver.LUT3(fast__5)
# Loading unisims_ver.LUT2(fast__3)
# Loading work.axi_crossbar_v2_1_17_decerr_slave(fast)
# Loading work.axi_register_slice_v2_1_16_axic_register_slice(fast)
# Loading work.axi_crossbar_v2_1_17_splitter__parameterized0(fast)
# Loading unisims_ver.LUT3(fast__6)
# Loading work.axi_crossbar_v2_1_17_splitter(fast)
# Loading work.design_uart_axi_uart16550_0_0(fast)
# Loading work.axi_uart16550(fast)
# Loading work.axi_lite_ipif(fast)
# Loading work.slave_attachment(fast)
# Loading work.address_decoder(fast)
# Loading unisims_ver.LUT3(fast__7)
# Loading work.xuart(fast)
# Loading work.ipic_if(fast)
# Loading work.uart16550(fast)
# Loading unisims_ver.LUT3(fast__8)
# Loading unisims_ver.LUT3(fast__9)
# Loading unisims_ver.LUT3(fast__10)
# Loading work.rx_fifo_block(fast)
# Loading work.rx_fifo_control(fast)
# Loading unisims_ver.LUT2(fast__4)
# Loading unisims_ver.LUT3(fast__11)
# Loading unisims_ver.LUT3(fast__12)
# Loading work.srl_fifo_rbu_f__parameterized0(fast)
# Loading work.cntr_incr_decr_addn_f_585(fast)
# Loading work.dynshreg_f__parameterized0(fast)
# Loading unisims_ver.SRL16E(fast)
# Loading work.tx_fifo_block(fast)
# Loading work.srl_fifo_rbu_f(fast)
# Loading work.cntr_incr_decr_addn_f(fast)
# Loading work.dynshreg_f(fast)
# Loading unisims_ver.LUT2(fast__5)
# Loading unisims_ver.CARRY4(fast)
# Loading unisims_ver.LUT3(fast__13)
# Loading unisims_ver.LUT2(fast__6)
# Loading work.rx16550(fast)
# Loading unisims_ver.LUT3(fast__14)
# Loading unisims_ver.LUT3(fast__15)
# Loading unisims_ver.LUT3(fast__16)
# Loading unisims_ver.LUT3(fast__17)
# Loading unisims_ver.LUT2(fast__7)
# Loading unisims_ver.MUXF7(fast)
# Loading unisims_ver.LUT3(fast__18)
# Loading work.tx16550(fast)
# Loading unisims_ver.LUT2(fast__8)
# Loading unisims_ver.LUT3(fast__19)
# Loading unisims_ver.LUT3(fast__20)
# Loading unisims_ver.LUT3(fast__21)
# Loading work.xuart_tx_load_sm(fast)
# Loading unisims_ver.LUT3(fast__22)
# Loading unisims_ver.LUT3(fast__23)
# Loading unisims_ver.LUT3(fast__24)
# Loading unisims_ver.LUT3(fast__25)
# Loading unisims_ver.LUT3(fast__26)
# Loading work.design_uart_clk_wiz_1_0(fast)
# Loading work.design_uart_clk_wiz_1_0_clk_wiz(fast)
# Loading unisims_ver.BUFG(fast)
# Loading unisims_ver.IBUF(fast__1)
# Loading unisims_ver.MMCME2_ADV(fast)
# Loading work.design_uart_dti_uart_0_0(fast)
# Loading work.dti_uart(fast)
# Loading work.baudrate_gen(fast)
# Loading unisims_ver.FDCE(fast)
# Loading unisims_ver.LUT3(fast__27)
# Loading unisims_ver.LUT3(fast__28)
# Loading work.receiver(fast)
# Loading unisims_ver.LUT3(fast__29)
# Loading unisims_ver.LUT3(fast__30)
# Loading work.register_block(fast)
# Loading work.rb_regs(fast)
# Loading unisims_ver.LUT3(fast__31)
# Loading unisims_ver.LUT3(fast__32)
# Loading work.transmitter(fast)
# Loading unisims_ver.FDPE(fast)
# Loading work.design_uart_mdm_1_0(fast)
# Loading work.MDM(fast)
# Loading work.MDM_Core(fast)
# Loading work.JTAG_CONTROL(fast)
# Loading unisims_ver.GND(fast)
# Loading work.MB_FDC_1(fast)
# Loading unisims_ver.FDCE(fast__1)
# Loading work.MB_FDRE_1(fast)
# Loading unisims_ver.FDRE(fast__1)
# Loading work.mdm_v3_2_13_MB_SRL16E(fast)
# Loading unisims_ver.SRL16E(fast__1)
# Loading work.mdm_v3_2_13_MB_SRL16E__parameterized0(fast)
# Loading unisims_ver.SRL16E(fast__2)
# Loading work.mdm_v3_2_13_MB_SRL16E__parameterized1(fast)
# Loading unisims_ver.SRL16E(fast__3)
# Loading work.mdm_v3_2_13_MB_SRL16E__parameterized2(fast)
# Loading unisims_ver.SRL16E(fast__4)
# Loading unisims_ver.LUT3(fast__33)
# Loading unisims_ver.LUT3(fast__34)
# Loading work.MB_BUFG(fast)
# Loading work.MB_BSCANE2(fast)
# Loading unisims_ver.BSCANE2(fast)
# Loading unisims_ver.LUT3(fast__35)
# Loading work.design_uart_microblaze_0_0(fast)
# Loading work.MicroBlaze(fast)
# Loading work.MicroBlaze_Core(fast)
# Loading work.MicroBlaze_GTi(fast)
# Loading work.Data_Flow_gti(fast)
# Loading work.ALU(fast)
# Loading work.ALU_Bit__parameterized2(fast)
# Loading work.MB_LUT4(fast)
# Loading work.microblaze_v10_0_6_MB_LUT6__parameterized5(fast)
# Loading work.MB_MULT_AND(fast)
# Loading work.microblaze_v10_0_6_MB_MUXCY_XORCY_583(fast)
# Loading work.ALU_Bit(fast)
# Loading work.MB_LUT6_2_581(fast)
# Loading unisims_ver.LUT6_2(fast)
# Loading work.microblaze_v10_0_6_MB_MUXCY_XORCY_582(fast)
# Loading work.ALU_Bit_492(fast)
# Loading work.MB_LUT6_2_579(fast)
# Loading work.microblaze_v10_0_6_MB_MUXCY_XORCY_580(fast)
# Loading work.ALU_Bit_493(fast)
# Loading work.MB_LUT6_2_577(fast)
# Loading work.microblaze_v10_0_6_MB_MUXCY_XORCY_578(fast)
# Loading work.ALU_Bit_494(fast)
# Loading work.MB_LUT6_2_575(fast)
# Loading work.microblaze_v10_0_6_MB_MUXCY_XORCY_576(fast)
# Loading work.ALU_Bit_495(fast)
# Loading work.MB_LUT6_2_573(fast)
# Loading work.microblaze_v10_0_6_MB_MUXCY_XORCY_574(fast)
# Loading work.ALU_Bit_496(fast)
# Loading work.MB_LUT6_2_571(fast)
# Loading work.microblaze_v10_0_6_MB_MUXCY_XORCY_572(fast)
# Loading work.ALU_Bit_497(fast)
# Loading work.MB_LUT6_2_569(fast)
# Loading work.microblaze_v10_0_6_MB_MUXCY_XORCY_570(fast)
# Loading work.ALU_Bit_498(fast)
# Loading work.MB_LUT6_2_567(fast)
# Loading work.microblaze_v10_0_6_MB_MUXCY_XORCY_568(fast)
# Loading work.ALU_Bit_499(fast)
# Loading work.MB_LUT6_2_565(fast)
# Loading work.microblaze_v10_0_6_MB_MUXCY_XORCY_566(fast)
# Loading work.ALU_Bit_500(fast)
# Loading work.MB_LUT6_2_563(fast)
# Loading work.microblaze_v10_0_6_MB_MUXCY_XORCY_564(fast)
# Loading work.ALU_Bit_501(fast)
# Loading work.MB_LUT6_2_561(fast)
# Loading work.microblaze_v10_0_6_MB_MUXCY_XORCY_562(fast)
# Loading work.ALU_Bit_502(fast)
# Loading work.MB_LUT6_2_559(fast)
# Loading work.microblaze_v10_0_6_MB_MUXCY_XORCY_560(fast)
# Loading work.ALU_Bit_503(fast)
# Loading work.MB_LUT6_2_557(fast)
# Loading work.microblaze_v10_0_6_MB_MUXCY_XORCY_558(fast)
# Loading work.ALU_Bit_504(fast)
# Loading work.MB_LUT6_2_555(fast)
# Loading work.microblaze_v10_0_6_MB_MUXCY_XORCY_556(fast)
# Loading work.ALU_Bit_505(fast)
# Loading work.MB_LUT6_2_553(fast)
# Loading work.microblaze_v10_0_6_MB_MUXCY_XORCY_554(fast)
# Loading work.ALU_Bit_506(fast)
# Loading work.MB_LUT6_2_551(fast)
# Loading work.microblaze_v10_0_6_MB_MUXCY_XORCY_552(fast)
# Loading work.ALU_Bit_507(fast)
# Loading work.MB_LUT6_2_549(fast)
# Loading work.microblaze_v10_0_6_MB_MUXCY_XORCY_550(fast)
# Loading work.ALU_Bit_508(fast)
# Loading work.MB_LUT6_2_547(fast)
# Loading work.microblaze_v10_0_6_MB_MUXCY_XORCY_548(fast)
# Loading work.ALU_Bit_509(fast)
# Loading work.MB_LUT6_2_545(fast)
# Loading work.microblaze_v10_0_6_MB_MUXCY_XORCY_546(fast)
# Loading work.ALU_Bit_510(fast)
# Loading work.MB_LUT6_2_543(fast)
# Loading work.microblaze_v10_0_6_MB_MUXCY_XORCY_544(fast)
# Loading work.ALU_Bit_511(fast)
# Loading work.MB_LUT6_2_541(fast)
# Loading work.microblaze_v10_0_6_MB_MUXCY_XORCY_542(fast)
# Loading work.ALU_Bit_512(fast)
# Loading work.MB_LUT6_2_539(fast)
# Loading work.microblaze_v10_0_6_MB_MUXCY_XORCY_540(fast)
# Loading work.ALU_Bit_513(fast)
# Loading work.MB_LUT6_2_537(fast)
# Loading work.microblaze_v10_0_6_MB_MUXCY_XORCY_538(fast)
# Loading work.ALU_Bit_514(fast)
# Loading work.MB_LUT6_2_535(fast)
# Loading work.microblaze_v10_0_6_MB_MUXCY_XORCY_536(fast)
# Loading work.ALU_Bit_515(fast)
# Loading work.MB_LUT6_2_533(fast)
# Loading work.microblaze_v10_0_6_MB_MUXCY_XORCY_534(fast)
# Loading work.ALU_Bit_516(fast)
# Loading work.MB_LUT6_2_531(fast)
# Loading work.microblaze_v10_0_6_MB_MUXCY_XORCY_532(fast)
# Loading work.ALU_Bit_517(fast)
# Loading work.MB_LUT6_2_529(fast)
# Loading work.microblaze_v10_0_6_MB_MUXCY_XORCY_530(fast)
# Loading work.ALU_Bit_518(fast)
# Loading work.MB_LUT6_2_527(fast)
# Loading work.microblaze_v10_0_6_MB_MUXCY_XORCY_528(fast)
# Loading work.ALU_Bit_519(fast)
# Loading work.MB_LUT6_2_525(fast)
# Loading work.microblaze_v10_0_6_MB_MUXCY_XORCY_526(fast)
# Loading work.ALU_Bit_520(fast)
# Loading work.MB_LUT6_2_523(fast)
# Loading work.microblaze_v10_0_6_MB_MUXCY_XORCY_524(fast)
# Loading work.ALU_Bit_521(fast)
# Loading work.MB_LUT6_2(fast)
# Loading work.microblaze_v10_0_6_MB_MUXCY_XORCY_522(fast)
# Loading work.Byte_Doublet_Handle_gti(fast)
# Loading unisims_ver.LUT3(fast__36)
# Loading work.Data_Flow_Logic(fast)
# Loading work.microblaze_v10_0_6_MB_FDRE_459(fast)
# Loading work.microblaze_v10_0_6_MB_FDRE_460(fast)
# Loading work.microblaze_v10_0_6_MB_FDRE_461(fast)
# Loading work.microblaze_v10_0_6_MB_FDRE_462(fast)
# Loading work.microblaze_v10_0_6_MB_FDRE_463(fast)
# Loading work.microblaze_v10_0_6_MB_FDRE_464(fast)
# Loading work.microblaze_v10_0_6_MB_FDRE_465(fast)
# Loading work.microblaze_v10_0_6_MB_FDRE_466(fast)
# Loading work.microblaze_v10_0_6_MB_FDRE_467(fast)
# Loading work.microblaze_v10_0_6_MB_FDRE_468(fast)
# Loading work.microblaze_v10_0_6_MB_FDRE_469(fast)
# Loading work.microblaze_v10_0_6_MB_FDRE_470(fast)
# Loading work.microblaze_v10_0_6_MB_FDRE_471(fast)
# Loading work.microblaze_v10_0_6_MB_FDRE_472(fast)
# Loading work.microblaze_v10_0_6_MB_FDRE_473(fast)
# Loading work.microblaze_v10_0_6_MB_FDRE_474(fast)
# Loading work.microblaze_v10_0_6_MB_FDRE_475(fast)
# Loading work.microblaze_v10_0_6_MB_FDRE_476(fast)
# Loading work.microblaze_v10_0_6_MB_FDRE_477(fast)
# Loading work.microblaze_v10_0_6_MB_FDRE_478(fast)
# Loading work.microblaze_v10_0_6_MB_FDRE_479(fast)
# Loading work.microblaze_v10_0_6_MB_FDRE_480(fast)
# Loading work.microblaze_v10_0_6_MB_FDRE_481(fast)
# Loading work.microblaze_v10_0_6_MB_FDRE_482(fast)
# Loading work.microblaze_v10_0_6_MB_FDRE_483(fast)
# Loading work.microblaze_v10_0_6_MB_FDRE_484(fast)
# Loading work.microblaze_v10_0_6_MB_FDRE_485(fast)
# Loading work.microblaze_v10_0_6_MB_FDRE_486(fast)
# Loading work.microblaze_v10_0_6_MB_FDRE_487(fast)
# Loading work.microblaze_v10_0_6_MB_FDRE_488(fast)
# Loading work.microblaze_v10_0_6_MB_FDRE_489(fast)
# Loading work.microblaze_v10_0_6_MB_FDRE_490(fast)
# Loading work.Operand_Select_gti(fast)
# Loading work.microblaze_v10_0_6_MB_MUXF7_427(fast)
# Loading work.microblaze_v10_0_6_MB_MUXF7_428(fast)
# Loading work.microblaze_v10_0_6_MB_MUXF7_429(fast)
# Loading work.microblaze_v10_0_6_MB_MUXF7_430(fast)
# Loading work.microblaze_v10_0_6_MB_MUXF7_431(fast)
# Loading work.microblaze_v10_0_6_MB_MUXF7_432(fast)
# Loading work.microblaze_v10_0_6_MB_MUXF7_433(fast)
# Loading work.microblaze_v10_0_6_MB_MUXF7_434(fast)
# Loading work.microblaze_v10_0_6_MB_MUXF7_435(fast)
# Loading work.microblaze_v10_0_6_MB_MUXF7_436(fast)
# Loading work.microblaze_v10_0_6_MB_MUXF7_437(fast)
# Loading work.microblaze_v10_0_6_MB_MUXF7_438(fast)
# Loading work.microblaze_v10_0_6_MB_MUXF7_439(fast)
# Loading work.microblaze_v10_0_6_MB_MUXF7_440(fast)
# Loading work.microblaze_v10_0_6_MB_MUXF7_441(fast)
# Loading work.microblaze_v10_0_6_MB_MUXF7_442(fast)
# Loading work.microblaze_v10_0_6_MB_MUXF7_443(fast)
# Loading work.microblaze_v10_0_6_MB_MUXF7_444(fast)
# Loading work.microblaze_v10_0_6_MB_MUXF7_445(fast)
# Loading work.microblaze_v10_0_6_MB_MUXF7_446(fast)
# Loading work.microblaze_v10_0_6_MB_MUXF7_447(fast)
# Loading work.microblaze_v10_0_6_MB_MUXF7_448(fast)
# Loading work.microblaze_v10_0_6_MB_MUXF7_449(fast)
# Loading work.microblaze_v10_0_6_MB_MUXF7_450(fast)
# Loading work.microblaze_v10_0_6_MB_MUXF7_451(fast)
# Loading work.microblaze_v10_0_6_MB_MUXF7_452(fast)
# Loading work.microblaze_v10_0_6_MB_MUXF7_453(fast)
# Loading work.microblaze_v10_0_6_MB_MUXF7_454(fast)
# Loading work.microblaze_v10_0_6_MB_MUXF7_455(fast)
# Loading work.microblaze_v10_0_6_MB_MUXF7_456(fast)
# Loading work.microblaze_v10_0_6_MB_MUXF7_457(fast)
# Loading work.microblaze_v10_0_6_MB_MUXF7_458(fast)
# Loading unisims_ver.LUT3(fast__37)
# Loading unisims_ver.LUT3(fast__38)
# Loading work.Register_File_gti(fast)
# Loading work.MB_RAM32M(fast)
# Loading unisims_ver.RAM32M(fast)
# Loading work.MB_RAM32M_412(fast)
# Loading work.MB_RAM32M_413(fast)
# Loading work.MB_RAM32M_414(fast)
# Loading work.MB_RAM32M_415(fast)
# Loading work.MB_RAM32M_416(fast)
# Loading work.MB_RAM32M_417(fast)
# Loading work.MB_RAM32M_418(fast)
# Loading work.MB_RAM32M_419(fast)
# Loading work.MB_RAM32M_420(fast)
# Loading work.MB_RAM32M_421(fast)
# Loading work.MB_RAM32M_422(fast)
# Loading work.MB_RAM32M_423(fast)
# Loading work.MB_RAM32M_424(fast)
# Loading work.MB_RAM32M_425(fast)
# Loading work.MB_RAM32M_426(fast)
# Loading work.Shift_Logic_Module_gti(fast)
# Loading work.microblaze_v10_0_6_MB_MUXCY_302(fast)
# Loading work.microblaze_v10_0_6_MB_MUXCY_303(fast)
# Loading unisims_ver.VCC(fast)
# Loading work.MB_LUT6_2__parameterized1(fast)
# Loading work.Zero_Detect_gti(fast)
# Loading work.microblaze_v10_0_6_MB_MUXCY_405(fast)
# Loading work.microblaze_v10_0_6_MB_MUXCY_408(fast)
# Loading work.microblaze_v10_0_6_MB_MUXCY_409(fast)
# Loading work.exception_registers_gti(fast)
# Loading work.microblaze_v10_0_6_MB_MUXCY_310(fast)
# Loading work.MB_LUT6_2__parameterized5(fast)
# Loading unisims_ver.LUT6_2(fast__1)
# Loading work.microblaze_v10_0_6_MB_MUXCY_XORCY_311(fast)
# Loading work.MB_FDE(fast)
# Loading work.MB_LUT6_2__parameterized5_312(fast)
# Loading work.microblaze_v10_0_6_MB_MUXCY_XORCY_313(fast)
# Loading work.MB_FDE_314(fast)
# Loading work.MB_LUT6_2__parameterized5_315(fast)
# Loading work.microblaze_v10_0_6_MB_MUXCY_XORCY_316(fast)
# Loading work.MB_FDE_317(fast)
# Loading work.MB_LUT6_2__parameterized5_318(fast)
# Loading work.microblaze_v10_0_6_MB_MUXCY_XORCY_319(fast)
# Loading work.MB_FDE_320(fast)
# Loading work.MB_LUT6_2__parameterized5_321(fast)
# Loading work.microblaze_v10_0_6_MB_MUXCY_XORCY_322(fast)
# Loading work.MB_FDE_323(fast)
# Loading work.MB_LUT6_2__parameterized5_324(fast)
# Loading work.microblaze_v10_0_6_MB_MUXCY_XORCY_325(fast)
# Loading work.MB_FDE_326(fast)
# Loading work.MB_LUT6_2__parameterized5_327(fast)
# Loading work.microblaze_v10_0_6_MB_MUXCY_XORCY_328(fast)
# Loading work.MB_FDE_329(fast)
# Loading work.MB_LUT6_2__parameterized5_330(fast)
# Loading work.microblaze_v10_0_6_MB_MUXCY_XORCY_331(fast)
# Loading work.MB_FDE_332(fast)
# Loading work.MB_LUT6_2__parameterized5_333(fast)
# Loading work.microblaze_v10_0_6_MB_MUXCY_XORCY_334(fast)
# Loading work.MB_FDE_335(fast)
# Loading work.MB_LUT6_2__parameterized5_336(fast)
# Loading work.microblaze_v10_0_6_MB_MUXCY_XORCY_337(fast)
# Loading work.MB_FDE_338(fast)
# Loading work.MB_LUT6_2__parameterized5_339(fast)
# Loading work.microblaze_v10_0_6_MB_MUXCY_XORCY_340(fast)
# Loading work.MB_FDE_341(fast)
# Loading work.MB_LUT6_2__parameterized5_342(fast)
# Loading work.microblaze_v10_0_6_MB_MUXCY_XORCY_343(fast)
# Loading work.MB_FDE_344(fast)
# Loading work.MB_LUT6_2__parameterized5_345(fast)
# Loading work.microblaze_v10_0_6_MB_MUXCY_XORCY_346(fast)
# Loading work.MB_FDE_347(fast)
# Loading work.MB_LUT6_2__parameterized5_348(fast)
# Loading work.microblaze_v10_0_6_MB_MUXCY_XORCY_349(fast)
# Loading work.MB_FDE_350(fast)
# Loading work.MB_LUT6_2__parameterized5_351(fast)
# Loading work.microblaze_v10_0_6_MB_MUXCY_XORCY_352(fast)
# Loading work.MB_FDE_353(fast)
# Loading work.MB_LUT6_2__parameterized5_354(fast)
# Loading work.microblaze_v10_0_6_MB_MUXCY_XORCY_355(fast)
# Loading work.MB_FDE_356(fast)
# Loading work.MB_LUT6_2__parameterized5_357(fast)
# Loading work.microblaze_v10_0_6_MB_MUXCY_XORCY_358(fast)
# Loading work.MB_FDE_359(fast)
# Loading work.MB_LUT6_2__parameterized5_360(fast)
# Loading work.microblaze_v10_0_6_MB_MUXCY_XORCY_361(fast)
# Loading work.MB_FDE_362(fast)
# Loading work.MB_LUT6_2__parameterized5_363(fast)
# Loading work.microblaze_v10_0_6_MB_MUXCY_XORCY_364(fast)
# Loading work.MB_FDE_365(fast)
# Loading work.MB_LUT6_2__parameterized5_366(fast)
# Loading work.microblaze_v10_0_6_MB_MUXCY_XORCY_367(fast)
# Loading work.MB_FDE_368(fast)
# Loading work.MB_LUT6_2__parameterized5_369(fast)
# Loading work.microblaze_v10_0_6_MB_MUXCY_XORCY_370(fast)
# Loading work.MB_FDE_371(fast)
# Loading work.MB_LUT6_2__parameterized5_372(fast)
# Loading unisims_ver.LUT6_2(fast__2)
# Loading work.microblaze_v10_0_6_MB_MUXCY_XORCY_373(fast)
# Loading work.MB_FDE_374(fast)
# Loading work.MB_LUT6_2__parameterized5_375(fast)
# Loading work.microblaze_v10_0_6_MB_MUXCY_XORCY_376(fast)
# Loading work.MB_FDE_377(fast)
# Loading work.MB_LUT6_2__parameterized5_378(fast)
# Loading work.microblaze_v10_0_6_MB_MUXCY_XORCY_379(fast)
# Loading work.MB_FDE_380(fast)
# Loading work.MB_LUT6_2__parameterized5_381(fast)
# Loading work.microblaze_v10_0_6_MB_MUXCY_XORCY_382(fast)
# Loading work.MB_FDE_383(fast)
# Loading work.MB_LUT6_2__parameterized5_384(fast)
# Loading work.microblaze_v10_0_6_MB_MUXCY_XORCY_385(fast)
# Loading work.MB_FDE_386(fast)
# Loading work.MB_LUT6_2__parameterized5_387(fast)
# Loading work.microblaze_v10_0_6_MB_MUXCY_XORCY_388(fast)
# Loading work.MB_FDE_389(fast)
# Loading work.MB_LUT6_2__parameterized5_390(fast)
# Loading work.microblaze_v10_0_6_MB_MUXCY_XORCY_391(fast)
# Loading work.MB_FDE_392(fast)
# Loading work.MB_LUT6_2__parameterized5_393(fast)
# Loading work.microblaze_v10_0_6_MB_MUXCY_XORCY_394(fast)
# Loading work.MB_FDE_395(fast)
# Loading work.MB_LUT6_2__parameterized5_396(fast)
# Loading work.microblaze_v10_0_6_MB_MUXCY_XORCY_397(fast)
# Loading work.MB_FDE_398(fast)
# Loading work.MB_LUT6_2__parameterized5_399(fast)
# Loading work.microblaze_v10_0_6_MB_MUXCY_XORCY_400(fast)
# Loading work.MB_FDE_401(fast)
# Loading work.MB_LUT6_2__parameterized5_402(fast)
# Loading work.microblaze_v10_0_6_MB_MUXCY_XORCY_403(fast)
# Loading work.MB_FDE_404(fast)
# Loading work.msr_reg_gti(fast)
# Loading work.MB_FDR_304(fast)
# Loading work.MB_FDR_305(fast)
# Loading work.MB_FDR_306(fast)
# Loading work.MB_FDR_307(fast)
# Loading work.MB_FDR_308(fast)
# Loading work.MB_FDR_309(fast)
# Loading work.Decode_gti(fast)
# Loading unisims_ver.LUT3(fast__39)
# Loading work.PC_Module_gti(fast)
# Loading work.MB_FDR_209(fast)
# Loading work.microblaze_v10_0_6_MB_MUXF7_210(fast)
# Loading work.MB_FDR_211(fast)
# Loading work.microblaze_v10_0_6_MB_MUXF7_212(fast)
# Loading work.MB_FDR_213(fast)
# Loading work.microblaze_v10_0_6_MB_MUXF7_214(fast)
# Loading work.MB_FDR_215(fast)
# Loading work.microblaze_v10_0_6_MB_MUXF7_216(fast)
# Loading work.MB_FDR_217(fast)
# Loading work.microblaze_v10_0_6_MB_MUXF7_218(fast)
# Loading work.MB_FDR_219(fast)
# Loading work.microblaze_v10_0_6_MB_MUXF7_220(fast)
# Loading work.MB_FDR_221(fast)
# Loading work.microblaze_v10_0_6_MB_MUXF7_222(fast)
# Loading work.MB_FDR_223(fast)
# Loading work.microblaze_v10_0_6_MB_MUXF7_224(fast)
# Loading work.MB_FDR_225(fast)
# Loading work.microblaze_v10_0_6_MB_MUXF7_226(fast)
# Loading work.MB_FDR_227(fast)
# Loading work.microblaze_v10_0_6_MB_MUXF7_228(fast)
# Loading work.MB_FDR_229(fast)
# Loading work.microblaze_v10_0_6_MB_MUXF7_230(fast)
# Loading work.MB_FDR_231(fast)
# Loading work.microblaze_v10_0_6_MB_MUXF7_232(fast)
# Loading work.MB_FDR_233(fast)
# Loading work.microblaze_v10_0_6_MB_MUXF7_234(fast)
# Loading work.MB_FDR_235(fast)
# Loading work.microblaze_v10_0_6_MB_MUXF7_236(fast)
# Loading work.MB_FDR_237(fast)
# Loading work.microblaze_v10_0_6_MB_MUXF7_238(fast)
# Loading work.MB_FDR_239(fast)
# Loading work.microblaze_v10_0_6_MB_MUXF7_240(fast)
# Loading work.MB_FDR_241(fast)
# Loading work.microblaze_v10_0_6_MB_MUXF7_242(fast)
# Loading work.MB_FDR_243(fast)
# Loading work.microblaze_v10_0_6_MB_MUXF7_244(fast)
# Loading work.MB_FDR_245(fast)
# Loading work.microblaze_v10_0_6_MB_MUXF7_246(fast)
# Loading work.MB_FDR_247(fast)
# Loading work.microblaze_v10_0_6_MB_MUXF7_248(fast)
# Loading work.MB_FDR_249(fast)
# Loading work.microblaze_v10_0_6_MB_MUXF7_250(fast)
# Loading work.MB_FDR_251(fast)
# Loading work.microblaze_v10_0_6_MB_MUXF7_252(fast)
# Loading work.MB_FDR_253(fast)
# Loading work.microblaze_v10_0_6_MB_MUXF7_254(fast)
# Loading work.MB_FDR_255(fast)
# Loading work.microblaze_v10_0_6_MB_MUXF7_256(fast)
# Loading work.MB_FDR_257(fast)
# Loading work.microblaze_v10_0_6_MB_MUXF7_258(fast)
# Loading work.MB_FDR_259(fast)
# Loading work.microblaze_v10_0_6_MB_MUXF7_260(fast)
# Loading work.MB_FDR_261(fast)
# Loading work.microblaze_v10_0_6_MB_MUXF7_262(fast)
# Loading work.MB_FDR_263(fast)
# Loading work.microblaze_v10_0_6_MB_MUXF7_264(fast)
# Loading work.MB_FDR_265(fast)
# Loading work.microblaze_v10_0_6_MB_MUXF7_266(fast)
# Loading work.MB_FDR_267(fast)
# Loading work.microblaze_v10_0_6_MB_MUXF7_268(fast)
# Loading work.MB_FDR_269(fast)
# Loading work.microblaze_v10_0_6_MB_MUXF7_270(fast)
# Loading work.MB_FDR_271(fast)
# Loading work.microblaze_v10_0_6_MB_MUXF7_272(fast)
# Loading work.microblaze_v10_0_6_MB_MUXCY_XORCY(fast)
# Loading work.microblaze_v10_0_6_MB_MUXCY_XORCY_273(fast)
# Loading work.microblaze_v10_0_6_MB_MUXCY_XORCY_274(fast)
# Loading work.microblaze_v10_0_6_MB_MUXCY_XORCY_275(fast)
# Loading work.microblaze_v10_0_6_MB_MUXCY_XORCY_276(fast)
# Loading work.microblaze_v10_0_6_MB_MUXCY_XORCY_277(fast)
# Loading work.microblaze_v10_0_6_MB_MUXCY_XORCY_278(fast)
# Loading work.microblaze_v10_0_6_MB_MUXCY_XORCY_279(fast)
# Loading work.microblaze_v10_0_6_MB_MUXCY_XORCY_280(fast)
# Loading work.microblaze_v10_0_6_MB_MUXCY_XORCY_281(fast)
# Loading work.microblaze_v10_0_6_MB_MUXCY_XORCY_282(fast)
# Loading work.microblaze_v10_0_6_MB_MUXCY_XORCY_283(fast)
# Loading work.microblaze_v10_0_6_MB_MUXCY_XORCY_284(fast)
# Loading work.microblaze_v10_0_6_MB_MUXCY_XORCY_285(fast)
# Loading work.microblaze_v10_0_6_MB_MUXCY_XORCY_286(fast)
# Loading work.microblaze_v10_0_6_MB_MUXCY_XORCY_287(fast)
# Loading work.microblaze_v10_0_6_MB_MUXCY_XORCY_288(fast)
# Loading work.microblaze_v10_0_6_MB_MUXCY_XORCY_289(fast)
# Loading work.microblaze_v10_0_6_MB_MUXCY_XORCY_290(fast)
# Loading work.microblaze_v10_0_6_MB_MUXCY_XORCY_291(fast)
# Loading work.microblaze_v10_0_6_MB_MUXCY_XORCY_292(fast)
# Loading work.microblaze_v10_0_6_MB_MUXCY_XORCY_293(fast)
# Loading work.microblaze_v10_0_6_MB_MUXCY_XORCY_294(fast)
# Loading work.microblaze_v10_0_6_MB_MUXCY_XORCY_295(fast)
# Loading work.microblaze_v10_0_6_MB_MUXCY_XORCY_296(fast)
# Loading work.microblaze_v10_0_6_MB_MUXCY_XORCY_297(fast)
# Loading work.microblaze_v10_0_6_MB_MUXCY_XORCY_298(fast)
# Loading work.microblaze_v10_0_6_MB_MUXCY_XORCY_299(fast)
# Loading work.microblaze_v10_0_6_MB_MUXCY_XORCY_300(fast)
# Loading work.microblaze_v10_0_6_MB_MUXCY_XORCY_301(fast)
# Loading work.PreFetch_Buffer_gti(fast)
# Loading work.MB_FDR_115(fast)
# Loading work.microblaze_v10_0_6_MB_LUT6(fast)
# Loading work.MB_FDR_116(fast)
# Loading work.microblaze_v10_0_6_MB_LUT6_117(fast)
# Loading work.MB_FDR_118(fast)
# Loading work.microblaze_v10_0_6_MB_LUT6_119(fast)
# Loading work.MB_FDR_120(fast)
# Loading work.microblaze_v10_0_6_MB_LUT6_121(fast)
# Loading work.microblaze_v10_0_6_MB_LUT6__parameterized0(fast)
# Loading work.microblaze_v10_0_6_MB_MUXF7(fast)
# Loading work.MB_FDR_122(fast)
# Loading work.microblaze_v10_0_6_MB_MUXF7_123(fast)
# Loading work.MB_FDR_124(fast)
# Loading work.microblaze_v10_0_6_MB_MUXF7_125(fast)
# Loading work.MB_FDR_126(fast)
# Loading work.microblaze_v10_0_6_MB_MUXF7_127(fast)
# Loading work.MB_FDR_128(fast)
# Loading work.microblaze_v10_0_6_MB_MUXF7_129(fast)
# Loading work.MB_FDR_130(fast)
# Loading work.microblaze_v10_0_6_MB_MUXF7_131(fast)
# Loading work.MB_FDR_132(fast)
# Loading work.microblaze_v10_0_6_MB_MUXF7_133(fast)
# Loading work.MB_FDR_134(fast)
# Loading work.microblaze_v10_0_6_MB_MUXF7_135(fast)
# Loading work.MB_FDR_136(fast)
# Loading work.microblaze_v10_0_6_MB_MUXF7_137(fast)
# Loading work.MB_FDR_138(fast)
# Loading work.microblaze_v10_0_6_MB_MUXF7_139(fast)
# Loading work.MB_FDR_140(fast)
# Loading work.microblaze_v10_0_6_MB_MUXF7_141(fast)
# Loading work.MB_FDR_142(fast)
# Loading work.microblaze_v10_0_6_MB_MUXF7_143(fast)
# Loading work.MB_FDR_144(fast)
# Loading unisims_ver.LUT3(fast__40)
# Loading work.microblaze_v10_0_6_MB_MUXF7_145(fast)
# Loading work.MB_FDR_146(fast)
# Loading work.microblaze_v10_0_6_MB_MUXF7_147(fast)
# Loading work.MB_FDR_148(fast)
# Loading work.microblaze_v10_0_6_MB_MUXF7_149(fast)
# Loading work.MB_FDR_150(fast)
# Loading work.microblaze_v10_0_6_MB_MUXF7_151(fast)
# Loading work.MB_FDR_152(fast)
# Loading work.microblaze_v10_0_6_MB_MUXF7_153(fast)
# Loading work.MB_FDR_154(fast)
# Loading work.microblaze_v10_0_6_MB_MUXF7_155(fast)
# Loading work.MB_FDR_156(fast)
# Loading work.microblaze_v10_0_6_MB_MUXF7_157(fast)
# Loading work.MB_FDR_158(fast)
# Loading work.microblaze_v10_0_6_MB_MUXF7_159(fast)
# Loading work.MB_FDR_160(fast)
# Loading work.microblaze_v10_0_6_MB_MUXF7_161(fast)
# Loading work.MB_FDR_162(fast)
# Loading work.microblaze_v10_0_6_MB_MUXF7_163(fast)
# Loading work.MB_FDR_164(fast)
# Loading work.microblaze_v10_0_6_MB_MUXF7_165(fast)
# Loading work.MB_FDR_166(fast)
# Loading unisims_ver.LUT3(fast__41)
# Loading work.microblaze_v10_0_6_MB_MUXF7_167(fast)
# Loading work.MB_FDR_168(fast)
# Loading work.microblaze_v10_0_6_MB_MUXF7_169(fast)
# Loading work.MB_FDR_170(fast)
# Loading work.microblaze_v10_0_6_MB_MUXF7_171(fast)
# Loading work.MB_FDR_172(fast)
# Loading unisims_ver.LUT3(fast__42)
# Loading work.microblaze_v10_0_6_MB_MUXF7_173(fast)
# Loading work.MB_FDR_174(fast)
# Loading unisims_ver.LUT3(fast__43)
# Loading work.microblaze_v10_0_6_MB_MUXF7_175(fast)
# Loading work.MB_FDR_176(fast)
# Loading work.microblaze_v10_0_6_MB_MUXF7_177(fast)
# Loading work.MB_FDR_178(fast)
# Loading work.microblaze_v10_0_6_MB_MUXF7_179(fast)
# Loading work.MB_FDR_180(fast)
# Loading work.microblaze_v10_0_6_MB_MUXF7_181(fast)
# Loading work.MB_FDR_182(fast)
# Loading work.microblaze_v10_0_6_MB_MUXF7_183(fast)
# Loading work.MB_FDR_184(fast)
# Loading work.microblaze_v10_0_6_MB_MUXF7_185(fast)
# Loading work.MB_FDR_186(fast)
# Loading work.microblaze_v10_0_6_MB_MUXF7_187(fast)
# Loading work.MB_FDR_188(fast)
# Loading unisims_ver.LUT3(fast__44)
# Loading work.microblaze_v10_0_6_MB_MUXF7_189(fast)
# Loading work.MB_FDR_190(fast)
# Loading work.microblaze_v10_0_6_MB_MUXF7_191(fast)
# Loading work.MB_FDR_192(fast)
# Loading work.microblaze_v10_0_6_MB_MUXF7_193(fast)
# Loading work.MB_FDR_194(fast)
# Loading work.microblaze_v10_0_6_MB_MUXF7_195(fast)
# Loading work.MB_FDR_196(fast)
# Loading work.microblaze_v10_0_6_MB_MUXF7_197(fast)
# Loading work.MB_FDR_198(fast)
# Loading work.microblaze_v10_0_6_MB_MUXF7_199(fast)
# Loading work.MB_FDR_200(fast)
# Loading work.microblaze_v10_0_6_MB_MUXF7_201(fast)
# Loading work.MB_FDR_202(fast)
# Loading work.microblaze_v10_0_6_MB_MUXF7_203(fast)
# Loading work.MB_FDR_204(fast)
# Loading work.microblaze_v10_0_6_MB_MUXF7_205(fast)
# Loading work.MB_FDR_206(fast)
# Loading work.microblaze_v10_0_6_MB_MUXF7_207(fast)
# Loading work.MB_FDS(fast)
# Loading work.microblaze_v10_0_6_MB_LUT6__parameterized1(fast)
# Loading work.microblaze_v10_0_6_MB_LUT6__parameterized2(fast)
# Loading work.MB_FDR_208(fast)
# Loading work.microblaze_v10_0_6_carry_and(fast)
# Loading work.microblaze_v10_0_6_MB_MUXCY_114(fast)
# Loading work.microblaze_v10_0_6_carry_and_59(fast)
# Loading work.microblaze_v10_0_6_MB_MUXCY_113(fast)
# Loading work.microblaze_v10_0_6_carry_and_60(fast)
# Loading work.microblaze_v10_0_6_MB_MUXCY_112(fast)
# Loading work.microblaze_v10_0_6_carry_and_61(fast)
# Loading work.microblaze_v10_0_6_MB_MUXCY_111(fast)
# Loading work.microblaze_v10_0_6_carry_and_62(fast)
# Loading work.microblaze_v10_0_6_MB_MUXCY_110(fast)
# Loading work.microblaze_v10_0_6_carry_and_63(fast)
# Loading work.microblaze_v10_0_6_MB_MUXCY_109(fast)
# Loading work.microblaze_v10_0_6_carry_and_64(fast)
# Loading work.microblaze_v10_0_6_MB_MUXCY_108(fast)
# Loading work.microblaze_v10_0_6_carry_and_65(fast)
# Loading work.microblaze_v10_0_6_MB_MUXCY_107(fast)
# Loading work.microblaze_v10_0_6_carry_and_66(fast)
# Loading work.microblaze_v10_0_6_MB_MUXCY_106(fast)
# Loading work.microblaze_v10_0_6_carry_and_67(fast)
# Loading work.microblaze_v10_0_6_MB_MUXCY_105(fast)
# Loading work.microblaze_v10_0_6_carry_and_68(fast)
# Loading work.microblaze_v10_0_6_MB_MUXCY_104(fast)
# Loading work.microblaze_v10_0_6_MB_FDRE(fast)
# Loading work.microblaze_v10_0_6_MB_FDRE_69(fast)
# Loading work.microblaze_v10_0_6_MB_FDRE_70(fast)
# Loading work.microblaze_v10_0_6_MB_FDRE_71(fast)
# Loading work.microblaze_v10_0_6_MB_FDRE_72(fast)
# Loading work.microblaze_v10_0_6_MB_FDRE_73(fast)
# Loading work.microblaze_v10_0_6_MB_FDRE_74(fast)
# Loading unisims_ver.LUT3(fast__45)
# Loading work.microblaze_v10_0_6_MB_FDRE_75(fast)
# Loading work.microblaze_v10_0_6_MB_FDRE_76(fast)
# Loading work.microblaze_v10_0_6_MB_FDRE_77(fast)
# Loading work.MB_FDR(fast)
# Loading work.microblaze_v10_0_6_MB_LUT6__parameterized3(fast)
# Loading work.microblaze_v10_0_6_MB_LUT6__parameterized4(fast)
# Loading work.microblaze_v10_0_6_MB_LUT6__parameterized3_78(fast)
# Loading work.microblaze_v10_0_6_MB_LUT6__parameterized4_79(fast)
# Loading work.microblaze_v10_0_6_MB_LUT6__parameterized3_80(fast)
# Loading work.microblaze_v10_0_6_MB_LUT6__parameterized4_81(fast)
# Loading work.microblaze_v10_0_6_MB_LUT6__parameterized3_82(fast)
# Loading work.microblaze_v10_0_6_MB_LUT6__parameterized4_83(fast)
# Loading work.microblaze_v10_0_6_MB_LUT6__parameterized3_84(fast)
# Loading work.microblaze_v10_0_6_MB_LUT6__parameterized4_85(fast)
# Loading work.microblaze_v10_0_6_MB_LUT6__parameterized3_86(fast)
# Loading work.microblaze_v10_0_6_MB_LUT6__parameterized4_87(fast)
# Loading work.microblaze_v10_0_6_carry_and_88(fast)
# Loading work.microblaze_v10_0_6_MB_MUXCY_103(fast)
# Loading work.microblaze_v10_0_6_carry_and_89(fast)
# Loading work.microblaze_v10_0_6_MB_MUXCY_102(fast)
# Loading work.microblaze_v10_0_6_carry_and_90(fast)
# Loading work.microblaze_v10_0_6_MB_MUXCY_101(fast)
# Loading work.jump_logic(fast)
# Loading work.microblaze_v10_0_6_MB_MUXCY_95(fast)
# Loading work.microblaze_v10_0_6_MB_MUXCY_96(fast)
# Loading work.microblaze_v10_0_6_MB_MUXCY_97(fast)
# Loading work.microblaze_v10_0_6_MB_MUXCY_98(fast)
# Loading work.microblaze_v10_0_6_MB_MUXCY_99(fast)
# Loading work.microblaze_v10_0_6_MB_MUXCY_100(fast)
# Loading unisims_ver.LUT3(fast__46)
# Loading unisims_ver.LUT3(fast__47)
# Loading unisims_ver.LUT3(fast__48)
# Loading work.microblaze_v10_0_6_carry_and_91(fast)
# Loading work.microblaze_v10_0_6_MB_MUXCY_94(fast)
# Loading work.microblaze_v10_0_6_carry_or_92(fast)
# Loading work.microblaze_v10_0_6_MB_MUXCY_93(fast)
# Loading unisims_ver.LUT3(fast__49)
# Loading work.DAXI_interface(fast)
# Loading work.MB_AND2B1L(fast)
# Loading unisims_ver.AND2B1L(fast)
# Loading work.Debug(fast)
# Loading unisims_ver.LUT3(fast__50)
# Loading unisims_ver.LUT3(fast__51)
# Loading work.microblaze_v10_0_6_MB_SRL16E(fast)
# Loading unisims_ver.SRL16E(fast__5)
# Loading work.microblaze_v10_0_6_MB_SRL16E__parameterized3(fast)
# Loading unisims_ver.SRL16E(fast__6)
# Loading work.microblaze_v10_0_6_MB_SRL16E__parameterized4(fast)
# Loading unisims_ver.LUT3(fast__52)
# Loading unisims_ver.SRL16E(fast__7)
# Loading work.microblaze_v10_0_6_MB_SRL16E__parameterized1(fast)
# Loading unisims_ver.SRL16E(fast__8)
# Loading work.microblaze_v10_0_6_MB_SRL16E__parameterized2(fast)
# Loading unisims_ver.SRL16E(fast__9)
# Loading work.microblaze_v10_0_6_MB_SRL16E__parameterized1_22(fast)
# Loading work.microblaze_v10_0_6_MB_SRL16E__parameterized2_23(fast)
# Loading work.mb_sync_bit__parameterized2(fast)
# Loading work.mb_sync_vec(fast)
# Loading work.mb_sync_bit__parameterized2_58(fast)
# Loading work.mb_sync_bit__parameterized2_26(fast)
# Loading work.mb_sync_bit__parameterized2_27(fast)
# Loading work.mb_sync_vec__parameterized1(fast)
# Loading work.mb_sync_bit_48(fast)
# Loading work.mb_sync_bit_49(fast)
# Loading work.mb_sync_bit_50(fast)
# Loading work.mb_sync_bit_51(fast)
# Loading work.mb_sync_bit_52(fast)
# Loading work.mb_sync_bit_53(fast)
# Loading work.mb_sync_bit_54(fast)
# Loading work.mb_sync_bit_55(fast)
# Loading work.mb_sync_bit__parameterized2_28(fast)
# Loading work.mb_sync_bit__parameterized2_29(fast)
# Loading work.address_hit(fast)
# Loading work.microblaze_v10_0_6_MB_MUXCY_32(fast)
# Loading work.MB_SRLC16E(fast)
# Loading work.microblaze_v10_0_6_MB_MUXCY_33(fast)
# Loading work.MB_SRLC16E_34(fast)
# Loading unisims_ver.SRLC16E(fast)
# Loading work.microblaze_v10_0_6_MB_MUXCY_35(fast)
# Loading work.MB_SRLC16E_36(fast)
# Loading work.microblaze_v10_0_6_MB_MUXCY_37(fast)
# Loading work.MB_SRLC16E_38(fast)
# Loading work.microblaze_v10_0_6_MB_MUXCY_39(fast)
# Loading work.MB_SRLC16E_40(fast)
# Loading work.microblaze_v10_0_6_MB_MUXCY_41(fast)
# Loading work.MB_SRLC16E_42(fast)
# Loading work.microblaze_v10_0_6_MB_MUXCY_43(fast)
# Loading work.MB_SRLC16E_44(fast)
# Loading work.microblaze_v10_0_6_MB_MUXCY_45(fast)
# Loading work.MB_SRLC16E_46(fast)
# Loading work.microblaze_v10_0_6_MB_MUXCY_47(fast)
# Loading unisims_ver.LUT3(fast__53)
# Loading work.instr_mux(fast)
# Loading work.mux_bus(fast)
# Loading work.MB_LUT6_2__parameterized3(fast)
# Loading unisims_ver.LUT6_2(fast__3)
# Loading work.MB_LUT6_2__parameterized3_3(fast)
# Loading work.MB_LUT6_2__parameterized3_4(fast)
# Loading work.MB_LUT6_2__parameterized3_5(fast)
# Loading work.MB_LUT6_2__parameterized3_6(fast)
# Loading work.MB_LUT6_2__parameterized3_7(fast)
# Loading work.MB_LUT6_2__parameterized3_8(fast)
# Loading work.MB_LUT6_2__parameterized3_9(fast)
# Loading work.MB_LUT6_2__parameterized3_10(fast)
# Loading work.MB_LUT6_2__parameterized3_11(fast)
# Loading work.MB_LUT6_2__parameterized3_12(fast)
# Loading work.MB_LUT6_2__parameterized3_13(fast)
# Loading work.MB_LUT6_2__parameterized3_14(fast)
# Loading work.MB_LUT6_2__parameterized3_15(fast)
# Loading work.MB_LUT6_2__parameterized3_16(fast)
# Loading work.MB_LUT6_2__parameterized3_17(fast)
# Loading work.microblaze_v10_0_6_carry_or(fast)
# Loading work.microblaze_v10_0_6_MB_MUXCY(fast)
# Loading work.mb_sync_bit(fast)
# Loading unisims_ver.FDRE(fast__2)
# Loading work.mb_sync_bit_1(fast)
# Loading work.mb_sync_bit_2(fast)
# Loading work.microblaze_0_local_memory_imp_UXHIJP(fast)
# Loading work.design_uart_dlmb_bram_if_cntlr_0(fast)
# Loading work.lmb_bram_if_cntlr(fast)
# Loading work.design_uart_dlmb_v10_0(fast)
# Loading work.lmb_v10__1(fast)
# Loading work.design_uart_ilmb_bram_if_cntlr_0(fast)
# Loading work.lmb_bram_if_cntlr__parameterized1(fast)
# Loading work.design_uart_ilmb_v10_0(fast)
# Loading work.lmb_v10(fast)
# Loading work.design_uart_lmb_bram_0(fast)
# Loading work.blk_mem_gen_v8_4_1(fast)
# Loading work.blk_mem_gen_v8_4_1_synth(fast)
# Loading work.blk_mem_gen_top(fast)
# Loading work.blk_mem_gen_generic_cstr(fast)
# Loading work.blk_mem_gen_mux(fast)
# Loading work.blk_mem_gen_mux__parameterized0(fast)
# Loading work.blk_mem_gen_prim_width(fast)
# Loading work.blk_mem_gen_prim_wrapper(fast)
# Loading unisims_ver.RAMB36E1(fast)
# Loading unisims_ver.RB36_INTERNAL_VLOG(fast)
# Loading unisims_ver.RAMB36E1(fast__1)
# Loading unisims_ver.RB36_INTERNAL_VLOG(fast__1)
# Loading work.blk_mem_gen_prim_width__parameterized9(fast)
# Loading work.blk_mem_gen_prim_wrapper__parameterized9(fast)
# Loading unisims_ver.RAMB36E1(fast__2)
# Loading work.blk_mem_gen_prim_width__parameterized10(fast)
# Loading work.blk_mem_gen_prim_wrapper__parameterized10(fast)
# Loading unisims_ver.RAMB36E1(fast__3)
# Loading work.blk_mem_gen_prim_width__parameterized11(fast)
# Loading work.blk_mem_gen_prim_wrapper__parameterized11(fast)
# Loading unisims_ver.RAMB36E1(fast__4)
# Loading work.blk_mem_gen_prim_width__parameterized12(fast)
# Loading work.blk_mem_gen_prim_wrapper__parameterized12(fast)
# Loading work.blk_mem_gen_prim_width__parameterized13(fast)
# Loading work.blk_mem_gen_prim_wrapper__parameterized13(fast)
# Loading unisims_ver.RAMB36E1(fast__5)
# Loading work.blk_mem_gen_prim_width__parameterized14(fast)
# Loading work.blk_mem_gen_prim_wrapper__parameterized14(fast)
# Loading work.blk_mem_gen_prim_width__parameterized15(fast)
# Loading work.blk_mem_gen_prim_wrapper__parameterized15(fast)
# Loading unisims_ver.RAMB36E1(fast__6)
# Loading work.blk_mem_gen_prim_width__parameterized16(fast)
# Loading work.blk_mem_gen_prim_wrapper__parameterized16(fast)
# Loading work.blk_mem_gen_prim_width__parameterized17(fast)
# Loading work.blk_mem_gen_prim_wrapper__parameterized17(fast)
# Loading unisims_ver.RAMB36E1(fast__7)
# Loading work.blk_mem_gen_prim_width__parameterized18(fast)
# Loading work.blk_mem_gen_prim_wrapper__parameterized18(fast)
# Loading work.blk_mem_gen_prim_width__parameterized0(fast)
# Loading work.blk_mem_gen_prim_wrapper__parameterized0(fast)
# Loading work.blk_mem_gen_prim_width__parameterized19(fast)
# Loading work.blk_mem_gen_prim_wrapper__parameterized19(fast)
# Loading unisims_ver.RAMB36E1(fast__8)
# Loading work.blk_mem_gen_prim_width__parameterized20(fast)
# Loading work.blk_mem_gen_prim_wrapper__parameterized20(fast)
# Loading work.blk_mem_gen_prim_width__parameterized21(fast)
# Loading work.blk_mem_gen_prim_wrapper__parameterized21(fast)
# Loading unisims_ver.RAMB36E1(fast__9)
# Loading work.blk_mem_gen_prim_width__parameterized22(fast)
# Loading work.blk_mem_gen_prim_wrapper__parameterized22(fast)
# Loading work.blk_mem_gen_prim_width__parameterized23(fast)
# Loading work.blk_mem_gen_prim_wrapper__parameterized23(fast)
# Loading unisims_ver.RAMB36E1(fast__10)
# Loading work.blk_mem_gen_prim_width__parameterized24(fast)
# Loading work.blk_mem_gen_prim_wrapper__parameterized24(fast)
# Loading work.blk_mem_gen_prim_width__parameterized25(fast)
# Loading work.blk_mem_gen_prim_wrapper__parameterized25(fast)
# Loading unisims_ver.RAMB36E1(fast__11)
# Loading work.blk_mem_gen_prim_width__parameterized26(fast)
# Loading work.blk_mem_gen_prim_wrapper__parameterized26(fast)
# Loading work.blk_mem_gen_prim_width__parameterized27(fast)
# Loading work.blk_mem_gen_prim_wrapper__parameterized27(fast)
# Loading unisims_ver.RAMB36E1(fast__12)
# Loading work.blk_mem_gen_prim_width__parameterized28(fast)
# Loading work.blk_mem_gen_prim_wrapper__parameterized28(fast)
# Loading work.blk_mem_gen_prim_width__parameterized1(fast)
# Loading work.blk_mem_gen_prim_wrapper__parameterized1(fast)
# Loading unisims_ver.RAMB36E1(fast__13)
# Loading work.blk_mem_gen_prim_width__parameterized29(fast)
# Loading work.blk_mem_gen_prim_wrapper__parameterized29(fast)
# Loading unisims_ver.RAMB36E1(fast__14)
# Loading work.blk_mem_gen_prim_width__parameterized30(fast)
# Loading work.blk_mem_gen_prim_wrapper__parameterized30(fast)
# Loading work.blk_mem_gen_prim_width__parameterized31(fast)
# Loading work.blk_mem_gen_prim_wrapper__parameterized31(fast)
# Loading unisims_ver.RAMB36E1(fast__15)
# Loading work.blk_mem_gen_prim_width__parameterized32(fast)
# Loading work.blk_mem_gen_prim_wrapper__parameterized32(fast)
# Loading work.blk_mem_gen_prim_width__parameterized33(fast)
# Loading work.blk_mem_gen_prim_wrapper__parameterized33(fast)
# Loading unisims_ver.RAMB36E1(fast__16)
# Loading work.blk_mem_gen_prim_width__parameterized34(fast)
# Loading work.blk_mem_gen_prim_wrapper__parameterized34(fast)
# Loading work.blk_mem_gen_prim_width__parameterized35(fast)
# Loading work.blk_mem_gen_prim_wrapper__parameterized35(fast)
# Loading unisims_ver.RAMB36E1(fast__17)
# Loading work.blk_mem_gen_prim_width__parameterized36(fast)
# Loading work.blk_mem_gen_prim_wrapper__parameterized36(fast)
# Loading work.blk_mem_gen_prim_width__parameterized37(fast)
# Loading work.blk_mem_gen_prim_wrapper__parameterized37(fast)
# Loading unisims_ver.RAMB36E1(fast__18)
# Loading work.blk_mem_gen_prim_width__parameterized38(fast)
# Loading work.blk_mem_gen_prim_wrapper__parameterized38(fast)
# Loading work.blk_mem_gen_prim_width__parameterized2(fast)
# Loading work.blk_mem_gen_prim_wrapper__parameterized2(fast)
# Loading work.blk_mem_gen_prim_width__parameterized39(fast)
# Loading work.blk_mem_gen_prim_wrapper__parameterized39(fast)
# Loading unisims_ver.RAMB36E1(fast__19)
# Loading work.blk_mem_gen_prim_width__parameterized40(fast)
# Loading work.blk_mem_gen_prim_wrapper__parameterized40(fast)
# Loading work.blk_mem_gen_prim_width__parameterized41(fast)
# Loading work.blk_mem_gen_prim_wrapper__parameterized41(fast)
# Loading unisims_ver.RAMB36E1(fast__20)
# Loading work.blk_mem_gen_prim_width__parameterized42(fast)
# Loading work.blk_mem_gen_prim_wrapper__parameterized42(fast)
# Loading work.blk_mem_gen_prim_width__parameterized43(fast)
# Loading work.blk_mem_gen_prim_wrapper__parameterized43(fast)
# Loading unisims_ver.RAMB36E1(fast__21)
# Loading work.blk_mem_gen_prim_width__parameterized44(fast)
# Loading work.blk_mem_gen_prim_wrapper__parameterized44(fast)
# Loading work.blk_mem_gen_prim_width__parameterized45(fast)
# Loading work.blk_mem_gen_prim_wrapper__parameterized45(fast)
# Loading unisims_ver.RAMB36E1(fast__22)
# Loading work.blk_mem_gen_prim_width__parameterized46(fast)
# Loading work.blk_mem_gen_prim_wrapper__parameterized46(fast)
# Loading work.blk_mem_gen_prim_width__parameterized47(fast)
# Loading work.blk_mem_gen_prim_wrapper__parameterized47(fast)
# Loading unisims_ver.RAMB36E1(fast__23)
# Loading work.blk_mem_gen_prim_width__parameterized48(fast)
# Loading work.blk_mem_gen_prim_wrapper__parameterized48(fast)
# Loading work.blk_mem_gen_prim_width__parameterized3(fast)
# Loading work.blk_mem_gen_prim_wrapper__parameterized3(fast)
# Loading unisims_ver.RAMB36E1(fast__24)
# Loading work.blk_mem_gen_prim_width__parameterized49(fast)
# Loading work.blk_mem_gen_prim_wrapper__parameterized49(fast)
# Loading unisims_ver.RAMB36E1(fast__25)
# Loading work.blk_mem_gen_prim_width__parameterized50(fast)
# Loading work.blk_mem_gen_prim_wrapper__parameterized50(fast)
# Loading work.blk_mem_gen_prim_width__parameterized51(fast)
# Loading work.blk_mem_gen_prim_wrapper__parameterized51(fast)
# Loading unisims_ver.RAMB36E1(fast__26)
# Loading work.blk_mem_gen_prim_width__parameterized52(fast)
# Loading work.blk_mem_gen_prim_wrapper__parameterized52(fast)
# Loading work.blk_mem_gen_prim_width__parameterized53(fast)
# Loading work.blk_mem_gen_prim_wrapper__parameterized53(fast)
# Loading unisims_ver.RAMB36E1(fast__27)
# Loading work.blk_mem_gen_prim_width__parameterized54(fast)
# Loading work.blk_mem_gen_prim_wrapper__parameterized54(fast)
# Loading work.blk_mem_gen_prim_width__parameterized55(fast)
# Loading work.blk_mem_gen_prim_wrapper__parameterized55(fast)
# Loading unisims_ver.RAMB36E1(fast__28)
# Loading work.blk_mem_gen_prim_width__parameterized56(fast)
# Loading work.blk_mem_gen_prim_wrapper__parameterized56(fast)
# Loading work.blk_mem_gen_prim_width__parameterized57(fast)
# Loading work.blk_mem_gen_prim_wrapper__parameterized57(fast)
# Loading unisims_ver.RAMB36E1(fast__29)
# Loading work.blk_mem_gen_prim_width__parameterized58(fast)
# Loading work.blk_mem_gen_prim_wrapper__parameterized58(fast)
# Loading work.blk_mem_gen_prim_width__parameterized4(fast)
# Loading work.blk_mem_gen_prim_wrapper__parameterized4(fast)
# Loading work.blk_mem_gen_prim_width__parameterized59(fast)
# Loading work.blk_mem_gen_prim_wrapper__parameterized59(fast)
# Loading unisims_ver.RAMB36E1(fast__30)
# Loading work.blk_mem_gen_prim_width__parameterized60(fast)
# Loading work.blk_mem_gen_prim_wrapper__parameterized60(fast)
# Loading work.blk_mem_gen_prim_width__parameterized61(fast)
# Loading work.blk_mem_gen_prim_wrapper__parameterized61(fast)
# Loading unisims_ver.RAMB36E1(fast__31)
# Loading unisims_ver.LUT3(fast__54)
# Loading work.blk_mem_gen_prim_width__parameterized62(fast)
# Loading work.blk_mem_gen_prim_wrapper__parameterized62(fast)
# Loading work.blk_mem_gen_prim_width__parameterized5(fast)
# Loading work.blk_mem_gen_prim_wrapper__parameterized5(fast)
# Loading unisims_ver.RAMB36E1(fast__32)
# Loading work.blk_mem_gen_prim_width__parameterized6(fast)
# Loading work.blk_mem_gen_prim_wrapper__parameterized6(fast)
# Loading work.blk_mem_gen_prim_width__parameterized7(fast)
# Loading work.blk_mem_gen_prim_wrapper__parameterized7(fast)
# Loading unisims_ver.RAMB36E1(fast__33)
# Loading work.blk_mem_gen_prim_width__parameterized8(fast)
# Loading work.blk_mem_gen_prim_wrapper__parameterized8(fast)
# Loading work.design_uart_rst_clk_wiz_1_100M_0(fast)
# Loading work.proc_sys_reset(fast)
# Loading work.lpf(fast)
# Loading work.cdc_sync(fast)
# Loading work.cdc_sync_0(fast)
# Loading work.sequence_psr(fast)
# Loading work.upcnt_n(fast)
# Loading unisims_ver.FDSE(fast__1)
# Loading unisims_ver.OBUF(fast)
# Loading work.uart_tx(fast)
# Loading work.uart_rx(fast)
# Loading work.glbl(fast)
run -all
# ** Note: $finish    : ../../../../../dti_uart_top.srcs/sim_1/new/dti_uart_top.sv(95)
#    Time: 10000025 ns  Iteration: 1  Instance: /dti_uart_top
# 1
# Break at ../../../../../dti_uart_top.srcs/sim_1/new/dti_uart_top.sv line 95
# Causality operation skipped due to absence of debug database file
# End time: 09:36:35 on Apr 25,2024, Elapsed time: 15:41:20
# Errors: 0, Warnings: 1
