#-----------------------------------------------------------
# Vivado v2018.1 (64-bit)
# SW Build 2188600 on Wed Apr  4 18:39:19 MDT 2018
# IP Build 2185939 on Wed Apr  4 20:55:05 MDT 2018
# Start of session at: Mon Dec 16 23:38:27 2024
# Process ID: 63662
# Current directory: /data_sip/sip4/workspace/hautx0/hautx0/final_project/trunk/fpga/dti_riscv_top
# Command line: vivado
# Log file: /data_sip/sip4/workspace/hautx0/hautx0/final_project/trunk/fpga/dti_riscv_top/vivado.log
# Journal file: /data_sip/sip4/workspace/hautx0/hautx0/final_project/trunk/fpga/dti_riscv_top/vivado.jou
#-----------------------------------------------------------
start_gui
open_project /data_sip/sip4/workspace/hautx0/hautx0/final_project/trunk/fpga/dti_riscv_top/dti_riscv_top/dti_riscv_top.xpr
Scanning sources...
Finished scanning sources
INFO: [IP_Flow 19-234] Refreshing IP repositories
INFO: [IP_Flow 19-1700] Loaded user IP repository '/data_sip/sip4/workspace/hautx0/hautx0/final_project/trunk/fpga/dti_riscv_dti_riscv'.
INFO: [IP_Flow 19-1700] Loaded user IP repository '/data_sip/sip4/workspace/hautx0/hautx0/final_project/trunk/fpga/dti_uart_dti_uart'.
INFO: [IP_Flow 19-2313] Loaded Vivado IP repository '/tools/Xilinx/Vivado/2018.1/data/ip'.
open_project: Time (s): cpu = 00:00:29 ; elapsed = 00:00:11 . Memory (MB): peak = 6626.312 ; gain = 294.797 ; free physical = 147791 ; free virtual = 220699
update_compile_order -fileset sources_1
open_bd_design {/data_sip/sip4/workspace/hautx0/hautx0/final_project/trunk/fpga/dti_riscv_top/dti_riscv_top/dti_riscv_top.srcs/sources_1/bd/design_1/design_1.bd}
Adding cell -- user.org:user:dti_riscv:1.0 - dti_riscv_0
Adding cell -- xilinx.com:ip:axi_apb_bridge:3.0 - axi_apb_bridge_0
Adding cell -- xilinx.com:ip:microblaze:10.0 - microblaze_0
Adding cell -- xilinx.com:ip:mdm:3.2 - mdm_0
Adding cell -- xilinx.com:ip:clk_wiz:6.0 - clk_wiz_0
Adding cell -- xilinx.com:ip:proc_sys_reset:5.0 - rst_clk_wiz_0_100M
Adding cell -- user.org:user:dti_uart:1.0 - dti_uart_0
Adding cell -- xilinx.com:ip:xlconstant:1.1 - xlconstant_0
WARNING: [BD 41-1731] Type mismatch between connected pins: /clk_wiz_0/clk_cpu(clk) and /dti_riscv_0/apb_pclk(undef)
WARNING: [BD 41-1731] Type mismatch between connected pins: /clk_wiz_0/clk_cpu(clk) and /dti_uart_0/pclk(undef)
WARNING: [BD 41-1731] Type mismatch between connected pins: /rst_clk_wiz_0_100M/peripheral_aresetn(rst) and /dti_riscv_0/apb_presetn(undef)
WARNING: [BD 41-1731] Type mismatch between connected pins: /rst_clk_wiz_0_100M/peripheral_aresetn(rst) and /dti_uart_0/presetn(undef)
WARNING: [BD 41-1731] Type mismatch between connected pins: /clk_wiz_0/clk_uart(clk) and /dti_riscv_0/clk_uart(undef)
Adding cell -- xilinx.com:ip:lmb_v10:3.0 - dlmb_v10
Adding cell -- xilinx.com:ip:lmb_v10:3.0 - ilmb_v10
Adding cell -- xilinx.com:ip:lmb_bram_if_cntlr:4.0 - dlmb_bram_if_cntlr
Adding cell -- xilinx.com:ip:lmb_bram_if_cntlr:4.0 - ilmb_bram_if_cntlr
Adding cell -- xilinx.com:ip:blk_mem_gen:8.4 - lmb_bram
Successfully read diagram <design_1> from BD file </data_sip/sip4/workspace/hautx0/hautx0/final_project/trunk/fpga/dti_riscv_top/dti_riscv_top/dti_riscv_top.srcs/sources_1/bd/design_1/design_1.bd>
open_bd_design: Time (s): cpu = 00:00:07 ; elapsed = 00:00:06 . Memory (MB): peak = 7020.496 ; gain = 0.000 ; free physical = 147838 ; free virtual = 220748
validate_bd_design -force
WARNING: [BD 41-927] Following properties on pin /dti_riscv_0/clk have been updated from connected ip. They may not be synchronized with cell properties. You can set property on pin directly to confirm the value and resolve the warning.
	CLK_DOMAIN=/clk_wiz_0_clk_out1 
WARNING: [BD 41-927] Following properties on pin /dti_uart_0/clk have been updated from connected ip. They may not be synchronized with cell properties. You can set property on pin directly to confirm the value and resolve the warning.
	CLK_DOMAIN=/clk_wiz_0_clk_out1 
CRITICAL WARNING: [BD 41-759] The input pins (listed below) are either not connected or do not have a source port, and they don't have a tie-off specified. These pins are tied-off to all 0's to avoid error in Implementation flow.
Please check your design and connect them as needed: 
/dti_uart_0/rx

delete_ip_run [get_files -of_objects [get_fileset sources_1] /data_sip/sip4/workspace/hautx0/hautx0/final_project/trunk/fpga/dti_riscv_top/dti_riscv_top/dti_riscv_top.srcs/sources_1/bd/design_1/design_1.bd]
set_property synth_checkpoint_mode None [get_files  /data_sip/sip4/workspace/hautx0/hautx0/final_project/trunk/fpga/dti_riscv_top/dti_riscv_top/dti_riscv_top.srcs/sources_1/bd/design_1/design_1.bd]
generate_target all [get_files  /data_sip/sip4/workspace/hautx0/hautx0/final_project/trunk/fpga/dti_riscv_top/dti_riscv_top/dti_riscv_top.srcs/sources_1/bd/design_1/design_1.bd]
INFO: [BD 41-1662] The design 'design_1.bd' is already validated. Therefore parameter propagation will not be re-run.
CRITICAL WARNING: [BD 41-759] The input pins (listed below) are either not connected or do not have a source port, and they don't have a tie-off specified. These pins are tied-off to all 0's to avoid error in Implementation flow.
Please check your design and connect them as needed: 
/dti_uart_0/rx

Wrote  : </data_sip/sip4/workspace/hautx0/hautx0/final_project/trunk/fpga/dti_riscv_top/dti_riscv_top/dti_riscv_top.srcs/sources_1/bd/design_1/design_1.bd> 
Wrote  : </data_sip/sip4/workspace/hautx0/hautx0/final_project/trunk/fpga/dti_riscv_top/dti_riscv_top/dti_riscv_top.srcs/sources_1/bd/design_1/ui/bd_1f5defd0.ui> 
WARNING: [BD 41-235] Width mismatch when connecting pin: '/dti_uart_0/paddr'(12) to net 'axi_apb_bridge_0_APB_M_PADDR'(32) - Only lower order bits will be connected.
VHDL Output written to : /data_sip/sip4/workspace/hautx0/hautx0/final_project/trunk/fpga/dti_riscv_top/dti_riscv_top/dti_riscv_top.srcs/sources_1/bd/design_1/synth/design_1.v
WARNING: [BD 41-235] Width mismatch when connecting pin: '/dti_uart_0/paddr'(12) to net 'axi_apb_bridge_0_APB_M_PADDR'(32) - Only lower order bits will be connected.
VHDL Output written to : /data_sip/sip4/workspace/hautx0/hautx0/final_project/trunk/fpga/dti_riscv_top/dti_riscv_top/dti_riscv_top.srcs/sources_1/bd/design_1/sim/design_1.v
VHDL Output written to : /data_sip/sip4/workspace/hautx0/hautx0/final_project/trunk/fpga/dti_riscv_top/dti_riscv_top/dti_riscv_top.srcs/sources_1/bd/design_1/hdl/design_1_wrapper.v
INFO: [BD 41-1029] Generation completed for the IP Integrator block dti_riscv_0 .
INFO: [BD 41-1029] Generation completed for the IP Integrator block axi_apb_bridge_0 .
INFO: [BD 41-1029] Generation completed for the IP Integrator block microblaze_0 .
INFO: [Device 21-403] Loading part xc7a100tcsg324-1
INFO: [BD 41-1029] Generation completed for the IP Integrator block mdm_0 .
WARNING: [Board 49-26] cannot add Board Part em.avnet.com:ultrazed_7ev_cc_es2:part0:1.1 available at /data_nas3/tools/Xilinx/Vivado/2018.1/data/boards/board_files/bdf-master/ultrazed_7ev_cc_es2/1.1/board.xml as part xczu7ev-fbvb900-1-i-es2 specified in board_part file is either invalid or not available
WARNING: [Board 49-26] cannot add Board Part em.avnet.com:ultrazed_eg_iocc:part0:1.0 available at /data_nas3/tools/Xilinx/Vivado/2018.1/data/boards/board_files/bdf-master/ultrazed_3eg_iocc_es1/1.0/board.xml as part xczu3eg-sfva625-1-i-es1 specified in board_part file is either invalid or not available
WARNING: [Board 49-26] cannot add Board Part em.avnet.com:ultrazed_eg_pciecc:part0:1.0 available at /data_nas3/tools/Xilinx/Vivado/2018.1/data/boards/board_files/bdf-master/ultrazed_3eg_pciecc_es1/1.0/board.xml as part xczu3eg-sfva625-1-i-es1 specified in board_part file is either invalid or not available
WARNING: [Board 49-26] cannot add Board Part em.avnet.com:ultrazed_eg_som:part0:1.0 available at /data_nas3/tools/Xilinx/Vivado/2018.1/data/boards/board_files/bdf-master/ultrazed_3eg_som_es1/1.0/board.xml as part xczu3eg-sfva625-1-i-es1 specified in board_part file is either invalid or not available
WARNING: [Board 49-26] cannot add Board Part em.avnet.com:ultrazed_ev_som_es2:part0:1.1 available at /data_nas3/tools/Xilinx/Vivado/2018.1/data/boards/board_files/bdf-master/ultrazed_7ev_som_es2/1.1/board.xml as part xczu7ev-fbvb900-1-i-es2 specified in board_part file is either invalid or not available
WARNING: [Board 49-26] cannot add Board Part em.avnet.com:ultrazed_7ev_cc_es2:part0:1.1 available at /data_nas3/tools/Xilinx/Vivado/2018.1/data/boards/board_files/bdf-master/ultrazed_7ev_cc_es2/1.1/board.xml as part xczu7ev-fbvb900-1-i-es2 specified in board_part file is either invalid or not available
WARNING: [Board 49-26] cannot add Board Part em.avnet.com:ultrazed_eg_iocc:part0:1.0 available at /data_nas3/tools/Xilinx/Vivado/2018.1/data/boards/board_files/bdf-master/ultrazed_3eg_iocc_es1/1.0/board.xml as part xczu3eg-sfva625-1-i-es1 specified in board_part file is either invalid or not available
WARNING: [Board 49-26] cannot add Board Part em.avnet.com:ultrazed_eg_pciecc:part0:1.0 available at /data_nas3/tools/Xilinx/Vivado/2018.1/data/boards/board_files/bdf-master/ultrazed_3eg_pciecc_es1/1.0/board.xml as part xczu3eg-sfva625-1-i-es1 specified in board_part file is either invalid or not available
WARNING: [Board 49-26] cannot add Board Part em.avnet.com:ultrazed_eg_som:part0:1.0 available at /data_nas3/tools/Xilinx/Vivado/2018.1/data/boards/board_files/bdf-master/ultrazed_3eg_som_es1/1.0/board.xml as part xczu3eg-sfva625-1-i-es1 specified in board_part file is either invalid or not available
WARNING: [Board 49-26] cannot add Board Part em.avnet.com:ultrazed_ev_som_es2:part0:1.1 available at /data_nas3/tools/Xilinx/Vivado/2018.1/data/boards/board_files/bdf-master/ultrazed_7ev_som_es2/1.1/board.xml as part xczu7ev-fbvb900-1-i-es2 specified in board_part file is either invalid or not available
WARNING: [Board 49-26] cannot add Board Part em.avnet.com:ultrazed_7ev_cc_es2:part0:1.1 available at /data_nas3/tools/Xilinx/Vivado/2018.1/data/boards/board_files/bdf-master/ultrazed_7ev_cc_es2/1.1/board.xml as part xczu7ev-fbvb900-1-i-es2 specified in board_part file is either invalid or not available
WARNING: [Board 49-26] cannot add Board Part em.avnet.com:ultrazed_eg_iocc:part0:1.0 available at /data_nas3/tools/Xilinx/Vivado/2018.1/data/boards/board_files/bdf-master/ultrazed_3eg_iocc_es1/1.0/board.xml as part xczu3eg-sfva625-1-i-es1 specified in board_part file is either invalid or not available
WARNING: [Board 49-26] cannot add Board Part em.avnet.com:ultrazed_eg_pciecc:part0:1.0 available at /data_nas3/tools/Xilinx/Vivado/2018.1/data/boards/board_files/bdf-master/ultrazed_3eg_pciecc_es1/1.0/board.xml as part xczu3eg-sfva625-1-i-es1 specified in board_part file is either invalid or not available
WARNING: [Board 49-26] cannot add Board Part em.avnet.com:ultrazed_eg_som:part0:1.0 available at /data_nas3/tools/Xilinx/Vivado/2018.1/data/boards/board_files/bdf-master/ultrazed_3eg_som_es1/1.0/board.xml as part xczu3eg-sfva625-1-i-es1 specified in board_part file is either invalid or not available
WARNING: [Board 49-26] cannot add Board Part em.avnet.com:ultrazed_ev_som_es2:part0:1.1 available at /data_nas3/tools/Xilinx/Vivado/2018.1/data/boards/board_files/bdf-master/ultrazed_7ev_som_es2/1.1/board.xml as part xczu7ev-fbvb900-1-i-es2 specified in board_part file is either invalid or not available
WARNING: [Board 49-26] cannot add Board Part em.avnet.com:ultrazed_7ev_cc_es2:part0:1.1 available at /data_nas3/tools/Xilinx/Vivado/2018.1/data/boards/board_files/bdf-master/ultrazed_7ev_cc_es2/1.1/board.xml as part xczu7ev-fbvb900-1-i-es2 specified in board_part file is either invalid or not available
WARNING: [Board 49-26] cannot add Board Part em.avnet.com:ultrazed_eg_iocc:part0:1.0 available at /data_nas3/tools/Xilinx/Vivado/2018.1/data/boards/board_files/bdf-master/ultrazed_3eg_iocc_es1/1.0/board.xml as part xczu3eg-sfva625-1-i-es1 specified in board_part file is either invalid or not available
WARNING: [Board 49-26] cannot add Board Part em.avnet.com:ultrazed_eg_pciecc:part0:1.0 available at /data_nas3/tools/Xilinx/Vivado/2018.1/data/boards/board_files/bdf-master/ultrazed_3eg_pciecc_es1/1.0/board.xml as part xczu3eg-sfva625-1-i-es1 specified in board_part file is either invalid or not available
WARNING: [Board 49-26] cannot add Board Part em.avnet.com:ultrazed_eg_som:part0:1.0 available at /data_nas3/tools/Xilinx/Vivado/2018.1/data/boards/board_files/bdf-master/ultrazed_3eg_som_es1/1.0/board.xml as part xczu3eg-sfva625-1-i-es1 specified in board_part file is either invalid or not available
WARNING: [Board 49-26] cannot add Board Part em.avnet.com:ultrazed_ev_som_es2:part0:1.1 available at /data_nas3/tools/Xilinx/Vivado/2018.1/data/boards/board_files/bdf-master/ultrazed_7ev_som_es2/1.1/board.xml as part xczu7ev-fbvb900-1-i-es2 specified in board_part file is either invalid or not available
WARNING: [Board 49-26] cannot add Board Part em.avnet.com:ultrazed_7ev_cc_es2:part0:1.1 available at /data_nas3/tools/Xilinx/Vivado/2018.1/data/boards/board_files/bdf-master/ultrazed_7ev_cc_es2/1.1/board.xml as part xczu7ev-fbvb900-1-i-es2 specified in board_part file is either invalid or not available
WARNING: [Board 49-26] cannot add Board Part em.avnet.com:ultrazed_eg_iocc:part0:1.0 available at /data_nas3/tools/Xilinx/Vivado/2018.1/data/boards/board_files/bdf-master/ultrazed_3eg_iocc_es1/1.0/board.xml as part xczu3eg-sfva625-1-i-es1 specified in board_part file is either invalid or not available
WARNING: [Board 49-26] cannot add Board Part em.avnet.com:ultrazed_eg_pciecc:part0:1.0 available at /data_nas3/tools/Xilinx/Vivado/2018.1/data/boards/board_files/bdf-master/ultrazed_3eg_pciecc_es1/1.0/board.xml as part xczu3eg-sfva625-1-i-es1 specified in board_part file is either invalid or not available
WARNING: [Board 49-26] cannot add Board Part em.avnet.com:ultrazed_eg_som:part0:1.0 available at /data_nas3/tools/Xilinx/Vivado/2018.1/data/boards/board_files/bdf-master/ultrazed_3eg_som_es1/1.0/board.xml as part xczu3eg-sfva625-1-i-es1 specified in board_part file is either invalid or not available
WARNING: [Board 49-26] cannot add Board Part em.avnet.com:ultrazed_ev_som_es2:part0:1.1 available at /data_nas3/tools/Xilinx/Vivado/2018.1/data/boards/board_files/bdf-master/ultrazed_7ev_som_es2/1.1/board.xml as part xczu7ev-fbvb900-1-i-es2 specified in board_part file is either invalid or not available
WARNING: [Board 49-26] cannot add Board Part em.avnet.com:ultrazed_7ev_cc_es2:part0:1.1 available at /data_nas3/tools/Xilinx/Vivado/2018.1/data/boards/board_files/bdf-master/ultrazed_7ev_cc_es2/1.1/board.xml as part xczu7ev-fbvb900-1-i-es2 specified in board_part file is either invalid or not available
WARNING: [Board 49-26] cannot add Board Part em.avnet.com:ultrazed_eg_iocc:part0:1.0 available at /data_nas3/tools/Xilinx/Vivado/2018.1/data/boards/board_files/bdf-master/ultrazed_3eg_iocc_es1/1.0/board.xml as part xczu3eg-sfva625-1-i-es1 specified in board_part file is either invalid or not available
WARNING: [Board 49-26] cannot add Board Part em.avnet.com:ultrazed_eg_pciecc:part0:1.0 available at /data_nas3/tools/Xilinx/Vivado/2018.1/data/boards/board_files/bdf-master/ultrazed_3eg_pciecc_es1/1.0/board.xml as part xczu3eg-sfva625-1-i-es1 specified in board_part file is either invalid or not available
WARNING: [Board 49-26] cannot add Board Part em.avnet.com:ultrazed_eg_som:part0:1.0 available at /data_nas3/tools/Xilinx/Vivado/2018.1/data/boards/board_files/bdf-master/ultrazed_3eg_som_es1/1.0/board.xml as part xczu3eg-sfva625-1-i-es1 specified in board_part file is either invalid or not available
WARNING: [Board 49-26] cannot add Board Part em.avnet.com:ultrazed_ev_som_es2:part0:1.1 available at /data_nas3/tools/Xilinx/Vivado/2018.1/data/boards/board_files/bdf-master/ultrazed_7ev_som_es2/1.1/board.xml as part xczu7ev-fbvb900-1-i-es2 specified in board_part file is either invalid or not available
INFO: [BD 41-1029] Generation completed for the IP Integrator block clk_wiz_0 .
WARNING: [Board 49-26] cannot add Board Part em.avnet.com:ultrazed_7ev_cc_es2:part0:1.1 available at /data_nas3/tools/Xilinx/Vivado/2018.1/data/boards/board_files/bdf-master/ultrazed_7ev_cc_es2/1.1/board.xml as part xczu7ev-fbvb900-1-i-es2 specified in board_part file is either invalid or not available
WARNING: [Board 49-26] cannot add Board Part em.avnet.com:ultrazed_eg_iocc:part0:1.0 available at /data_nas3/tools/Xilinx/Vivado/2018.1/data/boards/board_files/bdf-master/ultrazed_3eg_iocc_es1/1.0/board.xml as part xczu3eg-sfva625-1-i-es1 specified in board_part file is either invalid or not available
WARNING: [Board 49-26] cannot add Board Part em.avnet.com:ultrazed_eg_pciecc:part0:1.0 available at /data_nas3/tools/Xilinx/Vivado/2018.1/data/boards/board_files/bdf-master/ultrazed_3eg_pciecc_es1/1.0/board.xml as part xczu3eg-sfva625-1-i-es1 specified in board_part file is either invalid or not available
WARNING: [Board 49-26] cannot add Board Part em.avnet.com:ultrazed_eg_som:part0:1.0 available at /data_nas3/tools/Xilinx/Vivado/2018.1/data/boards/board_files/bdf-master/ultrazed_3eg_som_es1/1.0/board.xml as part xczu3eg-sfva625-1-i-es1 specified in board_part file is either invalid or not available
WARNING: [Board 49-26] cannot add Board Part em.avnet.com:ultrazed_ev_som_es2:part0:1.1 available at /data_nas3/tools/Xilinx/Vivado/2018.1/data/boards/board_files/bdf-master/ultrazed_7ev_som_es2/1.1/board.xml as part xczu7ev-fbvb900-1-i-es2 specified in board_part file is either invalid or not available
WARNING: [Board 49-26] cannot add Board Part em.avnet.com:ultrazed_7ev_cc_es2:part0:1.1 available at /data_nas3/tools/Xilinx/Vivado/2018.1/data/boards/board_files/bdf-master/ultrazed_7ev_cc_es2/1.1/board.xml as part xczu7ev-fbvb900-1-i-es2 specified in board_part file is either invalid or not available
WARNING: [Board 49-26] cannot add Board Part em.avnet.com:ultrazed_eg_iocc:part0:1.0 available at /data_nas3/tools/Xilinx/Vivado/2018.1/data/boards/board_files/bdf-master/ultrazed_3eg_iocc_es1/1.0/board.xml as part xczu3eg-sfva625-1-i-es1 specified in board_part file is either invalid or not available
WARNING: [Board 49-26] cannot add Board Part em.avnet.com:ultrazed_eg_pciecc:part0:1.0 available at /data_nas3/tools/Xilinx/Vivado/2018.1/data/boards/board_files/bdf-master/ultrazed_3eg_pciecc_es1/1.0/board.xml as part xczu3eg-sfva625-1-i-es1 specified in board_part file is either invalid or not available
WARNING: [Board 49-26] cannot add Board Part em.avnet.com:ultrazed_eg_som:part0:1.0 available at /data_nas3/tools/Xilinx/Vivado/2018.1/data/boards/board_files/bdf-master/ultrazed_3eg_som_es1/1.0/board.xml as part xczu3eg-sfva625-1-i-es1 specified in board_part file is either invalid or not available
WARNING: [Board 49-26] cannot add Board Part em.avnet.com:ultrazed_ev_som_es2:part0:1.1 available at /data_nas3/tools/Xilinx/Vivado/2018.1/data/boards/board_files/bdf-master/ultrazed_7ev_som_es2/1.1/board.xml as part xczu7ev-fbvb900-1-i-es2 specified in board_part file is either invalid or not available
WARNING: [Board 49-26] cannot add Board Part em.avnet.com:ultrazed_7ev_cc_es2:part0:1.1 available at /data_nas3/tools/Xilinx/Vivado/2018.1/data/boards/board_files/bdf-master/ultrazed_7ev_cc_es2/1.1/board.xml as part xczu7ev-fbvb900-1-i-es2 specified in board_part file is either invalid or not available
WARNING: [Board 49-26] cannot add Board Part em.avnet.com:ultrazed_eg_iocc:part0:1.0 available at /data_nas3/tools/Xilinx/Vivado/2018.1/data/boards/board_files/bdf-master/ultrazed_3eg_iocc_es1/1.0/board.xml as part xczu3eg-sfva625-1-i-es1 specified in board_part file is either invalid or not available
WARNING: [Board 49-26] cannot add Board Part em.avnet.com:ultrazed_eg_pciecc:part0:1.0 available at /data_nas3/tools/Xilinx/Vivado/2018.1/data/boards/board_files/bdf-master/ultrazed_3eg_pciecc_es1/1.0/board.xml as part xczu3eg-sfva625-1-i-es1 specified in board_part file is either invalid or not available
WARNING: [Board 49-26] cannot add Board Part em.avnet.com:ultrazed_eg_som:part0:1.0 available at /data_nas3/tools/Xilinx/Vivado/2018.1/data/boards/board_files/bdf-master/ultrazed_3eg_som_es1/1.0/board.xml as part xczu3eg-sfva625-1-i-es1 specified in board_part file is either invalid or not available
WARNING: [Board 49-26] cannot add Board Part em.avnet.com:ultrazed_ev_som_es2:part0:1.1 available at /data_nas3/tools/Xilinx/Vivado/2018.1/data/boards/board_files/bdf-master/ultrazed_7ev_som_es2/1.1/board.xml as part xczu7ev-fbvb900-1-i-es2 specified in board_part file is either invalid or not available
INFO: [BD 41-1029] Generation completed for the IP Integrator block rst_clk_wiz_0_100M .
INFO: [BD 41-1029] Generation completed for the IP Integrator block dti_uart_0 .
INFO: [BD 41-1029] Generation completed for the IP Integrator block xlconstant_0 .
INFO: [BD 41-1029] Generation completed for the IP Integrator block microblaze_0_local_memory/dlmb_v10 .
INFO: [BD 41-1029] Generation completed for the IP Integrator block microblaze_0_local_memory/ilmb_v10 .
INFO: [BD 41-1029] Generation completed for the IP Integrator block microblaze_0_local_memory/dlmb_bram_if_cntlr .
INFO: [BD 41-1029] Generation completed for the IP Integrator block microblaze_0_local_memory/ilmb_bram_if_cntlr .
INFO: [BD 41-1029] Generation completed for the IP Integrator block microblaze_0_local_memory/lmb_bram .
Exporting to file /data_sip/sip4/workspace/hautx0/hautx0/final_project/trunk/fpga/dti_riscv_top/dti_riscv_top/dti_riscv_top.srcs/sources_1/bd/design_1/hw_handoff/design_1.hwh
Generated Block Design Tcl file /data_sip/sip4/workspace/hautx0/hautx0/final_project/trunk/fpga/dti_riscv_top/dti_riscv_top/dti_riscv_top.srcs/sources_1/bd/design_1/hw_handoff/design_1_bd.tcl
Generated Hardware Definition File /data_sip/sip4/workspace/hautx0/hautx0/final_project/trunk/fpga/dti_riscv_top/dti_riscv_top/dti_riscv_top.srcs/sources_1/bd/design_1/synth/design_1.hwdef
generate_target: Time (s): cpu = 00:00:14 ; elapsed = 00:00:43 . Memory (MB): peak = 7044.574 ; gain = 0.000 ; free physical = 148588 ; free virtual = 220381
export_ip_user_files -of_objects [get_files /data_sip/sip4/workspace/hautx0/hautx0/final_project/trunk/fpga/dti_riscv_top/dti_riscv_top/dti_riscv_top.srcs/sources_1/bd/design_1/design_1.bd] -no_script -sync -force -quiet
export_simulation -of_objects [get_files /data_sip/sip4/workspace/hautx0/hautx0/final_project/trunk/fpga/dti_riscv_top/dti_riscv_top/dti_riscv_top.srcs/sources_1/bd/design_1/design_1.bd] -directory /data_sip/sip4/workspace/hautx0/hautx0/final_project/trunk/fpga/dti_riscv_top/dti_riscv_top/dti_riscv_top.ip_user_files/sim_scripts -ip_user_files_dir /data_sip/sip4/workspace/hautx0/hautx0/final_project/trunk/fpga/dti_riscv_top/dti_riscv_top/dti_riscv_top.ip_user_files -ipstatic_source_dir /data_sip/sip4/workspace/hautx0/hautx0/final_project/trunk/fpga/dti_riscv_top/dti_riscv_top/dti_riscv_top.ip_user_files/ipstatic -lib_map_path [list {modelsim=/data_sip/sip4/workspace/hautx0/hautx0/final_project/trunk/fpga/dti_riscv_top/dti_riscv_top/dti_riscv_top.cache/compile_simlib/modelsim} {questa=/data_sip/sip4/workspace/hautx0/hautx0/final_project/trunk/fpga/dti_riscv_top/dti_riscv_top/dti_riscv_top.cache/compile_simlib/questa} {ies=/data_sip/sip4/workspace/hautx0/hautx0/final_project/trunk/fpga/dti_riscv_top/dti_riscv_top/dti_riscv_top.cache/compile_simlib/ies} {xcelium=/data_sip/sip4/workspace/hautx0/hautx0/final_project/trunk/fpga/dti_riscv_top/dti_riscv_top/dti_riscv_top.cache/compile_simlib/xcelium} {vcs=/data_sip/sip4/workspace/hautx0/hautx0/final_project/trunk/fpga/dti_riscv_top/dti_riscv_top/dti_riscv_top.cache/compile_simlib/vcs} {riviera=/data_sip/sip4/workspace/hautx0/hautx0/final_project/trunk/fpga/dti_riscv_top/dti_riscv_top/dti_riscv_top.cache/compile_simlib/riviera}] -use_ip_compiled_libs -force -quiet
open_bd_design {/data_sip/sip4/workspace/hautx0/hautx0/final_project/trunk/fpga/dti_riscv_top/dti_riscv_top/dti_riscv_top.srcs/sources_1/bd/design_1/design_1.bd}
startgroup
create_bd_cell -type ip -vlnv xilinx.com:ip:xlconstant:1.1 xlconstant_1
endgroup
connect_bd_net [get_bd_pins xlconstant_1/dout] [get_bd_pins dti_uart_0/rx]
save_bd_design
Wrote  : </data_sip/sip4/workspace/hautx0/hautx0/final_project/trunk/fpga/dti_riscv_top/dti_riscv_top/dti_riscv_top.srcs/sources_1/bd/design_1/design_1.bd> 
Wrote  : </data_sip/sip4/workspace/hautx0/hautx0/final_project/trunk/fpga/dti_riscv_top/dti_riscv_top/dti_riscv_top.srcs/sources_1/bd/design_1/ui/bd_1f5defd0.ui> 
generate_target all [get_files  /data_sip/sip4/workspace/hautx0/hautx0/final_project/trunk/fpga/dti_riscv_top/dti_riscv_top/dti_riscv_top.srcs/sources_1/bd/design_1/design_1.bd]
WARNING: [BD 41-927] Following properties on pin /dti_riscv_0/clk have been updated from connected ip. They may not be synchronized with cell properties. You can set property on pin directly to confirm the value and resolve the warning.
	CLK_DOMAIN=/clk_wiz_0_clk_out1 
WARNING: [BD 41-927] Following properties on pin /dti_uart_0/clk have been updated from connected ip. They may not be synchronized with cell properties. You can set property on pin directly to confirm the value and resolve the warning.
	CLK_DOMAIN=/clk_wiz_0_clk_out1 
Wrote  : </data_sip/sip4/workspace/hautx0/hautx0/final_project/trunk/fpga/dti_riscv_top/dti_riscv_top/dti_riscv_top.srcs/sources_1/bd/design_1/design_1.bd> 
WARNING: [BD 41-235] Width mismatch when connecting pin: '/dti_uart_0/paddr'(12) to net 'axi_apb_bridge_0_APB_M_PADDR'(32) - Only lower order bits will be connected.
VHDL Output written to : /data_sip/sip4/workspace/hautx0/hautx0/final_project/trunk/fpga/dti_riscv_top/dti_riscv_top/dti_riscv_top.srcs/sources_1/bd/design_1/synth/design_1.v
WARNING: [BD 41-235] Width mismatch when connecting pin: '/dti_uart_0/paddr'(12) to net 'axi_apb_bridge_0_APB_M_PADDR'(32) - Only lower order bits will be connected.
VHDL Output written to : /data_sip/sip4/workspace/hautx0/hautx0/final_project/trunk/fpga/dti_riscv_top/dti_riscv_top/dti_riscv_top.srcs/sources_1/bd/design_1/sim/design_1.v
VHDL Output written to : /data_sip/sip4/workspace/hautx0/hautx0/final_project/trunk/fpga/dti_riscv_top/dti_riscv_top/dti_riscv_top.srcs/sources_1/bd/design_1/hdl/design_1_wrapper.v
INFO: [BD 41-1029] Generation completed for the IP Integrator block dti_riscv_0 .
INFO: [BD 41-1029] Generation completed for the IP Integrator block axi_apb_bridge_0 .
INFO: [BD 41-1029] Generation completed for the IP Integrator block microblaze_0 .
INFO: [BD 41-1029] Generation completed for the IP Integrator block mdm_0 .
INFO: [BD 41-1029] Generation completed for the IP Integrator block clk_wiz_0 .
INFO: [BD 41-1029] Generation completed for the IP Integrator block rst_clk_wiz_0_100M .
INFO: [BD 41-1029] Generation completed for the IP Integrator block dti_uart_0 .
INFO: [BD 41-1029] Generation completed for the IP Integrator block xlconstant_0 .
INFO: [BD 41-1029] Generation completed for the IP Integrator block microblaze_0_local_memory/dlmb_v10 .
INFO: [BD 41-1029] Generation completed for the IP Integrator block microblaze_0_local_memory/ilmb_v10 .
INFO: [BD 41-1029] Generation completed for the IP Integrator block microblaze_0_local_memory/dlmb_bram_if_cntlr .
INFO: [BD 41-1029] Generation completed for the IP Integrator block microblaze_0_local_memory/ilmb_bram_if_cntlr .
INFO: [BD 41-1029] Generation completed for the IP Integrator block microblaze_0_local_memory/lmb_bram .
INFO: [BD 41-1029] Generation completed for the IP Integrator block xlconstant_1 .
Exporting to file /data_sip/sip4/workspace/hautx0/hautx0/final_project/trunk/fpga/dti_riscv_top/dti_riscv_top/dti_riscv_top.srcs/sources_1/bd/design_1/hw_handoff/design_1.hwh
Generated Block Design Tcl file /data_sip/sip4/workspace/hautx0/hautx0/final_project/trunk/fpga/dti_riscv_top/dti_riscv_top/dti_riscv_top.srcs/sources_1/bd/design_1/hw_handoff/design_1_bd.tcl
Generated Hardware Definition File /data_sip/sip4/workspace/hautx0/hautx0/final_project/trunk/fpga/dti_riscv_top/dti_riscv_top/dti_riscv_top.srcs/sources_1/bd/design_1/synth/design_1.hwdef
export_ip_user_files -of_objects [get_files /data_sip/sip4/workspace/hautx0/hautx0/final_project/trunk/fpga/dti_riscv_top/dti_riscv_top/dti_riscv_top.srcs/sources_1/bd/design_1/design_1.bd] -no_script -sync -force -quiet
export_simulation -of_objects [get_files /data_sip/sip4/workspace/hautx0/hautx0/final_project/trunk/fpga/dti_riscv_top/dti_riscv_top/dti_riscv_top.srcs/sources_1/bd/design_1/design_1.bd] -directory /data_sip/sip4/workspace/hautx0/hautx0/final_project/trunk/fpga/dti_riscv_top/dti_riscv_top/dti_riscv_top.ip_user_files/sim_scripts -ip_user_files_dir /data_sip/sip4/workspace/hautx0/hautx0/final_project/trunk/fpga/dti_riscv_top/dti_riscv_top/dti_riscv_top.ip_user_files -ipstatic_source_dir /data_sip/sip4/workspace/hautx0/hautx0/final_project/trunk/fpga/dti_riscv_top/dti_riscv_top/dti_riscv_top.ip_user_files/ipstatic -lib_map_path [list {modelsim=/data_sip/sip4/workspace/hautx0/hautx0/final_project/trunk/fpga/dti_riscv_top/dti_riscv_top/dti_riscv_top.cache/compile_simlib/modelsim} {questa=/data_sip/sip4/workspace/hautx0/hautx0/final_project/trunk/fpga/dti_riscv_top/dti_riscv_top/dti_riscv_top.cache/compile_simlib/questa} {ies=/data_sip/sip4/workspace/hautx0/hautx0/final_project/trunk/fpga/dti_riscv_top/dti_riscv_top/dti_riscv_top.cache/compile_simlib/ies} {xcelium=/data_sip/sip4/workspace/hautx0/hautx0/final_project/trunk/fpga/dti_riscv_top/dti_riscv_top/dti_riscv_top.cache/compile_simlib/xcelium} {vcs=/data_sip/sip4/workspace/hautx0/hautx0/final_project/trunk/fpga/dti_riscv_top/dti_riscv_top/dti_riscv_top.cache/compile_simlib/vcs} {riviera=/data_sip/sip4/workspace/hautx0/hautx0/final_project/trunk/fpga/dti_riscv_top/dti_riscv_top/dti_riscv_top.cache/compile_simlib/riviera}] -use_ip_compiled_libs -force -quiet
launch_runs impl_1 -to_step write_bitstream -jobs 72
CRITICAL WARNING: [filemgmt 20-730] Could not find a top module in the fileset sources_1.
Resolution: With the gui up, review the source files in the Sources window. Use Add Sources to add any needed sources. If the files are disabled, enable them. You can also select the file and choose Set Used In from the pop-up menu. Review if they are being used at the proper points of the flow.
ERROR: [Common 17-70] Application Exception: Top module not set for fileset 'sources_1'. Please ensure that a valid value is provided for 'top'. The value for 'top' can be set/changed using the 'Top Module Name' field under 'Project Settings', or using the 'set_property top' Tcl command (e.g. set_property top <name> [current_fileset]).
WARNING: [IP_Flow 19-3899] Cannot get the environment domain name variable for the component vendor name. Setting the vendor name to 'user.org'.
set_property source_mgmt_mode DisplayOnly [current_project]
set_property top design_riscv_wrapper [current_fileset]
WARNING: [IP_Flow 19-3899] Cannot get the environment domain name variable for the component vendor name. Setting the vendor name to 'user.org'.
update_ip_catalog
WARNING: [IP_Flow 19-3899] Cannot get the environment domain name variable for the component vendor name. Setting the vendor name to 'user.org'.
launch_runs impl_1 -to_step write_bitstream -jobs 72
[Mon Dec 16 23:46:05 2024] Launched synth_1...
Run output will be captured here: /data_sip/sip4/workspace/hautx0/hautx0/final_project/trunk/fpga/dti_riscv_top/dti_riscv_top/dti_riscv_top.runs/synth_1/runme.log
[Mon Dec 16 23:46:05 2024] Launched impl_1...
Run output will be captured here: /data_sip/sip4/workspace/hautx0/hautx0/final_project/trunk/fpga/dti_riscv_top/dti_riscv_top/dti_riscv_top.runs/impl_1/runme.log
WARNING: [IP_Flow 19-3899] Cannot get the environment domain name variable for the component vendor name. Setting the vendor name to 'user.org'.
WARNING: [IP_Flow 19-3899] Cannot get the environment domain name variable for the component vendor name. Setting the vendor name to 'user.org'.
set_property top {} [current_fileset]
WARNING: [IP_Flow 19-3899] Cannot get the environment domain name variable for the component vendor name. Setting the vendor name to 'user.org'.
make_wrapper -files [get_files /data_sip/sip4/workspace/hautx0/hautx0/final_project/trunk/fpga/dti_riscv_top/dti_riscv_top/dti_riscv_top.srcs/sources_1/bd/design_1/design_1.bd] -top
add_files -norecurse /data_sip/sip4/workspace/hautx0/hautx0/final_project/trunk/fpga/dti_riscv_top/dti_riscv_top/dti_riscv_top.srcs/sources_1/bd/design_1/hdl/design_1_wrapper.v
WARNING: [IP_Flow 19-3899] Cannot get the environment domain name variable for the component vendor name. Setting the vendor name to 'user.org'.
reset_run synth_1
launch_runs impl_1 -to_step write_bitstream -jobs 72
ERROR: [Common 17-70] Application Exception: Top module not set for fileset 'sources_1'. Please ensure that a valid value is provided for 'top'. The value for 'top' can be set/changed using the 'Top Module Name' field under 'Project Settings', or using the 'set_property top' Tcl command (e.g. set_property top <name> [current_fileset]).
launch_runs impl_1 -to_step write_bitstream -jobs 72
ERROR: [Common 17-70] Application Exception: Top module not set for fileset 'sources_1'. Please ensure that a valid value is provided for 'top'. The value for 'top' can be set/changed using the 'Top Module Name' field under 'Project Settings', or using the 'set_property top' Tcl command (e.g. set_property top <name> [current_fileset]).
exit
INFO: [Common 17-206] Exiting Vivado at Mon Dec 16 23:55:37 2024...
